<?xml version="1.0" encoding="utf-8"?>
<TestRun id="f2682601-7f68-4c7c-87e6-6a26609aad2c" name="runneradmin@fv-az177-278 2022-02-01 06:20:31" runUser="fv-az177-278\runneradmin" xmlns="http://microsoft.com/schemas/VisualStudio/TeamTest/2010">
  <Times creation="2022-02-01T06:20:31.7604243+00:00" queuing="2022-02-01T06:20:31.7604244+00:00" start="2022-02-01T06:20:29.0163600+00:00" finish="2022-02-01T06:20:41.6806625+00:00" />
  <TestSettings name="default" id="1d37c199-a552-4f5f-8404-2a7d71ace729">
    <Deployment runDeploymentRoot="runneradmin_fv-az177-278_2022-02-01_06_20_31" />
  </TestSettings>
  <Results>
    <UnitTestResult executionId="21517c32-0d9b-4cc0-a93c-1e1febc1f714" testId="e55f1742-c16d-5086-2251-ad3372dd48f5" testName="UnitTests.Controllers.ValidateModelAttributeTests.OnActionExecuting_Valid_Works" computerName="fv-az177-278" duration="00:00:00.0090000" startTime="2022-02-01T06:20:31.7115528+00:00" endTime="2022-02-01T06:20:31.7115528+00:00" testType="13cdc9d9-ddb5-4fa4-a97d-d965ccfc6d4b" outcome="Passed" testListId="8c84fa94-04c1-424b-9868-57a2d4851a1d" relativeResultsDirectory="21517c32-0d9b-4cc0-a93c-1e1febc1f714" />
    <UnitTestResult executionId="4f994c8d-00ed-4870-8e01-e5f84812036d" testId="f754f777-4449-23e8-f4ec-917f49117de2" testName="UnitTests.Data.Repositories.GenericRepositoryTests.Repository_DeleteMissing_DoesNotThrow" computerName="fv-az177-278" duration="00:00:00.0100000" startTime="2022-02-01T06:20:38.3617279+00:00" endTime="2022-02-01T06:20:38.3617279+00:00" testType="13cdc9d9-ddb5-4fa4-a97d-d965ccfc6d4b" outcome="Passed" testListId="8c84fa94-04c1-424b-9868-57a2d4851a1d" relativeResultsDirectory="4f994c8d-00ed-4870-8e01-e5f84812036d" />
    <UnitTestResult executionId="e9ce5ebd-c6ba-4163-b078-04e8b544d440" testId="a21637b0-54f8-4fa0-bc3b-95481a9fd90b" testName="UnitTests.Controllers.ModuleExceptionFilterAttributeTests.ArgumentException_BadRequest(exception: System.NotImplementedException: Not Implemented, expectedStatusCode: NotImplemented)" computerName="fv-az177-278" duration="00:00:00.0010000" startTime="2022-02-01T06:20:33.6000472+00:00" endTime="2022-02-01T06:20:33.6000472+00:00" testType="13cdc9d9-ddb5-4fa4-a97d-d965ccfc6d4b" outcome="Passed" testListId="8c84fa94-04c1-424b-9868-57a2d4851a1d" relativeResultsDirectory="e9ce5ebd-c6ba-4163-b078-04e8b544d440" />
    <UnitTestResult executionId="fd61b5fe-0d6e-44b7-a09a-a2708fe924da" testId="70ede014-c412-e387-bb98-e95b3b42090d" testName="UnitTests.Data.Repositories.GenericRepositoryTests.GenericRepositoryUpdates" computerName="fv-az177-278" duration="00:00:00.0480000" startTime="2022-02-01T06:20:38.2957401+00:00" endTime="2022-02-01T06:20:38.2957401+00:00" testType="13cdc9d9-ddb5-4fa4-a97d-d965ccfc6d4b" outcome="Passed" testListId="8c84fa94-04c1-424b-9868-57a2d4851a1d" relativeResultsDirectory="fd61b5fe-0d6e-44b7-a09a-a2708fe924da" />
    <UnitTestResult executionId="7c9c8be3-8211-4d40-b0d8-cf007db170f9" testId="e6e0a140-85e7-6935-6160-ab95ecfd3c8a" testName="UnitTests.Data.Repositories.GenericRepositoryTests.GenericRepositoryCreatesAndGetsById" computerName="fv-az177-278" duration="00:00:00.0470000" startTime="2022-02-01T06:20:40.7701991+00:00" endTime="2022-02-01T06:20:40.7701991+00:00" testType="13cdc9d9-ddb5-4fa4-a97d-d965ccfc6d4b" outcome="Passed" testListId="8c84fa94-04c1-424b-9868-57a2d4851a1d" relativeResultsDirectory="7c9c8be3-8211-4d40-b0d8-cf007db170f9" />
    <UnitTestResult executionId="34512747-6fc9-447c-8a24-cd4750a87eb8" testId="a21637b0-54f8-4fa0-bc3b-95481a9fd90b" testName="UnitTests.Controllers.ModuleExceptionFilterAttributeTests.ArgumentException_BadRequest(exception: System.ArgumentException: Argument, expectedStatusCode: BadRequest)" computerName="fv-az177-278" duration="00:00:00.0010000" startTime="2022-02-01T06:20:33.6000472+00:00" endTime="2022-02-01T06:20:33.6000472+00:00" testType="13cdc9d9-ddb5-4fa4-a97d-d965ccfc6d4b" outcome="Passed" testListId="8c84fa94-04c1-424b-9868-57a2d4851a1d" relativeResultsDirectory="34512747-6fc9-447c-8a24-cd4750a87eb8" />
    <UnitTestResult executionId="1b03ee41-49a8-4525-8103-a8294d31459e" testId="24cfa8b0-48c3-8aab-e4c2-88694c220e2c" testName="UnitTests.Data.Repositories.GenericRepositoryTests.GenericRepositoryUpdate_ThrowsWithNullEntity" computerName="fv-az177-278" duration="00:00:00.0010000" startTime="2022-02-01T06:20:40.7092519+00:00" endTime="2022-02-01T06:20:40.7092519+00:00" testType="13cdc9d9-ddb5-4fa4-a97d-d965ccfc6d4b" outcome="Passed" testListId="8c84fa94-04c1-424b-9868-57a2d4851a1d" relativeResultsDirectory="1b03ee41-49a8-4525-8103-a8294d31459e" />
    <UnitTestResult executionId="b0fc8a6c-d261-4a16-acb5-2a0f7b78b258" testId="aec60494-3c2e-8ec9-f948-da5bb2043983" testName="UnitTests.Controllers.ItemControllerTests.UserCanEdit_ReturnsBool(canEdit: True)" computerName="fv-az177-278" duration="00:00:00.0010000" startTime="2022-02-01T06:20:35.3682219+00:00" endTime="2022-02-01T06:20:35.3682219+00:00" testType="13cdc9d9-ddb5-4fa4-a97d-d965ccfc6d4b" outcome="Passed" testListId="8c84fa94-04c1-424b-9868-57a2d4851a1d" relativeResultsDirectory="b0fc8a6c-d261-4a16-acb5-2a0f7b78b258" />
    <UnitTestResult executionId="d402717d-2b7d-49a9-8535-3ff759d7fbc9" testId="e4f8faa7-d0ad-86e6-1579-7bd52372b4c3" testName="UnitTests.Data.Repositories.GenericRepositoryTests.GenericRepositoryConstructs" computerName="fv-az177-278" duration="00:00:00.0010000" startTime="2022-02-01T06:20:38.3647270+00:00" endTime="2022-02-01T06:20:38.3647270+00:00" testType="13cdc9d9-ddb5-4fa4-a97d-d965ccfc6d4b" outcome="Passed" testListId="8c84fa94-04c1-424b-9868-57a2d4851a1d" relativeResultsDirectory="d402717d-2b7d-49a9-8535-3ff759d7fbc9" />
    <UnitTestResult executionId="a0aa69e9-3790-4d7f-bdfa-5feb13245792" testId="ffe5c770-9b99-42c0-ce21-7e50cccf4385" testName="UnitTests.Data.Repositories.GenericRepositoryTests.GenericRepositoryGetsAll(iterations: 2)" computerName="fv-az177-278" duration="00:00:00.0120000" startTime="2022-02-01T06:20:38.3087275+00:00" endTime="2022-02-01T06:20:38.3087275+00:00" testType="13cdc9d9-ddb5-4fa4-a97d-d965ccfc6d4b" outcome="Passed" testListId="8c84fa94-04c1-424b-9868-57a2d4851a1d" relativeResultsDirectory="a0aa69e9-3790-4d7f-bdfa-5feb13245792" />
    <UnitTestResult executionId="ba6cd226-84da-4621-89ba-6bb3806aa927" testId="3688eeeb-2a1a-6ffa-a193-543baf24437a" testName="UnitTests.Data.Repositories.GenericRepositoryTests.GetPage_Pages(page: 0, pageSize: 0, expectedItems: 1, expectedPages: 50)" computerName="fv-az177-278" duration="00:00:00.0990000" startTime="2022-02-01T06:20:38.4617255+00:00" endTime="2022-02-01T06:20:38.4617255+00:00" testType="13cdc9d9-ddb5-4fa4-a97d-d965ccfc6d4b" outcome="Passed" testListId="8c84fa94-04c1-424b-9868-57a2d4851a1d" relativeResultsDirectory="ba6cd226-84da-4621-89ba-6bb3806aa927" />
    <UnitTestResult executionId="ba350953-8207-49a7-b5c4-01046b136517" testId="e6610648-e456-1c64-d2b1-7e1242b871a8" testName="UnitTests.Services.ItemServiceTests.DeleteItem_Deletes" computerName="fv-az177-278" duration="00:00:00.0020000" startTime="2022-02-01T06:20:31.8175527+00:00" endTime="2022-02-01T06:20:31.8175527+00:00" testType="13cdc9d9-ddb5-4fa4-a97d-d965ccfc6d4b" outcome="Passed" testListId="8c84fa94-04c1-424b-9868-57a2d4851a1d" relativeResultsDirectory="ba350953-8207-49a7-b5c4-01046b136517" />
    <UnitTestResult executionId="3f71f0b6-8b91-4326-84a3-4afc19050499" testId="168fc980-36e3-101b-62b1-f5ab71e9fc0d" testName="UnitTests.Controllers.LocalizationControllerTests.GetLocalization_CallsLocalizationService" computerName="fv-az177-278" duration="00:00:00.4450000" startTime="2022-02-01T06:20:31.7065527+00:00" endTime="2022-02-01T06:20:31.7065527+00:00" testType="13cdc9d9-ddb5-4fa4-a97d-d965ccfc6d4b" outcome="Passed" testListId="8c84fa94-04c1-424b-9868-57a2d4851a1d" relativeResultsDirectory="3f71f0b6-8b91-4326-84a3-4afc19050499" />
    <UnitTestResult executionId="d8a35fb3-0cbe-49f3-ac96-8d3ba43c34e0" testId="b6579d24-7c4e-c42d-2ead-85e0f30e0a64" testName="UnitTests.Common.Extensions.IQueryableExtensionsTests.Order_OrdersBothWays(descending: True, expected: [3, 2, 1])" computerName="fv-az177-278" duration="00:00:00.0750000" startTime="2022-02-01T06:20:33.7457386+00:00" endTime="2022-02-01T06:20:33.7457386+00:00" testType="13cdc9d9-ddb5-4fa4-a97d-d965ccfc6d4b" outcome="Passed" testListId="8c84fa94-04c1-424b-9868-57a2d4851a1d" relativeResultsDirectory="d8a35fb3-0cbe-49f3-ac96-8d3ba43c34e0" />
    <UnitTestResult executionId="0523d215-8607-4c3f-a17a-b5a94e52065e" testId="ae39aa62-5ff2-56e7-d00e-ef116d711d51" testName="UnitTests.Data.Repositories.GenericRepositoryTests.Repository_Create_DefaultAudit" computerName="fv-az177-278" duration="00:00:00.0150000" startTime="2022-02-01T06:20:40.7241726+00:00" endTime="2022-02-01T06:20:40.7241726+00:00" testType="13cdc9d9-ddb5-4fa4-a97d-d965ccfc6d4b" outcome="Passed" testListId="8c84fa94-04c1-424b-9868-57a2d4851a1d" relativeResultsDirectory="0523d215-8607-4c3f-a17a-b5a94e52065e" />
    <UnitTestResult executionId="7205e484-fc6f-4a01-bc8e-25019ab276ad" testId="d6cab32e-cf28-1ba8-73a6-76c46cb62c4a" testName="UnitTests.Data.Repositories.GenericRepositoryTests.Pages_With_Related_Entities" computerName="fv-az177-278" duration="00:00:02.1460000" startTime="2022-02-01T06:20:40.6841673+00:00" endTime="2022-02-01T06:20:40.6841673+00:00" testType="13cdc9d9-ddb5-4fa4-a97d-d965ccfc6d4b" outcome="Passed" testListId="8c84fa94-04c1-424b-9868-57a2d4851a1d" relativeResultsDirectory="7205e484-fc6f-4a01-bc8e-25019ab276ad" />
    <UnitTestResult executionId="a88b1376-517b-4f2a-ad4a-02d61cd1d635" testId="986d7e6e-d04d-b204-b01c-fbb8f09c7774" testName="UnitTests.Controllers.ServiceRouteMapperTests.RegisterRoutes_RegistersAtLestOneRoute" computerName="fv-az177-278" duration="00:00:00.0120000" startTime="2022-02-01T06:20:35.3402195+00:00" endTime="2022-02-01T06:20:35.3402195+00:00" testType="13cdc9d9-ddb5-4fa4-a97d-d965ccfc6d4b" outcome="Passed" testListId="8c84fa94-04c1-424b-9868-57a2d4851a1d" relativeResultsDirectory="a88b1376-517b-4f2a-ad4a-02d61cd1d635" />
    <UnitTestResult executionId="e35bfc5c-92e3-4280-9b5a-4e8762934a89" testId="f5652070-1b22-f5a7-3f3f-68b37c9184a8" testName="UnitTests.Services.ItemServiceTests.CreateItem_NoItemThrows" computerName="fv-az177-278" duration="00:00:00.0010000" startTime="2022-02-01T06:20:31.8155515+00:00" endTime="2022-02-01T06:20:31.8155515+00:00" testType="13cdc9d9-ddb5-4fa4-a97d-d965ccfc6d4b" outcome="Passed" testListId="8c84fa94-04c1-424b-9868-57a2d4851a1d" relativeResultsDirectory="e35bfc5c-92e3-4280-9b5a-4e8762934a89" />
    <UnitTestResult executionId="e780c612-2a53-4322-ade1-2cfc4a0a115f" testId="588a2c1b-7788-beb2-ade0-06788d455d25" testName="UnitTests.Controllers.ItemControllerTests.CreateItem_Creates" computerName="fv-az177-278" duration="00:00:00.0060000" startTime="2022-02-01T06:20:35.3712218+00:00" endTime="2022-02-01T06:20:35.3712218+00:00" testType="13cdc9d9-ddb5-4fa4-a97d-d965ccfc6d4b" outcome="Passed" testListId="8c84fa94-04c1-424b-9868-57a2d4851a1d" relativeResultsDirectory="e780c612-2a53-4322-ade1-2cfc4a0a115f" />
    <UnitTestResult executionId="c639cb20-2263-4a10-9221-5d20b311b48f" testId="8ba31d1b-48e3-e04e-cff0-b927c63b4a19" testName="UnitTests.Services.LoggingServiceTests.LoggingService_DefaultConstructorExists" computerName="fv-az177-278" duration="00:00:00.0010000" startTime="2022-02-01T06:20:35.4122210+00:00" endTime="2022-02-01T06:20:35.4122210+00:00" testType="13cdc9d9-ddb5-4fa4-a97d-d965ccfc6d4b" outcome="Passed" testListId="8c84fa94-04c1-424b-9868-57a2d4851a1d" relativeResultsDirectory="c639cb20-2263-4a10-9221-5d20b311b48f" />
    <UnitTestResult executionId="dbd85c26-a58e-415e-821a-8e5d4de01001" testId="19b6234c-c2df-2304-54f9-54b0da4cd6ba" testName="UnitTests.Services.ItemServiceTests.CreateItem_NoNameThrows" computerName="fv-az177-278" duration="00:00:00.0030000" startTime="2022-02-01T06:20:31.6955535+00:00" endTime="2022-02-01T06:20:31.6955535+00:00" testType="13cdc9d9-ddb5-4fa4-a97d-d965ccfc6d4b" outcome="Passed" testListId="8c84fa94-04c1-424b-9868-57a2d4851a1d" relativeResultsDirectory="dbd85c26-a58e-415e-821a-8e5d4de01001" />
    <UnitTestResult executionId="e459b9b7-256d-46ff-afee-a88e1692b494" testId="9168bdef-a759-f4d6-b890-b643e17324cf" testName="UnitTests.Services.LoggingServiceTests.LogginService_TestableConstructorLogsErrorWithException" computerName="fv-az177-278" duration="00:00:00.0020000" startTime="2022-02-01T06:20:35.4342207+00:00" endTime="2022-02-01T06:20:35.4342207+00:00" testType="13cdc9d9-ddb5-4fa4-a97d-d965ccfc6d4b" outcome="Passed" testListId="8c84fa94-04c1-424b-9868-57a2d4851a1d" relativeResultsDirectory="e459b9b7-256d-46ff-afee-a88e1692b494" />
    <UnitTestResult executionId="9d00c22c-e849-481d-b048-aabe2be4c821" testId="a21637b0-54f8-4fa0-bc3b-95481a9fd90b" testName="UnitTests.Controllers.ModuleExceptionFilterAttributeTests.ArgumentException_BadRequest(exception: System.UnauthorizedAccessException: Unauthorized, expectedStatusCode: Unauthorized)" computerName="fv-az177-278" duration="00:00:00.0010000" startTime="2022-02-01T06:20:33.6020462+00:00" endTime="2022-02-01T06:20:33.6020462+00:00" testType="13cdc9d9-ddb5-4fa4-a97d-d965ccfc6d4b" outcome="Passed" testListId="8c84fa94-04c1-424b-9868-57a2d4851a1d" relativeResultsDirectory="9d00c22c-e849-481d-b048-aabe2be4c821" />
    <UnitTestResult executionId="d3aa7850-eda8-4a55-a779-562745cf88c3" testId="a21637b0-54f8-4fa0-bc3b-95481a9fd90b" testName="UnitTests.Controllers.ModuleExceptionFilterAttributeTests.ArgumentException_BadRequest(exception: System.ArgumentOutOfRangeException: Specified argument was out of the range of valid values.&#xD;&#xA;Parameter name: Out of range, expectedStatusCode: BadRequest)" computerName="fv-az177-278" duration="00:00:00.0350000" startTime="2022-02-01T06:20:33.5990470+00:00" endTime="2022-02-01T06:20:33.5990470+00:00" testType="13cdc9d9-ddb5-4fa4-a97d-d965ccfc6d4b" outcome="Passed" testListId="8c84fa94-04c1-424b-9868-57a2d4851a1d" relativeResultsDirectory="d3aa7850-eda8-4a55-a779-562745cf88c3" />
    <UnitTestResult executionId="e262bb4a-626b-4d7d-a8f9-a11ad820e0b3" testId="d15ea2a7-9f9f-b92b-50fa-470898da705d" testName="UnitTests.Data.Repositories.GenericRepositoryTests.GenericRepositoryGetsAll(iterations: 3)" computerName="fv-az177-278" duration="00:00:00.0100000" startTime="2022-02-01T06:20:38.3427271+00:00" endTime="2022-02-01T06:20:38.3427271+00:00" testType="13cdc9d9-ddb5-4fa4-a97d-d965ccfc6d4b" outcome="Passed" testListId="8c84fa94-04c1-424b-9868-57a2d4851a1d" relativeResultsDirectory="e262bb4a-626b-4d7d-a8f9-a11ad820e0b3" />
    <UnitTestResult executionId="1c6a8689-c91f-48bb-8a28-4d30c22fbe8c" testId="0247c7e7-7d1c-099b-2ac8-81a47ff2509a" testName="UnitTests.Controllers.ItemControllerTests.UserCanEdit_ReturnsBool(canEdit: False)" computerName="fv-az177-278" duration="00:00:00.0140000" startTime="2022-02-01T06:20:35.3662206+00:00" endTime="2022-02-01T06:20:35.3662206+00:00" testType="13cdc9d9-ddb5-4fa4-a97d-d965ccfc6d4b" outcome="Passed" testListId="8c84fa94-04c1-424b-9868-57a2d4851a1d" relativeResultsDirectory="1c6a8689-c91f-48bb-8a28-4d30c22fbe8c" />
    <UnitTestResult executionId="c3733393-9359-4cc7-9d91-b0cc7d376ec6" testId="113f48ce-a6a3-c5df-7589-ba5a5fcb9c59" testName="UnitTests.Controllers.ModuleExceptionFilterAttributeTests.NoException_DoesNothing" computerName="fv-az177-278" duration="00:00:00.0010000" startTime="2022-02-01T06:20:33.6030461+00:00" endTime="2022-02-01T06:20:33.6030461+00:00" testType="13cdc9d9-ddb5-4fa4-a97d-d965ccfc6d4b" outcome="Passed" testListId="8c84fa94-04c1-424b-9868-57a2d4851a1d" relativeResultsDirectory="c3733393-9359-4cc7-9d91-b0cc7d376ec6" />
    <UnitTestResult executionId="f66b8d58-4768-4fe3-bdd6-9a8e43ca9d90" testId="44b00d3a-bad7-aefd-141c-4a35b11463b2" testName="UnitTests.Data.Repositories.GenericRepositoryTests.Repository_Update_DefaultAudit" computerName="fv-az177-278" duration="00:00:00.0240000" startTime="2022-02-01T06:20:40.7071659+00:00" endTime="2022-02-01T06:20:40.7071659+00:00" testType="13cdc9d9-ddb5-4fa4-a97d-d965ccfc6d4b" outcome="Passed" testListId="8c84fa94-04c1-424b-9868-57a2d4851a1d" relativeResultsDirectory="f66b8d58-4768-4fe3-bdd6-9a8e43ca9d90" />
    <UnitTestResult executionId="5c44b6b3-799f-4d94-a825-f6527b7ff07c" testId="263c08b1-704a-f3c2-309e-6dee831dbdc9" testName="UnitTests.Services.ItemServiceTests.UpdateItem_NullDto_Throws" computerName="fv-az177-278" duration="00:00:00.4170000" startTime="2022-02-01T06:20:31.6845591+00:00" endTime="2022-02-01T06:20:31.6845591+00:00" testType="13cdc9d9-ddb5-4fa4-a97d-d965ccfc6d4b" outcome="Passed" testListId="8c84fa94-04c1-424b-9868-57a2d4851a1d" relativeResultsDirectory="5c44b6b3-799f-4d94-a825-f6527b7ff07c" />
    <UnitTestResult executionId="cc7cf768-83fe-494c-a29e-9ad4f88fce27" testId="a21637b0-54f8-4fa0-bc3b-95481a9fd90b" testName="UnitTests.Controllers.ModuleExceptionFilterAttributeTests.ArgumentException_BadRequest(exception: System.TimeoutException: Timed out, expectedStatusCode: RequestTimeout)" computerName="fv-az177-278" duration="00:00:00.0010000" startTime="2022-02-01T06:20:33.6010461+00:00" endTime="2022-02-01T06:20:33.6010461+00:00" testType="13cdc9d9-ddb5-4fa4-a97d-d965ccfc6d4b" outcome="Passed" testListId="8c84fa94-04c1-424b-9868-57a2d4851a1d" relativeResultsDirectory="cc7cf768-83fe-494c-a29e-9ad4f88fce27" />
    <UnitTestResult executionId="c5ae1328-ce90-4091-aefd-481f2808cafd" testId="1c164fbc-1ab1-9884-ccb8-9e84f4c977d0" testName="UnitTests.Services.ItemServiceTests.UpdateItem_NoName_Throws(name: &quot; &quot;)" computerName="fv-az177-278" duration="00:00:00.0010000" startTime="2022-02-01T06:20:31.7005654+00:00" endTime="2022-02-01T06:20:31.7005654+00:00" testType="13cdc9d9-ddb5-4fa4-a97d-d965ccfc6d4b" outcome="Passed" testListId="8c84fa94-04c1-424b-9868-57a2d4851a1d" relativeResultsDirectory="c5ae1328-ce90-4091-aefd-481f2808cafd" />
    <UnitTestResult executionId="ddcc720f-470a-4574-9621-c75277b9fe08" testId="99806ad3-88f0-7495-8b3e-3799a4bbb6aa" testName="UnitTests.Services.ItemServiceTests.GetItemsPage_GetsPages(descending: False)" computerName="fv-az177-278" duration="00:00:00.0570000" startTime="2022-02-01T06:20:31.7315527+00:00" endTime="2022-02-01T06:20:31.7315527+00:00" testType="13cdc9d9-ddb5-4fa4-a97d-d965ccfc6d4b" outcome="Passed" testListId="8c84fa94-04c1-424b-9868-57a2d4851a1d" relativeResultsDirectory="ddcc720f-470a-4574-9621-c75277b9fe08" />
    <UnitTestResult executionId="01783b65-17fc-4ed4-8286-3e5319c7be6a" testId="b76e01b1-6afe-f33b-c6a9-ea3347176509" testName="UnitTests.Services.ItemServiceTests.UpdateItem_NoName_Throws(name: null)" computerName="fv-az177-278" duration="00:00:00.0020000" startTime="2022-02-01T06:20:31.6985821+00:00" endTime="2022-02-01T06:20:31.6985821+00:00" testType="13cdc9d9-ddb5-4fa4-a97d-d965ccfc6d4b" outcome="Passed" testListId="8c84fa94-04c1-424b-9868-57a2d4851a1d" relativeResultsDirectory="01783b65-17fc-4ed4-8286-3e5319c7be6a" />
    <UnitTestResult executionId="e5c814b3-7b95-4bef-bd4c-11d62adac903" testId="ad3412e8-5f64-2020-a5b6-bd4cca8c3b7d" testName="UnitTests.Data.Repositories.GenericRepositoryTests.GenericRepositoryGet" computerName="fv-az177-278" duration="00:00:00.1320000" startTime="2022-02-01T06:20:38.2197282+00:00" endTime="2022-02-01T06:20:38.2197282+00:00" testType="13cdc9d9-ddb5-4fa4-a97d-d965ccfc6d4b" outcome="Passed" testListId="8c84fa94-04c1-424b-9868-57a2d4851a1d" relativeResultsDirectory="e5c814b3-7b95-4bef-bd4c-11d62adac903" />
    <UnitTestResult executionId="5efadbf5-a647-4da6-b108-b37f030718f3" testId="5f92ec4d-d570-0452-b891-d4cee75db9dd" testName="UnitTests.Controllers.ModuleApiControllerTests.CanEdit_Set_Throws" computerName="fv-az177-278" duration="00:00:00.0020000" startTime="2022-02-01T06:20:35.4062212+00:00" endTime="2022-02-01T06:20:35.4062212+00:00" testType="13cdc9d9-ddb5-4fa4-a97d-d965ccfc6d4b" outcome="Passed" testListId="8c84fa94-04c1-424b-9868-57a2d4851a1d" relativeResultsDirectory="5efadbf5-a647-4da6-b108-b37f030718f3" />
    <UnitTestResult executionId="584444aa-906c-49d0-8e06-e8de0f530a1e" testId="1017c6c1-9dd0-57dc-36e7-bb573d02562e" testName="UnitTests.Controllers.ItemControllerTests.GetItemsPage_GetsProperPages" computerName="fv-az177-278" duration="00:00:00.0080000" startTime="2022-02-01T06:20:35.3802222+00:00" endTime="2022-02-01T06:20:35.3802222+00:00" testType="13cdc9d9-ddb5-4fa4-a97d-d965ccfc6d4b" outcome="Passed" testListId="8c84fa94-04c1-424b-9868-57a2d4851a1d" relativeResultsDirectory="584444aa-906c-49d0-8e06-e8de0f530a1e" />
    <UnitTestResult executionId="2fb440f4-e3c8-4a70-9000-066d715c78ba" testId="a21637b0-54f8-4fa0-bc3b-95481a9fd90b" testName="UnitTests.Controllers.ModuleExceptionFilterAttributeTests.ArgumentException_BadRequest(exception: System.ArgumentNullException: Value cannot be null.&#xD;&#xA;Parameter name: Null, expectedStatusCode: BadRequest)" computerName="fv-az177-278" duration="00:00:01.6580000" startTime="2022-02-01T06:20:33.5590109+00:00" endTime="2022-02-01T06:20:33.5590109+00:00" testType="13cdc9d9-ddb5-4fa4-a97d-d965ccfc6d4b" outcome="Passed" testListId="8c84fa94-04c1-424b-9868-57a2d4851a1d" relativeResultsDirectory="2fb440f4-e3c8-4a70-9000-066d715c78ba" />
    <UnitTestResult executionId="6c45146b-c27e-4858-abea-cc83b9015803" testId="e1c7f76f-6195-c844-23c0-304b47fbae66" testName="UnitTests.Data.Repositories.GenericRepositoryTests.Repository_Create_UsesUserId" computerName="fv-az177-278" duration="00:00:00.0200000" startTime="2022-02-01T06:20:38.0877304+00:00" endTime="2022-02-01T06:20:38.0877304+00:00" testType="13cdc9d9-ddb5-4fa4-a97d-d965ccfc6d4b" outcome="Passed" testListId="8c84fa94-04c1-424b-9868-57a2d4851a1d" relativeResultsDirectory="6c45146b-c27e-4858-abea-cc83b9015803" />
    <UnitTestResult executionId="7cabba46-41a9-4b86-be59-2d1f579797b7" testId="3cbfa5d3-e0f6-eff8-ed5c-556fa1f3e131" testName="UnitTests.Services.ItemServiceTests.UpdateItem_NoName_Throws(name: &quot;&quot;)" computerName="fv-az177-278" duration="00:00:00.0010000" startTime="2022-02-01T06:20:31.7045522+00:00" endTime="2022-02-01T06:20:31.7045522+00:00" testType="13cdc9d9-ddb5-4fa4-a97d-d965ccfc6d4b" outcome="Passed" testListId="8c84fa94-04c1-424b-9868-57a2d4851a1d" relativeResultsDirectory="7cabba46-41a9-4b86-be59-2d1f579797b7" />
    <UnitTestResult executionId="2059c8ac-b639-4e84-ab26-f8ab6cdc5772" testId="74c28fcf-aa9b-2bab-0ff6-cfa98a0ddf49" testName="UnitTests.Data.Repositories.GenericRepositoryTests.GetPage_Pages(page: 3, pageSize: 20, expectedItems: 10, expectedPages: 3)" computerName="fv-az177-278" duration="00:00:00.0390000" startTime="2022-02-01T06:20:38.5007248+00:00" endTime="2022-02-01T06:20:38.5007248+00:00" testType="13cdc9d9-ddb5-4fa4-a97d-d965ccfc6d4b" outcome="Passed" testListId="8c84fa94-04c1-424b-9868-57a2d4851a1d" relativeResultsDirectory="2059c8ac-b639-4e84-ab26-f8ab6cdc5772" />
    <UnitTestResult executionId="97d54f64-334b-4152-a362-3ca5b2c090f5" testId="66df824b-3f38-0b36-d4ca-d3bcae9fe012" testName="UnitTests.Services.ItemServiceTests.GetItemsPage_GetsPages(descending: True)" computerName="fv-az177-278" duration="00:00:00.0010000" startTime="2022-02-01T06:20:31.7335517+00:00" endTime="2022-02-01T06:20:31.7335517+00:00" testType="13cdc9d9-ddb5-4fa4-a97d-d965ccfc6d4b" outcome="Passed" testListId="8c84fa94-04c1-424b-9868-57a2d4851a1d" relativeResultsDirectory="97d54f64-334b-4152-a362-3ca5b2c090f5" />
    <UnitTestResult executionId="b2be0c23-d2b9-4c1a-bd2e-345ab652647e" testId="478b61ee-7d85-9dbe-985d-08c590f8666a" testName="UnitTests.Controllers.ItemControllerTests.DeleteItem_Deletes(itemId: 1)" computerName="fv-az177-278" duration="00:00:00.0010000" startTime="2022-02-01T06:20:35.3892190+00:00" endTime="2022-02-01T06:20:35.3892190+00:00" testType="13cdc9d9-ddb5-4fa4-a97d-d965ccfc6d4b" outcome="Passed" testListId="8c84fa94-04c1-424b-9868-57a2d4851a1d" relativeResultsDirectory="b2be0c23-d2b9-4c1a-bd2e-345ab652647e" />
    <UnitTestResult executionId="0cf089ff-0321-4b60-b1e3-b7e1d4596490" testId="1a74e347-4470-5271-97ab-1ebaf8693270" testName="UnitTests.Controllers.ModuleExceptionFilterAttributeTests.SystemException_DoesNotExposeDetails" computerName="fv-az177-278" duration="00:00:00.0180000" startTime="2022-02-01T06:20:33.6130461+00:00" endTime="2022-02-01T06:20:33.6130461+00:00" testType="13cdc9d9-ddb5-4fa4-a97d-d965ccfc6d4b" outcome="Passed" testListId="8c84fa94-04c1-424b-9868-57a2d4851a1d" relativeResultsDirectory="0cf089ff-0321-4b60-b1e3-b7e1d4596490" />
    <UnitTestResult executionId="1b7fd9d0-6a73-4412-8db8-f67c6fe08c8a" testId="320e3c11-11d1-b3ef-0d2e-5e474f674ff1" testName="UnitTests.Controllers.ModuleApiControllerTests.CanEdit_DefaultsToFalse" computerName="fv-az177-278" duration="00:00:00.0040000" startTime="2022-02-01T06:20:35.4102203+00:00" endTime="2022-02-01T06:20:35.4102203+00:00" testType="13cdc9d9-ddb5-4fa4-a97d-d965ccfc6d4b" outcome="Passed" testListId="8c84fa94-04c1-424b-9868-57a2d4851a1d" relativeResultsDirectory="1b7fd9d0-6a73-4412-8db8-f67c6fe08c8a" />
    <UnitTestResult executionId="9675256c-bcd8-4297-a5d4-9a276ce1619d" testId="61a8ccc9-c5b1-047b-3c97-f777ccc7d30b" testName="UnitTests.Controllers.ValidateModelAttributeTests.OnActionExecuting_Invalid_Works" computerName="fv-az177-278" duration="00:00:03.6100000" startTime="2022-02-01T06:20:35.3222223+00:00" endTime="2022-02-01T06:20:35.3222223+00:00" testType="13cdc9d9-ddb5-4fa4-a97d-d965ccfc6d4b" outcome="Passed" testListId="8c84fa94-04c1-424b-9868-57a2d4851a1d" relativeResultsDirectory="9675256c-bcd8-4297-a5d4-9a276ce1619d" />
    <UnitTestResult executionId="909eda89-9d32-4489-bbf5-72a29a04263b" testId="c5867bfe-f023-3ae4-485c-eae070f2ace9" testName="UnitTests.Data.Repositories.GenericRepositoryTests.GetPage_Pages(page: 1, pageSize: 10, expectedItems: 10, expectedPages: 5)" computerName="fv-az177-278" duration="00:00:00.0370000" startTime="2022-02-01T06:20:38.5377586+00:00" endTime="2022-02-01T06:20:38.5377586+00:00" testType="13cdc9d9-ddb5-4fa4-a97d-d965ccfc6d4b" outcome="Passed" testListId="8c84fa94-04c1-424b-9868-57a2d4851a1d" relativeResultsDirectory="909eda89-9d32-4489-bbf5-72a29a04263b" />
    <UnitTestResult executionId="fadd29c2-11fc-41a0-9a45-d380a193cb21" testId="36689490-09d4-917f-648a-70dcfcfede10" testName="UnitTests.Data.Repositories.GenericRepositoryTests.GenericRepositoryCreate_ThrowsWithNullEntity" computerName="fv-az177-278" duration="00:00:00.0010000" startTime="2022-02-01T06:20:38.2217285+00:00" endTime="2022-02-01T06:20:38.2217285+00:00" testType="13cdc9d9-ddb5-4fa4-a97d-d965ccfc6d4b" outcome="Passed" testListId="8c84fa94-04c1-424b-9868-57a2d4851a1d" relativeResultsDirectory="fadd29c2-11fc-41a0-9a45-d380a193cb21" />
    <UnitTestResult executionId="ee090a7e-2cd6-4c7b-9c55-054a61d50288" testId="d1c63cb7-1f9a-a8bf-a217-a4cbb4e5f73b" testName="UnitTests.Common.GlobalsTests.ModulePrefixIsValid" computerName="fv-az177-278" duration="00:00:00.0010000" startTime="2022-02-01T06:20:33.6160464+00:00" endTime="2022-02-01T06:20:33.6160464+00:00" testType="13cdc9d9-ddb5-4fa4-a97d-d965ccfc6d4b" outcome="Passed" testListId="8c84fa94-04c1-424b-9868-57a2d4851a1d" relativeResultsDirectory="ee090a7e-2cd6-4c7b-9c55-054a61d50288" />
    <UnitTestResult executionId="d6bc3ba4-c7c8-4016-ae7a-12f960b28e19" testId="ac1c50bc-98fd-036f-fe0f-d46cb187f90e" testName="UnitTests.Services.LoggingServiceTests.LogginService_TestableConstructorLogsError" computerName="fv-az177-278" duration="00:00:00.0310000" startTime="2022-02-01T06:20:35.4312206+00:00" endTime="2022-02-01T06:20:35.4312206+00:00" testType="13cdc9d9-ddb5-4fa4-a97d-d965ccfc6d4b" outcome="Passed" testListId="8c84fa94-04c1-424b-9868-57a2d4851a1d" relativeResultsDirectory="d6bc3ba4-c7c8-4016-ae7a-12f960b28e19" />
    <UnitTestResult executionId="bb0da1d1-ff1d-42fa-86ac-4c01f82d292f" testId="d6094ca1-b65b-5133-f464-9f7d01f0d023" testName="UnitTests.Controllers.ItemControllerTests.DeleteItem_Deletes(itemId: 10)" computerName="fv-az177-278" duration="00:00:00.0040000" startTime="2022-02-01T06:20:35.3872221+00:00" endTime="2022-02-01T06:20:35.3872221+00:00" testType="13cdc9d9-ddb5-4fa4-a97d-d965ccfc6d4b" outcome="Passed" testListId="8c84fa94-04c1-424b-9868-57a2d4851a1d" relativeResultsDirectory="bb0da1d1-ff1d-42fa-86ac-4c01f82d292f" />
    <UnitTestResult executionId="daa5dcc0-579d-4b01-a3fd-2d9aee9cd5fd" testId="315adde5-f36d-a74f-aa46-fb22a0f78cd9" testName="UnitTests.Controllers.ItemControllerTests.UpdateItem_Updates" computerName="fv-az177-278" duration="00:00:00.0040000" startTime="2022-02-01T06:20:35.3842219+00:00" endTime="2022-02-01T06:20:35.3842219+00:00" testType="13cdc9d9-ddb5-4fa4-a97d-d965ccfc6d4b" outcome="Passed" testListId="8c84fa94-04c1-424b-9868-57a2d4851a1d" relativeResultsDirectory="daa5dcc0-579d-4b01-a3fd-2d9aee9cd5fd" />
    <UnitTestResult executionId="cc02ee7d-a461-41d0-ac1b-db92d5cb8967" testId="ac2a99ba-3563-74a9-7d4c-8e91a58cd097" testName="UnitTests.Data.ModuleDbContextTests.DefaultConstructorThrows" computerName="fv-az177-278" duration="00:00:00.0170000" startTime="2022-02-01T06:20:35.3522230+00:00" endTime="2022-02-01T06:20:35.3522230+00:00" testType="13cdc9d9-ddb5-4fa4-a97d-d965ccfc6d4b" outcome="Passed" testListId="8c84fa94-04c1-424b-9868-57a2d4851a1d" relativeResultsDirectory="cc02ee7d-a461-41d0-ac1b-db92d5cb8967" />
    <UnitTestResult executionId="2bfd554a-b7b5-41c1-85d0-892d7845c154" testId="96a18501-dea4-70b1-d572-baa1bb120da2" testName="UnitTests.Data.Entities.ItemTests.ItemPropertiesPersist(id: 2, name: &quot;Name2&quot;, description: &quot;Description2&quot;)" computerName="fv-az177-278" duration="00:00:00.0010000" startTime="2022-02-01T06:20:35.4012205+00:00" endTime="2022-02-01T06:20:35.4012205+00:00" testType="13cdc9d9-ddb5-4fa4-a97d-d965ccfc6d4b" outcome="Passed" testListId="8c84fa94-04c1-424b-9868-57a2d4851a1d" relativeResultsDirectory="2bfd554a-b7b5-41c1-85d0-892d7845c154" />
    <UnitTestResult executionId="66e521e9-83bb-4a9d-a061-fedd6a49e036" testId="0ebf358f-9eac-9438-b418-9c6aa81a6377" testName="UnitTests.Data.Repositories.GenericRepositoryTests.Repository_Update_UsesuserId" computerName="fv-az177-278" duration="00:00:00.0270000" startTime="2022-02-01T06:20:38.2467267+00:00" endTime="2022-02-01T06:20:38.2467267+00:00" testType="13cdc9d9-ddb5-4fa4-a97d-d965ccfc6d4b" outcome="Passed" testListId="8c84fa94-04c1-424b-9868-57a2d4851a1d" relativeResultsDirectory="66e521e9-83bb-4a9d-a061-fedd6a49e036" />
    <UnitTestResult executionId="9c3b3076-0b30-4294-ad83-5c521b275ae2" testId="0bc54975-0bff-692e-a9b3-fc69f2c95a39" testName="UnitTests.Data.Repositories.GenericRepositoryTests.GenericRepositoryDeletes" computerName="fv-az177-278" duration="00:00:04.3640000" startTime="2022-02-01T06:20:38.0677304+00:00" endTime="2022-02-01T06:20:38.0677304+00:00" testType="13cdc9d9-ddb5-4fa4-a97d-d965ccfc6d4b" outcome="Passed" testListId="8c84fa94-04c1-424b-9868-57a2d4851a1d" relativeResultsDirectory="9c3b3076-0b30-4294-ad83-5c521b275ae2" />
    <UnitTestResult executionId="3b9fb834-ac37-46d3-a6a7-e45a50a2ff83" testId="4fe0dd0f-2fa0-9c42-e816-a6df28150b72" testName="UnitTests.Data.Repositories.GenericRepositoryTests.GenericRepositoryGetsAll(iterations: 0)" computerName="fv-az177-278" duration="00:00:00.0240000" startTime="2022-02-01T06:20:38.3327277+00:00" endTime="2022-02-01T06:20:38.3327277+00:00" testType="13cdc9d9-ddb5-4fa4-a97d-d965ccfc6d4b" outcome="Passed" testListId="8c84fa94-04c1-424b-9868-57a2d4851a1d" relativeResultsDirectory="3b9fb834-ac37-46d3-a6a7-e45a50a2ff83" />
    <UnitTestResult executionId="9a3db7be-0ddf-4a39-b838-a5f28698a4e7" testId="92b7b9f6-1294-7ea1-ffa3-91fba85074d4" testName="UnitTests.Services.ItemServiceTests.UpdateItem_NoName_Throws(name: &quot;  &quot;)" computerName="fv-az177-278" duration="00:00:00.0010000" startTime="2022-02-01T06:20:31.7025534+00:00" endTime="2022-02-01T06:20:31.7025534+00:00" testType="13cdc9d9-ddb5-4fa4-a97d-d965ccfc6d4b" outcome="Passed" testListId="8c84fa94-04c1-424b-9868-57a2d4851a1d" relativeResultsDirectory="9a3db7be-0ddf-4a39-b838-a5f28698a4e7" />
    <UnitTestResult executionId="10f15cb1-1e2c-4dfa-bfb2-f8a7b3fb800a" testId="130d9133-361f-a0da-f15e-423eb98947ac" testName="UnitTests.Services.ItemServiceTests.UpdateItem_Updates" computerName="fv-az177-278" duration="00:00:00.0830000" startTime="2022-02-01T06:20:31.8135521+00:00" endTime="2022-02-01T06:20:31.8135521+00:00" testType="13cdc9d9-ddb5-4fa4-a97d-d965ccfc6d4b" outcome="Passed" testListId="8c84fa94-04c1-424b-9868-57a2d4851a1d" relativeResultsDirectory="10f15cb1-1e2c-4dfa-bfb2-f8a7b3fb800a" />
    <UnitTestResult executionId="d063dabc-0117-42c3-8f9e-8cc005e63f41" testId="bae3532a-4a9e-c4ab-fc66-4dfa22d16170" testName="UnitTests.Controllers.ModuleApiControllerTests.HasUserInfo" computerName="fv-az177-278" duration="00:00:00.0020000" startTime="2022-02-01T06:20:35.4082206+00:00" endTime="2022-02-01T06:20:35.4082206+00:00" testType="13cdc9d9-ddb5-4fa4-a97d-d965ccfc6d4b" outcome="Passed" testListId="8c84fa94-04c1-424b-9868-57a2d4851a1d" relativeResultsDirectory="d063dabc-0117-42c3-8f9e-8cc005e63f41" />
    <UnitTestResult executionId="d60bd3eb-e349-4bb2-9679-a2e232f5342f" testId="392ed628-2028-c945-b97e-893658a1e82b" testName="UnitTests.Data.Entities.ItemTests.ItemPropertiesPersist(id: 1, name: &quot;Name1&quot;, description: &quot;Description1&quot;)" computerName="fv-az177-278" duration="00:00:00.0010000" startTime="2022-02-01T06:20:35.3992215+00:00" endTime="2022-02-01T06:20:35.3992215+00:00" testType="13cdc9d9-ddb5-4fa4-a97d-d965ccfc6d4b" outcome="Passed" testListId="8c84fa94-04c1-424b-9868-57a2d4851a1d" relativeResultsDirectory="d60bd3eb-e349-4bb2-9679-a2e232f5342f" />
    <UnitTestResult executionId="87eb4a9d-313c-4752-a237-05afe8ed81e8" testId="d16880d7-fb44-f209-43d9-ba2e0e1875de" testName="UnitTests.Data.Repositories.GenericRepositoryTests.GenericRepositoryGetsAll(iterations: 1)" computerName="fv-az177-278" duration="00:00:00.0090000" startTime="2022-02-01T06:20:38.3517266+00:00" endTime="2022-02-01T06:20:38.3517266+00:00" testType="13cdc9d9-ddb5-4fa4-a97d-d965ccfc6d4b" outcome="Passed" testListId="8c84fa94-04c1-424b-9868-57a2d4851a1d" relativeResultsDirectory="87eb4a9d-313c-4752-a237-05afe8ed81e8" />
    <UnitTestResult executionId="fae239ac-812f-492b-9c46-37cbaea205f6" testId="248341cb-553e-e275-a8eb-499567f40929" testName="UnitTests.Common.Extensions.IQueryableExtensionsTests.Order_OrdersBothWays(descending: False, expected: [1, 2, 3])" computerName="fv-az177-278" duration="00:00:00.0030000" startTime="2022-02-01T06:20:33.7477369+00:00" endTime="2022-02-01T06:20:33.7477369+00:00" testType="13cdc9d9-ddb5-4fa4-a97d-d965ccfc6d4b" outcome="Passed" testListId="8c84fa94-04c1-424b-9868-57a2d4851a1d" relativeResultsDirectory="fae239ac-812f-492b-9c46-37cbaea205f6" />
    <UnitTestResult executionId="76e85519-587e-426d-a8d3-7a59798e2283" testId="572fc310-4b67-9555-f147-153d39f2eb82" testName="UnitTests.Data.Entities.ItemTests.ItemConstructsProperly" computerName="fv-az177-278" duration="00:00:00.0020000" startTime="2022-02-01T06:20:35.4022204+00:00" endTime="2022-02-01T06:20:35.4022204+00:00" testType="13cdc9d9-ddb5-4fa4-a97d-d965ccfc6d4b" outcome="Passed" testListId="8c84fa94-04c1-424b-9868-57a2d4851a1d" relativeResultsDirectory="76e85519-587e-426d-a8d3-7a59798e2283" />
    <UnitTestResult executionId="8bd6f0cc-91ae-4a88-8b8e-a89c16a1dd6d" testId="a9198ad3-782e-a37c-0b5f-1330f5318f55" testName="UnitTests.Services.ItemServiceTests.CreateItem_Creates" computerName="fv-az177-278" duration="00:00:00.0090000" startTime="2022-02-01T06:20:31.8255917+00:00" endTime="2022-02-01T06:20:31.8255917+00:00" testType="13cdc9d9-ddb5-4fa4-a97d-d965ccfc6d4b" outcome="Passed" testListId="8c84fa94-04c1-424b-9868-57a2d4851a1d" relativeResultsDirectory="8bd6f0cc-91ae-4a88-8b8e-a89c16a1dd6d" />
  </Results>
  <TestDefinitions>
    <UnitTest name="UnitTests.Controllers.ItemControllerTests.DeleteItem_Deletes(itemId: 1)" storage="d:\a\mymodule20220129\mymodule20220129\unittests\bin\unittests.dll" id="478b61ee-7d85-9dbe-985d-08c590f8666a">
      <Execution id="b2be0c23-d2b9-4c1a-bd2e-345ab652647e" />
      <TestMethod codeBase="D:\a\MyModule20220129\MyModule20220129\UnitTests\bin\UnitTests.dll" adapterTypeName="executor://xunit/VsTestRunner2/net" className="UnitTests.Controllers.ItemControllerTests" name="DeleteItem_Deletes" />
    </UnitTest>
    <UnitTest name="UnitTests.Common.Extensions.IQueryableExtensionsTests.Order_OrdersBothWays(descending: True, expected: [3, 2, 1])" storage="d:\a\mymodule20220129\mymodule20220129\unittests\bin\unittests.dll" id="b6579d24-7c4e-c42d-2ead-85e0f30e0a64">
      <Execution id="d8a35fb3-0cbe-49f3-ac96-8d3ba43c34e0" />
      <TestMethod codeBase="D:\a\MyModule20220129\MyModule20220129\UnitTests\bin\UnitTests.dll" adapterTypeName="executor://xunit/VsTestRunner2/net" className="UnitTests.Common.Extensions.IQueryableExtensionsTests" name="Order_OrdersBothWays" />
    </UnitTest>
    <UnitTest name="UnitTests.Controllers.ItemControllerTests.UserCanEdit_ReturnsBool(canEdit: False)" storage="d:\a\mymodule20220129\mymodule20220129\unittests\bin\unittests.dll" id="0247c7e7-7d1c-099b-2ac8-81a47ff2509a">
      <Execution id="1c6a8689-c91f-48bb-8a28-4d30c22fbe8c" />
      <TestMethod codeBase="D:\a\MyModule20220129\MyModule20220129\UnitTests\bin\UnitTests.dll" adapterTypeName="executor://xunit/VsTestRunner2/net" className="UnitTests.Controllers.ItemControllerTests" name="UserCanEdit_ReturnsBool" />
    </UnitTest>
    <UnitTest name="UnitTests.Controllers.LocalizationControllerTests.GetLocalization_CallsLocalizationService" storage="d:\a\mymodule20220129\mymodule20220129\unittests\bin\unittests.dll" id="168fc980-36e3-101b-62b1-f5ab71e9fc0d">
      <Execution id="3f71f0b6-8b91-4326-84a3-4afc19050499" />
      <TestMethod codeBase="D:\a\MyModule20220129\MyModule20220129\UnitTests\bin\UnitTests.dll" adapterTypeName="executor://xunit/VsTestRunner2/net" className="UnitTests.Controllers.LocalizationControllerTests" name="GetLocalization_CallsLocalizationService" />
    </UnitTest>
    <UnitTest name="UnitTests.Data.ModuleDbContextTests.DefaultConstructorThrows" storage="d:\a\mymodule20220129\mymodule20220129\unittests\bin\unittests.dll" id="ac2a99ba-3563-74a9-7d4c-8e91a58cd097">
      <Execution id="cc02ee7d-a461-41d0-ac1b-db92d5cb8967" />
      <TestMethod codeBase="D:\a\MyModule20220129\MyModule20220129\UnitTests\bin\UnitTests.dll" adapterTypeName="executor://xunit/VsTestRunner2/net" className="UnitTests.Data.ModuleDbContextTests" name="DefaultConstructorThrows" />
    </UnitTest>
    <UnitTest name="UnitTests.Controllers.ModuleApiControllerTests.CanEdit_DefaultsToFalse" storage="d:\a\mymodule20220129\mymodule20220129\unittests\bin\unittests.dll" id="320e3c11-11d1-b3ef-0d2e-5e474f674ff1">
      <Execution id="1b7fd9d0-6a73-4412-8db8-f67c6fe08c8a" />
      <TestMethod codeBase="D:\a\MyModule20220129\MyModule20220129\UnitTests\bin\UnitTests.dll" adapterTypeName="executor://xunit/VsTestRunner2/net" className="UnitTests.Controllers.ModuleApiControllerTests" name="CanEdit_DefaultsToFalse" />
    </UnitTest>
    <UnitTest name="UnitTests.Data.Repositories.GenericRepositoryTests.GenericRepositoryCreatesAndGetsById" storage="d:\a\mymodule20220129\mymodule20220129\unittests\bin\unittests.dll" id="e6e0a140-85e7-6935-6160-ab95ecfd3c8a">
      <Execution id="7c9c8be3-8211-4d40-b0d8-cf007db170f9" />
      <TestMethod codeBase="D:\a\MyModule20220129\MyModule20220129\UnitTests\bin\UnitTests.dll" adapterTypeName="executor://xunit/VsTestRunner2/net" className="UnitTests.Data.Repositories.GenericRepositoryTests" name="GenericRepositoryCreatesAndGetsById" />
    </UnitTest>
    <UnitTest name="UnitTests.Services.ItemServiceTests.GetItemsPage_GetsPages(descending: True)" storage="d:\a\mymodule20220129\mymodule20220129\unittests\bin\unittests.dll" id="66df824b-3f38-0b36-d4ca-d3bcae9fe012">
      <Execution id="97d54f64-334b-4152-a362-3ca5b2c090f5" />
      <TestMethod codeBase="D:\a\MyModule20220129\MyModule20220129\UnitTests\bin\UnitTests.dll" adapterTypeName="executor://xunit/VsTestRunner2/net" className="UnitTests.Services.ItemServiceTests" name="GetItemsPage_GetsPages" />
    </UnitTest>
    <UnitTest name="UnitTests.Services.ItemServiceTests.UpdateItem_NoName_Throws(name: &quot; &quot;)" storage="d:\a\mymodule20220129\mymodule20220129\unittests\bin\unittests.dll" id="1c164fbc-1ab1-9884-ccb8-9e84f4c977d0">
      <Execution id="c5ae1328-ce90-4091-aefd-481f2808cafd" />
      <TestMethod codeBase="D:\a\MyModule20220129\MyModule20220129\UnitTests\bin\UnitTests.dll" adapterTypeName="executor://xunit/VsTestRunner2/net" className="UnitTests.Services.ItemServiceTests" name="UpdateItem_NoName_Throws" />
    </UnitTest>
    <UnitTest name="UnitTests.Services.ItemServiceTests.GetItemsPage_GetsPages(descending: False)" storage="d:\a\mymodule20220129\mymodule20220129\unittests\bin\unittests.dll" id="99806ad3-88f0-7495-8b3e-3799a4bbb6aa">
      <Execution id="ddcc720f-470a-4574-9621-c75277b9fe08" />
      <TestMethod codeBase="D:\a\MyModule20220129\MyModule20220129\UnitTests\bin\UnitTests.dll" adapterTypeName="executor://xunit/VsTestRunner2/net" className="UnitTests.Services.ItemServiceTests" name="GetItemsPage_GetsPages" />
    </UnitTest>
    <UnitTest name="UnitTests.Data.Repositories.GenericRepositoryTests.Repository_Update_UsesuserId" storage="d:\a\mymodule20220129\mymodule20220129\unittests\bin\unittests.dll" id="0ebf358f-9eac-9438-b418-9c6aa81a6377">
      <Execution id="66e521e9-83bb-4a9d-a061-fedd6a49e036" />
      <TestMethod codeBase="D:\a\MyModule20220129\MyModule20220129\UnitTests\bin\UnitTests.dll" adapterTypeName="executor://xunit/VsTestRunner2/net" className="UnitTests.Data.Repositories.GenericRepositoryTests" name="Repository_Update_UsesuserId" />
    </UnitTest>
    <UnitTest name="UnitTests.Services.ItemServiceTests.CreateItem_Creates" storage="d:\a\mymodule20220129\mymodule20220129\unittests\bin\unittests.dll" id="a9198ad3-782e-a37c-0b5f-1330f5318f55">
      <Execution id="8bd6f0cc-91ae-4a88-8b8e-a89c16a1dd6d" />
      <TestMethod codeBase="D:\a\MyModule20220129\MyModule20220129\UnitTests\bin\UnitTests.dll" adapterTypeName="executor://xunit/VsTestRunner2/net" className="UnitTests.Services.ItemServiceTests" name="CreateItem_Creates" />
    </UnitTest>
    <UnitTest name="UnitTests.Controllers.ValidateModelAttributeTests.OnActionExecuting_Invalid_Works" storage="d:\a\mymodule20220129\mymodule20220129\unittests\bin\unittests.dll" id="61a8ccc9-c5b1-047b-3c97-f777ccc7d30b">
      <Execution id="9675256c-bcd8-4297-a5d4-9a276ce1619d" />
      <TestMethod codeBase="D:\a\MyModule20220129\MyModule20220129\UnitTests\bin\UnitTests.dll" adapterTypeName="executor://xunit/VsTestRunner2/net" className="UnitTests.Controllers.ValidateModelAttributeTests" name="OnActionExecuting_Invalid_Works" />
    </UnitTest>
    <UnitTest name="UnitTests.Data.Repositories.GenericRepositoryTests.GenericRepositoryGet" storage="d:\a\mymodule20220129\mymodule20220129\unittests\bin\unittests.dll" id="ad3412e8-5f64-2020-a5b6-bd4cca8c3b7d">
      <Execution id="e5c814b3-7b95-4bef-bd4c-11d62adac903" />
      <TestMethod codeBase="D:\a\MyModule20220129\MyModule20220129\UnitTests\bin\UnitTests.dll" adapterTypeName="executor://xunit/VsTestRunner2/net" className="UnitTests.Data.Repositories.GenericRepositoryTests" name="GenericRepositoryGet" />
    </UnitTest>
    <UnitTest name="UnitTests.Data.Repositories.GenericRepositoryTests.GenericRepositoryUpdate_ThrowsWithNullEntity" storage="d:\a\mymodule20220129\mymodule20220129\unittests\bin\unittests.dll" id="24cfa8b0-48c3-8aab-e4c2-88694c220e2c">
      <Execution id="1b03ee41-49a8-4525-8103-a8294d31459e" />
      <TestMethod codeBase="D:\a\MyModule20220129\MyModule20220129\UnitTests\bin\UnitTests.dll" adapterTypeName="executor://xunit/VsTestRunner2/net" className="UnitTests.Data.Repositories.GenericRepositoryTests" name="GenericRepositoryUpdate_ThrowsWithNullEntity" />
    </UnitTest>
    <UnitTest name="UnitTests.Data.Repositories.GenericRepositoryTests.Pages_With_Related_Entities" storage="d:\a\mymodule20220129\mymodule20220129\unittests\bin\unittests.dll" id="d6cab32e-cf28-1ba8-73a6-76c46cb62c4a">
      <Execution id="7205e484-fc6f-4a01-bc8e-25019ab276ad" />
      <TestMethod codeBase="D:\a\MyModule20220129\MyModule20220129\UnitTests\bin\UnitTests.dll" adapterTypeName="executor://xunit/VsTestRunner2/net" className="UnitTests.Data.Repositories.GenericRepositoryTests" name="Pages_With_Related_Entities" />
    </UnitTest>
    <UnitTest name="UnitTests.Services.LoggingServiceTests.LogginService_TestableConstructorLogsError" storage="d:\a\mymodule20220129\mymodule20220129\unittests\bin\unittests.dll" id="ac1c50bc-98fd-036f-fe0f-d46cb187f90e">
      <Execution id="d6bc3ba4-c7c8-4016-ae7a-12f960b28e19" />
      <TestMethod codeBase="D:\a\MyModule20220129\MyModule20220129\UnitTests\bin\UnitTests.dll" adapterTypeName="executor://xunit/VsTestRunner2/net" className="UnitTests.Services.LoggingServiceTests" name="LogginService_TestableConstructorLogsError" />
    </UnitTest>
    <UnitTest name="UnitTests.Data.Repositories.GenericRepositoryTests.GenericRepositoryGetsAll(iterations: 3)" storage="d:\a\mymodule20220129\mymodule20220129\unittests\bin\unittests.dll" id="d15ea2a7-9f9f-b92b-50fa-470898da705d">
      <Execution id="e262bb4a-626b-4d7d-a8f9-a11ad820e0b3" />
      <TestMethod codeBase="D:\a\MyModule20220129\MyModule20220129\UnitTests\bin\UnitTests.dll" adapterTypeName="executor://xunit/VsTestRunner2/net" className="UnitTests.Data.Repositories.GenericRepositoryTests" name="GenericRepositoryGetsAll" />
    </UnitTest>
    <UnitTest name="UnitTests.Common.GlobalsTests.ModulePrefixIsValid" storage="d:\a\mymodule20220129\mymodule20220129\unittests\bin\unittests.dll" id="d1c63cb7-1f9a-a8bf-a217-a4cbb4e5f73b">
      <Execution id="ee090a7e-2cd6-4c7b-9c55-054a61d50288" />
      <TestMethod codeBase="D:\a\MyModule20220129\MyModule20220129\UnitTests\bin\UnitTests.dll" adapterTypeName="executor://xunit/VsTestRunner2/net" className="UnitTests.Common.GlobalsTests" name="ModulePrefixIsValid" />
    </UnitTest>
    <UnitTest name="UnitTests.Data.Entities.ItemTests.ItemPropertiesPersist(id: 2, name: &quot;Name2&quot;, description: &quot;Description2&quot;)" storage="d:\a\mymodule20220129\mymodule20220129\unittests\bin\unittests.dll" id="96a18501-dea4-70b1-d572-baa1bb120da2">
      <Execution id="2bfd554a-b7b5-41c1-85d0-892d7845c154" />
      <TestMethod codeBase="D:\a\MyModule20220129\MyModule20220129\UnitTests\bin\UnitTests.dll" adapterTypeName="executor://xunit/VsTestRunner2/net" className="UnitTests.Data.Entities.ItemTests" name="ItemPropertiesPersist" />
    </UnitTest>
    <UnitTest name="UnitTests.Controllers.ServiceRouteMapperTests.RegisterRoutes_RegistersAtLestOneRoute" storage="d:\a\mymodule20220129\mymodule20220129\unittests\bin\unittests.dll" id="986d7e6e-d04d-b204-b01c-fbb8f09c7774">
      <Execution id="a88b1376-517b-4f2a-ad4a-02d61cd1d635" />
      <TestMethod codeBase="D:\a\MyModule20220129\MyModule20220129\UnitTests\bin\UnitTests.dll" adapterTypeName="executor://xunit/VsTestRunner2/net" className="UnitTests.Controllers.ServiceRouteMapperTests" name="RegisterRoutes_RegistersAtLestOneRoute" />
    </UnitTest>
    <UnitTest name="UnitTests.Controllers.ModuleExceptionFilterAttributeTests.SystemException_DoesNotExposeDetails" storage="d:\a\mymodule20220129\mymodule20220129\unittests\bin\unittests.dll" id="1a74e347-4470-5271-97ab-1ebaf8693270">
      <Execution id="0cf089ff-0321-4b60-b1e3-b7e1d4596490" />
      <TestMethod codeBase="D:\a\MyModule20220129\MyModule20220129\UnitTests\bin\UnitTests.dll" adapterTypeName="executor://xunit/VsTestRunner2/net" className="UnitTests.Controllers.ModuleExceptionFilterAttributeTests" name="SystemException_DoesNotExposeDetails" />
    </UnitTest>
    <UnitTest name="UnitTests.Data.Repositories.GenericRepositoryTests.GenericRepositoryConstructs" storage="d:\a\mymodule20220129\mymodule20220129\unittests\bin\unittests.dll" id="e4f8faa7-d0ad-86e6-1579-7bd52372b4c3">
      <Execution id="d402717d-2b7d-49a9-8535-3ff759d7fbc9" />
      <TestMethod codeBase="D:\a\MyModule20220129\MyModule20220129\UnitTests\bin\UnitTests.dll" adapterTypeName="executor://xunit/VsTestRunner2/net" className="UnitTests.Data.Repositories.GenericRepositoryTests" name="GenericRepositoryConstructs" />
    </UnitTest>
    <UnitTest name="UnitTests.Data.Repositories.GenericRepositoryTests.Repository_DeleteMissing_DoesNotThrow" storage="d:\a\mymodule20220129\mymodule20220129\unittests\bin\unittests.dll" id="f754f777-4449-23e8-f4ec-917f49117de2">
      <Execution id="4f994c8d-00ed-4870-8e01-e5f84812036d" />
      <TestMethod codeBase="D:\a\MyModule20220129\MyModule20220129\UnitTests\bin\UnitTests.dll" adapterTypeName="executor://xunit/VsTestRunner2/net" className="UnitTests.Data.Repositories.GenericRepositoryTests" name="Repository_DeleteMissing_DoesNotThrow" />
    </UnitTest>
    <UnitTest name="UnitTests.Services.ItemServiceTests.UpdateItem_NoName_Throws(name: null)" storage="d:\a\mymodule20220129\mymodule20220129\unittests\bin\unittests.dll" id="b76e01b1-6afe-f33b-c6a9-ea3347176509">
      <Execution id="01783b65-17fc-4ed4-8286-3e5319c7be6a" />
      <TestMethod codeBase="D:\a\MyModule20220129\MyModule20220129\UnitTests\bin\UnitTests.dll" adapterTypeName="executor://xunit/VsTestRunner2/net" className="UnitTests.Services.ItemServiceTests" name="UpdateItem_NoName_Throws" />
    </UnitTest>
    <UnitTest name="UnitTests.Services.ItemServiceTests.CreateItem_NoNameThrows" storage="d:\a\mymodule20220129\mymodule20220129\unittests\bin\unittests.dll" id="19b6234c-c2df-2304-54f9-54b0da4cd6ba">
      <Execution id="dbd85c26-a58e-415e-821a-8e5d4de01001" />
      <TestMethod codeBase="D:\a\MyModule20220129\MyModule20220129\UnitTests\bin\UnitTests.dll" adapterTypeName="executor://xunit/VsTestRunner2/net" className="UnitTests.Services.ItemServiceTests" name="CreateItem_NoNameThrows" />
    </UnitTest>
    <UnitTest name="UnitTests.Services.ItemServiceTests.DeleteItem_Deletes" storage="d:\a\mymodule20220129\mymodule20220129\unittests\bin\unittests.dll" id="e6610648-e456-1c64-d2b1-7e1242b871a8">
      <Execution id="ba350953-8207-49a7-b5c4-01046b136517" />
      <TestMethod codeBase="D:\a\MyModule20220129\MyModule20220129\UnitTests\bin\UnitTests.dll" adapterTypeName="executor://xunit/VsTestRunner2/net" className="UnitTests.Services.ItemServiceTests" name="DeleteItem_Deletes" />
    </UnitTest>
    <UnitTest name="UnitTests.Data.Entities.ItemTests.ItemConstructsProperly" storage="d:\a\mymodule20220129\mymodule20220129\unittests\bin\unittests.dll" id="572fc310-4b67-9555-f147-153d39f2eb82">
      <Execution id="76e85519-587e-426d-a8d3-7a59798e2283" />
      <TestMethod codeBase="D:\a\MyModule20220129\MyModule20220129\UnitTests\bin\UnitTests.dll" adapterTypeName="executor://xunit/VsTestRunner2/net" className="UnitTests.Data.Entities.ItemTests" name="ItemConstructsProperly" />
    </UnitTest>
    <UnitTest name="UnitTests.Services.ItemServiceTests.UpdateItem_NoName_Throws(name: &quot;&quot;)" storage="d:\a\mymodule20220129\mymodule20220129\unittests\bin\unittests.dll" id="3cbfa5d3-e0f6-eff8-ed5c-556fa1f3e131">
      <Execution id="7cabba46-41a9-4b86-be59-2d1f579797b7" />
      <TestMethod codeBase="D:\a\MyModule20220129\MyModule20220129\UnitTests\bin\UnitTests.dll" adapterTypeName="executor://xunit/VsTestRunner2/net" className="UnitTests.Services.ItemServiceTests" name="UpdateItem_NoName_Throws" />
    </UnitTest>
    <UnitTest name="UnitTests.Services.LoggingServiceTests.LogginService_TestableConstructorLogsErrorWithException" storage="d:\a\mymodule20220129\mymodule20220129\unittests\bin\unittests.dll" id="9168bdef-a759-f4d6-b890-b643e17324cf">
      <Execution id="e459b9b7-256d-46ff-afee-a88e1692b494" />
      <TestMethod codeBase="D:\a\MyModule20220129\MyModule20220129\UnitTests\bin\UnitTests.dll" adapterTypeName="executor://xunit/VsTestRunner2/net" className="UnitTests.Services.LoggingServiceTests" name="LogginService_TestableConstructorLogsErrorWithException" />
    </UnitTest>
    <UnitTest name="UnitTests.Controllers.ItemControllerTests.UserCanEdit_ReturnsBool(canEdit: True)" storage="d:\a\mymodule20220129\mymodule20220129\unittests\bin\unittests.dll" id="aec60494-3c2e-8ec9-f948-da5bb2043983">
      <Execution id="b0fc8a6c-d261-4a16-acb5-2a0f7b78b258" />
      <TestMethod codeBase="D:\a\MyModule20220129\MyModule20220129\UnitTests\bin\UnitTests.dll" adapterTypeName="executor://xunit/VsTestRunner2/net" className="UnitTests.Controllers.ItemControllerTests" name="UserCanEdit_ReturnsBool" />
    </UnitTest>
    <UnitTest name="UnitTests.Controllers.ModuleApiControllerTests.HasUserInfo" storage="d:\a\mymodule20220129\mymodule20220129\unittests\bin\unittests.dll" id="bae3532a-4a9e-c4ab-fc66-4dfa22d16170">
      <Execution id="d063dabc-0117-42c3-8f9e-8cc005e63f41" />
      <TestMethod codeBase="D:\a\MyModule20220129\MyModule20220129\UnitTests\bin\UnitTests.dll" adapterTypeName="executor://xunit/VsTestRunner2/net" className="UnitTests.Controllers.ModuleApiControllerTests" name="HasUserInfo" />
    </UnitTest>
    <UnitTest name="UnitTests.Services.ItemServiceTests.UpdateItem_NoName_Throws(name: &quot;  &quot;)" storage="d:\a\mymodule20220129\mymodule20220129\unittests\bin\unittests.dll" id="92b7b9f6-1294-7ea1-ffa3-91fba85074d4">
      <Execution id="9a3db7be-0ddf-4a39-b838-a5f28698a4e7" />
      <TestMethod codeBase="D:\a\MyModule20220129\MyModule20220129\UnitTests\bin\UnitTests.dll" adapterTypeName="executor://xunit/VsTestRunner2/net" className="UnitTests.Services.ItemServiceTests" name="UpdateItem_NoName_Throws" />
    </UnitTest>
    <UnitTest name="UnitTests.Data.Repositories.GenericRepositoryTests.Repository_Create_DefaultAudit" storage="d:\a\mymodule20220129\mymodule20220129\unittests\bin\unittests.dll" id="ae39aa62-5ff2-56e7-d00e-ef116d711d51">
      <Execution id="0523d215-8607-4c3f-a17a-b5a94e52065e" />
      <TestMethod codeBase="D:\a\MyModule20220129\MyModule20220129\UnitTests\bin\UnitTests.dll" adapterTypeName="executor://xunit/VsTestRunner2/net" className="UnitTests.Data.Repositories.GenericRepositoryTests" name="Repository_Create_DefaultAudit" />
    </UnitTest>
    <UnitTest name="UnitTests.Controllers.ValidateModelAttributeTests.OnActionExecuting_Valid_Works" storage="d:\a\mymodule20220129\mymodule20220129\unittests\bin\unittests.dll" id="e55f1742-c16d-5086-2251-ad3372dd48f5">
      <Execution id="21517c32-0d9b-4cc0-a93c-1e1febc1f714" />
      <TestMethod codeBase="D:\a\MyModule20220129\MyModule20220129\UnitTests\bin\UnitTests.dll" adapterTypeName="executor://xunit/VsTestRunner2/net" className="UnitTests.Controllers.ValidateModelAttributeTests" name="OnActionExecuting_Valid_Works" />
    </UnitTest>
    <UnitTest name="UnitTests.Data.Repositories.GenericRepositoryTests.GenericRepositoryGetsAll(iterations: 1)" storage="d:\a\mymodule20220129\mymodule20220129\unittests\bin\unittests.dll" id="d16880d7-fb44-f209-43d9-ba2e0e1875de">
      <Execution id="87eb4a9d-313c-4752-a237-05afe8ed81e8" />
      <TestMethod codeBase="D:\a\MyModule20220129\MyModule20220129\UnitTests\bin\UnitTests.dll" adapterTypeName="executor://xunit/VsTestRunner2/net" className="UnitTests.Data.Repositories.GenericRepositoryTests" name="GenericRepositoryGetsAll" />
    </UnitTest>
    <UnitTest name="UnitTests.Services.ItemServiceTests.UpdateItem_NullDto_Throws" storage="d:\a\mymodule20220129\mymodule20220129\unittests\bin\unittests.dll" id="263c08b1-704a-f3c2-309e-6dee831dbdc9">
      <Execution id="5c44b6b3-799f-4d94-a825-f6527b7ff07c" />
      <TestMethod codeBase="D:\a\MyModule20220129\MyModule20220129\UnitTests\bin\UnitTests.dll" adapterTypeName="executor://xunit/VsTestRunner2/net" className="UnitTests.Services.ItemServiceTests" name="UpdateItem_NullDto_Throws" />
    </UnitTest>
    <UnitTest name="UnitTests.Services.LoggingServiceTests.LoggingService_DefaultConstructorExists" storage="d:\a\mymodule20220129\mymodule20220129\unittests\bin\unittests.dll" id="8ba31d1b-48e3-e04e-cff0-b927c63b4a19">
      <Execution id="c639cb20-2263-4a10-9221-5d20b311b48f" />
      <TestMethod codeBase="D:\a\MyModule20220129\MyModule20220129\UnitTests\bin\UnitTests.dll" adapterTypeName="executor://xunit/VsTestRunner2/net" className="UnitTests.Services.LoggingServiceTests" name="LoggingService_DefaultConstructorExists" />
    </UnitTest>
    <UnitTest name="UnitTests.Data.Repositories.GenericRepositoryTests.GenericRepositoryCreate_ThrowsWithNullEntity" storage="d:\a\mymodule20220129\mymodule20220129\unittests\bin\unittests.dll" id="36689490-09d4-917f-648a-70dcfcfede10">
      <Execution id="fadd29c2-11fc-41a0-9a45-d380a193cb21" />
      <TestMethod codeBase="D:\a\MyModule20220129\MyModule20220129\UnitTests\bin\UnitTests.dll" adapterTypeName="executor://xunit/VsTestRunner2/net" className="UnitTests.Data.Repositories.GenericRepositoryTests" name="GenericRepositoryCreate_ThrowsWithNullEntity" />
    </UnitTest>
    <UnitTest name="UnitTests.Controllers.ItemControllerTests.CreateItem_Creates" storage="d:\a\mymodule20220129\mymodule20220129\unittests\bin\unittests.dll" id="588a2c1b-7788-beb2-ade0-06788d455d25">
      <Execution id="e780c612-2a53-4322-ade1-2cfc4a0a115f" />
      <TestMethod codeBase="D:\a\MyModule20220129\MyModule20220129\UnitTests\bin\UnitTests.dll" adapterTypeName="executor://xunit/VsTestRunner2/net" className="UnitTests.Controllers.ItemControllerTests" name="CreateItem_Creates" />
    </UnitTest>
    <UnitTest name="UnitTests.Controllers.ModuleApiControllerTests.CanEdit_Set_Throws" storage="d:\a\mymodule20220129\mymodule20220129\unittests\bin\unittests.dll" id="5f92ec4d-d570-0452-b891-d4cee75db9dd">
      <Execution id="5efadbf5-a647-4da6-b108-b37f030718f3" />
      <TestMethod codeBase="D:\a\MyModule20220129\MyModule20220129\UnitTests\bin\UnitTests.dll" adapterTypeName="executor://xunit/VsTestRunner2/net" className="UnitTests.Controllers.ModuleApiControllerTests" name="CanEdit_Set_Throws" />
    </UnitTest>
    <UnitTest name="UnitTests.Data.Repositories.GenericRepositoryTests.Repository_Create_UsesUserId" storage="d:\a\mymodule20220129\mymodule20220129\unittests\bin\unittests.dll" id="e1c7f76f-6195-c844-23c0-304b47fbae66">
      <Execution id="6c45146b-c27e-4858-abea-cc83b9015803" />
      <TestMethod codeBase="D:\a\MyModule20220129\MyModule20220129\UnitTests\bin\UnitTests.dll" adapterTypeName="executor://xunit/VsTestRunner2/net" className="UnitTests.Data.Repositories.GenericRepositoryTests" name="Repository_Create_UsesUserId" />
    </UnitTest>
    <UnitTest name="UnitTests.Controllers.ItemControllerTests.UpdateItem_Updates" storage="d:\a\mymodule20220129\mymodule20220129\unittests\bin\unittests.dll" id="315adde5-f36d-a74f-aa46-fb22a0f78cd9">
      <Execution id="daa5dcc0-579d-4b01-a3fd-2d9aee9cd5fd" />
      <TestMethod codeBase="D:\a\MyModule20220129\MyModule20220129\UnitTests\bin\UnitTests.dll" adapterTypeName="executor://xunit/VsTestRunner2/net" className="UnitTests.Controllers.ItemControllerTests" name="UpdateItem_Updates" />
    </UnitTest>
    <UnitTest name="UnitTests.Controllers.ModuleExceptionFilterAttributeTests.ArgumentException_BadRequest" storage="d:\a\mymodule20220129\mymodule20220129\unittests\bin\unittests.dll" id="a21637b0-54f8-4fa0-bc3b-95481a9fd90b">
      <Execution id="2fb440f4-e3c8-4a70-9000-066d715c78ba" />
      <TestMethod codeBase="D:\a\MyModule20220129\MyModule20220129\UnitTests\bin\UnitTests.dll" adapterTypeName="executor://xunit/VsTestRunner2/net" className="UnitTests.Controllers.ModuleExceptionFilterAttributeTests" name="ArgumentException_BadRequest" />
    </UnitTest>
    <UnitTest name="UnitTests.Data.Repositories.GenericRepositoryTests.GetPage_Pages(page: 3, pageSize: 20, expectedItems: 10, expectedPages: 3)" storage="d:\a\mymodule20220129\mymodule20220129\unittests\bin\unittests.dll" id="74c28fcf-aa9b-2bab-0ff6-cfa98a0ddf49">
      <Execution id="2059c8ac-b639-4e84-ab26-f8ab6cdc5772" />
      <TestMethod codeBase="D:\a\MyModule20220129\MyModule20220129\UnitTests\bin\UnitTests.dll" adapterTypeName="executor://xunit/VsTestRunner2/net" className="UnitTests.Data.Repositories.GenericRepositoryTests" name="GetPage_Pages" />
    </UnitTest>
    <UnitTest name="UnitTests.Controllers.ModuleExceptionFilterAttributeTests.NoException_DoesNothing" storage="d:\a\mymodule20220129\mymodule20220129\unittests\bin\unittests.dll" id="113f48ce-a6a3-c5df-7589-ba5a5fcb9c59">
      <Execution id="c3733393-9359-4cc7-9d91-b0cc7d376ec6" />
      <TestMethod codeBase="D:\a\MyModule20220129\MyModule20220129\UnitTests\bin\UnitTests.dll" adapterTypeName="executor://xunit/VsTestRunner2/net" className="UnitTests.Controllers.ModuleExceptionFilterAttributeTests" name="NoException_DoesNothing" />
    </UnitTest>
    <UnitTest name="UnitTests.Controllers.ItemControllerTests.GetItemsPage_GetsProperPages" storage="d:\a\mymodule20220129\mymodule20220129\unittests\bin\unittests.dll" id="1017c6c1-9dd0-57dc-36e7-bb573d02562e">
      <Execution id="584444aa-906c-49d0-8e06-e8de0f530a1e" />
      <TestMethod codeBase="D:\a\MyModule20220129\MyModule20220129\UnitTests\bin\UnitTests.dll" adapterTypeName="executor://xunit/VsTestRunner2/net" className="UnitTests.Controllers.ItemControllerTests" name="GetItemsPage_GetsProperPages" />
    </UnitTest>
    <UnitTest name="UnitTests.Data.Repositories.GenericRepositoryTests.GenericRepositoryDeletes" storage="d:\a\mymodule20220129\mymodule20220129\unittests\bin\unittests.dll" id="0bc54975-0bff-692e-a9b3-fc69f2c95a39">
      <Execution id="9c3b3076-0b30-4294-ad83-5c521b275ae2" />
      <TestMethod codeBase="D:\a\MyModule20220129\MyModule20220129\UnitTests\bin\UnitTests.dll" adapterTypeName="executor://xunit/VsTestRunner2/net" className="UnitTests.Data.Repositories.GenericRepositoryTests" name="GenericRepositoryDeletes" />
    </UnitTest>
    <UnitTest name="UnitTests.Data.Repositories.GenericRepositoryTests.GenericRepositoryUpdates" storage="d:\a\mymodule20220129\mymodule20220129\unittests\bin\unittests.dll" id="70ede014-c412-e387-bb98-e95b3b42090d">
      <Execution id="fd61b5fe-0d6e-44b7-a09a-a2708fe924da" />
      <TestMethod codeBase="D:\a\MyModule20220129\MyModule20220129\UnitTests\bin\UnitTests.dll" adapterTypeName="executor://xunit/VsTestRunner2/net" className="UnitTests.Data.Repositories.GenericRepositoryTests" name="GenericRepositoryUpdates" />
    </UnitTest>
    <UnitTest name="UnitTests.Controllers.ItemControllerTests.DeleteItem_Deletes(itemId: 10)" storage="d:\a\mymodule20220129\mymodule20220129\unittests\bin\unittests.dll" id="d6094ca1-b65b-5133-f464-9f7d01f0d023">
      <Execution id="bb0da1d1-ff1d-42fa-86ac-4c01f82d292f" />
      <TestMethod codeBase="D:\a\MyModule20220129\MyModule20220129\UnitTests\bin\UnitTests.dll" adapterTypeName="executor://xunit/VsTestRunner2/net" className="UnitTests.Controllers.ItemControllerTests" name="DeleteItem_Deletes" />
    </UnitTest>
    <UnitTest name="UnitTests.Data.Repositories.GenericRepositoryTests.Repository_Update_DefaultAudit" storage="d:\a\mymodule20220129\mymodule20220129\unittests\bin\unittests.dll" id="44b00d3a-bad7-aefd-141c-4a35b11463b2">
      <Execution id="f66b8d58-4768-4fe3-bdd6-9a8e43ca9d90" />
      <TestMethod codeBase="D:\a\MyModule20220129\MyModule20220129\UnitTests\bin\UnitTests.dll" adapterTypeName="executor://xunit/VsTestRunner2/net" className="UnitTests.Data.Repositories.GenericRepositoryTests" name="Repository_Update_DefaultAudit" />
    </UnitTest>
    <UnitTest name="UnitTests.Services.ItemServiceTests.UpdateItem_Updates" storage="d:\a\mymodule20220129\mymodule20220129\unittests\bin\unittests.dll" id="130d9133-361f-a0da-f15e-423eb98947ac">
      <Execution id="10f15cb1-1e2c-4dfa-bfb2-f8a7b3fb800a" />
      <TestMethod codeBase="D:\a\MyModule20220129\MyModule20220129\UnitTests\bin\UnitTests.dll" adapterTypeName="executor://xunit/VsTestRunner2/net" className="UnitTests.Services.ItemServiceTests" name="UpdateItem_Updates" />
    </UnitTest>
    <UnitTest name="UnitTests.Data.Repositories.GenericRepositoryTests.GenericRepositoryGetsAll(iterations: 2)" storage="d:\a\mymodule20220129\mymodule20220129\unittests\bin\unittests.dll" id="ffe5c770-9b99-42c0-ce21-7e50cccf4385">
      <Execution id="a0aa69e9-3790-4d7f-bdfa-5feb13245792" />
      <TestMethod codeBase="D:\a\MyModule20220129\MyModule20220129\UnitTests\bin\UnitTests.dll" adapterTypeName="executor://xunit/VsTestRunner2/net" className="UnitTests.Data.Repositories.GenericRepositoryTests" name="GenericRepositoryGetsAll" />
    </UnitTest>
    <UnitTest name="UnitTests.Data.Repositories.GenericRepositoryTests.GenericRepositoryGetsAll(iterations: 0)" storage="d:\a\mymodule20220129\mymodule20220129\unittests\bin\unittests.dll" id="4fe0dd0f-2fa0-9c42-e816-a6df28150b72">
      <Execution id="3b9fb834-ac37-46d3-a6a7-e45a50a2ff83" />
      <TestMethod codeBase="D:\a\MyModule20220129\MyModule20220129\UnitTests\bin\UnitTests.dll" adapterTypeName="executor://xunit/VsTestRunner2/net" className="UnitTests.Data.Repositories.GenericRepositoryTests" name="GenericRepositoryGetsAll" />
    </UnitTest>
    <UnitTest name="UnitTests.Data.Repositories.GenericRepositoryTests.GetPage_Pages(page: 1, pageSize: 10, expectedItems: 10, expectedPages: 5)" storage="d:\a\mymodule20220129\mymodule20220129\unittests\bin\unittests.dll" id="c5867bfe-f023-3ae4-485c-eae070f2ace9">
      <Execution id="909eda89-9d32-4489-bbf5-72a29a04263b" />
      <TestMethod codeBase="D:\a\MyModule20220129\MyModule20220129\UnitTests\bin\UnitTests.dll" adapterTypeName="executor://xunit/VsTestRunner2/net" className="UnitTests.Data.Repositories.GenericRepositoryTests" name="GetPage_Pages" />
    </UnitTest>
    <UnitTest name="UnitTests.Common.Extensions.IQueryableExtensionsTests.Order_OrdersBothWays(descending: False, expected: [1, 2, 3])" storage="d:\a\mymodule20220129\mymodule20220129\unittests\bin\unittests.dll" id="248341cb-553e-e275-a8eb-499567f40929">
      <Execution id="fae239ac-812f-492b-9c46-37cbaea205f6" />
      <TestMethod codeBase="D:\a\MyModule20220129\MyModule20220129\UnitTests\bin\UnitTests.dll" adapterTypeName="executor://xunit/VsTestRunner2/net" className="UnitTests.Common.Extensions.IQueryableExtensionsTests" name="Order_OrdersBothWays" />
    </UnitTest>
    <UnitTest name="UnitTests.Data.Repositories.GenericRepositoryTests.GetPage_Pages(page: 0, pageSize: 0, expectedItems: 1, expectedPages: 50)" storage="d:\a\mymodule20220129\mymodule20220129\unittests\bin\unittests.dll" id="3688eeeb-2a1a-6ffa-a193-543baf24437a">
      <Execution id="ba6cd226-84da-4621-89ba-6bb3806aa927" />
      <TestMethod codeBase="D:\a\MyModule20220129\MyModule20220129\UnitTests\bin\UnitTests.dll" adapterTypeName="executor://xunit/VsTestRunner2/net" className="UnitTests.Data.Repositories.GenericRepositoryTests" name="GetPage_Pages" />
    </UnitTest>
    <UnitTest name="UnitTests.Services.ItemServiceTests.CreateItem_NoItemThrows" storage="d:\a\mymodule20220129\mymodule20220129\unittests\bin\unittests.dll" id="f5652070-1b22-f5a7-3f3f-68b37c9184a8">
      <Execution id="e35bfc5c-92e3-4280-9b5a-4e8762934a89" />
      <TestMethod codeBase="D:\a\MyModule20220129\MyModule20220129\UnitTests\bin\UnitTests.dll" adapterTypeName="executor://xunit/VsTestRunner2/net" className="UnitTests.Services.ItemServiceTests" name="CreateItem_NoItemThrows" />
    </UnitTest>
    <UnitTest name="UnitTests.Data.Entities.ItemTests.ItemPropertiesPersist(id: 1, name: &quot;Name1&quot;, description: &quot;Description1&quot;)" storage="d:\a\mymodule20220129\mymodule20220129\unittests\bin\unittests.dll" id="392ed628-2028-c945-b97e-893658a1e82b">
      <Execution id="d60bd3eb-e349-4bb2-9679-a2e232f5342f" />
      <TestMethod codeBase="D:\a\MyModule20220129\MyModule20220129\UnitTests\bin\UnitTests.dll" adapterTypeName="executor://xunit/VsTestRunner2/net" className="UnitTests.Data.Entities.ItemTests" name="ItemPropertiesPersist" />
    </UnitTest>
  </TestDefinitions>
  <TestEntries>
    <TestEntry testId="e55f1742-c16d-5086-2251-ad3372dd48f5" executionId="21517c32-0d9b-4cc0-a93c-1e1febc1f714" testListId="8c84fa94-04c1-424b-9868-57a2d4851a1d" />
    <TestEntry testId="f754f777-4449-23e8-f4ec-917f49117de2" executionId="4f994c8d-00ed-4870-8e01-e5f84812036d" testListId="8c84fa94-04c1-424b-9868-57a2d4851a1d" />
    <TestEntry testId="a21637b0-54f8-4fa0-bc3b-95481a9fd90b" executionId="e9ce5ebd-c6ba-4163-b078-04e8b544d440" testListId="8c84fa94-04c1-424b-9868-57a2d4851a1d" />
    <TestEntry testId="70ede014-c412-e387-bb98-e95b3b42090d" executionId="fd61b5fe-0d6e-44b7-a09a-a2708fe924da" testListId="8c84fa94-04c1-424b-9868-57a2d4851a1d" />
    <TestEntry testId="e6e0a140-85e7-6935-6160-ab95ecfd3c8a" executionId="7c9c8be3-8211-4d40-b0d8-cf007db170f9" testListId="8c84fa94-04c1-424b-9868-57a2d4851a1d" />
    <TestEntry testId="a21637b0-54f8-4fa0-bc3b-95481a9fd90b" executionId="34512747-6fc9-447c-8a24-cd4750a87eb8" testListId="8c84fa94-04c1-424b-9868-57a2d4851a1d" />
    <TestEntry testId="24cfa8b0-48c3-8aab-e4c2-88694c220e2c" executionId="1b03ee41-49a8-4525-8103-a8294d31459e" testListId="8c84fa94-04c1-424b-9868-57a2d4851a1d" />
    <TestEntry testId="aec60494-3c2e-8ec9-f948-da5bb2043983" executionId="b0fc8a6c-d261-4a16-acb5-2a0f7b78b258" testListId="8c84fa94-04c1-424b-9868-57a2d4851a1d" />
    <TestEntry testId="e4f8faa7-d0ad-86e6-1579-7bd52372b4c3" executionId="d402717d-2b7d-49a9-8535-3ff759d7fbc9" testListId="8c84fa94-04c1-424b-9868-57a2d4851a1d" />
    <TestEntry testId="ffe5c770-9b99-42c0-ce21-7e50cccf4385" executionId="a0aa69e9-3790-4d7f-bdfa-5feb13245792" testListId="8c84fa94-04c1-424b-9868-57a2d4851a1d" />
    <TestEntry testId="3688eeeb-2a1a-6ffa-a193-543baf24437a" executionId="ba6cd226-84da-4621-89ba-6bb3806aa927" testListId="8c84fa94-04c1-424b-9868-57a2d4851a1d" />
    <TestEntry testId="e6610648-e456-1c64-d2b1-7e1242b871a8" executionId="ba350953-8207-49a7-b5c4-01046b136517" testListId="8c84fa94-04c1-424b-9868-57a2d4851a1d" />
    <TestEntry testId="168fc980-36e3-101b-62b1-f5ab71e9fc0d" executionId="3f71f0b6-8b91-4326-84a3-4afc19050499" testListId="8c84fa94-04c1-424b-9868-57a2d4851a1d" />
    <TestEntry testId="b6579d24-7c4e-c42d-2ead-85e0f30e0a64" executionId="d8a35fb3-0cbe-49f3-ac96-8d3ba43c34e0" testListId="8c84fa94-04c1-424b-9868-57a2d4851a1d" />
    <TestEntry testId="ae39aa62-5ff2-56e7-d00e-ef116d711d51" executionId="0523d215-8607-4c3f-a17a-b5a94e52065e" testListId="8c84fa94-04c1-424b-9868-57a2d4851a1d" />
    <TestEntry testId="d6cab32e-cf28-1ba8-73a6-76c46cb62c4a" executionId="7205e484-fc6f-4a01-bc8e-25019ab276ad" testListId="8c84fa94-04c1-424b-9868-57a2d4851a1d" />
    <TestEntry testId="986d7e6e-d04d-b204-b01c-fbb8f09c7774" executionId="a88b1376-517b-4f2a-ad4a-02d61cd1d635" testListId="8c84fa94-04c1-424b-9868-57a2d4851a1d" />
    <TestEntry testId="f5652070-1b22-f5a7-3f3f-68b37c9184a8" executionId="e35bfc5c-92e3-4280-9b5a-4e8762934a89" testListId="8c84fa94-04c1-424b-9868-57a2d4851a1d" />
    <TestEntry testId="588a2c1b-7788-beb2-ade0-06788d455d25" executionId="e780c612-2a53-4322-ade1-2cfc4a0a115f" testListId="8c84fa94-04c1-424b-9868-57a2d4851a1d" />
    <TestEntry testId="8ba31d1b-48e3-e04e-cff0-b927c63b4a19" executionId="c639cb20-2263-4a10-9221-5d20b311b48f" testListId="8c84fa94-04c1-424b-9868-57a2d4851a1d" />
    <TestEntry testId="19b6234c-c2df-2304-54f9-54b0da4cd6ba" executionId="dbd85c26-a58e-415e-821a-8e5d4de01001" testListId="8c84fa94-04c1-424b-9868-57a2d4851a1d" />
    <TestEntry testId="9168bdef-a759-f4d6-b890-b643e17324cf" executionId="e459b9b7-256d-46ff-afee-a88e1692b494" testListId="8c84fa94-04c1-424b-9868-57a2d4851a1d" />
    <TestEntry testId="a21637b0-54f8-4fa0-bc3b-95481a9fd90b" executionId="9d00c22c-e849-481d-b048-aabe2be4c821" testListId="8c84fa94-04c1-424b-9868-57a2d4851a1d" />
    <TestEntry testId="a21637b0-54f8-4fa0-bc3b-95481a9fd90b" executionId="d3aa7850-eda8-4a55-a779-562745cf88c3" testListId="8c84fa94-04c1-424b-9868-57a2d4851a1d" />
    <TestEntry testId="d15ea2a7-9f9f-b92b-50fa-470898da705d" executionId="e262bb4a-626b-4d7d-a8f9-a11ad820e0b3" testListId="8c84fa94-04c1-424b-9868-57a2d4851a1d" />
    <TestEntry testId="0247c7e7-7d1c-099b-2ac8-81a47ff2509a" executionId="1c6a8689-c91f-48bb-8a28-4d30c22fbe8c" testListId="8c84fa94-04c1-424b-9868-57a2d4851a1d" />
    <TestEntry testId="113f48ce-a6a3-c5df-7589-ba5a5fcb9c59" executionId="c3733393-9359-4cc7-9d91-b0cc7d376ec6" testListId="8c84fa94-04c1-424b-9868-57a2d4851a1d" />
    <TestEntry testId="44b00d3a-bad7-aefd-141c-4a35b11463b2" executionId="f66b8d58-4768-4fe3-bdd6-9a8e43ca9d90" testListId="8c84fa94-04c1-424b-9868-57a2d4851a1d" />
    <TestEntry testId="263c08b1-704a-f3c2-309e-6dee831dbdc9" executionId="5c44b6b3-799f-4d94-a825-f6527b7ff07c" testListId="8c84fa94-04c1-424b-9868-57a2d4851a1d" />
    <TestEntry testId="a21637b0-54f8-4fa0-bc3b-95481a9fd90b" executionId="cc7cf768-83fe-494c-a29e-9ad4f88fce27" testListId="8c84fa94-04c1-424b-9868-57a2d4851a1d" />
    <TestEntry testId="1c164fbc-1ab1-9884-ccb8-9e84f4c977d0" executionId="c5ae1328-ce90-4091-aefd-481f2808cafd" testListId="8c84fa94-04c1-424b-9868-57a2d4851a1d" />
    <TestEntry testId="99806ad3-88f0-7495-8b3e-3799a4bbb6aa" executionId="ddcc720f-470a-4574-9621-c75277b9fe08" testListId="8c84fa94-04c1-424b-9868-57a2d4851a1d" />
    <TestEntry testId="b76e01b1-6afe-f33b-c6a9-ea3347176509" executionId="01783b65-17fc-4ed4-8286-3e5319c7be6a" testListId="8c84fa94-04c1-424b-9868-57a2d4851a1d" />
    <TestEntry testId="ad3412e8-5f64-2020-a5b6-bd4cca8c3b7d" executionId="e5c814b3-7b95-4bef-bd4c-11d62adac903" testListId="8c84fa94-04c1-424b-9868-57a2d4851a1d" />
    <TestEntry testId="5f92ec4d-d570-0452-b891-d4cee75db9dd" executionId="5efadbf5-a647-4da6-b108-b37f030718f3" testListId="8c84fa94-04c1-424b-9868-57a2d4851a1d" />
    <TestEntry testId="1017c6c1-9dd0-57dc-36e7-bb573d02562e" executionId="584444aa-906c-49d0-8e06-e8de0f530a1e" testListId="8c84fa94-04c1-424b-9868-57a2d4851a1d" />
    <TestEntry testId="a21637b0-54f8-4fa0-bc3b-95481a9fd90b" executionId="2fb440f4-e3c8-4a70-9000-066d715c78ba" testListId="8c84fa94-04c1-424b-9868-57a2d4851a1d" />
    <TestEntry testId="e1c7f76f-6195-c844-23c0-304b47fbae66" executionId="6c45146b-c27e-4858-abea-cc83b9015803" testListId="8c84fa94-04c1-424b-9868-57a2d4851a1d" />
    <TestEntry testId="3cbfa5d3-e0f6-eff8-ed5c-556fa1f3e131" executionId="7cabba46-41a9-4b86-be59-2d1f579797b7" testListId="8c84fa94-04c1-424b-9868-57a2d4851a1d" />
    <TestEntry testId="74c28fcf-aa9b-2bab-0ff6-cfa98a0ddf49" executionId="2059c8ac-b639-4e84-ab26-f8ab6cdc5772" testListId="8c84fa94-04c1-424b-9868-57a2d4851a1d" />
    <TestEntry testId="66df824b-3f38-0b36-d4ca-d3bcae9fe012" executionId="97d54f64-334b-4152-a362-3ca5b2c090f5" testListId="8c84fa94-04c1-424b-9868-57a2d4851a1d" />
    <TestEntry testId="478b61ee-7d85-9dbe-985d-08c590f8666a" executionId="b2be0c23-d2b9-4c1a-bd2e-345ab652647e" testListId="8c84fa94-04c1-424b-9868-57a2d4851a1d" />
    <TestEntry testId="1a74e347-4470-5271-97ab-1ebaf8693270" executionId="0cf089ff-0321-4b60-b1e3-b7e1d4596490" testListId="8c84fa94-04c1-424b-9868-57a2d4851a1d" />
    <TestEntry testId="320e3c11-11d1-b3ef-0d2e-5e474f674ff1" executionId="1b7fd9d0-6a73-4412-8db8-f67c6fe08c8a" testListId="8c84fa94-04c1-424b-9868-57a2d4851a1d" />
    <TestEntry testId="61a8ccc9-c5b1-047b-3c97-f777ccc7d30b" executionId="9675256c-bcd8-4297-a5d4-9a276ce1619d" testListId="8c84fa94-04c1-424b-9868-57a2d4851a1d" />
    <TestEntry testId="c5867bfe-f023-3ae4-485c-eae070f2ace9" executionId="909eda89-9d32-4489-bbf5-72a29a04263b" testListId="8c84fa94-04c1-424b-9868-57a2d4851a1d" />
    <TestEntry testId="36689490-09d4-917f-648a-70dcfcfede10" executionId="fadd29c2-11fc-41a0-9a45-d380a193cb21" testListId="8c84fa94-04c1-424b-9868-57a2d4851a1d" />
    <TestEntry testId="d1c63cb7-1f9a-a8bf-a217-a4cbb4e5f73b" executionId="ee090a7e-2cd6-4c7b-9c55-054a61d50288" testListId="8c84fa94-04c1-424b-9868-57a2d4851a1d" />
    <TestEntry testId="ac1c50bc-98fd-036f-fe0f-d46cb187f90e" executionId="d6bc3ba4-c7c8-4016-ae7a-12f960b28e19" testListId="8c84fa94-04c1-424b-9868-57a2d4851a1d" />
    <TestEntry testId="d6094ca1-b65b-5133-f464-9f7d01f0d023" executionId="bb0da1d1-ff1d-42fa-86ac-4c01f82d292f" testListId="8c84fa94-04c1-424b-9868-57a2d4851a1d" />
    <TestEntry testId="315adde5-f36d-a74f-aa46-fb22a0f78cd9" executionId="daa5dcc0-579d-4b01-a3fd-2d9aee9cd5fd" testListId="8c84fa94-04c1-424b-9868-57a2d4851a1d" />
    <TestEntry testId="ac2a99ba-3563-74a9-7d4c-8e91a58cd097" executionId="cc02ee7d-a461-41d0-ac1b-db92d5cb8967" testListId="8c84fa94-04c1-424b-9868-57a2d4851a1d" />
    <TestEntry testId="96a18501-dea4-70b1-d572-baa1bb120da2" executionId="2bfd554a-b7b5-41c1-85d0-892d7845c154" testListId="8c84fa94-04c1-424b-9868-57a2d4851a1d" />
    <TestEntry testId="0ebf358f-9eac-9438-b418-9c6aa81a6377" executionId="66e521e9-83bb-4a9d-a061-fedd6a49e036" testListId="8c84fa94-04c1-424b-9868-57a2d4851a1d" />
    <TestEntry testId="0bc54975-0bff-692e-a9b3-fc69f2c95a39" executionId="9c3b3076-0b30-4294-ad83-5c521b275ae2" testListId="8c84fa94-04c1-424b-9868-57a2d4851a1d" />
    <TestEntry testId="4fe0dd0f-2fa0-9c42-e816-a6df28150b72" executionId="3b9fb834-ac37-46d3-a6a7-e45a50a2ff83" testListId="8c84fa94-04c1-424b-9868-57a2d4851a1d" />
    <TestEntry testId="92b7b9f6-1294-7ea1-ffa3-91fba85074d4" executionId="9a3db7be-0ddf-4a39-b838-a5f28698a4e7" testListId="8c84fa94-04c1-424b-9868-57a2d4851a1d" />
    <TestEntry testId="130d9133-361f-a0da-f15e-423eb98947ac" executionId="10f15cb1-1e2c-4dfa-bfb2-f8a7b3fb800a" testListId="8c84fa94-04c1-424b-9868-57a2d4851a1d" />
    <TestEntry testId="bae3532a-4a9e-c4ab-fc66-4dfa22d16170" executionId="d063dabc-0117-42c3-8f9e-8cc005e63f41" testListId="8c84fa94-04c1-424b-9868-57a2d4851a1d" />
    <TestEntry testId="392ed628-2028-c945-b97e-893658a1e82b" executionId="d60bd3eb-e349-4bb2-9679-a2e232f5342f" testListId="8c84fa94-04c1-424b-9868-57a2d4851a1d" />
    <TestEntry testId="d16880d7-fb44-f209-43d9-ba2e0e1875de" executionId="87eb4a9d-313c-4752-a237-05afe8ed81e8" testListId="8c84fa94-04c1-424b-9868-57a2d4851a1d" />
    <TestEntry testId="248341cb-553e-e275-a8eb-499567f40929" executionId="fae239ac-812f-492b-9c46-37cbaea205f6" testListId="8c84fa94-04c1-424b-9868-57a2d4851a1d" />
    <TestEntry testId="572fc310-4b67-9555-f147-153d39f2eb82" executionId="76e85519-587e-426d-a8d3-7a59798e2283" testListId="8c84fa94-04c1-424b-9868-57a2d4851a1d" />
    <TestEntry testId="a9198ad3-782e-a37c-0b5f-1330f5318f55" executionId="8bd6f0cc-91ae-4a88-8b8e-a89c16a1dd6d" testListId="8c84fa94-04c1-424b-9868-57a2d4851a1d" />
  </TestEntries>
  <TestLists>
    <TestList name="Results Not in a List" id="8c84fa94-04c1-424b-9868-57a2d4851a1d" />
    <TestList name="All Loaded Results" id="19431567-8539-422a-85d7-44ee4e166bda" />
  </TestLists>
  <ResultSummary outcome="Completed">
    <Counters total="64" executed="64" passed="64" failed="0" error="0" timeout="0" aborted="0" inconclusive="0" passedButRunAborted="0" notRunnable="0" notExecuted="0" disconnected="0" warning="0" completed="0" inProgress="0" pending="0" />
    <Output>
      <StdOut>[xUnit.net 00:00:00.00] xUnit.net VSTest Adapter v2.4.3+1b45f5407b (32-bit Desktop .NET 4.0.30319.42000)&#xD;
[xUnit.net 00:00:01.06]   Discovering: UnitTests&#xD;
[xUnit.net 00:00:01.31]   Discovered:  UnitTests&#xD;
[xUnit.net 00:00:01.32]   Starting:    UnitTests&#xD;
[xUnit.net 00:00:10.96]   Finished:    UnitTests&#xD;
</StdOut>
    </Output>
  </ResultSummary>
</TestRun>