<?xml version="1.0" encoding="utf-8"?>
<TestRun id="0890956c-136e-4ed5-aca5-ffd72d81a393" name="runneradmin@fv-az177-278 2022-02-02 02:01:17" runUser="fv-az177-278\runneradmin" xmlns="http://microsoft.com/schemas/VisualStudio/TeamTest/2010">
  <Times creation="2022-02-02T02:01:17.9570998+00:00" queuing="2022-02-02T02:01:17.9570999+00:00" start="2022-02-02T02:01:13.8117278+00:00" finish="2022-02-02T02:01:30.6541738+00:00" />
  <TestSettings name="default" id="a8ce61e2-6a2a-4176-bc1b-45af0bfe64e2">
    <Deployment runDeploymentRoot="runneradmin_fv-az177-278_2022-02-02_02_01_17" />
  </TestSettings>
  <Results>
    <UnitTestResult executionId="5d7947d7-a283-4232-a9eb-fff40e3c995d" testId="0247c7e7-7d1c-099b-2ac8-81a47ff2509a" testName="UnitTests.Controllers.ItemControllerTests.UserCanEdit_ReturnsBool(canEdit: False)" computerName="fv-az177-278" duration="00:00:00.0100000" startTime="2022-02-02T02:01:23.9200823+00:00" endTime="2022-02-02T02:01:23.9200823+00:00" testType="13cdc9d9-ddb5-4fa4-a97d-d965ccfc6d4b" outcome="Passed" testListId="8c84fa94-04c1-424b-9868-57a2d4851a1d" relativeResultsDirectory="5d7947d7-a283-4232-a9eb-fff40e3c995d" />
    <UnitTestResult executionId="e4e79d79-6711-44b5-96d9-fdb548eb374b" testId="b76e01b1-6afe-f33b-c6a9-ea3347176509" testName="UnitTests.Services.ItemServiceTests.UpdateItem_NoName_Throws(name: null)" computerName="fv-az177-278" duration="00:00:00.0020000" startTime="2022-02-02T02:01:17.8864941+00:00" endTime="2022-02-02T02:01:17.8864941+00:00" testType="13cdc9d9-ddb5-4fa4-a97d-d965ccfc6d4b" outcome="Passed" testListId="8c84fa94-04c1-424b-9868-57a2d4851a1d" relativeResultsDirectory="e4e79d79-6711-44b5-96d9-fdb548eb374b" />
    <UnitTestResult executionId="8c67969b-8351-4d0b-a8b9-662cf5931f11" testId="a21637b0-54f8-4fa0-bc3b-95481a9fd90b" testName="UnitTests.Controllers.ModuleExceptionFilterAttributeTests.ArgumentException_BadRequest(exception: System.ArgumentException: Argument, expectedStatusCode: BadRequest)" computerName="fv-az177-278" duration="00:00:00.0010000" startTime="2022-02-02T02:01:22.4103004+00:00" endTime="2022-02-02T02:01:22.4103004+00:00" testType="13cdc9d9-ddb5-4fa4-a97d-d965ccfc6d4b" outcome="Passed" testListId="8c84fa94-04c1-424b-9868-57a2d4851a1d" relativeResultsDirectory="8c67969b-8351-4d0b-a8b9-662cf5931f11" />
    <UnitTestResult executionId="2062630b-839d-48a3-8b76-39f1dbba9cc8" testId="aec60494-3c2e-8ec9-f948-da5bb2043983" testName="UnitTests.Controllers.ItemControllerTests.UserCanEdit_ReturnsBool(canEdit: True)" computerName="fv-az177-278" duration="00:00:00.0010000" startTime="2022-02-02T02:01:23.9210802+00:00" endTime="2022-02-02T02:01:23.9210802+00:00" testType="13cdc9d9-ddb5-4fa4-a97d-d965ccfc6d4b" outcome="Passed" testListId="8c84fa94-04c1-424b-9868-57a2d4851a1d" relativeResultsDirectory="2062630b-839d-48a3-8b76-39f1dbba9cc8" />
    <UnitTestResult executionId="3277e188-ce1d-49fb-a314-fb73f1624eef" testId="a21637b0-54f8-4fa0-bc3b-95481a9fd90b" testName="UnitTests.Controllers.ModuleExceptionFilterAttributeTests.ArgumentException_BadRequest(exception: System.TimeoutException: Timed out, expectedStatusCode: RequestTimeout)" computerName="fv-az177-278" duration="00:00:00.0010000" startTime="2022-02-02T02:01:22.4113000+00:00" endTime="2022-02-02T02:01:22.4113000+00:00" testType="13cdc9d9-ddb5-4fa4-a97d-d965ccfc6d4b" outcome="Passed" testListId="8c84fa94-04c1-424b-9868-57a2d4851a1d" relativeResultsDirectory="3277e188-ce1d-49fb-a314-fb73f1624eef" />
    <UnitTestResult executionId="56fd6148-2335-48a0-a897-a4cc6afbd945" testId="3cbfa5d3-e0f6-eff8-ed5c-556fa1f3e131" testName="UnitTests.Services.ItemServiceTests.UpdateItem_NoName_Throws(name: &quot;&quot;)" computerName="fv-az177-278" duration="00:00:00.0010000" startTime="2022-02-02T02:01:17.8914786+00:00" endTime="2022-02-02T02:01:17.8914786+00:00" testType="13cdc9d9-ddb5-4fa4-a97d-d965ccfc6d4b" outcome="Passed" testListId="8c84fa94-04c1-424b-9868-57a2d4851a1d" relativeResultsDirectory="56fd6148-2335-48a0-a897-a4cc6afbd945" />
    <UnitTestResult executionId="a791cffe-a9a3-4e98-88e2-9488abb40d3e" testId="c5867bfe-f023-3ae4-485c-eae070f2ace9" testName="UnitTests.Data.Repositories.GenericRepositoryTests.GetPage_Pages(page: 1, pageSize: 10, expectedItems: 10, expectedPages: 5)" computerName="fv-az177-278" duration="00:00:00.0310000" startTime="2022-02-02T02:01:25.9346903+00:00" endTime="2022-02-02T02:01:25.9346903+00:00" testType="13cdc9d9-ddb5-4fa4-a97d-d965ccfc6d4b" outcome="Passed" testListId="8c84fa94-04c1-424b-9868-57a2d4851a1d" relativeResultsDirectory="a791cffe-a9a3-4e98-88e2-9488abb40d3e" />
    <UnitTestResult executionId="0a684590-e362-4a0a-a089-c01589e82397" testId="4fe0dd0f-2fa0-9c42-e816-a6df28150b72" testName="UnitTests.Data.Repositories.GenericRepositoryTests.GenericRepositoryGetsAll(iterations: 0)" computerName="fv-az177-278" duration="00:00:00.0070000" startTime="2022-02-02T02:01:25.7536909+00:00" endTime="2022-02-02T02:01:25.7536909+00:00" testType="13cdc9d9-ddb5-4fa4-a97d-d965ccfc6d4b" outcome="Passed" testListId="8c84fa94-04c1-424b-9868-57a2d4851a1d" relativeResultsDirectory="0a684590-e362-4a0a-a089-c01589e82397" />
    <UnitTestResult executionId="78f22ee9-1d59-4aba-bcb7-d52c8fb159c9" testId="315adde5-f36d-a74f-aa46-fb22a0f78cd9" testName="UnitTests.Controllers.ItemControllerTests.UpdateItem_Updates" computerName="fv-az177-278" duration="00:00:00.0030000" startTime="2022-02-02T02:01:23.9536484+00:00" endTime="2022-02-02T02:01:23.9536484+00:00" testType="13cdc9d9-ddb5-4fa4-a97d-d965ccfc6d4b" outcome="Passed" testListId="8c84fa94-04c1-424b-9868-57a2d4851a1d" relativeResultsDirectory="78f22ee9-1d59-4aba-bcb7-d52c8fb159c9" />
    <UnitTestResult executionId="c8e41132-81e1-474b-841e-c6ede4ae9e33" testId="f754f777-4449-23e8-f4ec-917f49117de2" testName="UnitTests.Data.Repositories.GenericRepositoryTests.Repository_DeleteMissing_DoesNotThrow" computerName="fv-az177-278" duration="00:00:00.0090000" startTime="2022-02-02T02:01:25.7806910+00:00" endTime="2022-02-02T02:01:25.7806910+00:00" testType="13cdc9d9-ddb5-4fa4-a97d-d965ccfc6d4b" outcome="Passed" testListId="8c84fa94-04c1-424b-9868-57a2d4851a1d" relativeResultsDirectory="c8e41132-81e1-474b-841e-c6ede4ae9e33" />
    <UnitTestResult executionId="7f623008-6448-47b2-b844-2ec7f501180f" testId="d16880d7-fb44-f209-43d9-ba2e0e1875de" testName="UnitTests.Data.Repositories.GenericRepositoryTests.GenericRepositoryGetsAll(iterations: 1)" computerName="fv-az177-278" duration="00:00:00.0090000" startTime="2022-02-02T02:01:25.7716911+00:00" endTime="2022-02-02T02:01:25.7716911+00:00" testType="13cdc9d9-ddb5-4fa4-a97d-d965ccfc6d4b" outcome="Passed" testListId="8c84fa94-04c1-424b-9868-57a2d4851a1d" relativeResultsDirectory="7f623008-6448-47b2-b844-2ec7f501180f" />
    <UnitTestResult executionId="6021c69f-04cc-4218-81f4-af3828273aa4" testId="130d9133-361f-a0da-f15e-423eb98947ac" testName="UnitTests.Services.ItemServiceTests.UpdateItem_Updates" computerName="fv-az177-278" duration="00:00:00.2300000" startTime="2022-02-02T02:01:18.1519031+00:00" endTime="2022-02-02T02:01:18.1519031+00:00" testType="13cdc9d9-ddb5-4fa4-a97d-d965ccfc6d4b" outcome="Passed" testListId="8c84fa94-04c1-424b-9868-57a2d4851a1d" relativeResultsDirectory="6021c69f-04cc-4218-81f4-af3828273aa4" />
    <UnitTestResult executionId="0563f550-c52f-4460-8434-c3ce5f919303" testId="572fc310-4b67-9555-f147-153d39f2eb82" testName="UnitTests.Data.Entities.ItemTests.ItemConstructsProperly" computerName="fv-az177-278" duration="00:00:00.0010000" startTime="2022-02-02T02:01:23.8870825+00:00" endTime="2022-02-02T02:01:23.8870825+00:00" testType="13cdc9d9-ddb5-4fa4-a97d-d965ccfc6d4b" outcome="Passed" testListId="8c84fa94-04c1-424b-9868-57a2d4851a1d" relativeResultsDirectory="0563f550-c52f-4460-8434-c3ce5f919303" />
    <UnitTestResult executionId="b8613a7e-a8e5-4db2-b83e-7331f8beaa65" testId="24cfa8b0-48c3-8aab-e4c2-88694c220e2c" testName="UnitTests.Data.Repositories.GenericRepositoryTests.GenericRepositoryUpdate_ThrowsWithNullEntity" computerName="fv-az177-278" duration="00:00:00.0010000" startTime="2022-02-02T02:01:30.2798677+00:00" endTime="2022-02-02T02:01:30.2798677+00:00" testType="13cdc9d9-ddb5-4fa4-a97d-d965ccfc6d4b" outcome="Passed" testListId="8c84fa94-04c1-424b-9868-57a2d4851a1d" relativeResultsDirectory="b8613a7e-a8e5-4db2-b83e-7331f8beaa65" />
    <UnitTestResult executionId="9ed5f425-61e2-42d4-b084-9f76bd139efc" testId="8ba31d1b-48e3-e04e-cff0-b927c63b4a19" testName="UnitTests.Services.LoggingServiceTests.LoggingService_DefaultConstructorExists" computerName="fv-az177-278" duration="00:00:00.0010000" startTime="2022-02-02T02:01:23.8890804+00:00" endTime="2022-02-02T02:01:23.8890804+00:00" testType="13cdc9d9-ddb5-4fa4-a97d-d965ccfc6d4b" outcome="Passed" testListId="8c84fa94-04c1-424b-9868-57a2d4851a1d" relativeResultsDirectory="9ed5f425-61e2-42d4-b084-9f76bd139efc" />
    <UnitTestResult executionId="ccad2ea4-4c85-47a3-a086-0e0fdad634df" testId="a21637b0-54f8-4fa0-bc3b-95481a9fd90b" testName="UnitTests.Controllers.ModuleExceptionFilterAttributeTests.ArgumentException_BadRequest(exception: System.NotImplementedException: Not Implemented, expectedStatusCode: NotImplemented)" computerName="fv-az177-278" duration="00:00:00.0010000" startTime="2022-02-02T02:01:22.4113000+00:00" endTime="2022-02-02T02:01:22.4113000+00:00" testType="13cdc9d9-ddb5-4fa4-a97d-d965ccfc6d4b" outcome="Passed" testListId="8c84fa94-04c1-424b-9868-57a2d4851a1d" relativeResultsDirectory="ccad2ea4-4c85-47a3-a086-0e0fdad634df" />
    <UnitTestResult executionId="8c1bff98-9310-46fe-aa65-e8df7a3721db" testId="113f48ce-a6a3-c5df-7589-ba5a5fcb9c59" testName="UnitTests.Controllers.ModuleExceptionFilterAttributeTests.NoException_DoesNothing" computerName="fv-az177-278" duration="00:00:00.0010000" startTime="2022-02-02T02:01:22.4142997+00:00" endTime="2022-02-02T02:01:22.4142997+00:00" testType="13cdc9d9-ddb5-4fa4-a97d-d965ccfc6d4b" outcome="Passed" testListId="8c84fa94-04c1-424b-9868-57a2d4851a1d" relativeResultsDirectory="8c1bff98-9310-46fe-aa65-e8df7a3721db" />
    <UnitTestResult executionId="18839cea-89c9-4fb3-a0ab-c6f38d3f13de" testId="96a18501-dea4-70b1-d572-baa1bb120da2" testName="UnitTests.Data.Entities.ItemTests.ItemPropertiesPersist(id: 2, name: &quot;Name2&quot;, description: &quot;Description2&quot;)" computerName="fv-az177-278" duration="00:00:00.0010000" startTime="2022-02-02T02:01:23.8860803+00:00" endTime="2022-02-02T02:01:23.8860803+00:00" testType="13cdc9d9-ddb5-4fa4-a97d-d965ccfc6d4b" outcome="Passed" testListId="8c84fa94-04c1-424b-9868-57a2d4851a1d" relativeResultsDirectory="18839cea-89c9-4fb3-a0ab-c6f38d3f13de" />
    <UnitTestResult executionId="177ba924-398d-4064-be03-1f5d7fd48744" testId="0bc54975-0bff-692e-a9b3-fc69f2c95a39" testName="UnitTests.Data.Repositories.GenericRepositoryTests.GenericRepositoryDeletes" computerName="fv-az177-278" duration="00:00:02.9880000" startTime="2022-02-02T02:01:25.5306916+00:00" endTime="2022-02-02T02:01:25.5306916+00:00" testType="13cdc9d9-ddb5-4fa4-a97d-d965ccfc6d4b" outcome="Passed" testListId="8c84fa94-04c1-424b-9868-57a2d4851a1d" relativeResultsDirectory="177ba924-398d-4064-be03-1f5d7fd48744" />
    <UnitTestResult executionId="eea6c04f-1f41-4a83-81e9-f8341969c4de" testId="a21637b0-54f8-4fa0-bc3b-95481a9fd90b" testName="UnitTests.Controllers.ModuleExceptionFilterAttributeTests.ArgumentException_BadRequest(exception: System.UnauthorizedAccessException: Unauthorized, expectedStatusCode: Unauthorized)" computerName="fv-az177-278" duration="00:00:00.0010000" startTime="2022-02-02T02:01:22.4123001+00:00" endTime="2022-02-02T02:01:22.4123001+00:00" testType="13cdc9d9-ddb5-4fa4-a97d-d965ccfc6d4b" outcome="Passed" testListId="8c84fa94-04c1-424b-9868-57a2d4851a1d" relativeResultsDirectory="eea6c04f-1f41-4a83-81e9-f8341969c4de" />
    <UnitTestResult executionId="23e99603-30c9-4d77-b909-74c793d08cfd" testId="92b7b9f6-1294-7ea1-ffa3-91fba85074d4" testName="UnitTests.Services.ItemServiceTests.UpdateItem_NoName_Throws(name: &quot;  &quot;)" computerName="fv-az177-278" duration="00:00:00.0010000" startTime="2022-02-02T02:01:17.8894816+00:00" endTime="2022-02-02T02:01:17.8894816+00:00" testType="13cdc9d9-ddb5-4fa4-a97d-d965ccfc6d4b" outcome="Passed" testListId="8c84fa94-04c1-424b-9868-57a2d4851a1d" relativeResultsDirectory="23e99603-30c9-4d77-b909-74c793d08cfd" />
    <UnitTestResult executionId="7235bd78-efe2-48fe-a8a8-94f2810c2136" testId="ac1c50bc-98fd-036f-fe0f-d46cb187f90e" testName="UnitTests.Services.LoggingServiceTests.LogginService_TestableConstructorLogsError" computerName="fv-az177-278" duration="00:00:00.0240000" startTime="2022-02-02T02:01:23.9080795+00:00" endTime="2022-02-02T02:01:23.9080795+00:00" testType="13cdc9d9-ddb5-4fa4-a97d-d965ccfc6d4b" outcome="Passed" testListId="8c84fa94-04c1-424b-9868-57a2d4851a1d" relativeResultsDirectory="7235bd78-efe2-48fe-a8a8-94f2810c2136" />
    <UnitTestResult executionId="1257fff3-9389-4fef-abd5-8a5b7fe28706" testId="70ede014-c412-e387-bb98-e95b3b42090d" testName="UnitTests.Data.Repositories.GenericRepositoryTests.GenericRepositoryUpdates" computerName="fv-az177-278" duration="00:00:00.0440000" startTime="2022-02-02T02:01:25.7206896+00:00" endTime="2022-02-02T02:01:25.7206896+00:00" testType="13cdc9d9-ddb5-4fa4-a97d-d965ccfc6d4b" outcome="Passed" testListId="8c84fa94-04c1-424b-9868-57a2d4851a1d" relativeResultsDirectory="1257fff3-9389-4fef-abd5-8a5b7fe28706" />
    <UnitTestResult executionId="89279062-7bab-497e-86c8-dbe0e7ff3b60" testId="ae39aa62-5ff2-56e7-d00e-ef116d711d51" testName="UnitTests.Data.Repositories.GenericRepositoryTests.Repository_Create_DefaultAudit" computerName="fv-az177-278" duration="00:00:00.0070000" startTime="2022-02-02T02:01:30.2848902+00:00" endTime="2022-02-02T02:01:30.2848902+00:00" testType="13cdc9d9-ddb5-4fa4-a97d-d965ccfc6d4b" outcome="Passed" testListId="8c84fa94-04c1-424b-9868-57a2d4851a1d" relativeResultsDirectory="89279062-7bab-497e-86c8-dbe0e7ff3b60" />
    <UnitTestResult executionId="250b8e13-a914-4dbf-b4b7-c6e8f454afba" testId="bae3532a-4a9e-c4ab-fc66-4dfa22d16170" testName="UnitTests.Controllers.ModuleApiControllerTests.HasUserInfo" computerName="fv-az177-278" duration="00:00:00.4140000" startTime="2022-02-02T02:01:17.9766733+00:00" endTime="2022-02-02T02:01:17.9766733+00:00" testType="13cdc9d9-ddb5-4fa4-a97d-d965ccfc6d4b" outcome="Passed" testListId="8c84fa94-04c1-424b-9868-57a2d4851a1d" relativeResultsDirectory="250b8e13-a914-4dbf-b4b7-c6e8f454afba" />
    <UnitTestResult executionId="2e08befe-9813-42ea-9e45-3aee99adea7e" testId="19b6234c-c2df-2304-54f9-54b0da4cd6ba" testName="UnitTests.Services.ItemServiceTests.CreateItem_NoNameThrows" computerName="fv-az177-278" duration="00:00:00.0030000" startTime="2022-02-02T02:01:17.8844782+00:00" endTime="2022-02-02T02:01:17.8844782+00:00" testType="13cdc9d9-ddb5-4fa4-a97d-d965ccfc6d4b" outcome="Passed" testListId="8c84fa94-04c1-424b-9868-57a2d4851a1d" relativeResultsDirectory="2e08befe-9813-42ea-9e45-3aee99adea7e" />
    <UnitTestResult executionId="820ffa0f-ddb1-45df-9180-8eb551e1ce34" testId="0ebf358f-9eac-9438-b418-9c6aa81a6377" testName="UnitTests.Data.Repositories.GenericRepositoryTests.Repository_Update_UsesuserId" computerName="fv-az177-278" duration="00:00:00.0250000" startTime="2022-02-02T02:01:25.6756909+00:00" endTime="2022-02-02T02:01:25.6756909+00:00" testType="13cdc9d9-ddb5-4fa4-a97d-d965ccfc6d4b" outcome="Passed" testListId="8c84fa94-04c1-424b-9868-57a2d4851a1d" relativeResultsDirectory="820ffa0f-ddb1-45df-9180-8eb551e1ce34" />
    <UnitTestResult executionId="6cde52dd-c068-469c-bb54-dc8169a25858" testId="ad3412e8-5f64-2020-a5b6-bd4cca8c3b7d" testName="UnitTests.Data.Repositories.GenericRepositoryTests.GenericRepositoryGet" computerName="fv-az177-278" duration="00:00:00.1070000" startTime="2022-02-02T02:01:25.6467053+00:00" endTime="2022-02-02T02:01:25.6467053+00:00" testType="13cdc9d9-ddb5-4fa4-a97d-d965ccfc6d4b" outcome="Passed" testListId="8c84fa94-04c1-424b-9868-57a2d4851a1d" relativeResultsDirectory="6cde52dd-c068-469c-bb54-dc8169a25858" />
    <UnitTestResult executionId="7eceeb5a-17c3-42b5-aa35-0f6f55042328" testId="44b00d3a-bad7-aefd-141c-4a35b11463b2" testName="UnitTests.Data.Repositories.GenericRepositoryTests.Repository_Update_DefaultAudit" computerName="fv-az177-278" duration="00:00:00.0100000" startTime="2022-02-02T02:01:30.2778742+00:00" endTime="2022-02-02T02:01:30.2778742+00:00" testType="13cdc9d9-ddb5-4fa4-a97d-d965ccfc6d4b" outcome="Passed" testListId="8c84fa94-04c1-424b-9868-57a2d4851a1d" relativeResultsDirectory="7eceeb5a-17c3-42b5-aa35-0f6f55042328" />
    <UnitTestResult executionId="b1e0ecb1-cf96-4ebb-b8b4-82af68b3309b" testId="1017c6c1-9dd0-57dc-36e7-bb573d02562e" testName="UnitTests.Controllers.ItemControllerTests.GetItemsPage_GetsProperPages" computerName="fv-az177-278" duration="00:00:00.0140000" startTime="2022-02-02T02:01:23.9506486+00:00" endTime="2022-02-02T02:01:23.9506486+00:00" testType="13cdc9d9-ddb5-4fa4-a97d-d965ccfc6d4b" outcome="Passed" testListId="8c84fa94-04c1-424b-9868-57a2d4851a1d" relativeResultsDirectory="b1e0ecb1-cf96-4ebb-b8b4-82af68b3309b" />
    <UnitTestResult executionId="88d173c7-6db5-44b7-aa62-529bce4f22fb" testId="99806ad3-88f0-7495-8b3e-3799a4bbb6aa" testName="UnitTests.Services.ItemServiceTests.GetItemsPage_GetsPages(descending: False)" computerName="fv-az177-278" duration="00:00:00.0300000" startTime="2022-02-02T02:01:17.9174794+00:00" endTime="2022-02-02T02:01:17.9174794+00:00" testType="13cdc9d9-ddb5-4fa4-a97d-d965ccfc6d4b" outcome="Passed" testListId="8c84fa94-04c1-424b-9868-57a2d4851a1d" relativeResultsDirectory="88d173c7-6db5-44b7-aa62-529bce4f22fb" />
    <UnitTestResult executionId="45c76e12-fb10-45eb-be23-eb58db21d60f" testId="1a74e347-4470-5271-97ab-1ebaf8693270" testName="UnitTests.Controllers.ModuleExceptionFilterAttributeTests.SystemException_DoesNotExposeDetails" computerName="fv-az177-278" duration="00:00:00.1290000" startTime="2022-02-02T02:01:22.5403606+00:00" endTime="2022-02-02T02:01:22.5403606+00:00" testType="13cdc9d9-ddb5-4fa4-a97d-d965ccfc6d4b" outcome="Passed" testListId="8c84fa94-04c1-424b-9868-57a2d4851a1d" relativeResultsDirectory="45c76e12-fb10-45eb-be23-eb58db21d60f" />
    <UnitTestResult executionId="36175653-43e8-44ba-8dc4-6191f8e1090d" testId="168fc980-36e3-101b-62b1-f5ab71e9fc0d" testName="UnitTests.Controllers.LocalizationControllerTests.GetLocalization_CallsLocalizationService" computerName="fv-az177-278" duration="00:00:00.0090000" startTime="2022-02-02T02:01:23.9646488+00:00" endTime="2022-02-02T02:01:23.9646488+00:00" testType="13cdc9d9-ddb5-4fa4-a97d-d965ccfc6d4b" outcome="Passed" testListId="8c84fa94-04c1-424b-9868-57a2d4851a1d" relativeResultsDirectory="36175653-43e8-44ba-8dc4-6191f8e1090d" />
    <UnitTestResult executionId="c857f303-a767-4451-8e18-d1c72d938974" testId="a9198ad3-782e-a37c-0b5f-1330f5318f55" testName="UnitTests.Services.ItemServiceTests.CreateItem_Creates" computerName="fv-az177-278" duration="00:00:00.0110000" startTime="2022-02-02T02:01:18.1608954+00:00" endTime="2022-02-02T02:01:18.1608954+00:00" testType="13cdc9d9-ddb5-4fa4-a97d-d965ccfc6d4b" outcome="Passed" testListId="8c84fa94-04c1-424b-9868-57a2d4851a1d" relativeResultsDirectory="c857f303-a767-4451-8e18-d1c72d938974" />
    <UnitTestResult executionId="dbbe44c9-9c13-4500-84bc-a3a25eb4117c" testId="263c08b1-704a-f3c2-309e-6dee831dbdc9" testName="UnitTests.Services.ItemServiceTests.UpdateItem_NullDto_Throws" computerName="fv-az177-278" duration="00:00:00.4120000" startTime="2022-02-02T02:01:17.8824772+00:00" endTime="2022-02-02T02:01:17.8824772+00:00" testType="13cdc9d9-ddb5-4fa4-a97d-d965ccfc6d4b" outcome="Passed" testListId="8c84fa94-04c1-424b-9868-57a2d4851a1d" relativeResultsDirectory="dbbe44c9-9c13-4500-84bc-a3a25eb4117c" />
    <UnitTestResult executionId="8b990def-a7db-4344-ad78-8e83ea60825b" testId="e55f1742-c16d-5086-2251-ad3372dd48f5" testName="UnitTests.Controllers.ValidateModelAttributeTests.OnActionExecuting_Valid_Works" computerName="fv-az177-278" duration="00:00:00.0210000" startTime="2022-02-02T02:01:18.1558960+00:00" endTime="2022-02-02T02:01:18.1558960+00:00" testType="13cdc9d9-ddb5-4fa4-a97d-d965ccfc6d4b" outcome="Passed" testListId="8c84fa94-04c1-424b-9868-57a2d4851a1d" relativeResultsDirectory="8b990def-a7db-4344-ad78-8e83ea60825b" />
    <UnitTestResult executionId="65d55e75-c5ba-4781-9a09-48c541bc3078" testId="a21637b0-54f8-4fa0-bc3b-95481a9fd90b" testName="UnitTests.Controllers.ModuleExceptionFilterAttributeTests.ArgumentException_BadRequest(exception: System.ArgumentOutOfRangeException: Specified argument was out of the range of valid values.&#xD;&#xA;Parameter name: Out of range, expectedStatusCode: BadRequest)" computerName="fv-az177-278" duration="00:00:00.9630000" startTime="2022-02-02T02:01:22.4103004+00:00" endTime="2022-02-02T02:01:22.4103004+00:00" testType="13cdc9d9-ddb5-4fa4-a97d-d965ccfc6d4b" outcome="Passed" testListId="8c84fa94-04c1-424b-9868-57a2d4851a1d" relativeResultsDirectory="65d55e75-c5ba-4781-9a09-48c541bc3078" />
    <UnitTestResult executionId="9cea55c5-358e-4e45-83a7-cdbe5309833c" testId="5f92ec4d-d570-0452-b891-d4cee75db9dd" testName="UnitTests.Controllers.ModuleApiControllerTests.CanEdit_Set_Throws" computerName="fv-az177-278" duration="00:00:00.0740000" startTime="2022-02-02T02:01:17.5676962+00:00" endTime="2022-02-02T02:01:17.5676962+00:00" testType="13cdc9d9-ddb5-4fa4-a97d-d965ccfc6d4b" outcome="Passed" testListId="8c84fa94-04c1-424b-9868-57a2d4851a1d" relativeResultsDirectory="9cea55c5-358e-4e45-83a7-cdbe5309833c" />
    <UnitTestResult executionId="a79ae659-3193-4c35-adb3-66ff420f0185" testId="d1c63cb7-1f9a-a8bf-a217-a4cbb4e5f73b" testName="UnitTests.Common.GlobalsTests.ModulePrefixIsValid" computerName="fv-az177-278" duration="00:00:00.0010000" startTime="2022-02-02T02:01:18.1248956+00:00" endTime="2022-02-02T02:01:18.1248956+00:00" testType="13cdc9d9-ddb5-4fa4-a97d-d965ccfc6d4b" outcome="Passed" testListId="8c84fa94-04c1-424b-9868-57a2d4851a1d" relativeResultsDirectory="a79ae659-3193-4c35-adb3-66ff420f0185" />
    <UnitTestResult executionId="4aeea831-0928-405a-9e8e-90d53aa5b148" testId="248341cb-553e-e275-a8eb-499567f40929" testName="UnitTests.Common.Extensions.IQueryableExtensionsTests.Order_OrdersBothWays(descending: False, expected: [1, 2, 3])" computerName="fv-az177-278" duration="00:00:00.0020000" startTime="2022-02-02T02:01:18.1228950+00:00" endTime="2022-02-02T02:01:18.1228950+00:00" testType="13cdc9d9-ddb5-4fa4-a97d-d965ccfc6d4b" outcome="Passed" testListId="8c84fa94-04c1-424b-9868-57a2d4851a1d" relativeResultsDirectory="4aeea831-0928-405a-9e8e-90d53aa5b148" />
    <UnitTestResult executionId="e6af7dd8-6590-4e71-a147-e66d6d507e04" testId="588a2c1b-7788-beb2-ade0-06788d455d25" testName="UnitTests.Controllers.ItemControllerTests.CreateItem_Creates" computerName="fv-az177-278" duration="00:00:00.0160000" startTime="2022-02-02T02:01:23.9366359+00:00" endTime="2022-02-02T02:01:23.9366359+00:00" testType="13cdc9d9-ddb5-4fa4-a97d-d965ccfc6d4b" outcome="Passed" testListId="8c84fa94-04c1-424b-9868-57a2d4851a1d" relativeResultsDirectory="e6af7dd8-6590-4e71-a147-e66d6d507e04" />
    <UnitTestResult executionId="2e95caf1-f5fe-48fb-bf57-ea1ae57a1905" testId="d6cab32e-cf28-1ba8-73a6-76c46cb62c4a" testName="UnitTests.Data.Repositories.GenericRepositoryTests.Pages_With_Related_Entities" computerName="fv-az177-278" duration="00:00:04.3320000" startTime="2022-02-02T02:01:30.2678683+00:00" endTime="2022-02-02T02:01:30.2678683+00:00" testType="13cdc9d9-ddb5-4fa4-a97d-d965ccfc6d4b" outcome="Passed" testListId="8c84fa94-04c1-424b-9868-57a2d4851a1d" relativeResultsDirectory="2e95caf1-f5fe-48fb-bf57-ea1ae57a1905" />
    <UnitTestResult executionId="eb5d8aea-e47d-4d15-840b-b64b28538d42" testId="392ed628-2028-c945-b97e-893658a1e82b" testName="UnitTests.Data.Entities.ItemTests.ItemPropertiesPersist(id: 1, name: &quot;Name1&quot;, description: &quot;Description1&quot;)" computerName="fv-az177-278" duration="00:00:00.0010000" startTime="2022-02-02T02:01:23.8840803+00:00" endTime="2022-02-02T02:01:23.8840803+00:00" testType="13cdc9d9-ddb5-4fa4-a97d-d965ccfc6d4b" outcome="Passed" testListId="8c84fa94-04c1-424b-9868-57a2d4851a1d" relativeResultsDirectory="eb5d8aea-e47d-4d15-840b-b64b28538d42" />
    <UnitTestResult executionId="8a69ec00-d617-4fd0-a425-a2b3c2cfaaf9" testId="986d7e6e-d04d-b204-b01c-fbb8f09c7774" testName="UnitTests.Controllers.ServiceRouteMapperTests.RegisterRoutes_RegistersAtLestOneRoute" computerName="fv-az177-278" duration="00:00:00.0130000" startTime="2022-02-02T02:01:18.1308948+00:00" endTime="2022-02-02T02:01:18.1308948+00:00" testType="13cdc9d9-ddb5-4fa4-a97d-d965ccfc6d4b" outcome="Passed" testListId="8c84fa94-04c1-424b-9868-57a2d4851a1d" relativeResultsDirectory="8a69ec00-d617-4fd0-a425-a2b3c2cfaaf9" />
    <UnitTestResult executionId="bc3bbc41-6c8b-4b40-a207-5fc50601f341" testId="61a8ccc9-c5b1-047b-3c97-f777ccc7d30b" testName="UnitTests.Controllers.ValidateModelAttributeTests.OnActionExecuting_Invalid_Works" computerName="fv-az177-278" duration="00:00:05.7330000" startTime="2022-02-02T02:01:23.8820818+00:00" endTime="2022-02-02T02:01:23.8820818+00:00" testType="13cdc9d9-ddb5-4fa4-a97d-d965ccfc6d4b" outcome="Passed" testListId="8c84fa94-04c1-424b-9868-57a2d4851a1d" relativeResultsDirectory="bc3bbc41-6c8b-4b40-a207-5fc50601f341" />
    <UnitTestResult executionId="2ba023e2-2101-4e43-92b9-06b73b4cf628" testId="d6094ca1-b65b-5133-f464-9f7d01f0d023" testName="UnitTests.Controllers.ItemControllerTests.DeleteItem_Deletes(itemId: 10)" computerName="fv-az177-278" duration="00:00:00.0020000" startTime="2022-02-02T02:01:23.9556483+00:00" endTime="2022-02-02T02:01:23.9556483+00:00" testType="13cdc9d9-ddb5-4fa4-a97d-d965ccfc6d4b" outcome="Passed" testListId="8c84fa94-04c1-424b-9868-57a2d4851a1d" relativeResultsDirectory="2ba023e2-2101-4e43-92b9-06b73b4cf628" />
    <UnitTestResult executionId="e0191e99-400b-4b3e-acfb-d31efdccd2af" testId="e6610648-e456-1c64-d2b1-7e1242b871a8" testName="UnitTests.Services.ItemServiceTests.DeleteItem_Deletes" computerName="fv-az177-278" duration="00:00:00.0010000" startTime="2022-02-02T02:01:18.1578957+00:00" endTime="2022-02-02T02:01:18.1578957+00:00" testType="13cdc9d9-ddb5-4fa4-a97d-d965ccfc6d4b" outcome="Passed" testListId="8c84fa94-04c1-424b-9868-57a2d4851a1d" relativeResultsDirectory="e0191e99-400b-4b3e-acfb-d31efdccd2af" />
    <UnitTestResult executionId="2a6c3552-9aef-4715-9819-cb3e28332103" testId="478b61ee-7d85-9dbe-985d-08c590f8666a" testName="UnitTests.Controllers.ItemControllerTests.DeleteItem_Deletes(itemId: 1)" computerName="fv-az177-278" duration="00:00:00.0010000" startTime="2022-02-02T02:01:23.9566495+00:00" endTime="2022-02-02T02:01:23.9566495+00:00" testType="13cdc9d9-ddb5-4fa4-a97d-d965ccfc6d4b" outcome="Passed" testListId="8c84fa94-04c1-424b-9868-57a2d4851a1d" relativeResultsDirectory="2a6c3552-9aef-4715-9819-cb3e28332103" />
    <UnitTestResult executionId="547bf4ff-8f1e-4bbf-ab9a-e6732b6f185e" testId="74c28fcf-aa9b-2bab-0ff6-cfa98a0ddf49" testName="UnitTests.Data.Repositories.GenericRepositoryTests.GetPage_Pages(page: 3, pageSize: 20, expectedItems: 10, expectedPages: 3)" computerName="fv-az177-278" duration="00:00:00.0350000" startTime="2022-02-02T02:01:25.9036910+00:00" endTime="2022-02-02T02:01:25.9036910+00:00" testType="13cdc9d9-ddb5-4fa4-a97d-d965ccfc6d4b" outcome="Passed" testListId="8c84fa94-04c1-424b-9868-57a2d4851a1d" relativeResultsDirectory="547bf4ff-8f1e-4bbf-ab9a-e6732b6f185e" />
    <UnitTestResult executionId="37ee6fc6-046e-41c6-950f-890f795bc0ec" testId="ac2a99ba-3563-74a9-7d4c-8e91a58cd097" testName="UnitTests.Data.ModuleDbContextTests.DefaultConstructorThrows" computerName="fv-az177-278" duration="00:00:00.7000000" startTime="2022-02-02T02:01:18.8668279+00:00" endTime="2022-02-02T02:01:18.8668279+00:00" testType="13cdc9d9-ddb5-4fa4-a97d-d965ccfc6d4b" outcome="Passed" testListId="8c84fa94-04c1-424b-9868-57a2d4851a1d" relativeResultsDirectory="37ee6fc6-046e-41c6-950f-890f795bc0ec" />
    <UnitTestResult executionId="2eb2dc2a-0ca1-444a-9b90-37f00f6520f8" testId="ffe5c770-9b99-42c0-ce21-7e50cccf4385" testName="UnitTests.Data.Repositories.GenericRepositoryTests.GenericRepositoryGetsAll(iterations: 2)" computerName="fv-az177-278" duration="00:00:00.0250000" startTime="2022-02-02T02:01:25.7466902+00:00" endTime="2022-02-02T02:01:25.7466902+00:00" testType="13cdc9d9-ddb5-4fa4-a97d-d965ccfc6d4b" outcome="Passed" testListId="8c84fa94-04c1-424b-9868-57a2d4851a1d" relativeResultsDirectory="2eb2dc2a-0ca1-444a-9b90-37f00f6520f8" />
    <UnitTestResult executionId="bbc6c41a-97aa-4949-8fa0-84f29ea203e9" testId="e4f8faa7-d0ad-86e6-1579-7bd52372b4c3" testName="UnitTests.Data.Repositories.GenericRepositoryTests.GenericRepositoryConstructs" computerName="fv-az177-278" duration="00:00:00.0010000" startTime="2022-02-02T02:01:25.7886887+00:00" endTime="2022-02-02T02:01:25.7886887+00:00" testType="13cdc9d9-ddb5-4fa4-a97d-d965ccfc6d4b" outcome="Passed" testListId="8c84fa94-04c1-424b-9868-57a2d4851a1d" relativeResultsDirectory="bbc6c41a-97aa-4949-8fa0-84f29ea203e9" />
    <UnitTestResult executionId="e22e41ef-b15f-4fcc-aa61-469894c8b15d" testId="36689490-09d4-917f-648a-70dcfcfede10" testName="UnitTests.Data.Repositories.GenericRepositoryTests.GenericRepositoryCreate_ThrowsWithNullEntity" computerName="fv-az177-278" duration="00:00:00.0010000" startTime="2022-02-02T02:01:25.6506904+00:00" endTime="2022-02-02T02:01:25.6506904+00:00" testType="13cdc9d9-ddb5-4fa4-a97d-d965ccfc6d4b" outcome="Passed" testListId="8c84fa94-04c1-424b-9868-57a2d4851a1d" relativeResultsDirectory="e22e41ef-b15f-4fcc-aa61-469894c8b15d" />
    <UnitTestResult executionId="0409c962-d2b9-4267-9eb4-3d2927e55fbd" testId="b6579d24-7c4e-c42d-2ead-85e0f30e0a64" testName="UnitTests.Common.Extensions.IQueryableExtensionsTests.Order_OrdersBothWays(descending: True, expected: [3, 2, 1])" computerName="fv-az177-278" duration="00:00:00.1230000" startTime="2022-02-02T02:01:18.1208936+00:00" endTime="2022-02-02T02:01:18.1208936+00:00" testType="13cdc9d9-ddb5-4fa4-a97d-d965ccfc6d4b" outcome="Passed" testListId="8c84fa94-04c1-424b-9868-57a2d4851a1d" relativeResultsDirectory="0409c962-d2b9-4267-9eb4-3d2927e55fbd" />
    <UnitTestResult executionId="46749ce3-5348-4b5d-8312-0197860ca2f9" testId="320e3c11-11d1-b3ef-0d2e-5e474f674ff1" testName="UnitTests.Controllers.ModuleApiControllerTests.CanEdit_DefaultsToFalse" computerName="fv-az177-278" duration="00:00:00.0030000" startTime="2022-02-02T02:01:17.9776738+00:00" endTime="2022-02-02T02:01:17.9776738+00:00" testType="13cdc9d9-ddb5-4fa4-a97d-d965ccfc6d4b" outcome="Passed" testListId="8c84fa94-04c1-424b-9868-57a2d4851a1d" relativeResultsDirectory="46749ce3-5348-4b5d-8312-0197860ca2f9" />
    <UnitTestResult executionId="a9d1e898-f549-4c50-ab88-73928bc15a57" testId="9168bdef-a759-f4d6-b890-b643e17324cf" testName="UnitTests.Services.LoggingServiceTests.LogginService_TestableConstructorLogsErrorWithException" computerName="fv-az177-278" duration="00:00:00.0020000" startTime="2022-02-02T02:01:23.9110803+00:00" endTime="2022-02-02T02:01:23.9110803+00:00" testType="13cdc9d9-ddb5-4fa4-a97d-d965ccfc6d4b" outcome="Passed" testListId="8c84fa94-04c1-424b-9868-57a2d4851a1d" relativeResultsDirectory="a9d1e898-f549-4c50-ab88-73928bc15a57" />
    <UnitTestResult executionId="0a703b84-d8a3-41a9-bba8-fec17580005a" testId="1c164fbc-1ab1-9884-ccb8-9e84f4c977d0" testName="UnitTests.Services.ItemServiceTests.UpdateItem_NoName_Throws(name: &quot; &quot;)" computerName="fv-az177-278" duration="00:00:00.0010000" startTime="2022-02-02T02:01:17.8884779+00:00" endTime="2022-02-02T02:01:17.8884779+00:00" testType="13cdc9d9-ddb5-4fa4-a97d-d965ccfc6d4b" outcome="Passed" testListId="8c84fa94-04c1-424b-9868-57a2d4851a1d" relativeResultsDirectory="0a703b84-d8a3-41a9-bba8-fec17580005a" />
    <UnitTestResult executionId="1e09363d-3b07-4034-a834-e42dd03e4b3c" testId="a21637b0-54f8-4fa0-bc3b-95481a9fd90b" testName="UnitTests.Controllers.ModuleExceptionFilterAttributeTests.ArgumentException_BadRequest(exception: System.ArgumentNullException: Value cannot be null.&#xD;&#xA;Parameter name: Null, expectedStatusCode: BadRequest)" computerName="fv-az177-278" duration="00:00:02.5740000" startTime="2022-02-02T02:01:21.4462709+00:00" endTime="2022-02-02T02:01:21.4462709+00:00" testType="13cdc9d9-ddb5-4fa4-a97d-d965ccfc6d4b" outcome="Passed" testListId="8c84fa94-04c1-424b-9868-57a2d4851a1d" relativeResultsDirectory="1e09363d-3b07-4034-a834-e42dd03e4b3c" />
    <UnitTestResult executionId="067744a0-c749-4417-b4cf-f3105f388c75" testId="e6e0a140-85e7-6935-6160-ab95ecfd3c8a" testName="UnitTests.Data.Repositories.GenericRepositoryTests.GenericRepositoryCreatesAndGetsById" computerName="fv-az177-278" duration="00:00:00.0380000" startTime="2022-02-02T02:01:30.3235919+00:00" endTime="2022-02-02T02:01:30.3235919+00:00" testType="13cdc9d9-ddb5-4fa4-a97d-d965ccfc6d4b" outcome="Passed" testListId="8c84fa94-04c1-424b-9868-57a2d4851a1d" relativeResultsDirectory="067744a0-c749-4417-b4cf-f3105f388c75" />
    <UnitTestResult executionId="685b39a6-67e7-4cca-b006-0705c3f8924a" testId="66df824b-3f38-0b36-d4ca-d3bcae9fe012" testName="UnitTests.Services.ItemServiceTests.GetItemsPage_GetsPages(descending: True)" computerName="fv-az177-278" duration="00:00:00.0010000" startTime="2022-02-02T02:01:17.9336890+00:00" endTime="2022-02-02T02:01:17.9336890+00:00" testType="13cdc9d9-ddb5-4fa4-a97d-d965ccfc6d4b" outcome="Passed" testListId="8c84fa94-04c1-424b-9868-57a2d4851a1d" relativeResultsDirectory="685b39a6-67e7-4cca-b006-0705c3f8924a" />
    <UnitTestResult executionId="1409a250-7839-467e-b4e4-0e4299750e94" testId="d15ea2a7-9f9f-b92b-50fa-470898da705d" testName="UnitTests.Data.Repositories.GenericRepositoryTests.GenericRepositoryGetsAll(iterations: 3)" computerName="fv-az177-278" duration="00:00:00.0090000" startTime="2022-02-02T02:01:25.7616887+00:00" endTime="2022-02-02T02:01:25.7616887+00:00" testType="13cdc9d9-ddb5-4fa4-a97d-d965ccfc6d4b" outcome="Passed" testListId="8c84fa94-04c1-424b-9868-57a2d4851a1d" relativeResultsDirectory="1409a250-7839-467e-b4e4-0e4299750e94" />
    <UnitTestResult executionId="9ec7bd26-312b-412c-84ed-b63328d5c345" testId="3688eeeb-2a1a-6ffa-a193-543baf24437a" testName="UnitTests.Data.Repositories.GenericRepositoryTests.GetPage_Pages(page: 0, pageSize: 0, expectedItems: 1, expectedPages: 50)" computerName="fv-az177-278" duration="00:00:00.0870000" startTime="2022-02-02T02:01:25.8676978+00:00" endTime="2022-02-02T02:01:25.8676978+00:00" testType="13cdc9d9-ddb5-4fa4-a97d-d965ccfc6d4b" outcome="Passed" testListId="8c84fa94-04c1-424b-9868-57a2d4851a1d" relativeResultsDirectory="9ec7bd26-312b-412c-84ed-b63328d5c345" />
    <UnitTestResult executionId="9624c69a-99aa-447b-9e54-dfa983b59925" testId="f5652070-1b22-f5a7-3f3f-68b37c9184a8" testName="UnitTests.Services.ItemServiceTests.CreateItem_NoItemThrows" computerName="fv-az177-278" duration="00:00:00.0010000" startTime="2022-02-02T02:01:18.1538931+00:00" endTime="2022-02-02T02:01:18.1538931+00:00" testType="13cdc9d9-ddb5-4fa4-a97d-d965ccfc6d4b" outcome="Passed" testListId="8c84fa94-04c1-424b-9868-57a2d4851a1d" relativeResultsDirectory="9624c69a-99aa-447b-9e54-dfa983b59925" />
    <UnitTestResult executionId="c5be86f3-98c7-4fc7-8b91-59cb26216898" testId="e1c7f76f-6195-c844-23c0-304b47fbae66" testName="UnitTests.Data.Repositories.GenericRepositoryTests.Repository_Create_UsesUserId" computerName="fv-az177-278" duration="00:00:00.0090000" startTime="2022-02-02T02:01:25.5396910+00:00" endTime="2022-02-02T02:01:25.5396910+00:00" testType="13cdc9d9-ddb5-4fa4-a97d-d965ccfc6d4b" outcome="Passed" testListId="8c84fa94-04c1-424b-9868-57a2d4851a1d" relativeResultsDirectory="c5be86f3-98c7-4fc7-8b91-59cb26216898" />
  </Results>
  <TestDefinitions>
    <UnitTest name="UnitTests.Controllers.ItemControllerTests.DeleteItem_Deletes(itemId: 1)" storage="d:\a\mymodule20220129\mymodule20220129\unittests\bin\unittests.dll" id="478b61ee-7d85-9dbe-985d-08c590f8666a">
      <Execution id="2a6c3552-9aef-4715-9819-cb3e28332103" />
      <TestMethod codeBase="D:\a\MyModule20220129\MyModule20220129\UnitTests\bin\UnitTests.dll" adapterTypeName="executor://xunit/VsTestRunner2/net" className="UnitTests.Controllers.ItemControllerTests" name="DeleteItem_Deletes" />
    </UnitTest>
    <UnitTest name="UnitTests.Common.Extensions.IQueryableExtensionsTests.Order_OrdersBothWays(descending: True, expected: [3, 2, 1])" storage="d:\a\mymodule20220129\mymodule20220129\unittests\bin\unittests.dll" id="b6579d24-7c4e-c42d-2ead-85e0f30e0a64">
      <Execution id="0409c962-d2b9-4267-9eb4-3d2927e55fbd" />
      <TestMethod codeBase="D:\a\MyModule20220129\MyModule20220129\UnitTests\bin\UnitTests.dll" adapterTypeName="executor://xunit/VsTestRunner2/net" className="UnitTests.Common.Extensions.IQueryableExtensionsTests" name="Order_OrdersBothWays" />
    </UnitTest>
    <UnitTest name="UnitTests.Controllers.ItemControllerTests.UserCanEdit_ReturnsBool(canEdit: False)" storage="d:\a\mymodule20220129\mymodule20220129\unittests\bin\unittests.dll" id="0247c7e7-7d1c-099b-2ac8-81a47ff2509a">
      <Execution id="5d7947d7-a283-4232-a9eb-fff40e3c995d" />
      <TestMethod codeBase="D:\a\MyModule20220129\MyModule20220129\UnitTests\bin\UnitTests.dll" adapterTypeName="executor://xunit/VsTestRunner2/net" className="UnitTests.Controllers.ItemControllerTests" name="UserCanEdit_ReturnsBool" />
    </UnitTest>
    <UnitTest name="UnitTests.Controllers.LocalizationControllerTests.GetLocalization_CallsLocalizationService" storage="d:\a\mymodule20220129\mymodule20220129\unittests\bin\unittests.dll" id="168fc980-36e3-101b-62b1-f5ab71e9fc0d">
      <Execution id="36175653-43e8-44ba-8dc4-6191f8e1090d" />
      <TestMethod codeBase="D:\a\MyModule20220129\MyModule20220129\UnitTests\bin\UnitTests.dll" adapterTypeName="executor://xunit/VsTestRunner2/net" className="UnitTests.Controllers.LocalizationControllerTests" name="GetLocalization_CallsLocalizationService" />
    </UnitTest>
    <UnitTest name="UnitTests.Data.ModuleDbContextTests.DefaultConstructorThrows" storage="d:\a\mymodule20220129\mymodule20220129\unittests\bin\unittests.dll" id="ac2a99ba-3563-74a9-7d4c-8e91a58cd097">
      <Execution id="37ee6fc6-046e-41c6-950f-890f795bc0ec" />
      <TestMethod codeBase="D:\a\MyModule20220129\MyModule20220129\UnitTests\bin\UnitTests.dll" adapterTypeName="executor://xunit/VsTestRunner2/net" className="UnitTests.Data.ModuleDbContextTests" name="DefaultConstructorThrows" />
    </UnitTest>
    <UnitTest name="UnitTests.Controllers.ModuleApiControllerTests.CanEdit_DefaultsToFalse" storage="d:\a\mymodule20220129\mymodule20220129\unittests\bin\unittests.dll" id="320e3c11-11d1-b3ef-0d2e-5e474f674ff1">
      <Execution id="46749ce3-5348-4b5d-8312-0197860ca2f9" />
      <TestMethod codeBase="D:\a\MyModule20220129\MyModule20220129\UnitTests\bin\UnitTests.dll" adapterTypeName="executor://xunit/VsTestRunner2/net" className="UnitTests.Controllers.ModuleApiControllerTests" name="CanEdit_DefaultsToFalse" />
    </UnitTest>
    <UnitTest name="UnitTests.Data.Repositories.GenericRepositoryTests.GenericRepositoryCreatesAndGetsById" storage="d:\a\mymodule20220129\mymodule20220129\unittests\bin\unittests.dll" id="e6e0a140-85e7-6935-6160-ab95ecfd3c8a">
      <Execution id="067744a0-c749-4417-b4cf-f3105f388c75" />
      <TestMethod codeBase="D:\a\MyModule20220129\MyModule20220129\UnitTests\bin\UnitTests.dll" adapterTypeName="executor://xunit/VsTestRunner2/net" className="UnitTests.Data.Repositories.GenericRepositoryTests" name="GenericRepositoryCreatesAndGetsById" />
    </UnitTest>
    <UnitTest name="UnitTests.Services.ItemServiceTests.GetItemsPage_GetsPages(descending: True)" storage="d:\a\mymodule20220129\mymodule20220129\unittests\bin\unittests.dll" id="66df824b-3f38-0b36-d4ca-d3bcae9fe012">
      <Execution id="685b39a6-67e7-4cca-b006-0705c3f8924a" />
      <TestMethod codeBase="D:\a\MyModule20220129\MyModule20220129\UnitTests\bin\UnitTests.dll" adapterTypeName="executor://xunit/VsTestRunner2/net" className="UnitTests.Services.ItemServiceTests" name="GetItemsPage_GetsPages" />
    </UnitTest>
    <UnitTest name="UnitTests.Services.ItemServiceTests.UpdateItem_NoName_Throws(name: &quot; &quot;)" storage="d:\a\mymodule20220129\mymodule20220129\unittests\bin\unittests.dll" id="1c164fbc-1ab1-9884-ccb8-9e84f4c977d0">
      <Execution id="0a703b84-d8a3-41a9-bba8-fec17580005a" />
      <TestMethod codeBase="D:\a\MyModule20220129\MyModule20220129\UnitTests\bin\UnitTests.dll" adapterTypeName="executor://xunit/VsTestRunner2/net" className="UnitTests.Services.ItemServiceTests" name="UpdateItem_NoName_Throws" />
    </UnitTest>
    <UnitTest name="UnitTests.Services.ItemServiceTests.GetItemsPage_GetsPages(descending: False)" storage="d:\a\mymodule20220129\mymodule20220129\unittests\bin\unittests.dll" id="99806ad3-88f0-7495-8b3e-3799a4bbb6aa">
      <Execution id="88d173c7-6db5-44b7-aa62-529bce4f22fb" />
      <TestMethod codeBase="D:\a\MyModule20220129\MyModule20220129\UnitTests\bin\UnitTests.dll" adapterTypeName="executor://xunit/VsTestRunner2/net" className="UnitTests.Services.ItemServiceTests" name="GetItemsPage_GetsPages" />
    </UnitTest>
    <UnitTest name="UnitTests.Data.Repositories.GenericRepositoryTests.Repository_Update_UsesuserId" storage="d:\a\mymodule20220129\mymodule20220129\unittests\bin\unittests.dll" id="0ebf358f-9eac-9438-b418-9c6aa81a6377">
      <Execution id="820ffa0f-ddb1-45df-9180-8eb551e1ce34" />
      <TestMethod codeBase="D:\a\MyModule20220129\MyModule20220129\UnitTests\bin\UnitTests.dll" adapterTypeName="executor://xunit/VsTestRunner2/net" className="UnitTests.Data.Repositories.GenericRepositoryTests" name="Repository_Update_UsesuserId" />
    </UnitTest>
    <UnitTest name="UnitTests.Services.ItemServiceTests.CreateItem_Creates" storage="d:\a\mymodule20220129\mymodule20220129\unittests\bin\unittests.dll" id="a9198ad3-782e-a37c-0b5f-1330f5318f55">
      <Execution id="c857f303-a767-4451-8e18-d1c72d938974" />
      <TestMethod codeBase="D:\a\MyModule20220129\MyModule20220129\UnitTests\bin\UnitTests.dll" adapterTypeName="executor://xunit/VsTestRunner2/net" className="UnitTests.Services.ItemServiceTests" name="CreateItem_Creates" />
    </UnitTest>
    <UnitTest name="UnitTests.Controllers.ValidateModelAttributeTests.OnActionExecuting_Invalid_Works" storage="d:\a\mymodule20220129\mymodule20220129\unittests\bin\unittests.dll" id="61a8ccc9-c5b1-047b-3c97-f777ccc7d30b">
      <Execution id="bc3bbc41-6c8b-4b40-a207-5fc50601f341" />
      <TestMethod codeBase="D:\a\MyModule20220129\MyModule20220129\UnitTests\bin\UnitTests.dll" adapterTypeName="executor://xunit/VsTestRunner2/net" className="UnitTests.Controllers.ValidateModelAttributeTests" name="OnActionExecuting_Invalid_Works" />
    </UnitTest>
    <UnitTest name="UnitTests.Data.Repositories.GenericRepositoryTests.GenericRepositoryGet" storage="d:\a\mymodule20220129\mymodule20220129\unittests\bin\unittests.dll" id="ad3412e8-5f64-2020-a5b6-bd4cca8c3b7d">
      <Execution id="6cde52dd-c068-469c-bb54-dc8169a25858" />
      <TestMethod codeBase="D:\a\MyModule20220129\MyModule20220129\UnitTests\bin\UnitTests.dll" adapterTypeName="executor://xunit/VsTestRunner2/net" className="UnitTests.Data.Repositories.GenericRepositoryTests" name="GenericRepositoryGet" />
    </UnitTest>
    <UnitTest name="UnitTests.Data.Repositories.GenericRepositoryTests.GenericRepositoryUpdate_ThrowsWithNullEntity" storage="d:\a\mymodule20220129\mymodule20220129\unittests\bin\unittests.dll" id="24cfa8b0-48c3-8aab-e4c2-88694c220e2c">
      <Execution id="b8613a7e-a8e5-4db2-b83e-7331f8beaa65" />
      <TestMethod codeBase="D:\a\MyModule20220129\MyModule20220129\UnitTests\bin\UnitTests.dll" adapterTypeName="executor://xunit/VsTestRunner2/net" className="UnitTests.Data.Repositories.GenericRepositoryTests" name="GenericRepositoryUpdate_ThrowsWithNullEntity" />
    </UnitTest>
    <UnitTest name="UnitTests.Data.Repositories.GenericRepositoryTests.Pages_With_Related_Entities" storage="d:\a\mymodule20220129\mymodule20220129\unittests\bin\unittests.dll" id="d6cab32e-cf28-1ba8-73a6-76c46cb62c4a">
      <Execution id="2e95caf1-f5fe-48fb-bf57-ea1ae57a1905" />
      <TestMethod codeBase="D:\a\MyModule20220129\MyModule20220129\UnitTests\bin\UnitTests.dll" adapterTypeName="executor://xunit/VsTestRunner2/net" className="UnitTests.Data.Repositories.GenericRepositoryTests" name="Pages_With_Related_Entities" />
    </UnitTest>
    <UnitTest name="UnitTests.Services.LoggingServiceTests.LogginService_TestableConstructorLogsError" storage="d:\a\mymodule20220129\mymodule20220129\unittests\bin\unittests.dll" id="ac1c50bc-98fd-036f-fe0f-d46cb187f90e">
      <Execution id="7235bd78-efe2-48fe-a8a8-94f2810c2136" />
      <TestMethod codeBase="D:\a\MyModule20220129\MyModule20220129\UnitTests\bin\UnitTests.dll" adapterTypeName="executor://xunit/VsTestRunner2/net" className="UnitTests.Services.LoggingServiceTests" name="LogginService_TestableConstructorLogsError" />
    </UnitTest>
    <UnitTest name="UnitTests.Data.Repositories.GenericRepositoryTests.GenericRepositoryGetsAll(iterations: 3)" storage="d:\a\mymodule20220129\mymodule20220129\unittests\bin\unittests.dll" id="d15ea2a7-9f9f-b92b-50fa-470898da705d">
      <Execution id="1409a250-7839-467e-b4e4-0e4299750e94" />
      <TestMethod codeBase="D:\a\MyModule20220129\MyModule20220129\UnitTests\bin\UnitTests.dll" adapterTypeName="executor://xunit/VsTestRunner2/net" className="UnitTests.Data.Repositories.GenericRepositoryTests" name="GenericRepositoryGetsAll" />
    </UnitTest>
    <UnitTest name="UnitTests.Common.GlobalsTests.ModulePrefixIsValid" storage="d:\a\mymodule20220129\mymodule20220129\unittests\bin\unittests.dll" id="d1c63cb7-1f9a-a8bf-a217-a4cbb4e5f73b">
      <Execution id="a79ae659-3193-4c35-adb3-66ff420f0185" />
      <TestMethod codeBase="D:\a\MyModule20220129\MyModule20220129\UnitTests\bin\UnitTests.dll" adapterTypeName="executor://xunit/VsTestRunner2/net" className="UnitTests.Common.GlobalsTests" name="ModulePrefixIsValid" />
    </UnitTest>
    <UnitTest name="UnitTests.Data.Entities.ItemTests.ItemPropertiesPersist(id: 2, name: &quot;Name2&quot;, description: &quot;Description2&quot;)" storage="d:\a\mymodule20220129\mymodule20220129\unittests\bin\unittests.dll" id="96a18501-dea4-70b1-d572-baa1bb120da2">
      <Execution id="18839cea-89c9-4fb3-a0ab-c6f38d3f13de" />
      <TestMethod codeBase="D:\a\MyModule20220129\MyModule20220129\UnitTests\bin\UnitTests.dll" adapterTypeName="executor://xunit/VsTestRunner2/net" className="UnitTests.Data.Entities.ItemTests" name="ItemPropertiesPersist" />
    </UnitTest>
    <UnitTest name="UnitTests.Controllers.ServiceRouteMapperTests.RegisterRoutes_RegistersAtLestOneRoute" storage="d:\a\mymodule20220129\mymodule20220129\unittests\bin\unittests.dll" id="986d7e6e-d04d-b204-b01c-fbb8f09c7774">
      <Execution id="8a69ec00-d617-4fd0-a425-a2b3c2cfaaf9" />
      <TestMethod codeBase="D:\a\MyModule20220129\MyModule20220129\UnitTests\bin\UnitTests.dll" adapterTypeName="executor://xunit/VsTestRunner2/net" className="UnitTests.Controllers.ServiceRouteMapperTests" name="RegisterRoutes_RegistersAtLestOneRoute" />
    </UnitTest>
    <UnitTest name="UnitTests.Controllers.ModuleExceptionFilterAttributeTests.SystemException_DoesNotExposeDetails" storage="d:\a\mymodule20220129\mymodule20220129\unittests\bin\unittests.dll" id="1a74e347-4470-5271-97ab-1ebaf8693270">
      <Execution id="45c76e12-fb10-45eb-be23-eb58db21d60f" />
      <TestMethod codeBase="D:\a\MyModule20220129\MyModule20220129\UnitTests\bin\UnitTests.dll" adapterTypeName="executor://xunit/VsTestRunner2/net" className="UnitTests.Controllers.ModuleExceptionFilterAttributeTests" name="SystemException_DoesNotExposeDetails" />
    </UnitTest>
    <UnitTest name="UnitTests.Data.Repositories.GenericRepositoryTests.GenericRepositoryConstructs" storage="d:\a\mymodule20220129\mymodule20220129\unittests\bin\unittests.dll" id="e4f8faa7-d0ad-86e6-1579-7bd52372b4c3">
      <Execution id="bbc6c41a-97aa-4949-8fa0-84f29ea203e9" />
      <TestMethod codeBase="D:\a\MyModule20220129\MyModule20220129\UnitTests\bin\UnitTests.dll" adapterTypeName="executor://xunit/VsTestRunner2/net" className="UnitTests.Data.Repositories.GenericRepositoryTests" name="GenericRepositoryConstructs" />
    </UnitTest>
    <UnitTest name="UnitTests.Data.Repositories.GenericRepositoryTests.Repository_DeleteMissing_DoesNotThrow" storage="d:\a\mymodule20220129\mymodule20220129\unittests\bin\unittests.dll" id="f754f777-4449-23e8-f4ec-917f49117de2">
      <Execution id="c8e41132-81e1-474b-841e-c6ede4ae9e33" />
      <TestMethod codeBase="D:\a\MyModule20220129\MyModule20220129\UnitTests\bin\UnitTests.dll" adapterTypeName="executor://xunit/VsTestRunner2/net" className="UnitTests.Data.Repositories.GenericRepositoryTests" name="Repository_DeleteMissing_DoesNotThrow" />
    </UnitTest>
    <UnitTest name="UnitTests.Services.ItemServiceTests.UpdateItem_NoName_Throws(name: null)" storage="d:\a\mymodule20220129\mymodule20220129\unittests\bin\unittests.dll" id="b76e01b1-6afe-f33b-c6a9-ea3347176509">
      <Execution id="e4e79d79-6711-44b5-96d9-fdb548eb374b" />
      <TestMethod codeBase="D:\a\MyModule20220129\MyModule20220129\UnitTests\bin\UnitTests.dll" adapterTypeName="executor://xunit/VsTestRunner2/net" className="UnitTests.Services.ItemServiceTests" name="UpdateItem_NoName_Throws" />
    </UnitTest>
    <UnitTest name="UnitTests.Services.ItemServiceTests.CreateItem_NoNameThrows" storage="d:\a\mymodule20220129\mymodule20220129\unittests\bin\unittests.dll" id="19b6234c-c2df-2304-54f9-54b0da4cd6ba">
      <Execution id="2e08befe-9813-42ea-9e45-3aee99adea7e" />
      <TestMethod codeBase="D:\a\MyModule20220129\MyModule20220129\UnitTests\bin\UnitTests.dll" adapterTypeName="executor://xunit/VsTestRunner2/net" className="UnitTests.Services.ItemServiceTests" name="CreateItem_NoNameThrows" />
    </UnitTest>
    <UnitTest name="UnitTests.Services.ItemServiceTests.DeleteItem_Deletes" storage="d:\a\mymodule20220129\mymodule20220129\unittests\bin\unittests.dll" id="e6610648-e456-1c64-d2b1-7e1242b871a8">
      <Execution id="e0191e99-400b-4b3e-acfb-d31efdccd2af" />
      <TestMethod codeBase="D:\a\MyModule20220129\MyModule20220129\UnitTests\bin\UnitTests.dll" adapterTypeName="executor://xunit/VsTestRunner2/net" className="UnitTests.Services.ItemServiceTests" name="DeleteItem_Deletes" />
    </UnitTest>
    <UnitTest name="UnitTests.Data.Entities.ItemTests.ItemConstructsProperly" storage="d:\a\mymodule20220129\mymodule20220129\unittests\bin\unittests.dll" id="572fc310-4b67-9555-f147-153d39f2eb82">
      <Execution id="0563f550-c52f-4460-8434-c3ce5f919303" />
      <TestMethod codeBase="D:\a\MyModule20220129\MyModule20220129\UnitTests\bin\UnitTests.dll" adapterTypeName="executor://xunit/VsTestRunner2/net" className="UnitTests.Data.Entities.ItemTests" name="ItemConstructsProperly" />
    </UnitTest>
    <UnitTest name="UnitTests.Services.ItemServiceTests.UpdateItem_NoName_Throws(name: &quot;&quot;)" storage="d:\a\mymodule20220129\mymodule20220129\unittests\bin\unittests.dll" id="3cbfa5d3-e0f6-eff8-ed5c-556fa1f3e131">
      <Execution id="56fd6148-2335-48a0-a897-a4cc6afbd945" />
      <TestMethod codeBase="D:\a\MyModule20220129\MyModule20220129\UnitTests\bin\UnitTests.dll" adapterTypeName="executor://xunit/VsTestRunner2/net" className="UnitTests.Services.ItemServiceTests" name="UpdateItem_NoName_Throws" />
    </UnitTest>
    <UnitTest name="UnitTests.Services.LoggingServiceTests.LogginService_TestableConstructorLogsErrorWithException" storage="d:\a\mymodule20220129\mymodule20220129\unittests\bin\unittests.dll" id="9168bdef-a759-f4d6-b890-b643e17324cf">
      <Execution id="a9d1e898-f549-4c50-ab88-73928bc15a57" />
      <TestMethod codeBase="D:\a\MyModule20220129\MyModule20220129\UnitTests\bin\UnitTests.dll" adapterTypeName="executor://xunit/VsTestRunner2/net" className="UnitTests.Services.LoggingServiceTests" name="LogginService_TestableConstructorLogsErrorWithException" />
    </UnitTest>
    <UnitTest name="UnitTests.Controllers.ItemControllerTests.UserCanEdit_ReturnsBool(canEdit: True)" storage="d:\a\mymodule20220129\mymodule20220129\unittests\bin\unittests.dll" id="aec60494-3c2e-8ec9-f948-da5bb2043983">
      <Execution id="2062630b-839d-48a3-8b76-39f1dbba9cc8" />
      <TestMethod codeBase="D:\a\MyModule20220129\MyModule20220129\UnitTests\bin\UnitTests.dll" adapterTypeName="executor://xunit/VsTestRunner2/net" className="UnitTests.Controllers.ItemControllerTests" name="UserCanEdit_ReturnsBool" />
    </UnitTest>
    <UnitTest name="UnitTests.Controllers.ModuleApiControllerTests.HasUserInfo" storage="d:\a\mymodule20220129\mymodule20220129\unittests\bin\unittests.dll" id="bae3532a-4a9e-c4ab-fc66-4dfa22d16170">
      <Execution id="250b8e13-a914-4dbf-b4b7-c6e8f454afba" />
      <TestMethod codeBase="D:\a\MyModule20220129\MyModule20220129\UnitTests\bin\UnitTests.dll" adapterTypeName="executor://xunit/VsTestRunner2/net" className="UnitTests.Controllers.ModuleApiControllerTests" name="HasUserInfo" />
    </UnitTest>
    <UnitTest name="UnitTests.Services.ItemServiceTests.UpdateItem_NoName_Throws(name: &quot;  &quot;)" storage="d:\a\mymodule20220129\mymodule20220129\unittests\bin\unittests.dll" id="92b7b9f6-1294-7ea1-ffa3-91fba85074d4">
      <Execution id="23e99603-30c9-4d77-b909-74c793d08cfd" />
      <TestMethod codeBase="D:\a\MyModule20220129\MyModule20220129\UnitTests\bin\UnitTests.dll" adapterTypeName="executor://xunit/VsTestRunner2/net" className="UnitTests.Services.ItemServiceTests" name="UpdateItem_NoName_Throws" />
    </UnitTest>
    <UnitTest name="UnitTests.Data.Repositories.GenericRepositoryTests.Repository_Create_DefaultAudit" storage="d:\a\mymodule20220129\mymodule20220129\unittests\bin\unittests.dll" id="ae39aa62-5ff2-56e7-d00e-ef116d711d51">
      <Execution id="89279062-7bab-497e-86c8-dbe0e7ff3b60" />
      <TestMethod codeBase="D:\a\MyModule20220129\MyModule20220129\UnitTests\bin\UnitTests.dll" adapterTypeName="executor://xunit/VsTestRunner2/net" className="UnitTests.Data.Repositories.GenericRepositoryTests" name="Repository_Create_DefaultAudit" />
    </UnitTest>
    <UnitTest name="UnitTests.Controllers.ValidateModelAttributeTests.OnActionExecuting_Valid_Works" storage="d:\a\mymodule20220129\mymodule20220129\unittests\bin\unittests.dll" id="e55f1742-c16d-5086-2251-ad3372dd48f5">
      <Execution id="8b990def-a7db-4344-ad78-8e83ea60825b" />
      <TestMethod codeBase="D:\a\MyModule20220129\MyModule20220129\UnitTests\bin\UnitTests.dll" adapterTypeName="executor://xunit/VsTestRunner2/net" className="UnitTests.Controllers.ValidateModelAttributeTests" name="OnActionExecuting_Valid_Works" />
    </UnitTest>
    <UnitTest name="UnitTests.Data.Repositories.GenericRepositoryTests.GenericRepositoryGetsAll(iterations: 1)" storage="d:\a\mymodule20220129\mymodule20220129\unittests\bin\unittests.dll" id="d16880d7-fb44-f209-43d9-ba2e0e1875de">
      <Execution id="7f623008-6448-47b2-b844-2ec7f501180f" />
      <TestMethod codeBase="D:\a\MyModule20220129\MyModule20220129\UnitTests\bin\UnitTests.dll" adapterTypeName="executor://xunit/VsTestRunner2/net" className="UnitTests.Data.Repositories.GenericRepositoryTests" name="GenericRepositoryGetsAll" />
    </UnitTest>
    <UnitTest name="UnitTests.Services.ItemServiceTests.UpdateItem_NullDto_Throws" storage="d:\a\mymodule20220129\mymodule20220129\unittests\bin\unittests.dll" id="263c08b1-704a-f3c2-309e-6dee831dbdc9">
      <Execution id="dbbe44c9-9c13-4500-84bc-a3a25eb4117c" />
      <TestMethod codeBase="D:\a\MyModule20220129\MyModule20220129\UnitTests\bin\UnitTests.dll" adapterTypeName="executor://xunit/VsTestRunner2/net" className="UnitTests.Services.ItemServiceTests" name="UpdateItem_NullDto_Throws" />
    </UnitTest>
    <UnitTest name="UnitTests.Services.LoggingServiceTests.LoggingService_DefaultConstructorExists" storage="d:\a\mymodule20220129\mymodule20220129\unittests\bin\unittests.dll" id="8ba31d1b-48e3-e04e-cff0-b927c63b4a19">
      <Execution id="9ed5f425-61e2-42d4-b084-9f76bd139efc" />
      <TestMethod codeBase="D:\a\MyModule20220129\MyModule20220129\UnitTests\bin\UnitTests.dll" adapterTypeName="executor://xunit/VsTestRunner2/net" className="UnitTests.Services.LoggingServiceTests" name="LoggingService_DefaultConstructorExists" />
    </UnitTest>
    <UnitTest name="UnitTests.Data.Repositories.GenericRepositoryTests.GenericRepositoryCreate_ThrowsWithNullEntity" storage="d:\a\mymodule20220129\mymodule20220129\unittests\bin\unittests.dll" id="36689490-09d4-917f-648a-70dcfcfede10">
      <Execution id="e22e41ef-b15f-4fcc-aa61-469894c8b15d" />
      <TestMethod codeBase="D:\a\MyModule20220129\MyModule20220129\UnitTests\bin\UnitTests.dll" adapterTypeName="executor://xunit/VsTestRunner2/net" className="UnitTests.Data.Repositories.GenericRepositoryTests" name="GenericRepositoryCreate_ThrowsWithNullEntity" />
    </UnitTest>
    <UnitTest name="UnitTests.Controllers.ItemControllerTests.CreateItem_Creates" storage="d:\a\mymodule20220129\mymodule20220129\unittests\bin\unittests.dll" id="588a2c1b-7788-beb2-ade0-06788d455d25">
      <Execution id="e6af7dd8-6590-4e71-a147-e66d6d507e04" />
      <TestMethod codeBase="D:\a\MyModule20220129\MyModule20220129\UnitTests\bin\UnitTests.dll" adapterTypeName="executor://xunit/VsTestRunner2/net" className="UnitTests.Controllers.ItemControllerTests" name="CreateItem_Creates" />
    </UnitTest>
    <UnitTest name="UnitTests.Controllers.ModuleApiControllerTests.CanEdit_Set_Throws" storage="d:\a\mymodule20220129\mymodule20220129\unittests\bin\unittests.dll" id="5f92ec4d-d570-0452-b891-d4cee75db9dd">
      <Execution id="9cea55c5-358e-4e45-83a7-cdbe5309833c" />
      <TestMethod codeBase="D:\a\MyModule20220129\MyModule20220129\UnitTests\bin\UnitTests.dll" adapterTypeName="executor://xunit/VsTestRunner2/net" className="UnitTests.Controllers.ModuleApiControllerTests" name="CanEdit_Set_Throws" />
    </UnitTest>
    <UnitTest name="UnitTests.Data.Repositories.GenericRepositoryTests.Repository_Create_UsesUserId" storage="d:\a\mymodule20220129\mymodule20220129\unittests\bin\unittests.dll" id="e1c7f76f-6195-c844-23c0-304b47fbae66">
      <Execution id="c5be86f3-98c7-4fc7-8b91-59cb26216898" />
      <TestMethod codeBase="D:\a\MyModule20220129\MyModule20220129\UnitTests\bin\UnitTests.dll" adapterTypeName="executor://xunit/VsTestRunner2/net" className="UnitTests.Data.Repositories.GenericRepositoryTests" name="Repository_Create_UsesUserId" />
    </UnitTest>
    <UnitTest name="UnitTests.Controllers.ItemControllerTests.UpdateItem_Updates" storage="d:\a\mymodule20220129\mymodule20220129\unittests\bin\unittests.dll" id="315adde5-f36d-a74f-aa46-fb22a0f78cd9">
      <Execution id="78f22ee9-1d59-4aba-bcb7-d52c8fb159c9" />
      <TestMethod codeBase="D:\a\MyModule20220129\MyModule20220129\UnitTests\bin\UnitTests.dll" adapterTypeName="executor://xunit/VsTestRunner2/net" className="UnitTests.Controllers.ItemControllerTests" name="UpdateItem_Updates" />
    </UnitTest>
    <UnitTest name="UnitTests.Controllers.ModuleExceptionFilterAttributeTests.ArgumentException_BadRequest" storage="d:\a\mymodule20220129\mymodule20220129\unittests\bin\unittests.dll" id="a21637b0-54f8-4fa0-bc3b-95481a9fd90b">
      <Execution id="1e09363d-3b07-4034-a834-e42dd03e4b3c" />
      <TestMethod codeBase="D:\a\MyModule20220129\MyModule20220129\UnitTests\bin\UnitTests.dll" adapterTypeName="executor://xunit/VsTestRunner2/net" className="UnitTests.Controllers.ModuleExceptionFilterAttributeTests" name="ArgumentException_BadRequest" />
    </UnitTest>
    <UnitTest name="UnitTests.Data.Repositories.GenericRepositoryTests.GetPage_Pages(page: 3, pageSize: 20, expectedItems: 10, expectedPages: 3)" storage="d:\a\mymodule20220129\mymodule20220129\unittests\bin\unittests.dll" id="74c28fcf-aa9b-2bab-0ff6-cfa98a0ddf49">
      <Execution id="547bf4ff-8f1e-4bbf-ab9a-e6732b6f185e" />
      <TestMethod codeBase="D:\a\MyModule20220129\MyModule20220129\UnitTests\bin\UnitTests.dll" adapterTypeName="executor://xunit/VsTestRunner2/net" className="UnitTests.Data.Repositories.GenericRepositoryTests" name="GetPage_Pages" />
    </UnitTest>
    <UnitTest name="UnitTests.Controllers.ModuleExceptionFilterAttributeTests.NoException_DoesNothing" storage="d:\a\mymodule20220129\mymodule20220129\unittests\bin\unittests.dll" id="113f48ce-a6a3-c5df-7589-ba5a5fcb9c59">
      <Execution id="8c1bff98-9310-46fe-aa65-e8df7a3721db" />
      <TestMethod codeBase="D:\a\MyModule20220129\MyModule20220129\UnitTests\bin\UnitTests.dll" adapterTypeName="executor://xunit/VsTestRunner2/net" className="UnitTests.Controllers.ModuleExceptionFilterAttributeTests" name="NoException_DoesNothing" />
    </UnitTest>
    <UnitTest name="UnitTests.Controllers.ItemControllerTests.GetItemsPage_GetsProperPages" storage="d:\a\mymodule20220129\mymodule20220129\unittests\bin\unittests.dll" id="1017c6c1-9dd0-57dc-36e7-bb573d02562e">
      <Execution id="b1e0ecb1-cf96-4ebb-b8b4-82af68b3309b" />
      <TestMethod codeBase="D:\a\MyModule20220129\MyModule20220129\UnitTests\bin\UnitTests.dll" adapterTypeName="executor://xunit/VsTestRunner2/net" className="UnitTests.Controllers.ItemControllerTests" name="GetItemsPage_GetsProperPages" />
    </UnitTest>
    <UnitTest name="UnitTests.Data.Repositories.GenericRepositoryTests.GenericRepositoryDeletes" storage="d:\a\mymodule20220129\mymodule20220129\unittests\bin\unittests.dll" id="0bc54975-0bff-692e-a9b3-fc69f2c95a39">
      <Execution id="177ba924-398d-4064-be03-1f5d7fd48744" />
      <TestMethod codeBase="D:\a\MyModule20220129\MyModule20220129\UnitTests\bin\UnitTests.dll" adapterTypeName="executor://xunit/VsTestRunner2/net" className="UnitTests.Data.Repositories.GenericRepositoryTests" name="GenericRepositoryDeletes" />
    </UnitTest>
    <UnitTest name="UnitTests.Data.Repositories.GenericRepositoryTests.GenericRepositoryUpdates" storage="d:\a\mymodule20220129\mymodule20220129\unittests\bin\unittests.dll" id="70ede014-c412-e387-bb98-e95b3b42090d">
      <Execution id="1257fff3-9389-4fef-abd5-8a5b7fe28706" />
      <TestMethod codeBase="D:\a\MyModule20220129\MyModule20220129\UnitTests\bin\UnitTests.dll" adapterTypeName="executor://xunit/VsTestRunner2/net" className="UnitTests.Data.Repositories.GenericRepositoryTests" name="GenericRepositoryUpdates" />
    </UnitTest>
    <UnitTest name="UnitTests.Controllers.ItemControllerTests.DeleteItem_Deletes(itemId: 10)" storage="d:\a\mymodule20220129\mymodule20220129\unittests\bin\unittests.dll" id="d6094ca1-b65b-5133-f464-9f7d01f0d023">
      <Execution id="2ba023e2-2101-4e43-92b9-06b73b4cf628" />
      <TestMethod codeBase="D:\a\MyModule20220129\MyModule20220129\UnitTests\bin\UnitTests.dll" adapterTypeName="executor://xunit/VsTestRunner2/net" className="UnitTests.Controllers.ItemControllerTests" name="DeleteItem_Deletes" />
    </UnitTest>
    <UnitTest name="UnitTests.Data.Repositories.GenericRepositoryTests.Repository_Update_DefaultAudit" storage="d:\a\mymodule20220129\mymodule20220129\unittests\bin\unittests.dll" id="44b00d3a-bad7-aefd-141c-4a35b11463b2">
      <Execution id="7eceeb5a-17c3-42b5-aa35-0f6f55042328" />
      <TestMethod codeBase="D:\a\MyModule20220129\MyModule20220129\UnitTests\bin\UnitTests.dll" adapterTypeName="executor://xunit/VsTestRunner2/net" className="UnitTests.Data.Repositories.GenericRepositoryTests" name="Repository_Update_DefaultAudit" />
    </UnitTest>
    <UnitTest name="UnitTests.Services.ItemServiceTests.UpdateItem_Updates" storage="d:\a\mymodule20220129\mymodule20220129\unittests\bin\unittests.dll" id="130d9133-361f-a0da-f15e-423eb98947ac">
      <Execution id="6021c69f-04cc-4218-81f4-af3828273aa4" />
      <TestMethod codeBase="D:\a\MyModule20220129\MyModule20220129\UnitTests\bin\UnitTests.dll" adapterTypeName="executor://xunit/VsTestRunner2/net" className="UnitTests.Services.ItemServiceTests" name="UpdateItem_Updates" />
    </UnitTest>
    <UnitTest name="UnitTests.Data.Repositories.GenericRepositoryTests.GenericRepositoryGetsAll(iterations: 2)" storage="d:\a\mymodule20220129\mymodule20220129\unittests\bin\unittests.dll" id="ffe5c770-9b99-42c0-ce21-7e50cccf4385">
      <Execution id="2eb2dc2a-0ca1-444a-9b90-37f00f6520f8" />
      <TestMethod codeBase="D:\a\MyModule20220129\MyModule20220129\UnitTests\bin\UnitTests.dll" adapterTypeName="executor://xunit/VsTestRunner2/net" className="UnitTests.Data.Repositories.GenericRepositoryTests" name="GenericRepositoryGetsAll" />
    </UnitTest>
    <UnitTest name="UnitTests.Data.Repositories.GenericRepositoryTests.GenericRepositoryGetsAll(iterations: 0)" storage="d:\a\mymodule20220129\mymodule20220129\unittests\bin\unittests.dll" id="4fe0dd0f-2fa0-9c42-e816-a6df28150b72">
      <Execution id="0a684590-e362-4a0a-a089-c01589e82397" />
      <TestMethod codeBase="D:\a\MyModule20220129\MyModule20220129\UnitTests\bin\UnitTests.dll" adapterTypeName="executor://xunit/VsTestRunner2/net" className="UnitTests.Data.Repositories.GenericRepositoryTests" name="GenericRepositoryGetsAll" />
    </UnitTest>
    <UnitTest name="UnitTests.Data.Repositories.GenericRepositoryTests.GetPage_Pages(page: 1, pageSize: 10, expectedItems: 10, expectedPages: 5)" storage="d:\a\mymodule20220129\mymodule20220129\unittests\bin\unittests.dll" id="c5867bfe-f023-3ae4-485c-eae070f2ace9">
      <Execution id="a791cffe-a9a3-4e98-88e2-9488abb40d3e" />
      <TestMethod codeBase="D:\a\MyModule20220129\MyModule20220129\UnitTests\bin\UnitTests.dll" adapterTypeName="executor://xunit/VsTestRunner2/net" className="UnitTests.Data.Repositories.GenericRepositoryTests" name="GetPage_Pages" />
    </UnitTest>
    <UnitTest name="UnitTests.Common.Extensions.IQueryableExtensionsTests.Order_OrdersBothWays(descending: False, expected: [1, 2, 3])" storage="d:\a\mymodule20220129\mymodule20220129\unittests\bin\unittests.dll" id="248341cb-553e-e275-a8eb-499567f40929">
      <Execution id="4aeea831-0928-405a-9e8e-90d53aa5b148" />
      <TestMethod codeBase="D:\a\MyModule20220129\MyModule20220129\UnitTests\bin\UnitTests.dll" adapterTypeName="executor://xunit/VsTestRunner2/net" className="UnitTests.Common.Extensions.IQueryableExtensionsTests" name="Order_OrdersBothWays" />
    </UnitTest>
    <UnitTest name="UnitTests.Data.Repositories.GenericRepositoryTests.GetPage_Pages(page: 0, pageSize: 0, expectedItems: 1, expectedPages: 50)" storage="d:\a\mymodule20220129\mymodule20220129\unittests\bin\unittests.dll" id="3688eeeb-2a1a-6ffa-a193-543baf24437a">
      <Execution id="9ec7bd26-312b-412c-84ed-b63328d5c345" />
      <TestMethod codeBase="D:\a\MyModule20220129\MyModule20220129\UnitTests\bin\UnitTests.dll" adapterTypeName="executor://xunit/VsTestRunner2/net" className="UnitTests.Data.Repositories.GenericRepositoryTests" name="GetPage_Pages" />
    </UnitTest>
    <UnitTest name="UnitTests.Services.ItemServiceTests.CreateItem_NoItemThrows" storage="d:\a\mymodule20220129\mymodule20220129\unittests\bin\unittests.dll" id="f5652070-1b22-f5a7-3f3f-68b37c9184a8">
      <Execution id="9624c69a-99aa-447b-9e54-dfa983b59925" />
      <TestMethod codeBase="D:\a\MyModule20220129\MyModule20220129\UnitTests\bin\UnitTests.dll" adapterTypeName="executor://xunit/VsTestRunner2/net" className="UnitTests.Services.ItemServiceTests" name="CreateItem_NoItemThrows" />
    </UnitTest>
    <UnitTest name="UnitTests.Data.Entities.ItemTests.ItemPropertiesPersist(id: 1, name: &quot;Name1&quot;, description: &quot;Description1&quot;)" storage="d:\a\mymodule20220129\mymodule20220129\unittests\bin\unittests.dll" id="392ed628-2028-c945-b97e-893658a1e82b">
      <Execution id="eb5d8aea-e47d-4d15-840b-b64b28538d42" />
      <TestMethod codeBase="D:\a\MyModule20220129\MyModule20220129\UnitTests\bin\UnitTests.dll" adapterTypeName="executor://xunit/VsTestRunner2/net" className="UnitTests.Data.Entities.ItemTests" name="ItemPropertiesPersist" />
    </UnitTest>
  </TestDefinitions>
  <TestEntries>
    <TestEntry testId="0247c7e7-7d1c-099b-2ac8-81a47ff2509a" executionId="5d7947d7-a283-4232-a9eb-fff40e3c995d" testListId="8c84fa94-04c1-424b-9868-57a2d4851a1d" />
    <TestEntry testId="b76e01b1-6afe-f33b-c6a9-ea3347176509" executionId="e4e79d79-6711-44b5-96d9-fdb548eb374b" testListId="8c84fa94-04c1-424b-9868-57a2d4851a1d" />
    <TestEntry testId="a21637b0-54f8-4fa0-bc3b-95481a9fd90b" executionId="8c67969b-8351-4d0b-a8b9-662cf5931f11" testListId="8c84fa94-04c1-424b-9868-57a2d4851a1d" />
    <TestEntry testId="aec60494-3c2e-8ec9-f948-da5bb2043983" executionId="2062630b-839d-48a3-8b76-39f1dbba9cc8" testListId="8c84fa94-04c1-424b-9868-57a2d4851a1d" />
    <TestEntry testId="a21637b0-54f8-4fa0-bc3b-95481a9fd90b" executionId="3277e188-ce1d-49fb-a314-fb73f1624eef" testListId="8c84fa94-04c1-424b-9868-57a2d4851a1d" />
    <TestEntry testId="3cbfa5d3-e0f6-eff8-ed5c-556fa1f3e131" executionId="56fd6148-2335-48a0-a897-a4cc6afbd945" testListId="8c84fa94-04c1-424b-9868-57a2d4851a1d" />
    <TestEntry testId="c5867bfe-f023-3ae4-485c-eae070f2ace9" executionId="a791cffe-a9a3-4e98-88e2-9488abb40d3e" testListId="8c84fa94-04c1-424b-9868-57a2d4851a1d" />
    <TestEntry testId="4fe0dd0f-2fa0-9c42-e816-a6df28150b72" executionId="0a684590-e362-4a0a-a089-c01589e82397" testListId="8c84fa94-04c1-424b-9868-57a2d4851a1d" />
    <TestEntry testId="315adde5-f36d-a74f-aa46-fb22a0f78cd9" executionId="78f22ee9-1d59-4aba-bcb7-d52c8fb159c9" testListId="8c84fa94-04c1-424b-9868-57a2d4851a1d" />
    <TestEntry testId="f754f777-4449-23e8-f4ec-917f49117de2" executionId="c8e41132-81e1-474b-841e-c6ede4ae9e33" testListId="8c84fa94-04c1-424b-9868-57a2d4851a1d" />
    <TestEntry testId="d16880d7-fb44-f209-43d9-ba2e0e1875de" executionId="7f623008-6448-47b2-b844-2ec7f501180f" testListId="8c84fa94-04c1-424b-9868-57a2d4851a1d" />
    <TestEntry testId="130d9133-361f-a0da-f15e-423eb98947ac" executionId="6021c69f-04cc-4218-81f4-af3828273aa4" testListId="8c84fa94-04c1-424b-9868-57a2d4851a1d" />
    <TestEntry testId="572fc310-4b67-9555-f147-153d39f2eb82" executionId="0563f550-c52f-4460-8434-c3ce5f919303" testListId="8c84fa94-04c1-424b-9868-57a2d4851a1d" />
    <TestEntry testId="24cfa8b0-48c3-8aab-e4c2-88694c220e2c" executionId="b8613a7e-a8e5-4db2-b83e-7331f8beaa65" testListId="8c84fa94-04c1-424b-9868-57a2d4851a1d" />
    <TestEntry testId="8ba31d1b-48e3-e04e-cff0-b927c63b4a19" executionId="9ed5f425-61e2-42d4-b084-9f76bd139efc" testListId="8c84fa94-04c1-424b-9868-57a2d4851a1d" />
    <TestEntry testId="a21637b0-54f8-4fa0-bc3b-95481a9fd90b" executionId="ccad2ea4-4c85-47a3-a086-0e0fdad634df" testListId="8c84fa94-04c1-424b-9868-57a2d4851a1d" />
    <TestEntry testId="113f48ce-a6a3-c5df-7589-ba5a5fcb9c59" executionId="8c1bff98-9310-46fe-aa65-e8df7a3721db" testListId="8c84fa94-04c1-424b-9868-57a2d4851a1d" />
    <TestEntry testId="96a18501-dea4-70b1-d572-baa1bb120da2" executionId="18839cea-89c9-4fb3-a0ab-c6f38d3f13de" testListId="8c84fa94-04c1-424b-9868-57a2d4851a1d" />
    <TestEntry testId="0bc54975-0bff-692e-a9b3-fc69f2c95a39" executionId="177ba924-398d-4064-be03-1f5d7fd48744" testListId="8c84fa94-04c1-424b-9868-57a2d4851a1d" />
    <TestEntry testId="a21637b0-54f8-4fa0-bc3b-95481a9fd90b" executionId="eea6c04f-1f41-4a83-81e9-f8341969c4de" testListId="8c84fa94-04c1-424b-9868-57a2d4851a1d" />
    <TestEntry testId="92b7b9f6-1294-7ea1-ffa3-91fba85074d4" executionId="23e99603-30c9-4d77-b909-74c793d08cfd" testListId="8c84fa94-04c1-424b-9868-57a2d4851a1d" />
    <TestEntry testId="ac1c50bc-98fd-036f-fe0f-d46cb187f90e" executionId="7235bd78-efe2-48fe-a8a8-94f2810c2136" testListId="8c84fa94-04c1-424b-9868-57a2d4851a1d" />
    <TestEntry testId="70ede014-c412-e387-bb98-e95b3b42090d" executionId="1257fff3-9389-4fef-abd5-8a5b7fe28706" testListId="8c84fa94-04c1-424b-9868-57a2d4851a1d" />
    <TestEntry testId="ae39aa62-5ff2-56e7-d00e-ef116d711d51" executionId="89279062-7bab-497e-86c8-dbe0e7ff3b60" testListId="8c84fa94-04c1-424b-9868-57a2d4851a1d" />
    <TestEntry testId="bae3532a-4a9e-c4ab-fc66-4dfa22d16170" executionId="250b8e13-a914-4dbf-b4b7-c6e8f454afba" testListId="8c84fa94-04c1-424b-9868-57a2d4851a1d" />
    <TestEntry testId="19b6234c-c2df-2304-54f9-54b0da4cd6ba" executionId="2e08befe-9813-42ea-9e45-3aee99adea7e" testListId="8c84fa94-04c1-424b-9868-57a2d4851a1d" />
    <TestEntry testId="0ebf358f-9eac-9438-b418-9c6aa81a6377" executionId="820ffa0f-ddb1-45df-9180-8eb551e1ce34" testListId="8c84fa94-04c1-424b-9868-57a2d4851a1d" />
    <TestEntry testId="ad3412e8-5f64-2020-a5b6-bd4cca8c3b7d" executionId="6cde52dd-c068-469c-bb54-dc8169a25858" testListId="8c84fa94-04c1-424b-9868-57a2d4851a1d" />
    <TestEntry testId="44b00d3a-bad7-aefd-141c-4a35b11463b2" executionId="7eceeb5a-17c3-42b5-aa35-0f6f55042328" testListId="8c84fa94-04c1-424b-9868-57a2d4851a1d" />
    <TestEntry testId="1017c6c1-9dd0-57dc-36e7-bb573d02562e" executionId="b1e0ecb1-cf96-4ebb-b8b4-82af68b3309b" testListId="8c84fa94-04c1-424b-9868-57a2d4851a1d" />
    <TestEntry testId="99806ad3-88f0-7495-8b3e-3799a4bbb6aa" executionId="88d173c7-6db5-44b7-aa62-529bce4f22fb" testListId="8c84fa94-04c1-424b-9868-57a2d4851a1d" />
    <TestEntry testId="1a74e347-4470-5271-97ab-1ebaf8693270" executionId="45c76e12-fb10-45eb-be23-eb58db21d60f" testListId="8c84fa94-04c1-424b-9868-57a2d4851a1d" />
    <TestEntry testId="168fc980-36e3-101b-62b1-f5ab71e9fc0d" executionId="36175653-43e8-44ba-8dc4-6191f8e1090d" testListId="8c84fa94-04c1-424b-9868-57a2d4851a1d" />
    <TestEntry testId="a9198ad3-782e-a37c-0b5f-1330f5318f55" executionId="c857f303-a767-4451-8e18-d1c72d938974" testListId="8c84fa94-04c1-424b-9868-57a2d4851a1d" />
    <TestEntry testId="263c08b1-704a-f3c2-309e-6dee831dbdc9" executionId="dbbe44c9-9c13-4500-84bc-a3a25eb4117c" testListId="8c84fa94-04c1-424b-9868-57a2d4851a1d" />
    <TestEntry testId="e55f1742-c16d-5086-2251-ad3372dd48f5" executionId="8b990def-a7db-4344-ad78-8e83ea60825b" testListId="8c84fa94-04c1-424b-9868-57a2d4851a1d" />
    <TestEntry testId="a21637b0-54f8-4fa0-bc3b-95481a9fd90b" executionId="65d55e75-c5ba-4781-9a09-48c541bc3078" testListId="8c84fa94-04c1-424b-9868-57a2d4851a1d" />
    <TestEntry testId="5f92ec4d-d570-0452-b891-d4cee75db9dd" executionId="9cea55c5-358e-4e45-83a7-cdbe5309833c" testListId="8c84fa94-04c1-424b-9868-57a2d4851a1d" />
    <TestEntry testId="d1c63cb7-1f9a-a8bf-a217-a4cbb4e5f73b" executionId="a79ae659-3193-4c35-adb3-66ff420f0185" testListId="8c84fa94-04c1-424b-9868-57a2d4851a1d" />
    <TestEntry testId="248341cb-553e-e275-a8eb-499567f40929" executionId="4aeea831-0928-405a-9e8e-90d53aa5b148" testListId="8c84fa94-04c1-424b-9868-57a2d4851a1d" />
    <TestEntry testId="588a2c1b-7788-beb2-ade0-06788d455d25" executionId="e6af7dd8-6590-4e71-a147-e66d6d507e04" testListId="8c84fa94-04c1-424b-9868-57a2d4851a1d" />
    <TestEntry testId="d6cab32e-cf28-1ba8-73a6-76c46cb62c4a" executionId="2e95caf1-f5fe-48fb-bf57-ea1ae57a1905" testListId="8c84fa94-04c1-424b-9868-57a2d4851a1d" />
    <TestEntry testId="392ed628-2028-c945-b97e-893658a1e82b" executionId="eb5d8aea-e47d-4d15-840b-b64b28538d42" testListId="8c84fa94-04c1-424b-9868-57a2d4851a1d" />
    <TestEntry testId="986d7e6e-d04d-b204-b01c-fbb8f09c7774" executionId="8a69ec00-d617-4fd0-a425-a2b3c2cfaaf9" testListId="8c84fa94-04c1-424b-9868-57a2d4851a1d" />
    <TestEntry testId="61a8ccc9-c5b1-047b-3c97-f777ccc7d30b" executionId="bc3bbc41-6c8b-4b40-a207-5fc50601f341" testListId="8c84fa94-04c1-424b-9868-57a2d4851a1d" />
    <TestEntry testId="d6094ca1-b65b-5133-f464-9f7d01f0d023" executionId="2ba023e2-2101-4e43-92b9-06b73b4cf628" testListId="8c84fa94-04c1-424b-9868-57a2d4851a1d" />
    <TestEntry testId="e6610648-e456-1c64-d2b1-7e1242b871a8" executionId="e0191e99-400b-4b3e-acfb-d31efdccd2af" testListId="8c84fa94-04c1-424b-9868-57a2d4851a1d" />
    <TestEntry testId="478b61ee-7d85-9dbe-985d-08c590f8666a" executionId="2a6c3552-9aef-4715-9819-cb3e28332103" testListId="8c84fa94-04c1-424b-9868-57a2d4851a1d" />
    <TestEntry testId="74c28fcf-aa9b-2bab-0ff6-cfa98a0ddf49" executionId="547bf4ff-8f1e-4bbf-ab9a-e6732b6f185e" testListId="8c84fa94-04c1-424b-9868-57a2d4851a1d" />
    <TestEntry testId="ac2a99ba-3563-74a9-7d4c-8e91a58cd097" executionId="37ee6fc6-046e-41c6-950f-890f795bc0ec" testListId="8c84fa94-04c1-424b-9868-57a2d4851a1d" />
    <TestEntry testId="ffe5c770-9b99-42c0-ce21-7e50cccf4385" executionId="2eb2dc2a-0ca1-444a-9b90-37f00f6520f8" testListId="8c84fa94-04c1-424b-9868-57a2d4851a1d" />
    <TestEntry testId="e4f8faa7-d0ad-86e6-1579-7bd52372b4c3" executionId="bbc6c41a-97aa-4949-8fa0-84f29ea203e9" testListId="8c84fa94-04c1-424b-9868-57a2d4851a1d" />
    <TestEntry testId="36689490-09d4-917f-648a-70dcfcfede10" executionId="e22e41ef-b15f-4fcc-aa61-469894c8b15d" testListId="8c84fa94-04c1-424b-9868-57a2d4851a1d" />
    <TestEntry testId="b6579d24-7c4e-c42d-2ead-85e0f30e0a64" executionId="0409c962-d2b9-4267-9eb4-3d2927e55fbd" testListId="8c84fa94-04c1-424b-9868-57a2d4851a1d" />
    <TestEntry testId="320e3c11-11d1-b3ef-0d2e-5e474f674ff1" executionId="46749ce3-5348-4b5d-8312-0197860ca2f9" testListId="8c84fa94-04c1-424b-9868-57a2d4851a1d" />
    <TestEntry testId="9168bdef-a759-f4d6-b890-b643e17324cf" executionId="a9d1e898-f549-4c50-ab88-73928bc15a57" testListId="8c84fa94-04c1-424b-9868-57a2d4851a1d" />
    <TestEntry testId="1c164fbc-1ab1-9884-ccb8-9e84f4c977d0" executionId="0a703b84-d8a3-41a9-bba8-fec17580005a" testListId="8c84fa94-04c1-424b-9868-57a2d4851a1d" />
    <TestEntry testId="a21637b0-54f8-4fa0-bc3b-95481a9fd90b" executionId="1e09363d-3b07-4034-a834-e42dd03e4b3c" testListId="8c84fa94-04c1-424b-9868-57a2d4851a1d" />
    <TestEntry testId="e6e0a140-85e7-6935-6160-ab95ecfd3c8a" executionId="067744a0-c749-4417-b4cf-f3105f388c75" testListId="8c84fa94-04c1-424b-9868-57a2d4851a1d" />
    <TestEntry testId="66df824b-3f38-0b36-d4ca-d3bcae9fe012" executionId="685b39a6-67e7-4cca-b006-0705c3f8924a" testListId="8c84fa94-04c1-424b-9868-57a2d4851a1d" />
    <TestEntry testId="d15ea2a7-9f9f-b92b-50fa-470898da705d" executionId="1409a250-7839-467e-b4e4-0e4299750e94" testListId="8c84fa94-04c1-424b-9868-57a2d4851a1d" />
    <TestEntry testId="3688eeeb-2a1a-6ffa-a193-543baf24437a" executionId="9ec7bd26-312b-412c-84ed-b63328d5c345" testListId="8c84fa94-04c1-424b-9868-57a2d4851a1d" />
    <TestEntry testId="f5652070-1b22-f5a7-3f3f-68b37c9184a8" executionId="9624c69a-99aa-447b-9e54-dfa983b59925" testListId="8c84fa94-04c1-424b-9868-57a2d4851a1d" />
    <TestEntry testId="e1c7f76f-6195-c844-23c0-304b47fbae66" executionId="c5be86f3-98c7-4fc7-8b91-59cb26216898" testListId="8c84fa94-04c1-424b-9868-57a2d4851a1d" />
  </TestEntries>
  <TestLists>
    <TestList name="Results Not in a List" id="8c84fa94-04c1-424b-9868-57a2d4851a1d" />
    <TestList name="All Loaded Results" id="19431567-8539-422a-85d7-44ee4e166bda" />
  </TestLists>
  <ResultSummary outcome="Completed">
    <Counters total="64" executed="64" passed="64" failed="0" error="0" timeout="0" aborted="0" inconclusive="0" passedButRunAborted="0" notRunnable="0" notExecuted="0" disconnected="0" warning="0" completed="0" inProgress="0" pending="0" />
    <Output>
      <StdOut>[xUnit.net 00:00:00.00] xUnit.net VSTest Adapter v2.4.3+1b45f5407b (32-bit Desktop .NET 4.0.30319.42000)&#xD;
[xUnit.net 00:00:02.42]   Discovering: UnitTests&#xD;
[xUnit.net 00:00:02.85]   Discovered:  UnitTests&#xD;
[xUnit.net 00:00:02.86]   Starting:    UnitTests&#xD;
[xUnit.net 00:00:15.81]   Finished:    UnitTests&#xD;
</StdOut>
    </Output>
  </ResultSummary>
</TestRun>