<?xml version="1.0" encoding="utf-8"?>
<TestRun id="067bf171-4dd6-4de3-831b-73b22557a98b" name="runneradmin@fv-az177-278 2022-01-30 06:19:07" runUser="fv-az177-278\runneradmin" xmlns="http://microsoft.com/schemas/VisualStudio/TeamTest/2010">
  <Times creation="2022-01-30T06:19:07.6333818+00:00" queuing="2022-01-30T06:19:07.6333819+00:00" start="2022-01-30T06:19:05.5281234+00:00" finish="2022-01-30T06:19:10.7767691+00:00" />
  <TestSettings name="default" id="995775e6-f146-42f0-9719-888e787e9027">
    <Deployment runDeploymentRoot="runneradmin_fv-az177-278_2022-01-30_06_19_07" />
  </TestSettings>
  <Results>
    <UnitTestResult executionId="faa010b7-f9d1-4f68-9806-3bdb15db352d" testId="ac1c50bc-98fd-036f-fe0f-d46cb187f90e" testName="UnitTests.Services.LoggingServiceTests.LogginService_TestableConstructorLogsError" computerName="fv-az177-278" duration="00:00:00.0660000" startTime="2022-01-30T06:19:07.6899142+00:00" endTime="2022-01-30T06:19:07.6899142+00:00" testType="13cdc9d9-ddb5-4fa4-a97d-d965ccfc6d4b" outcome="Passed" testListId="8c84fa94-04c1-424b-9868-57a2d4851a1d" relativeResultsDirectory="faa010b7-f9d1-4f68-9806-3bdb15db352d" />
    <UnitTestResult executionId="a6390080-86e8-4e1d-a7a0-56f1ff940f5b" testId="9168bdef-a759-f4d6-b890-b643e17324cf" testName="UnitTests.Services.LoggingServiceTests.LogginService_TestableConstructorLogsErrorWithException" computerName="fv-az177-278" duration="00:00:00.0020000" startTime="2022-01-30T06:19:07.6919146+00:00" endTime="2022-01-30T06:19:07.6919146+00:00" testType="13cdc9d9-ddb5-4fa4-a97d-d965ccfc6d4b" outcome="Passed" testListId="8c84fa94-04c1-424b-9868-57a2d4851a1d" relativeResultsDirectory="a6390080-86e8-4e1d-a7a0-56f1ff940f5b" />
    <UnitTestResult executionId="f873c0e9-e4b3-4f3b-a223-83c4a2f01ec0" testId="f46af852-6230-3d31-e31c-2959bffd491f" testName="UnitTests.EntensionMethodTests.IQueryable_IsOrdered_Works(ordered: True, descending: True, lastOrder: True)" computerName="fv-az177-278" duration="00:00:00.0070000" startTime="2022-01-30T06:19:10.6115118+00:00" endTime="2022-01-30T06:19:10.6115118+00:00" testType="13cdc9d9-ddb5-4fa4-a97d-d965ccfc6d4b" outcome="Passed" testListId="8c84fa94-04c1-424b-9868-57a2d4851a1d" relativeResultsDirectory="f873c0e9-e4b3-4f3b-a223-83c4a2f01ec0" />
    <UnitTestResult executionId="8cff8346-3bc4-4704-8346-179b24ec73ea" testId="44b00d3a-bad7-aefd-141c-4a35b11463b2" testName="UnitTests.Data.Repositories.GenericRepositoryTests.Repository_Update_DefaultAudit" computerName="fv-az177-278" duration="00:00:00.0080000" startTime="2022-01-30T06:19:10.5405110+00:00" endTime="2022-01-30T06:19:10.5405110+00:00" testType="13cdc9d9-ddb5-4fa4-a97d-d965ccfc6d4b" outcome="Passed" testListId="8c84fa94-04c1-424b-9868-57a2d4851a1d" relativeResultsDirectory="8cff8346-3bc4-4704-8346-179b24ec73ea" />
    <UnitTestResult executionId="c21d62ec-bc73-4f34-9d8a-656a85d35e15" testId="a21637b0-54f8-4fa0-bc3b-95481a9fd90b" testName="UnitTests.Controllers.ModuleExceptionFilterAttributeTests.ArgumentException_BadRequest(exception: System.ArgumentException: Argument, expectedStatusCode: BadRequest)" computerName="fv-az177-278" duration="00:00:00.0010000" startTime="2022-01-30T06:19:07.7429146+00:00" endTime="2022-01-30T06:19:07.7429146+00:00" testType="13cdc9d9-ddb5-4fa4-a97d-d965ccfc6d4b" outcome="Passed" testListId="8c84fa94-04c1-424b-9868-57a2d4851a1d" relativeResultsDirectory="c21d62ec-bc73-4f34-9d8a-656a85d35e15" />
    <UnitTestResult executionId="cce2f77b-df47-4495-9468-2bdf8010b40b" testId="92b7b9f6-1294-7ea1-ffa3-91fba85074d4" testName="UnitTests.Services.ItemServiceTests.UpdateItem_NoName_Throws(name: &quot;  &quot;)" computerName="fv-az177-278" duration="00:00:00.0010000" startTime="2022-01-30T06:19:08.9225977+00:00" endTime="2022-01-30T06:19:08.9225977+00:00" testType="13cdc9d9-ddb5-4fa4-a97d-d965ccfc6d4b" outcome="Passed" testListId="8c84fa94-04c1-424b-9868-57a2d4851a1d" relativeResultsDirectory="cce2f77b-df47-4495-9468-2bdf8010b40b" />
    <UnitTestResult executionId="4a84fe5f-69a4-46bb-b462-2ac9ef001496" testId="8bbc68bc-7714-d990-1480-dfaedaafbd62" testName="UnitTests.EntensionMethodTests.IQueryable_GetPage_PagesProperly(count: 0, page: 0, pageSize: 0, expedtedPages: 0, expectedItems: 0, firstId: null, descending: False)" computerName="fv-az177-278" duration="00:00:00.0290000" startTime="2022-01-30T06:19:10.4391702+00:00" endTime="2022-01-30T06:19:10.4391702+00:00" testType="13cdc9d9-ddb5-4fa4-a97d-d965ccfc6d4b" outcome="Passed" testListId="8c84fa94-04c1-424b-9868-57a2d4851a1d" relativeResultsDirectory="4a84fe5f-69a4-46bb-b462-2ac9ef001496" />
    <UnitTestResult executionId="cd0113dc-e294-41c1-b9c3-35ce7c562658" testId="4fe0dd0f-2fa0-9c42-e816-a6df28150b72" testName="UnitTests.Data.Repositories.GenericRepositoryTests.GenericRepositoryGetsAll(iterations: 0)" computerName="fv-az177-278" duration="00:00:00.0110000" startTime="2022-01-30T06:19:10.4985091+00:00" endTime="2022-01-30T06:19:10.4985091+00:00" testType="13cdc9d9-ddb5-4fa4-a97d-d965ccfc6d4b" outcome="Passed" testListId="8c84fa94-04c1-424b-9868-57a2d4851a1d" relativeResultsDirectory="cd0113dc-e294-41c1-b9c3-35ce7c562658" />
    <UnitTestResult executionId="f7661fc7-9b62-4144-a0cb-7db97cb51bb7" testId="ffe5c770-9b99-42c0-ce21-7e50cccf4385" testName="UnitTests.Data.Repositories.GenericRepositoryTests.GenericRepositoryGetsAll(iterations: 2)" computerName="fv-az177-278" duration="00:00:00.0090000" startTime="2022-01-30T06:19:10.4881715+00:00" endTime="2022-01-30T06:19:10.4881715+00:00" testType="13cdc9d9-ddb5-4fa4-a97d-d965ccfc6d4b" outcome="Passed" testListId="8c84fa94-04c1-424b-9868-57a2d4851a1d" relativeResultsDirectory="f7661fc7-9b62-4144-a0cb-7db97cb51bb7" />
    <UnitTestResult executionId="329709f9-4d74-4649-acfd-f73ee5013678" testId="7e661283-b2b2-d632-266b-6af1f3374c08" testName="UnitTests.EntensionMethodTests.IQueryable_GetPage_PagesProperly(count: 21, page: 1, pageSize: 10, expedtedPages: 3, expectedItems: 10, firstId: 21, descending: True)" computerName="fv-az177-278" duration="00:00:00.0370000" startTime="2022-01-30T06:19:10.5685119+00:00" endTime="2022-01-30T06:19:10.5685119+00:00" testType="13cdc9d9-ddb5-4fa4-a97d-d965ccfc6d4b" outcome="Passed" testListId="8c84fa94-04c1-424b-9868-57a2d4851a1d" relativeResultsDirectory="329709f9-4d74-4649-acfd-f73ee5013678" />
    <UnitTestResult executionId="a4d2fc2d-6a02-4719-93b6-a4e2f436e249" testId="e4f8faa7-d0ad-86e6-1579-7bd52372b4c3" testName="UnitTests.Data.Repositories.GenericRepositoryTests.GenericRepositoryConstructs" computerName="fv-az177-278" duration="00:00:00.0010000" startTime="2022-01-30T06:19:10.5275133+00:00" endTime="2022-01-30T06:19:10.5275133+00:00" testType="13cdc9d9-ddb5-4fa4-a97d-d965ccfc6d4b" outcome="Passed" testListId="8c84fa94-04c1-424b-9868-57a2d4851a1d" relativeResultsDirectory="a4d2fc2d-6a02-4719-93b6-a4e2f436e249" />
    <UnitTestResult executionId="cf6a411a-f527-42f1-acf0-ab7323a6784f" testId="d6094ca1-b65b-5133-f464-9f7d01f0d023" testName="UnitTests.Controllers.ItemControllerTests.DeleteItem_Deletes(itemId: 10)" computerName="fv-az177-278" duration="00:00:00.0010000" startTime="2022-01-30T06:19:07.5229106+00:00" endTime="2022-01-30T06:19:07.5229106+00:00" testType="13cdc9d9-ddb5-4fa4-a97d-d965ccfc6d4b" outcome="Passed" testListId="8c84fa94-04c1-424b-9868-57a2d4851a1d" relativeResultsDirectory="cf6a411a-f527-42f1-acf0-ab7323a6784f" />
    <UnitTestResult executionId="74105a39-8036-4756-bb53-f169c4299ce8" testId="3140ebc5-2430-06b3-4257-a6794b9b09ac" testName="UnitTests.EntensionMethodTests.IQueryable_IsOrdered_Works(ordered: True, descending: False, lastOrder: True)" computerName="fv-az177-278" duration="00:00:00.0060000" startTime="2022-01-30T06:19:10.6175114+00:00" endTime="2022-01-30T06:19:10.6175114+00:00" testType="13cdc9d9-ddb5-4fa4-a97d-d965ccfc6d4b" outcome="Passed" testListId="8c84fa94-04c1-424b-9868-57a2d4851a1d" relativeResultsDirectory="74105a39-8036-4756-bb53-f169c4299ce8" />
    <UnitTestResult executionId="3e9f7214-4700-4869-a9d1-522b26a4debc" testId="263c08b1-704a-f3c2-309e-6dee831dbdc9" testName="UnitTests.Services.ItemServiceTests.UpdateItem_NullDto_Throws" computerName="fv-az177-278" duration="00:00:00.0010000" startTime="2022-01-30T06:19:08.9175981+00:00" endTime="2022-01-30T06:19:08.9175981+00:00" testType="13cdc9d9-ddb5-4fa4-a97d-d965ccfc6d4b" outcome="Passed" testListId="8c84fa94-04c1-424b-9868-57a2d4851a1d" relativeResultsDirectory="3e9f7214-4700-4869-a9d1-522b26a4debc" />
    <UnitTestResult executionId="816cfa10-00da-4b1d-a00f-f374aa2bc0c3" testId="b80893de-3e2d-6029-ec19-65c03fd119c3" testName="UnitTests.EntensionMethodTests.IQueryable_IsOrdered_Works(ordered: False, descending: True, lastOrder: False)" computerName="fv-az177-278" duration="00:00:00.0070000" startTime="2022-01-30T06:19:10.5845127+00:00" endTime="2022-01-30T06:19:10.5845127+00:00" testType="13cdc9d9-ddb5-4fa4-a97d-d965ccfc6d4b" outcome="Passed" testListId="8c84fa94-04c1-424b-9868-57a2d4851a1d" relativeResultsDirectory="816cfa10-00da-4b1d-a00f-f374aa2bc0c3" />
    <UnitTestResult executionId="f53a0465-d720-4929-8526-b52491ea33dc" testId="572fc310-4b67-9555-f147-153d39f2eb82" testName="UnitTests.Data.Entities.ItemTests.ItemConstructsProperly" computerName="fv-az177-278" duration="00:00:00.0010000" startTime="2022-01-30T06:19:07.6489129+00:00" endTime="2022-01-30T06:19:07.6489129+00:00" testType="13cdc9d9-ddb5-4fa4-a97d-d965ccfc6d4b" outcome="Passed" testListId="8c84fa94-04c1-424b-9868-57a2d4851a1d" relativeResultsDirectory="f53a0465-d720-4929-8526-b52491ea33dc" />
    <UnitTestResult executionId="08040972-61f1-430a-9583-cb16f5ff78b9" testId="168fc980-36e3-101b-62b1-f5ab71e9fc0d" testName="UnitTests.Controllers.LocalizationControllerTests.GetLocalization_CallsLocalizationService" computerName="fv-az177-278" duration="00:00:00.0380000" startTime="2022-01-30T06:19:09.0006012+00:00" endTime="2022-01-30T06:19:09.0006012+00:00" testType="13cdc9d9-ddb5-4fa4-a97d-d965ccfc6d4b" outcome="Passed" testListId="8c84fa94-04c1-424b-9868-57a2d4851a1d" relativeResultsDirectory="08040972-61f1-430a-9583-cb16f5ff78b9" />
    <UnitTestResult executionId="f3ecdf7e-1436-4b17-8f85-566d7127f796" testId="0864c31d-6119-84d6-7f52-9d349dabbe84" testName="UnitTests.Services.ItemServiceTests.GetItemsPage_GetsPages(page: 0, pageSize: 0, descending: True, expectedPages: 30, returnedPage: 1)" computerName="fv-az177-278" duration="00:00:00.0430000" startTime="2022-01-30T06:19:08.9085974+00:00" endTime="2022-01-30T06:19:08.9085974+00:00" testType="13cdc9d9-ddb5-4fa4-a97d-d965ccfc6d4b" outcome="Passed" testListId="8c84fa94-04c1-424b-9868-57a2d4851a1d" relativeResultsDirectory="f3ecdf7e-1436-4b17-8f85-566d7127f796" />
    <UnitTestResult executionId="af3dcc89-2a2b-414f-98e3-539ccd1c366a" testId="ae39aa62-5ff2-56e7-d00e-ef116d711d51" testName="UnitTests.Data.Repositories.GenericRepositoryTests.Repository_Create_DefaultAudit" computerName="fv-az177-278" duration="00:00:00.0060000" startTime="2022-01-30T06:19:10.5465116+00:00" endTime="2022-01-30T06:19:10.5465116+00:00" testType="13cdc9d9-ddb5-4fa4-a97d-d965ccfc6d4b" outcome="Passed" testListId="8c84fa94-04c1-424b-9868-57a2d4851a1d" relativeResultsDirectory="af3dcc89-2a2b-414f-98e3-539ccd1c366a" />
    <UnitTestResult executionId="b7817cee-d64e-4ade-ace9-262b2fbc852a" testId="0247c7e7-7d1c-099b-2ac8-81a47ff2509a" testName="UnitTests.Controllers.ItemControllerTests.UserCanEdit_ReturnsBool(canEdit: False)" computerName="fv-az177-278" duration="00:00:00.2370000" startTime="2022-01-30T06:19:07.3992392+00:00" endTime="2022-01-30T06:19:07.3992392+00:00" testType="13cdc9d9-ddb5-4fa4-a97d-d965ccfc6d4b" outcome="Passed" testListId="8c84fa94-04c1-424b-9868-57a2d4851a1d" relativeResultsDirectory="b7817cee-d64e-4ade-ace9-262b2fbc852a" />
    <UnitTestResult executionId="04f39d68-5273-4b92-ac41-098f7cc7a42f" testId="e6e0a140-85e7-6935-6160-ab95ecfd3c8a" testName="UnitTests.Data.Repositories.GenericRepositoryTests.GenericRepositoryCreatesAndGetsById" computerName="fv-az177-278" duration="00:00:00.0550000" startTime="2022-01-30T06:19:10.6015144+00:00" endTime="2022-01-30T06:19:10.6015144+00:00" testType="13cdc9d9-ddb5-4fa4-a97d-d965ccfc6d4b" outcome="Passed" testListId="8c84fa94-04c1-424b-9868-57a2d4851a1d" relativeResultsDirectory="04f39d68-5273-4b92-ac41-098f7cc7a42f" />
    <UnitTestResult executionId="610535de-aeb6-437e-8782-60eb6a5a16ef" testId="2695f427-ed7b-9f97-5696-f97a7702128c" testName="UnitTests.EntensionMethodTests.IQueryable_GetPage_PagesProperly(count: 20, page: 2, pageSize: 10, expedtedPages: 2, expectedItems: 10, firstId: 11, descending: False)" computerName="fv-az177-278" duration="00:00:01.4120000" startTime="2022-01-30T06:19:10.4111705+00:00" endTime="2022-01-30T06:19:10.4111705+00:00" testType="13cdc9d9-ddb5-4fa4-a97d-d965ccfc6d4b" outcome="Passed" testListId="8c84fa94-04c1-424b-9868-57a2d4851a1d" relativeResultsDirectory="610535de-aeb6-437e-8782-60eb6a5a16ef" />
    <UnitTestResult executionId="fa930180-02a9-4807-bfb7-6a2d163fa169" testId="d15ea2a7-9f9f-b92b-50fa-470898da705d" testName="UnitTests.Data.Repositories.GenericRepositoryTests.GenericRepositoryGetsAll(iterations: 3)" computerName="fv-az177-278" duration="00:00:00.0080000" startTime="2022-01-30T06:19:10.5075120+00:00" endTime="2022-01-30T06:19:10.5075120+00:00" testType="13cdc9d9-ddb5-4fa4-a97d-d965ccfc6d4b" outcome="Passed" testListId="8c84fa94-04c1-424b-9868-57a2d4851a1d" relativeResultsDirectory="fa930180-02a9-4807-bfb7-6a2d163fa169" />
    <UnitTestResult executionId="37d16bf4-5b60-4569-8d6f-65df3702452b" testId="b76e01b1-6afe-f33b-c6a9-ea3347176509" testName="UnitTests.Services.ItemServiceTests.UpdateItem_NoName_Throws(name: null)" computerName="fv-az177-278" duration="00:00:00.0010000" startTime="2022-01-30T06:19:08.9205982+00:00" endTime="2022-01-30T06:19:08.9205982+00:00" testType="13cdc9d9-ddb5-4fa4-a97d-d965ccfc6d4b" outcome="Passed" testListId="8c84fa94-04c1-424b-9868-57a2d4851a1d" relativeResultsDirectory="37d16bf4-5b60-4569-8d6f-65df3702452b" />
    <UnitTestResult executionId="961a41e4-0a9b-4ee1-a98b-124ef79e7138" testId="d1c63cb7-1f9a-a8bf-a217-a4cbb4e5f73b" testName="UnitTests.Common.GlobalsTests.ModulePrefixIsValid" computerName="fv-az177-278" duration="00:00:00.0010000" startTime="2022-01-30T06:19:07.5289111+00:00" endTime="2022-01-30T06:19:07.5289111+00:00" testType="13cdc9d9-ddb5-4fa4-a97d-d965ccfc6d4b" outcome="Passed" testListId="8c84fa94-04c1-424b-9868-57a2d4851a1d" relativeResultsDirectory="961a41e4-0a9b-4ee1-a98b-124ef79e7138" />
    <UnitTestResult executionId="7220002c-cfa0-42c4-8b69-3f26c5032639" testId="a21637b0-54f8-4fa0-bc3b-95481a9fd90b" testName="UnitTests.Controllers.ModuleExceptionFilterAttributeTests.ArgumentException_BadRequest(exception: System.UnauthorizedAccessException: Unauthorized, expectedStatusCode: Unauthorized)" computerName="fv-az177-278" duration="00:00:00.0010000" startTime="2022-01-30T06:19:07.7459151+00:00" endTime="2022-01-30T06:19:07.7459151+00:00" testType="13cdc9d9-ddb5-4fa4-a97d-d965ccfc6d4b" outcome="Passed" testListId="8c84fa94-04c1-424b-9868-57a2d4851a1d" relativeResultsDirectory="7220002c-cfa0-42c4-8b69-3f26c5032639" />
    <UnitTestResult executionId="4982dc10-9dff-40c3-8f00-c4fa844ba995" testId="a21637b0-54f8-4fa0-bc3b-95481a9fd90b" testName="UnitTests.Controllers.ModuleExceptionFilterAttributeTests.ArgumentException_BadRequest(exception: System.ArgumentOutOfRangeException: Specified argument was out of the range of valid values.&#xD;&#xA;Parameter name: Out of range, expectedStatusCode: BadRequest)" computerName="fv-az177-278" duration="00:00:00.0010000" startTime="2022-01-30T06:19:07.7429146+00:00" endTime="2022-01-30T06:19:07.7429146+00:00" testType="13cdc9d9-ddb5-4fa4-a97d-d965ccfc6d4b" outcome="Passed" testListId="8c84fa94-04c1-424b-9868-57a2d4851a1d" relativeResultsDirectory="4982dc10-9dff-40c3-8f00-c4fa844ba995" />
    <UnitTestResult executionId="f2c57ca7-d8b2-4a5e-ad2b-53e1e6f59213" testId="73fc5149-51d6-8241-9c9f-f48c28e448e3" testName="UnitTests.EntensionMethodTests.IQueryable_IsOrdered_ThrowsWithNull" computerName="fv-az177-278" duration="00:00:00.0010000" startTime="2022-01-30T06:19:10.6635140+00:00" endTime="2022-01-30T06:19:10.6635140+00:00" testType="13cdc9d9-ddb5-4fa4-a97d-d965ccfc6d4b" outcome="Passed" testListId="8c84fa94-04c1-424b-9868-57a2d4851a1d" relativeResultsDirectory="f2c57ca7-d8b2-4a5e-ad2b-53e1e6f59213" />
    <UnitTestResult executionId="c84ed55a-5caa-49c3-8b0a-9adb1c32bcc5" testId="4bb697d7-9cb3-28c5-7c49-3e60c8ee823d" testName="UnitTests.EntensionMethodTests.IQueryable_GetPage_PagesProperly(count: 0, page: -1, pageSize: -1, expedtedPages: 0, expectedItems: 0, firstId: null, descending: False)" computerName="fv-az177-278" duration="00:00:00.0180000" startTime="2022-01-30T06:19:10.5095112+00:00" endTime="2022-01-30T06:19:10.5095112+00:00" testType="13cdc9d9-ddb5-4fa4-a97d-d965ccfc6d4b" outcome="Passed" testListId="8c84fa94-04c1-424b-9868-57a2d4851a1d" relativeResultsDirectory="c84ed55a-5caa-49c3-8b0a-9adb1c32bcc5" />
    <UnitTestResult executionId="0e4753de-1826-44c1-90b4-16947550d0e2" testId="392ed628-2028-c945-b97e-893658a1e82b" testName="UnitTests.Data.Entities.ItemTests.ItemPropertiesPersist(id: 1, name: &quot;Name1&quot;, description: &quot;Description1&quot;)" computerName="fv-az177-278" duration="00:00:00.0010000" startTime="2022-01-30T06:19:07.5979135+00:00" endTime="2022-01-30T06:19:07.5979135+00:00" testType="13cdc9d9-ddb5-4fa4-a97d-d965ccfc6d4b" outcome="Passed" testListId="8c84fa94-04c1-424b-9868-57a2d4851a1d" relativeResultsDirectory="0e4753de-1826-44c1-90b4-16947550d0e2" />
    <UnitTestResult executionId="09ea97f6-ed2a-45a6-96e6-cf753c483e31" testId="6f0b47a1-9d18-a5d8-8dd1-c8f266712c15" testName="UnitTests.EntensionMethodTests.IQueryable_IsOrdered_Works(ordered: True, descending: True, lastOrder: False)" computerName="fv-az177-278" duration="00:00:00.0070000" startTime="2022-01-30T06:19:10.5915121+00:00" endTime="2022-01-30T06:19:10.5915121+00:00" testType="13cdc9d9-ddb5-4fa4-a97d-d965ccfc6d4b" outcome="Passed" testListId="8c84fa94-04c1-424b-9868-57a2d4851a1d" relativeResultsDirectory="09ea97f6-ed2a-45a6-96e6-cf753c483e31" />
    <UnitTestResult executionId="bfb1aa4a-ba43-4955-a490-6e4da202d2b8" testId="8ba31d1b-48e3-e04e-cff0-b927c63b4a19" testName="UnitTests.Services.LoggingServiceTests.LoggingService_DefaultConstructorExists" computerName="fv-az177-278" duration="00:00:00.4640000" startTime="2022-01-30T06:19:07.6509118+00:00" endTime="2022-01-30T06:19:07.6509118+00:00" testType="13cdc9d9-ddb5-4fa4-a97d-d965ccfc6d4b" outcome="Passed" testListId="8c84fa94-04c1-424b-9868-57a2d4851a1d" relativeResultsDirectory="bfb1aa4a-ba43-4955-a490-6e4da202d2b8" />
    <UnitTestResult executionId="c1ccbe93-edc1-4d4f-82f5-f23433a1cbc5" testId="130d9133-361f-a0da-f15e-423eb98947ac" testName="UnitTests.Services.ItemServiceTests.UpdateItem_Updates" computerName="fv-az177-278" duration="00:00:00.0200000" startTime="2022-01-30T06:19:08.9386017+00:00" endTime="2022-01-30T06:19:08.9386017+00:00" testType="13cdc9d9-ddb5-4fa4-a97d-d965ccfc6d4b" outcome="Passed" testListId="8c84fa94-04c1-424b-9868-57a2d4851a1d" relativeResultsDirectory="c1ccbe93-edc1-4d4f-82f5-f23433a1cbc5" />
    <UnitTestResult executionId="069ce27b-e968-40aa-9d4b-5ab7073cfa2e" testId="e6610648-e456-1c64-d2b1-7e1242b871a8" testName="UnitTests.Services.ItemServiceTests.DeleteItem_Deletes" computerName="fv-az177-278" duration="00:00:00.0010000" startTime="2022-01-30T06:19:08.9415986+00:00" endTime="2022-01-30T06:19:08.9415986+00:00" testType="13cdc9d9-ddb5-4fa4-a97d-d965ccfc6d4b" outcome="Passed" testListId="8c84fa94-04c1-424b-9868-57a2d4851a1d" relativeResultsDirectory="069ce27b-e968-40aa-9d4b-5ab7073cfa2e" />
    <UnitTestResult executionId="650d5c24-22d3-4429-a8df-7ab5b603724c" testId="a9198ad3-782e-a37c-0b5f-1330f5318f55" testName="UnitTests.Services.ItemServiceTests.CreateItem_Creates" computerName="fv-az177-278" duration="00:00:00.0060000" startTime="2022-01-30T06:19:08.9455987+00:00" endTime="2022-01-30T06:19:08.9455987+00:00" testType="13cdc9d9-ddb5-4fa4-a97d-d965ccfc6d4b" outcome="Passed" testListId="8c84fa94-04c1-424b-9868-57a2d4851a1d" relativeResultsDirectory="650d5c24-22d3-4429-a8df-7ab5b603724c" />
    <UnitTestResult executionId="79e69fa9-3c56-425c-9a60-da41e2121c7e" testId="e55f1742-c16d-5086-2251-ad3372dd48f5" testName="UnitTests.Controllers.ValidateModelAttributeTests.OnActionExecuting_Valid_Works" computerName="fv-az177-278" duration="00:00:00.0040000" startTime="2022-01-30T06:19:07.7599146+00:00" endTime="2022-01-30T06:19:07.7599146+00:00" testType="13cdc9d9-ddb5-4fa4-a97d-d965ccfc6d4b" outcome="Passed" testListId="8c84fa94-04c1-424b-9868-57a2d4851a1d" relativeResultsDirectory="79e69fa9-3c56-425c-9a60-da41e2121c7e" />
    <UnitTestResult executionId="4cfb8913-cde7-4d54-a89c-39d8699ff543" testId="f754f777-4449-23e8-f4ec-917f49117de2" testName="UnitTests.Data.Repositories.GenericRepositoryTests.Repository_DeleteMissing_DoesNotThrow" computerName="fv-az177-278" duration="00:00:00.0110000" startTime="2022-01-30T06:19:10.5255115+00:00" endTime="2022-01-30T06:19:10.5255115+00:00" testType="13cdc9d9-ddb5-4fa4-a97d-d965ccfc6d4b" outcome="Passed" testListId="8c84fa94-04c1-424b-9868-57a2d4851a1d" relativeResultsDirectory="4cfb8913-cde7-4d54-a89c-39d8699ff543" />
    <UnitTestResult executionId="217cf533-4abe-4839-b326-b3ad39160f33" testId="315adde5-f36d-a74f-aa46-fb22a0f78cd9" testName="UnitTests.Controllers.ItemControllerTests.UpdateItem_Updates" computerName="fv-az177-278" duration="00:00:00.0190000" startTime="2022-01-30T06:19:07.5209100+00:00" endTime="2022-01-30T06:19:07.5209100+00:00" testType="13cdc9d9-ddb5-4fa4-a97d-d965ccfc6d4b" outcome="Passed" testListId="8c84fa94-04c1-424b-9868-57a2d4851a1d" relativeResultsDirectory="217cf533-4abe-4839-b326-b3ad39160f33" />
    <UnitTestResult executionId="76125a77-984b-4bc8-a8f5-9205aef9c083" testId="d16880d7-fb44-f209-43d9-ba2e0e1875de" testName="UnitTests.Data.Repositories.GenericRepositoryTests.GenericRepositoryGetsAll(iterations: 1)" computerName="fv-az177-278" duration="00:00:00.0070000" startTime="2022-01-30T06:19:10.5145122+00:00" endTime="2022-01-30T06:19:10.5145122+00:00" testType="13cdc9d9-ddb5-4fa4-a97d-d965ccfc6d4b" outcome="Passed" testListId="8c84fa94-04c1-424b-9868-57a2d4851a1d" relativeResultsDirectory="76125a77-984b-4bc8-a8f5-9205aef9c083" />
    <UnitTestResult executionId="cdefaa97-46ac-4e4a-b245-1d1b1a30cd42" testId="1017c6c1-9dd0-57dc-36e7-bb573d02562e" testName="UnitTests.Controllers.ItemControllerTests.GetItemsPage_GetsProperPages" computerName="fv-az177-278" duration="00:00:00.0240000" startTime="2022-01-30T06:19:07.5029106+00:00" endTime="2022-01-30T06:19:07.5029106+00:00" testType="13cdc9d9-ddb5-4fa4-a97d-d965ccfc6d4b" outcome="Passed" testListId="8c84fa94-04c1-424b-9868-57a2d4851a1d" relativeResultsDirectory="cdefaa97-46ac-4e4a-b245-1d1b1a30cd42" />
    <UnitTestResult executionId="add46cdb-048c-4863-91ab-6adc9df30df4" testId="1b051fa0-d4cc-1b32-80bb-d56b714e3066" testName="UnitTests.Services.ItemServiceTests.GetItemsPage_GetsPages(page: 1, pageSize: 20, descending: False, expectedPages: 2, returnedPage: 1)" computerName="fv-az177-278" duration="00:00:00.0030000" startTime="2022-01-30T06:19:08.9115977+00:00" endTime="2022-01-30T06:19:08.9115977+00:00" testType="13cdc9d9-ddb5-4fa4-a97d-d965ccfc6d4b" outcome="Passed" testListId="8c84fa94-04c1-424b-9868-57a2d4851a1d" relativeResultsDirectory="add46cdb-048c-4863-91ab-6adc9df30df4" />
    <UnitTestResult executionId="7f5dc60b-b2c1-4f44-ae15-6f92615292ea" testId="bae3532a-4a9e-c4ab-fc66-4dfa22d16170" testName="UnitTests.Controllers.ModuleApiControllerTests.HasUserInfo" computerName="fv-az177-278" duration="00:00:00.0020000" startTime="2022-01-30T06:19:08.8625971+00:00" endTime="2022-01-30T06:19:08.8625971+00:00" testType="13cdc9d9-ddb5-4fa4-a97d-d965ccfc6d4b" outcome="Passed" testListId="8c84fa94-04c1-424b-9868-57a2d4851a1d" relativeResultsDirectory="7f5dc60b-b2c1-4f44-ae15-6f92615292ea" />
    <UnitTestResult executionId="2c2496ac-abb7-4cca-9935-ebca09864a87" testId="61a8ccc9-c5b1-047b-3c97-f777ccc7d30b" testName="UnitTests.Controllers.ValidateModelAttributeTests.OnActionExecuting_Invalid_Works" computerName="fv-az177-278" duration="00:00:01.0970000" startTime="2022-01-30T06:19:08.8575966+00:00" endTime="2022-01-30T06:19:08.8575966+00:00" testType="13cdc9d9-ddb5-4fa4-a97d-d965ccfc6d4b" outcome="Passed" testListId="8c84fa94-04c1-424b-9868-57a2d4851a1d" relativeResultsDirectory="2c2496ac-abb7-4cca-9935-ebca09864a87" />
    <UnitTestResult executionId="a6f773ed-f004-4c49-86fc-447e235c5610" testId="0dc5a512-bfd0-bc80-f676-16e6d961ec4d" testName="UnitTests.EntensionMethodTests.IQueryable_IsOrdered_Works(ordered: False, descending: False, lastOrder: True)" computerName="fv-az177-278" duration="00:00:00.0120000" startTime="2022-01-30T06:19:10.6365114+00:00" endTime="2022-01-30T06:19:10.6365114+00:00" testType="13cdc9d9-ddb5-4fa4-a97d-d965ccfc6d4b" outcome="Passed" testListId="8c84fa94-04c1-424b-9868-57a2d4851a1d" relativeResultsDirectory="a6f773ed-f004-4c49-86fc-447e235c5610" />
    <UnitTestResult executionId="58ce4953-489d-4c87-83b6-0cdc03531a44" testId="1a74e347-4470-5271-97ab-1ebaf8693270" testName="UnitTests.Controllers.ModuleExceptionFilterAttributeTests.SystemException_DoesNotExposeDetails" computerName="fv-az177-278" duration="00:00:00.0130000" startTime="2022-01-30T06:19:07.7559128+00:00" endTime="2022-01-30T06:19:07.7559128+00:00" testType="13cdc9d9-ddb5-4fa4-a97d-d965ccfc6d4b" outcome="Passed" testListId="8c84fa94-04c1-424b-9868-57a2d4851a1d" relativeResultsDirectory="58ce4953-489d-4c87-83b6-0cdc03531a44" />
    <UnitTestResult executionId="42c166e5-1ac3-480f-8db7-89c575186543" testId="b72028ed-e29e-ac6a-9e2e-bf700facee4e" testName="UnitTests.EntensionMethodTests.IQueryable_IsOrdered_Works(ordered: True, descending: False, lastOrder: False)" computerName="fv-az177-278" duration="00:00:00.0070000" startTime="2022-01-30T06:19:10.6245137+00:00" endTime="2022-01-30T06:19:10.6245137+00:00" testType="13cdc9d9-ddb5-4fa4-a97d-d965ccfc6d4b" outcome="Passed" testListId="8c84fa94-04c1-424b-9868-57a2d4851a1d" relativeResultsDirectory="42c166e5-1ac3-480f-8db7-89c575186543" />
    <UnitTestResult executionId="1b97c84b-f079-4ec0-aa2c-1e59aa4f62a1" testId="2aef35a8-73ad-0c03-c8a4-2b5a1d37af8f" testName="UnitTests.EntensionMethodTests.IQueryable_IsOrdered_Works(ordered: False, descending: False, lastOrder: False)" computerName="fv-az177-278" duration="00:00:00.0090000" startTime="2022-01-30T06:19:10.5775127+00:00" endTime="2022-01-30T06:19:10.5775127+00:00" testType="13cdc9d9-ddb5-4fa4-a97d-d965ccfc6d4b" outcome="Passed" testListId="8c84fa94-04c1-424b-9868-57a2d4851a1d" relativeResultsDirectory="1b97c84b-f079-4ec0-aa2c-1e59aa4f62a1" />
    <UnitTestResult executionId="2c0c0fb7-063e-487e-99ed-18a1f5690fc8" testId="0ebf358f-9eac-9438-b418-9c6aa81a6377" testName="UnitTests.Data.Repositories.GenericRepositoryTests.Repository_Update_UsesuserId" computerName="fv-az177-278" duration="00:00:00.0200000" startTime="2022-01-30T06:19:10.4561700+00:00" endTime="2022-01-30T06:19:10.4561700+00:00" testType="13cdc9d9-ddb5-4fa4-a97d-d965ccfc6d4b" outcome="Passed" testListId="8c84fa94-04c1-424b-9868-57a2d4851a1d" relativeResultsDirectory="2c0c0fb7-063e-487e-99ed-18a1f5690fc8" />
    <UnitTestResult executionId="d18804bf-2caf-4bb6-a140-63ff1a06ce28" testId="0bc54975-0bff-692e-a9b3-fc69f2c95a39" testName="UnitTests.Data.Repositories.GenericRepositoryTests.GenericRepositoryDeletes" computerName="fv-az177-278" duration="00:00:02.8700000" startTime="2022-01-30T06:19:10.4001704+00:00" endTime="2022-01-30T06:19:10.4001704+00:00" testType="13cdc9d9-ddb5-4fa4-a97d-d965ccfc6d4b" outcome="Passed" testListId="8c84fa94-04c1-424b-9868-57a2d4851a1d" relativeResultsDirectory="d18804bf-2caf-4bb6-a140-63ff1a06ce28" />
    <UnitTestResult executionId="b94948d5-a96c-48c1-b276-fcd993a1a5b2" testId="9207202d-19b8-8eb5-74dc-6aa5d849467c" testName="UnitTests.EntensionMethodTests.IQueryable_GetPage_PagesProperly(count: 10, page: 1, pageSize: 10, expedtedPages: 1, expectedItems: 10, firstId: 1, descending: False)" computerName="fv-az177-278" duration="00:00:00.0210000" startTime="2022-01-30T06:19:10.5315104+00:00" endTime="2022-01-30T06:19:10.5315104+00:00" testType="13cdc9d9-ddb5-4fa4-a97d-d965ccfc6d4b" outcome="Passed" testListId="8c84fa94-04c1-424b-9868-57a2d4851a1d" relativeResultsDirectory="b94948d5-a96c-48c1-b276-fcd993a1a5b2" />
    <UnitTestResult executionId="8ca512c1-19d7-47ff-9545-37ed9326020f" testId="70ede014-c412-e387-bb98-e95b3b42090d" testName="UnitTests.Data.Repositories.GenericRepositoryTests.GenericRepositoryUpdates" computerName="fv-az177-278" duration="00:00:00.0230000" startTime="2022-01-30T06:19:10.4791721+00:00" endTime="2022-01-30T06:19:10.4791721+00:00" testType="13cdc9d9-ddb5-4fa4-a97d-d965ccfc6d4b" outcome="Passed" testListId="8c84fa94-04c1-424b-9868-57a2d4851a1d" relativeResultsDirectory="8ca512c1-19d7-47ff-9545-37ed9326020f" />
    <UnitTestResult executionId="88dbdafc-7bf4-497e-99f3-875daf680f6b" testId="113f48ce-a6a3-c5df-7589-ba5a5fcb9c59" testName="UnitTests.Controllers.ModuleExceptionFilterAttributeTests.NoException_DoesNothing" computerName="fv-az177-278" duration="00:00:00.0010000" startTime="2022-01-30T06:19:07.7469141+00:00" endTime="2022-01-30T06:19:07.7469141+00:00" testType="13cdc9d9-ddb5-4fa4-a97d-d965ccfc6d4b" outcome="Passed" testListId="8c84fa94-04c1-424b-9868-57a2d4851a1d" relativeResultsDirectory="88dbdafc-7bf4-497e-99f3-875daf680f6b" />
    <UnitTestResult executionId="a0bbe662-3f0f-474a-89b8-fc91622e7b45" testId="5f92ec4d-d570-0452-b891-d4cee75db9dd" testName="UnitTests.Controllers.ModuleApiControllerTests.CanEdit_Set_Throws" computerName="fv-az177-278" duration="00:00:00.0030000" startTime="2022-01-30T06:19:08.8605967+00:00" endTime="2022-01-30T06:19:08.8605967+00:00" testType="13cdc9d9-ddb5-4fa4-a97d-d965ccfc6d4b" outcome="Passed" testListId="8c84fa94-04c1-424b-9868-57a2d4851a1d" relativeResultsDirectory="a0bbe662-3f0f-474a-89b8-fc91622e7b45" />
    <UnitTestResult executionId="ede141cc-e63d-4489-a39b-e28d65fdebc0" testId="a21637b0-54f8-4fa0-bc3b-95481a9fd90b" testName="UnitTests.Controllers.ModuleExceptionFilterAttributeTests.ArgumentException_BadRequest(exception: System.NotImplementedException: Not Implemented, expectedStatusCode: NotImplemented)" computerName="fv-az177-278" duration="00:00:00.0010000" startTime="2022-01-30T06:19:07.7449164+00:00" endTime="2022-01-30T06:19:07.7449164+00:00" testType="13cdc9d9-ddb5-4fa4-a97d-d965ccfc6d4b" outcome="Passed" testListId="8c84fa94-04c1-424b-9868-57a2d4851a1d" relativeResultsDirectory="ede141cc-e63d-4489-a39b-e28d65fdebc0" />
    <UnitTestResult executionId="b001d9aa-ab2c-4d10-8ee0-3c22d84090d4" testId="95a0a379-a9bd-3d99-f720-e626260de7f6" testName="UnitTests.EntensionMethodTests.IQueryable_GetPage_PagesProperly(count: 101, page: 1, pageSize: 50, expedtedPages: 3, expectedItems: 50, firstId: 1, descending: False)" computerName="fv-az177-278" duration="00:00:00.0470000" startTime="2022-01-30T06:19:10.4891735+00:00" endTime="2022-01-30T06:19:10.4891735+00:00" testType="13cdc9d9-ddb5-4fa4-a97d-d965ccfc6d4b" outcome="Passed" testListId="8c84fa94-04c1-424b-9868-57a2d4851a1d" relativeResultsDirectory="b001d9aa-ab2c-4d10-8ee0-3c22d84090d4" />
    <UnitTestResult executionId="9129ebe8-4376-4cbb-8c9e-e0c5a16f1d21" testId="19b6234c-c2df-2304-54f9-54b0da4cd6ba" testName="UnitTests.Services.ItemServiceTests.CreateItem_NoNameThrows" computerName="fv-az177-278" duration="00:00:00.0010000" startTime="2022-01-30T06:19:08.9195973+00:00" endTime="2022-01-30T06:19:08.9195973+00:00" testType="13cdc9d9-ddb5-4fa4-a97d-d965ccfc6d4b" outcome="Passed" testListId="8c84fa94-04c1-424b-9868-57a2d4851a1d" relativeResultsDirectory="9129ebe8-4376-4cbb-8c9e-e0c5a16f1d21" />
    <UnitTestResult executionId="623ce689-3eb1-4d85-895e-d52820e6a0cb" testId="986d7e6e-d04d-b204-b01c-fbb8f09c7774" testName="UnitTests.Controllers.ServiceRouteMapperTests.RegisterRoutes_RegistersAtLestOneRoute" computerName="fv-az177-278" duration="00:00:00.0100000" startTime="2022-01-30T06:19:09.0046010+00:00" endTime="2022-01-30T06:19:09.0046010+00:00" testType="13cdc9d9-ddb5-4fa4-a97d-d965ccfc6d4b" outcome="Passed" testListId="8c84fa94-04c1-424b-9868-57a2d4851a1d" relativeResultsDirectory="623ce689-3eb1-4d85-895e-d52820e6a0cb" />
    <UnitTestResult executionId="ead23270-48a3-4e8e-a8e6-8f1927aa7a48" testId="36689490-09d4-917f-648a-70dcfcfede10" testName="UnitTests.Data.Repositories.GenericRepositoryTests.GenericRepositoryCreate_ThrowsWithNullEntity" computerName="fv-az177-278" duration="00:00:00.0010000" startTime="2022-01-30T06:19:10.4381719+00:00" endTime="2022-01-30T06:19:10.4381719+00:00" testType="13cdc9d9-ddb5-4fa4-a97d-d965ccfc6d4b" outcome="Passed" testListId="8c84fa94-04c1-424b-9868-57a2d4851a1d" relativeResultsDirectory="ead23270-48a3-4e8e-a8e6-8f1927aa7a48" />
    <UnitTestResult executionId="da7367fb-ada7-410e-84e2-20cc1c99d564" testId="aec60494-3c2e-8ec9-f948-da5bb2043983" testName="UnitTests.Controllers.ItemControllerTests.UserCanEdit_ReturnsBool(canEdit: True)" computerName="fv-az177-278" duration="00:00:00.0010000" startTime="2022-01-30T06:19:07.4062403+00:00" endTime="2022-01-30T06:19:07.4062403+00:00" testType="13cdc9d9-ddb5-4fa4-a97d-d965ccfc6d4b" outcome="Passed" testListId="8c84fa94-04c1-424b-9868-57a2d4851a1d" relativeResultsDirectory="da7367fb-ada7-410e-84e2-20cc1c99d564" />
    <UnitTestResult executionId="9150c13d-e7af-4fe9-b5b5-81d2b5bab52e" testId="d5b75914-a4f0-1327-0212-c8781f6dfe81" testName="UnitTests.EntensionMethodTests.IQueryable_IsOrdered_Works(ordered: False, descending: True, lastOrder: True)" computerName="fv-az177-278" duration="00:00:00.0130000" startTime="2022-01-30T06:19:10.6045109+00:00" endTime="2022-01-30T06:19:10.6045109+00:00" testType="13cdc9d9-ddb5-4fa4-a97d-d965ccfc6d4b" outcome="Passed" testListId="8c84fa94-04c1-424b-9868-57a2d4851a1d" relativeResultsDirectory="9150c13d-e7af-4fe9-b5b5-81d2b5bab52e" />
    <UnitTestResult executionId="39148b2b-7617-49a5-a6dd-f41f9f8112b9" testId="3cbfa5d3-e0f6-eff8-ed5c-556fa1f3e131" testName="UnitTests.Services.ItemServiceTests.UpdateItem_NoName_Throws(name: &quot;&quot;)" computerName="fv-az177-278" duration="00:00:00.0010000" startTime="2022-01-30T06:19:08.9245971+00:00" endTime="2022-01-30T06:19:08.9245971+00:00" testType="13cdc9d9-ddb5-4fa4-a97d-d965ccfc6d4b" outcome="Passed" testListId="8c84fa94-04c1-424b-9868-57a2d4851a1d" relativeResultsDirectory="39148b2b-7617-49a5-a6dd-f41f9f8112b9" />
    <UnitTestResult executionId="15708801-501c-444f-8308-fc5c84153101" testId="0f141a30-05bd-f4ed-a627-d40adca6b3ca" testName="UnitTests.Services.ItemServiceTests.GetItemsPage_GetsPages(page: 4, pageSize: 10, descending: False, expectedPages: 3, returnedPage: 3)" computerName="fv-az177-278" duration="00:00:00.0020000" startTime="2022-01-30T06:19:08.9165978+00:00" endTime="2022-01-30T06:19:08.9165978+00:00" testType="13cdc9d9-ddb5-4fa4-a97d-d965ccfc6d4b" outcome="Passed" testListId="8c84fa94-04c1-424b-9868-57a2d4851a1d" relativeResultsDirectory="15708801-501c-444f-8308-fc5c84153101" />
    <UnitTestResult executionId="7157f7ad-ecf5-455e-9e8e-ccbf0d296934" testId="19223079-ea41-5691-855c-970af1a1e611" testName="UnitTests.Services.ItemServiceTests.GetItemsPage_GetsPages(page: 1, pageSize: 10, descending: False, expectedPages: 3, returnedPage: 1)" computerName="fv-az177-278" duration="00:00:00.0020000" startTime="2022-01-30T06:19:08.9145975+00:00" endTime="2022-01-30T06:19:08.9145975+00:00" testType="13cdc9d9-ddb5-4fa4-a97d-d965ccfc6d4b" outcome="Passed" testListId="8c84fa94-04c1-424b-9868-57a2d4851a1d" relativeResultsDirectory="7157f7ad-ecf5-455e-9e8e-ccbf0d296934" />
    <UnitTestResult executionId="5819afc8-4e8a-4a3a-9b54-eb7c5e8fd0e8" testId="24cfa8b0-48c3-8aab-e4c2-88694c220e2c" testName="UnitTests.Data.Repositories.GenericRepositoryTests.GenericRepositoryUpdate_ThrowsWithNullEntity" computerName="fv-az177-278" duration="00:00:00.0010000" startTime="2022-01-30T06:19:10.5425138+00:00" endTime="2022-01-30T06:19:10.5425138+00:00" testType="13cdc9d9-ddb5-4fa4-a97d-d965ccfc6d4b" outcome="Passed" testListId="8c84fa94-04c1-424b-9868-57a2d4851a1d" relativeResultsDirectory="5819afc8-4e8a-4a3a-9b54-eb7c5e8fd0e8" />
    <UnitTestResult executionId="90419704-9ab7-4ba1-9312-d0f43455fd61" testId="f5652070-1b22-f5a7-3f3f-68b37c9184a8" testName="UnitTests.Services.ItemServiceTests.CreateItem_NoItemThrows" computerName="fv-az177-278" duration="00:00:00.0010000" startTime="2022-01-30T06:19:08.9405984+00:00" endTime="2022-01-30T06:19:08.9405984+00:00" testType="13cdc9d9-ddb5-4fa4-a97d-d965ccfc6d4b" outcome="Passed" testListId="8c84fa94-04c1-424b-9868-57a2d4851a1d" relativeResultsDirectory="90419704-9ab7-4ba1-9312-d0f43455fd61" />
    <UnitTestResult executionId="d0b98c6b-5476-43cc-bb17-8f36fe63fd8a" testId="478b61ee-7d85-9dbe-985d-08c590f8666a" testName="UnitTests.Controllers.ItemControllerTests.DeleteItem_Deletes(itemId: 1)" computerName="fv-az177-278" duration="00:00:00.0010000" startTime="2022-01-30T06:19:07.5239109+00:00" endTime="2022-01-30T06:19:07.5239109+00:00" testType="13cdc9d9-ddb5-4fa4-a97d-d965ccfc6d4b" outcome="Passed" testListId="8c84fa94-04c1-424b-9868-57a2d4851a1d" relativeResultsDirectory="d0b98c6b-5476-43cc-bb17-8f36fe63fd8a" />
    <UnitTestResult executionId="42aa33ea-a767-45a7-9564-87c1ddb47bb3" testId="320e3c11-11d1-b3ef-0d2e-5e474f674ff1" testName="UnitTests.Controllers.ModuleApiControllerTests.CanEdit_DefaultsToFalse" computerName="fv-az177-278" duration="00:00:00.0020000" startTime="2022-01-30T06:19:08.8655977+00:00" endTime="2022-01-30T06:19:08.8655977+00:00" testType="13cdc9d9-ddb5-4fa4-a97d-d965ccfc6d4b" outcome="Passed" testListId="8c84fa94-04c1-424b-9868-57a2d4851a1d" relativeResultsDirectory="42aa33ea-a767-45a7-9564-87c1ddb47bb3" />
    <UnitTestResult executionId="4e81b975-eea4-4fa7-9c09-f9acb0a78e38" testId="1c164fbc-1ab1-9884-ccb8-9e84f4c977d0" testName="UnitTests.Services.ItemServiceTests.UpdateItem_NoName_Throws(name: &quot; &quot;)" computerName="fv-az177-278" duration="00:00:00.0010000" startTime="2022-01-30T06:19:08.9215975+00:00" endTime="2022-01-30T06:19:08.9215975+00:00" testType="13cdc9d9-ddb5-4fa4-a97d-d965ccfc6d4b" outcome="Passed" testListId="8c84fa94-04c1-424b-9868-57a2d4851a1d" relativeResultsDirectory="4e81b975-eea4-4fa7-9c09-f9acb0a78e38" />
    <UnitTestResult executionId="ca17a489-c183-4324-9677-ee98d09ee47c" testId="a21637b0-54f8-4fa0-bc3b-95481a9fd90b" testName="UnitTests.Controllers.ModuleExceptionFilterAttributeTests.ArgumentException_BadRequest(exception: System.ArgumentNullException: Value cannot be null.&#xD;&#xA;Parameter name: Null, expectedStatusCode: BadRequest)" computerName="fv-az177-278" duration="00:00:00.0210000" startTime="2022-01-30T06:19:07.7419109+00:00" endTime="2022-01-30T06:19:07.7419109+00:00" testType="13cdc9d9-ddb5-4fa4-a97d-d965ccfc6d4b" outcome="Passed" testListId="8c84fa94-04c1-424b-9868-57a2d4851a1d" relativeResultsDirectory="ca17a489-c183-4324-9677-ee98d09ee47c" />
    <UnitTestResult executionId="632775fe-0034-43b5-a874-0f323895ebfe" testId="ac2a99ba-3563-74a9-7d4c-8e91a58cd097" testName="UnitTests.Data.ModuleDbContextTests.DefaultConstructorThrows" computerName="fv-az177-278" duration="00:00:00.0040000" startTime="2022-01-30T06:19:08.9505987+00:00" endTime="2022-01-30T06:19:08.9505987+00:00" testType="13cdc9d9-ddb5-4fa4-a97d-d965ccfc6d4b" outcome="Passed" testListId="8c84fa94-04c1-424b-9868-57a2d4851a1d" relativeResultsDirectory="632775fe-0034-43b5-a874-0f323895ebfe" />
    <UnitTestResult executionId="d1cb6aa4-6ff2-41ad-b048-99f98be05877" testId="588a2c1b-7788-beb2-ade0-06788d455d25" testName="UnitTests.Controllers.ItemControllerTests.CreateItem_Creates" computerName="fv-az177-278" duration="00:00:00.0800000" startTime="2022-01-30T06:19:07.4779083+00:00" endTime="2022-01-30T06:19:07.4779083+00:00" testType="13cdc9d9-ddb5-4fa4-a97d-d965ccfc6d4b" outcome="Passed" testListId="8c84fa94-04c1-424b-9868-57a2d4851a1d" relativeResultsDirectory="d1cb6aa4-6ff2-41ad-b048-99f98be05877" />
    <UnitTestResult executionId="5c7cebfc-03d6-41f7-9676-b807d0fabc63" testId="ad3412e8-5f64-2020-a5b6-bd4cca8c3b7d" testName="UnitTests.Data.Repositories.GenericRepositoryTests.GenericRepositoryGet" computerName="fv-az177-278" duration="00:00:00.0230000" startTime="2022-01-30T06:19:10.4361702+00:00" endTime="2022-01-30T06:19:10.4361702+00:00" testType="13cdc9d9-ddb5-4fa4-a97d-d965ccfc6d4b" outcome="Passed" testListId="8c84fa94-04c1-424b-9868-57a2d4851a1d" relativeResultsDirectory="5c7cebfc-03d6-41f7-9676-b807d0fabc63" />
    <UnitTestResult executionId="939b30a8-524d-4bfd-9ff1-8be61ec04a6a" testId="96a18501-dea4-70b1-d572-baa1bb120da2" testName="UnitTests.Data.Entities.ItemTests.ItemPropertiesPersist(id: 2, name: &quot;Name2&quot;, description: &quot;Description2&quot;)" computerName="fv-az177-278" duration="00:00:00.0010000" startTime="2022-01-30T06:19:07.6479139+00:00" endTime="2022-01-30T06:19:07.6479139+00:00" testType="13cdc9d9-ddb5-4fa4-a97d-d965ccfc6d4b" outcome="Passed" testListId="8c84fa94-04c1-424b-9868-57a2d4851a1d" relativeResultsDirectory="939b30a8-524d-4bfd-9ff1-8be61ec04a6a" />
    <UnitTestResult executionId="5bcfd683-7661-4cb2-93e0-43158e95ceec" testId="e1c7f76f-6195-c844-23c0-304b47fbae66" testName="UnitTests.Data.Repositories.GenericRepositoryTests.Repository_Create_UsesUserId" computerName="fv-az177-278" duration="00:00:00.0080000" startTime="2022-01-30T06:19:10.4101683+00:00" endTime="2022-01-30T06:19:10.4101683+00:00" testType="13cdc9d9-ddb5-4fa4-a97d-d965ccfc6d4b" outcome="Passed" testListId="8c84fa94-04c1-424b-9868-57a2d4851a1d" relativeResultsDirectory="5bcfd683-7661-4cb2-93e0-43158e95ceec" />
    <UnitTestResult executionId="0d9242ff-0f2e-4b86-af5a-49a5156ed4c9" testId="a21637b0-54f8-4fa0-bc3b-95481a9fd90b" testName="UnitTests.Controllers.ModuleExceptionFilterAttributeTests.ArgumentException_BadRequest(exception: System.TimeoutException: Timed out, expectedStatusCode: RequestTimeout)" computerName="fv-az177-278" duration="00:00:00.0010000" startTime="2022-01-30T06:19:07.7459151+00:00" endTime="2022-01-30T06:19:07.7459151+00:00" testType="13cdc9d9-ddb5-4fa4-a97d-d965ccfc6d4b" outcome="Passed" testListId="8c84fa94-04c1-424b-9868-57a2d4851a1d" relativeResultsDirectory="0d9242ff-0f2e-4b86-af5a-49a5156ed4c9" />
    <UnitTestResult executionId="9647682f-09bb-4ee3-bd2a-09694849a1b4" testId="2d3a68b5-bf4c-0513-b733-5ed612794244" testName="UnitTests.EntensionMethodTests.IQueryable_GetPage_EmptyDoesNotThrow" computerName="fv-az177-278" duration="00:00:00.0250000" startTime="2022-01-30T06:19:10.6615152+00:00" endTime="2022-01-30T06:19:10.6615152+00:00" testType="13cdc9d9-ddb5-4fa4-a97d-d965ccfc6d4b" outcome="Passed" testListId="8c84fa94-04c1-424b-9868-57a2d4851a1d" relativeResultsDirectory="9647682f-09bb-4ee3-bd2a-09694849a1b4" />
  </Results>
  <TestDefinitions>
    <UnitTest name="UnitTests.Controllers.ItemControllerTests.DeleteItem_Deletes(itemId: 1)" storage="d:\a\mymodule20220129\mymodule20220129\unittests\bin\unittests.dll" id="478b61ee-7d85-9dbe-985d-08c590f8666a">
      <Execution id="d0b98c6b-5476-43cc-bb17-8f36fe63fd8a" />
      <TestMethod codeBase="D:\a\MyModule20220129\MyModule20220129\UnitTests\bin\UnitTests.dll" adapterTypeName="executor://xunit/VsTestRunner2/net" className="UnitTests.Controllers.ItemControllerTests" name="DeleteItem_Deletes" />
    </UnitTest>
    <UnitTest name="UnitTests.EntensionMethodTests.IQueryable_IsOrdered_Works(ordered: True, descending: True, lastOrder: False)" storage="d:\a\mymodule20220129\mymodule20220129\unittests\bin\unittests.dll" id="6f0b47a1-9d18-a5d8-8dd1-c8f266712c15">
      <Execution id="09ea97f6-ed2a-45a6-96e6-cf753c483e31" />
      <TestMethod codeBase="D:\a\MyModule20220129\MyModule20220129\UnitTests\bin\UnitTests.dll" adapterTypeName="executor://xunit/VsTestRunner2/net" className="UnitTests.EntensionMethodTests" name="IQueryable_IsOrdered_Works" />
    </UnitTest>
    <UnitTest name="UnitTests.Controllers.ItemControllerTests.UserCanEdit_ReturnsBool(canEdit: False)" storage="d:\a\mymodule20220129\mymodule20220129\unittests\bin\unittests.dll" id="0247c7e7-7d1c-099b-2ac8-81a47ff2509a">
      <Execution id="b7817cee-d64e-4ade-ace9-262b2fbc852a" />
      <TestMethod codeBase="D:\a\MyModule20220129\MyModule20220129\UnitTests\bin\UnitTests.dll" adapterTypeName="executor://xunit/VsTestRunner2/net" className="UnitTests.Controllers.ItemControllerTests" name="UserCanEdit_ReturnsBool" />
    </UnitTest>
    <UnitTest name="UnitTests.EntensionMethodTests.IQueryable_GetPage_PagesProperly(count: 21, page: 1, pageSize: 10, expedtedPages: 3, expectedItems: 10, firstId: 21, descending: True)" storage="d:\a\mymodule20220129\mymodule20220129\unittests\bin\unittests.dll" id="7e661283-b2b2-d632-266b-6af1f3374c08">
      <Execution id="329709f9-4d74-4649-acfd-f73ee5013678" />
      <TestMethod codeBase="D:\a\MyModule20220129\MyModule20220129\UnitTests\bin\UnitTests.dll" adapterTypeName="executor://xunit/VsTestRunner2/net" className="UnitTests.EntensionMethodTests" name="IQueryable_GetPage_PagesProperly" />
    </UnitTest>
    <UnitTest name="UnitTests.Controllers.LocalizationControllerTests.GetLocalization_CallsLocalizationService" storage="d:\a\mymodule20220129\mymodule20220129\unittests\bin\unittests.dll" id="168fc980-36e3-101b-62b1-f5ab71e9fc0d">
      <Execution id="08040972-61f1-430a-9583-cb16f5ff78b9" />
      <TestMethod codeBase="D:\a\MyModule20220129\MyModule20220129\UnitTests\bin\UnitTests.dll" adapterTypeName="executor://xunit/VsTestRunner2/net" className="UnitTests.Controllers.LocalizationControllerTests" name="GetLocalization_CallsLocalizationService" />
    </UnitTest>
    <UnitTest name="UnitTests.Data.ModuleDbContextTests.DefaultConstructorThrows" storage="d:\a\mymodule20220129\mymodule20220129\unittests\bin\unittests.dll" id="ac2a99ba-3563-74a9-7d4c-8e91a58cd097">
      <Execution id="632775fe-0034-43b5-a874-0f323895ebfe" />
      <TestMethod codeBase="D:\a\MyModule20220129\MyModule20220129\UnitTests\bin\UnitTests.dll" adapterTypeName="executor://xunit/VsTestRunner2/net" className="UnitTests.Data.ModuleDbContextTests" name="DefaultConstructorThrows" />
    </UnitTest>
    <UnitTest name="UnitTests.Controllers.ModuleApiControllerTests.CanEdit_DefaultsToFalse" storage="d:\a\mymodule20220129\mymodule20220129\unittests\bin\unittests.dll" id="320e3c11-11d1-b3ef-0d2e-5e474f674ff1">
      <Execution id="42aa33ea-a767-45a7-9564-87c1ddb47bb3" />
      <TestMethod codeBase="D:\a\MyModule20220129\MyModule20220129\UnitTests\bin\UnitTests.dll" adapterTypeName="executor://xunit/VsTestRunner2/net" className="UnitTests.Controllers.ModuleApiControllerTests" name="CanEdit_DefaultsToFalse" />
    </UnitTest>
    <UnitTest name="UnitTests.Data.Repositories.GenericRepositoryTests.GenericRepositoryCreatesAndGetsById" storage="d:\a\mymodule20220129\mymodule20220129\unittests\bin\unittests.dll" id="e6e0a140-85e7-6935-6160-ab95ecfd3c8a">
      <Execution id="04f39d68-5273-4b92-ac41-098f7cc7a42f" />
      <TestMethod codeBase="D:\a\MyModule20220129\MyModule20220129\UnitTests\bin\UnitTests.dll" adapterTypeName="executor://xunit/VsTestRunner2/net" className="UnitTests.Data.Repositories.GenericRepositoryTests" name="GenericRepositoryCreatesAndGetsById" />
    </UnitTest>
    <UnitTest name="UnitTests.Services.ItemServiceTests.GetItemsPage_GetsPages(page: 4, pageSize: 10, descending: False, expectedPages: 3, returnedPage: 3)" storage="d:\a\mymodule20220129\mymodule20220129\unittests\bin\unittests.dll" id="0f141a30-05bd-f4ed-a627-d40adca6b3ca">
      <Execution id="15708801-501c-444f-8308-fc5c84153101" />
      <TestMethod codeBase="D:\a\MyModule20220129\MyModule20220129\UnitTests\bin\UnitTests.dll" adapterTypeName="executor://xunit/VsTestRunner2/net" className="UnitTests.Services.ItemServiceTests" name="GetItemsPage_GetsPages" />
    </UnitTest>
    <UnitTest name="UnitTests.Services.ItemServiceTests.UpdateItem_NoName_Throws(name: &quot; &quot;)" storage="d:\a\mymodule20220129\mymodule20220129\unittests\bin\unittests.dll" id="1c164fbc-1ab1-9884-ccb8-9e84f4c977d0">
      <Execution id="4e81b975-eea4-4fa7-9c09-f9acb0a78e38" />
      <TestMethod codeBase="D:\a\MyModule20220129\MyModule20220129\UnitTests\bin\UnitTests.dll" adapterTypeName="executor://xunit/VsTestRunner2/net" className="UnitTests.Services.ItemServiceTests" name="UpdateItem_NoName_Throws" />
    </UnitTest>
    <UnitTest name="UnitTests.EntensionMethodTests.IQueryable_IsOrdered_Works(ordered: False, descending: False, lastOrder: False)" storage="d:\a\mymodule20220129\mymodule20220129\unittests\bin\unittests.dll" id="2aef35a8-73ad-0c03-c8a4-2b5a1d37af8f">
      <Execution id="1b97c84b-f079-4ec0-aa2c-1e59aa4f62a1" />
      <TestMethod codeBase="D:\a\MyModule20220129\MyModule20220129\UnitTests\bin\UnitTests.dll" adapterTypeName="executor://xunit/VsTestRunner2/net" className="UnitTests.EntensionMethodTests" name="IQueryable_IsOrdered_Works" />
    </UnitTest>
    <UnitTest name="UnitTests.EntensionMethodTests.IQueryable_GetPage_PagesProperly(count: 101, page: 1, pageSize: 50, expedtedPages: 3, expectedItems: 50, firstId: 1, descending: False)" storage="d:\a\mymodule20220129\mymodule20220129\unittests\bin\unittests.dll" id="95a0a379-a9bd-3d99-f720-e626260de7f6">
      <Execution id="b001d9aa-ab2c-4d10-8ee0-3c22d84090d4" />
      <TestMethod codeBase="D:\a\MyModule20220129\MyModule20220129\UnitTests\bin\UnitTests.dll" adapterTypeName="executor://xunit/VsTestRunner2/net" className="UnitTests.EntensionMethodTests" name="IQueryable_GetPage_PagesProperly" />
    </UnitTest>
    <UnitTest name="UnitTests.EntensionMethodTests.IQueryable_GetPage_PagesProperly(count: 0, page: -1, pageSize: -1, expedtedPages: 0, expectedItems: 0, firstId: null, descending: False)" storage="d:\a\mymodule20220129\mymodule20220129\unittests\bin\unittests.dll" id="4bb697d7-9cb3-28c5-7c49-3e60c8ee823d">
      <Execution id="c84ed55a-5caa-49c3-8b0a-9adb1c32bcc5" />
      <TestMethod codeBase="D:\a\MyModule20220129\MyModule20220129\UnitTests\bin\UnitTests.dll" adapterTypeName="executor://xunit/VsTestRunner2/net" className="UnitTests.EntensionMethodTests" name="IQueryable_GetPage_PagesProperly" />
    </UnitTest>
    <UnitTest name="UnitTests.Data.Repositories.GenericRepositoryTests.Repository_Update_UsesuserId" storage="d:\a\mymodule20220129\mymodule20220129\unittests\bin\unittests.dll" id="0ebf358f-9eac-9438-b418-9c6aa81a6377">
      <Execution id="2c0c0fb7-063e-487e-99ed-18a1f5690fc8" />
      <TestMethod codeBase="D:\a\MyModule20220129\MyModule20220129\UnitTests\bin\UnitTests.dll" adapterTypeName="executor://xunit/VsTestRunner2/net" className="UnitTests.Data.Repositories.GenericRepositoryTests" name="Repository_Update_UsesuserId" />
    </UnitTest>
    <UnitTest name="UnitTests.Services.ItemServiceTests.CreateItem_Creates" storage="d:\a\mymodule20220129\mymodule20220129\unittests\bin\unittests.dll" id="a9198ad3-782e-a37c-0b5f-1330f5318f55">
      <Execution id="650d5c24-22d3-4429-a8df-7ab5b603724c" />
      <TestMethod codeBase="D:\a\MyModule20220129\MyModule20220129\UnitTests\bin\UnitTests.dll" adapterTypeName="executor://xunit/VsTestRunner2/net" className="UnitTests.Services.ItemServiceTests" name="CreateItem_Creates" />
    </UnitTest>
    <UnitTest name="UnitTests.Controllers.ValidateModelAttributeTests.OnActionExecuting_Invalid_Works" storage="d:\a\mymodule20220129\mymodule20220129\unittests\bin\unittests.dll" id="61a8ccc9-c5b1-047b-3c97-f777ccc7d30b">
      <Execution id="2c2496ac-abb7-4cca-9935-ebca09864a87" />
      <TestMethod codeBase="D:\a\MyModule20220129\MyModule20220129\UnitTests\bin\UnitTests.dll" adapterTypeName="executor://xunit/VsTestRunner2/net" className="UnitTests.Controllers.ValidateModelAttributeTests" name="OnActionExecuting_Invalid_Works" />
    </UnitTest>
    <UnitTest name="UnitTests.EntensionMethodTests.IQueryable_IsOrdered_Works(ordered: False, descending: True, lastOrder: False)" storage="d:\a\mymodule20220129\mymodule20220129\unittests\bin\unittests.dll" id="b80893de-3e2d-6029-ec19-65c03fd119c3">
      <Execution id="816cfa10-00da-4b1d-a00f-f374aa2bc0c3" />
      <TestMethod codeBase="D:\a\MyModule20220129\MyModule20220129\UnitTests\bin\UnitTests.dll" adapterTypeName="executor://xunit/VsTestRunner2/net" className="UnitTests.EntensionMethodTests" name="IQueryable_IsOrdered_Works" />
    </UnitTest>
    <UnitTest name="UnitTests.Services.ItemServiceTests.GetItemsPage_GetsPages(page: 1, pageSize: 20, descending: False, expectedPages: 2, returnedPage: 1)" storage="d:\a\mymodule20220129\mymodule20220129\unittests\bin\unittests.dll" id="1b051fa0-d4cc-1b32-80bb-d56b714e3066">
      <Execution id="add46cdb-048c-4863-91ab-6adc9df30df4" />
      <TestMethod codeBase="D:\a\MyModule20220129\MyModule20220129\UnitTests\bin\UnitTests.dll" adapterTypeName="executor://xunit/VsTestRunner2/net" className="UnitTests.Services.ItemServiceTests" name="GetItemsPage_GetsPages" />
    </UnitTest>
    <UnitTest name="UnitTests.Data.Repositories.GenericRepositoryTests.GenericRepositoryGet" storage="d:\a\mymodule20220129\mymodule20220129\unittests\bin\unittests.dll" id="ad3412e8-5f64-2020-a5b6-bd4cca8c3b7d">
      <Execution id="5c7cebfc-03d6-41f7-9676-b807d0fabc63" />
      <TestMethod codeBase="D:\a\MyModule20220129\MyModule20220129\UnitTests\bin\UnitTests.dll" adapterTypeName="executor://xunit/VsTestRunner2/net" className="UnitTests.Data.Repositories.GenericRepositoryTests" name="GenericRepositoryGet" />
    </UnitTest>
    <UnitTest name="UnitTests.Data.Repositories.GenericRepositoryTests.GenericRepositoryUpdate_ThrowsWithNullEntity" storage="d:\a\mymodule20220129\mymodule20220129\unittests\bin\unittests.dll" id="24cfa8b0-48c3-8aab-e4c2-88694c220e2c">
      <Execution id="5819afc8-4e8a-4a3a-9b54-eb7c5e8fd0e8" />
      <TestMethod codeBase="D:\a\MyModule20220129\MyModule20220129\UnitTests\bin\UnitTests.dll" adapterTypeName="executor://xunit/VsTestRunner2/net" className="UnitTests.Data.Repositories.GenericRepositoryTests" name="GenericRepositoryUpdate_ThrowsWithNullEntity" />
    </UnitTest>
    <UnitTest name="UnitTests.Services.LoggingServiceTests.LogginService_TestableConstructorLogsError" storage="d:\a\mymodule20220129\mymodule20220129\unittests\bin\unittests.dll" id="ac1c50bc-98fd-036f-fe0f-d46cb187f90e">
      <Execution id="faa010b7-f9d1-4f68-9806-3bdb15db352d" />
      <TestMethod codeBase="D:\a\MyModule20220129\MyModule20220129\UnitTests\bin\UnitTests.dll" adapterTypeName="executor://xunit/VsTestRunner2/net" className="UnitTests.Services.LoggingServiceTests" name="LogginService_TestableConstructorLogsError" />
    </UnitTest>
    <UnitTest name="UnitTests.Data.Repositories.GenericRepositoryTests.GenericRepositoryGetsAll(iterations: 3)" storage="d:\a\mymodule20220129\mymodule20220129\unittests\bin\unittests.dll" id="d15ea2a7-9f9f-b92b-50fa-470898da705d">
      <Execution id="fa930180-02a9-4807-bfb7-6a2d163fa169" />
      <TestMethod codeBase="D:\a\MyModule20220129\MyModule20220129\UnitTests\bin\UnitTests.dll" adapterTypeName="executor://xunit/VsTestRunner2/net" className="UnitTests.Data.Repositories.GenericRepositoryTests" name="GenericRepositoryGetsAll" />
    </UnitTest>
    <UnitTest name="UnitTests.Common.GlobalsTests.ModulePrefixIsValid" storage="d:\a\mymodule20220129\mymodule20220129\unittests\bin\unittests.dll" id="d1c63cb7-1f9a-a8bf-a217-a4cbb4e5f73b">
      <Execution id="961a41e4-0a9b-4ee1-a98b-124ef79e7138" />
      <TestMethod codeBase="D:\a\MyModule20220129\MyModule20220129\UnitTests\bin\UnitTests.dll" adapterTypeName="executor://xunit/VsTestRunner2/net" className="UnitTests.Common.GlobalsTests" name="ModulePrefixIsValid" />
    </UnitTest>
    <UnitTest name="UnitTests.Data.Entities.ItemTests.ItemPropertiesPersist(id: 2, name: &quot;Name2&quot;, description: &quot;Description2&quot;)" storage="d:\a\mymodule20220129\mymodule20220129\unittests\bin\unittests.dll" id="96a18501-dea4-70b1-d572-baa1bb120da2">
      <Execution id="939b30a8-524d-4bfd-9ff1-8be61ec04a6a" />
      <TestMethod codeBase="D:\a\MyModule20220129\MyModule20220129\UnitTests\bin\UnitTests.dll" adapterTypeName="executor://xunit/VsTestRunner2/net" className="UnitTests.Data.Entities.ItemTests" name="ItemPropertiesPersist" />
    </UnitTest>
    <UnitTest name="UnitTests.Controllers.ServiceRouteMapperTests.RegisterRoutes_RegistersAtLestOneRoute" storage="d:\a\mymodule20220129\mymodule20220129\unittests\bin\unittests.dll" id="986d7e6e-d04d-b204-b01c-fbb8f09c7774">
      <Execution id="623ce689-3eb1-4d85-895e-d52820e6a0cb" />
      <TestMethod codeBase="D:\a\MyModule20220129\MyModule20220129\UnitTests\bin\UnitTests.dll" adapterTypeName="executor://xunit/VsTestRunner2/net" className="UnitTests.Controllers.ServiceRouteMapperTests" name="RegisterRoutes_RegistersAtLestOneRoute" />
    </UnitTest>
    <UnitTest name="UnitTests.EntensionMethodTests.IQueryable_GetPage_PagesProperly(count: 10, page: 1, pageSize: 10, expedtedPages: 1, expectedItems: 10, firstId: 1, descending: False)" storage="d:\a\mymodule20220129\mymodule20220129\unittests\bin\unittests.dll" id="9207202d-19b8-8eb5-74dc-6aa5d849467c">
      <Execution id="b94948d5-a96c-48c1-b276-fcd993a1a5b2" />
      <TestMethod codeBase="D:\a\MyModule20220129\MyModule20220129\UnitTests\bin\UnitTests.dll" adapterTypeName="executor://xunit/VsTestRunner2/net" className="UnitTests.EntensionMethodTests" name="IQueryable_GetPage_PagesProperly" />
    </UnitTest>
    <UnitTest name="UnitTests.Controllers.ModuleExceptionFilterAttributeTests.SystemException_DoesNotExposeDetails" storage="d:\a\mymodule20220129\mymodule20220129\unittests\bin\unittests.dll" id="1a74e347-4470-5271-97ab-1ebaf8693270">
      <Execution id="58ce4953-489d-4c87-83b6-0cdc03531a44" />
      <TestMethod codeBase="D:\a\MyModule20220129\MyModule20220129\UnitTests\bin\UnitTests.dll" adapterTypeName="executor://xunit/VsTestRunner2/net" className="UnitTests.Controllers.ModuleExceptionFilterAttributeTests" name="SystemException_DoesNotExposeDetails" />
    </UnitTest>
    <UnitTest name="UnitTests.Data.Repositories.GenericRepositoryTests.GenericRepositoryConstructs" storage="d:\a\mymodule20220129\mymodule20220129\unittests\bin\unittests.dll" id="e4f8faa7-d0ad-86e6-1579-7bd52372b4c3">
      <Execution id="a4d2fc2d-6a02-4719-93b6-a4e2f436e249" />
      <TestMethod codeBase="D:\a\MyModule20220129\MyModule20220129\UnitTests\bin\UnitTests.dll" adapterTypeName="executor://xunit/VsTestRunner2/net" className="UnitTests.Data.Repositories.GenericRepositoryTests" name="GenericRepositoryConstructs" />
    </UnitTest>
    <UnitTest name="UnitTests.Data.Repositories.GenericRepositoryTests.Repository_DeleteMissing_DoesNotThrow" storage="d:\a\mymodule20220129\mymodule20220129\unittests\bin\unittests.dll" id="f754f777-4449-23e8-f4ec-917f49117de2">
      <Execution id="4cfb8913-cde7-4d54-a89c-39d8699ff543" />
      <TestMethod codeBase="D:\a\MyModule20220129\MyModule20220129\UnitTests\bin\UnitTests.dll" adapterTypeName="executor://xunit/VsTestRunner2/net" className="UnitTests.Data.Repositories.GenericRepositoryTests" name="Repository_DeleteMissing_DoesNotThrow" />
    </UnitTest>
    <UnitTest name="UnitTests.Services.ItemServiceTests.UpdateItem_NoName_Throws(name: null)" storage="d:\a\mymodule20220129\mymodule20220129\unittests\bin\unittests.dll" id="b76e01b1-6afe-f33b-c6a9-ea3347176509">
      <Execution id="37d16bf4-5b60-4569-8d6f-65df3702452b" />
      <TestMethod codeBase="D:\a\MyModule20220129\MyModule20220129\UnitTests\bin\UnitTests.dll" adapterTypeName="executor://xunit/VsTestRunner2/net" className="UnitTests.Services.ItemServiceTests" name="UpdateItem_NoName_Throws" />
    </UnitTest>
    <UnitTest name="UnitTests.EntensionMethodTests.IQueryable_IsOrdered_Works(ordered: True, descending: False, lastOrder: True)" storage="d:\a\mymodule20220129\mymodule20220129\unittests\bin\unittests.dll" id="3140ebc5-2430-06b3-4257-a6794b9b09ac">
      <Execution id="74105a39-8036-4756-bb53-f169c4299ce8" />
      <TestMethod codeBase="D:\a\MyModule20220129\MyModule20220129\UnitTests\bin\UnitTests.dll" adapterTypeName="executor://xunit/VsTestRunner2/net" className="UnitTests.EntensionMethodTests" name="IQueryable_IsOrdered_Works" />
    </UnitTest>
    <UnitTest name="UnitTests.Services.ItemServiceTests.CreateItem_NoNameThrows" storage="d:\a\mymodule20220129\mymodule20220129\unittests\bin\unittests.dll" id="19b6234c-c2df-2304-54f9-54b0da4cd6ba">
      <Execution id="9129ebe8-4376-4cbb-8c9e-e0c5a16f1d21" />
      <TestMethod codeBase="D:\a\MyModule20220129\MyModule20220129\UnitTests\bin\UnitTests.dll" adapterTypeName="executor://xunit/VsTestRunner2/net" className="UnitTests.Services.ItemServiceTests" name="CreateItem_NoNameThrows" />
    </UnitTest>
    <UnitTest name="UnitTests.Services.ItemServiceTests.DeleteItem_Deletes" storage="d:\a\mymodule20220129\mymodule20220129\unittests\bin\unittests.dll" id="e6610648-e456-1c64-d2b1-7e1242b871a8">
      <Execution id="069ce27b-e968-40aa-9d4b-5ab7073cfa2e" />
      <TestMethod codeBase="D:\a\MyModule20220129\MyModule20220129\UnitTests\bin\UnitTests.dll" adapterTypeName="executor://xunit/VsTestRunner2/net" className="UnitTests.Services.ItemServiceTests" name="DeleteItem_Deletes" />
    </UnitTest>
    <UnitTest name="UnitTests.Data.Entities.ItemTests.ItemConstructsProperly" storage="d:\a\mymodule20220129\mymodule20220129\unittests\bin\unittests.dll" id="572fc310-4b67-9555-f147-153d39f2eb82">
      <Execution id="f53a0465-d720-4929-8526-b52491ea33dc" />
      <TestMethod codeBase="D:\a\MyModule20220129\MyModule20220129\UnitTests\bin\UnitTests.dll" adapterTypeName="executor://xunit/VsTestRunner2/net" className="UnitTests.Data.Entities.ItemTests" name="ItemConstructsProperly" />
    </UnitTest>
    <UnitTest name="UnitTests.EntensionMethodTests.IQueryable_IsOrdered_Works(ordered: True, descending: True, lastOrder: True)" storage="d:\a\mymodule20220129\mymodule20220129\unittests\bin\unittests.dll" id="f46af852-6230-3d31-e31c-2959bffd491f">
      <Execution id="f873c0e9-e4b3-4f3b-a223-83c4a2f01ec0" />
      <TestMethod codeBase="D:\a\MyModule20220129\MyModule20220129\UnitTests\bin\UnitTests.dll" adapterTypeName="executor://xunit/VsTestRunner2/net" className="UnitTests.EntensionMethodTests" name="IQueryable_IsOrdered_Works" />
    </UnitTest>
    <UnitTest name="UnitTests.Services.ItemServiceTests.GetItemsPage_GetsPages(page: 1, pageSize: 10, descending: False, expectedPages: 3, returnedPage: 1)" storage="d:\a\mymodule20220129\mymodule20220129\unittests\bin\unittests.dll" id="19223079-ea41-5691-855c-970af1a1e611">
      <Execution id="7157f7ad-ecf5-455e-9e8e-ccbf0d296934" />
      <TestMethod codeBase="D:\a\MyModule20220129\MyModule20220129\UnitTests\bin\UnitTests.dll" adapterTypeName="executor://xunit/VsTestRunner2/net" className="UnitTests.Services.ItemServiceTests" name="GetItemsPage_GetsPages" />
    </UnitTest>
    <UnitTest name="UnitTests.Services.ItemServiceTests.UpdateItem_NoName_Throws(name: &quot;&quot;)" storage="d:\a\mymodule20220129\mymodule20220129\unittests\bin\unittests.dll" id="3cbfa5d3-e0f6-eff8-ed5c-556fa1f3e131">
      <Execution id="39148b2b-7617-49a5-a6dd-f41f9f8112b9" />
      <TestMethod codeBase="D:\a\MyModule20220129\MyModule20220129\UnitTests\bin\UnitTests.dll" adapterTypeName="executor://xunit/VsTestRunner2/net" className="UnitTests.Services.ItemServiceTests" name="UpdateItem_NoName_Throws" />
    </UnitTest>
    <UnitTest name="UnitTests.Services.LoggingServiceTests.LogginService_TestableConstructorLogsErrorWithException" storage="d:\a\mymodule20220129\mymodule20220129\unittests\bin\unittests.dll" id="9168bdef-a759-f4d6-b890-b643e17324cf">
      <Execution id="a6390080-86e8-4e1d-a7a0-56f1ff940f5b" />
      <TestMethod codeBase="D:\a\MyModule20220129\MyModule20220129\UnitTests\bin\UnitTests.dll" adapterTypeName="executor://xunit/VsTestRunner2/net" className="UnitTests.Services.LoggingServiceTests" name="LogginService_TestableConstructorLogsErrorWithException" />
    </UnitTest>
    <UnitTest name="UnitTests.EntensionMethodTests.IQueryable_GetPage_PagesProperly(count: 20, page: 2, pageSize: 10, expedtedPages: 2, expectedItems: 10, firstId: 11, descending: False)" storage="d:\a\mymodule20220129\mymodule20220129\unittests\bin\unittests.dll" id="2695f427-ed7b-9f97-5696-f97a7702128c">
      <Execution id="610535de-aeb6-437e-8782-60eb6a5a16ef" />
      <TestMethod codeBase="D:\a\MyModule20220129\MyModule20220129\UnitTests\bin\UnitTests.dll" adapterTypeName="executor://xunit/VsTestRunner2/net" className="UnitTests.EntensionMethodTests" name="IQueryable_GetPage_PagesProperly" />
    </UnitTest>
    <UnitTest name="UnitTests.EntensionMethodTests.IQueryable_IsOrdered_Works(ordered: False, descending: True, lastOrder: True)" storage="d:\a\mymodule20220129\mymodule20220129\unittests\bin\unittests.dll" id="d5b75914-a4f0-1327-0212-c8781f6dfe81">
      <Execution id="9150c13d-e7af-4fe9-b5b5-81d2b5bab52e" />
      <TestMethod codeBase="D:\a\MyModule20220129\MyModule20220129\UnitTests\bin\UnitTests.dll" adapterTypeName="executor://xunit/VsTestRunner2/net" className="UnitTests.EntensionMethodTests" name="IQueryable_IsOrdered_Works" />
    </UnitTest>
    <UnitTest name="UnitTests.Controllers.ItemControllerTests.UserCanEdit_ReturnsBool(canEdit: True)" storage="d:\a\mymodule20220129\mymodule20220129\unittests\bin\unittests.dll" id="aec60494-3c2e-8ec9-f948-da5bb2043983">
      <Execution id="da7367fb-ada7-410e-84e2-20cc1c99d564" />
      <TestMethod codeBase="D:\a\MyModule20220129\MyModule20220129\UnitTests\bin\UnitTests.dll" adapterTypeName="executor://xunit/VsTestRunner2/net" className="UnitTests.Controllers.ItemControllerTests" name="UserCanEdit_ReturnsBool" />
    </UnitTest>
    <UnitTest name="UnitTests.Services.ItemServiceTests.GetItemsPage_GetsPages(page: 0, pageSize: 0, descending: True, expectedPages: 30, returnedPage: 1)" storage="d:\a\mymodule20220129\mymodule20220129\unittests\bin\unittests.dll" id="0864c31d-6119-84d6-7f52-9d349dabbe84">
      <Execution id="f3ecdf7e-1436-4b17-8f85-566d7127f796" />
      <TestMethod codeBase="D:\a\MyModule20220129\MyModule20220129\UnitTests\bin\UnitTests.dll" adapterTypeName="executor://xunit/VsTestRunner2/net" className="UnitTests.Services.ItemServiceTests" name="GetItemsPage_GetsPages" />
    </UnitTest>
    <UnitTest name="UnitTests.EntensionMethodTests.IQueryable_GetPage_EmptyDoesNotThrow" storage="d:\a\mymodule20220129\mymodule20220129\unittests\bin\unittests.dll" id="2d3a68b5-bf4c-0513-b733-5ed612794244">
      <Execution id="9647682f-09bb-4ee3-bd2a-09694849a1b4" />
      <TestMethod codeBase="D:\a\MyModule20220129\MyModule20220129\UnitTests\bin\UnitTests.dll" adapterTypeName="executor://xunit/VsTestRunner2/net" className="UnitTests.EntensionMethodTests" name="IQueryable_GetPage_EmptyDoesNotThrow" />
    </UnitTest>
    <UnitTest name="UnitTests.Controllers.ModuleApiControllerTests.HasUserInfo" storage="d:\a\mymodule20220129\mymodule20220129\unittests\bin\unittests.dll" id="bae3532a-4a9e-c4ab-fc66-4dfa22d16170">
      <Execution id="7f5dc60b-b2c1-4f44-ae15-6f92615292ea" />
      <TestMethod codeBase="D:\a\MyModule20220129\MyModule20220129\UnitTests\bin\UnitTests.dll" adapterTypeName="executor://xunit/VsTestRunner2/net" className="UnitTests.Controllers.ModuleApiControllerTests" name="HasUserInfo" />
    </UnitTest>
    <UnitTest name="UnitTests.Services.ItemServiceTests.UpdateItem_NoName_Throws(name: &quot;  &quot;)" storage="d:\a\mymodule20220129\mymodule20220129\unittests\bin\unittests.dll" id="92b7b9f6-1294-7ea1-ffa3-91fba85074d4">
      <Execution id="cce2f77b-df47-4495-9468-2bdf8010b40b" />
      <TestMethod codeBase="D:\a\MyModule20220129\MyModule20220129\UnitTests\bin\UnitTests.dll" adapterTypeName="executor://xunit/VsTestRunner2/net" className="UnitTests.Services.ItemServiceTests" name="UpdateItem_NoName_Throws" />
    </UnitTest>
    <UnitTest name="UnitTests.Data.Repositories.GenericRepositoryTests.Repository_Create_DefaultAudit" storage="d:\a\mymodule20220129\mymodule20220129\unittests\bin\unittests.dll" id="ae39aa62-5ff2-56e7-d00e-ef116d711d51">
      <Execution id="af3dcc89-2a2b-414f-98e3-539ccd1c366a" />
      <TestMethod codeBase="D:\a\MyModule20220129\MyModule20220129\UnitTests\bin\UnitTests.dll" adapterTypeName="executor://xunit/VsTestRunner2/net" className="UnitTests.Data.Repositories.GenericRepositoryTests" name="Repository_Create_DefaultAudit" />
    </UnitTest>
    <UnitTest name="UnitTests.Controllers.ValidateModelAttributeTests.OnActionExecuting_Valid_Works" storage="d:\a\mymodule20220129\mymodule20220129\unittests\bin\unittests.dll" id="e55f1742-c16d-5086-2251-ad3372dd48f5">
      <Execution id="79e69fa9-3c56-425c-9a60-da41e2121c7e" />
      <TestMethod codeBase="D:\a\MyModule20220129\MyModule20220129\UnitTests\bin\UnitTests.dll" adapterTypeName="executor://xunit/VsTestRunner2/net" className="UnitTests.Controllers.ValidateModelAttributeTests" name="OnActionExecuting_Valid_Works" />
    </UnitTest>
    <UnitTest name="UnitTests.Data.Repositories.GenericRepositoryTests.GenericRepositoryGetsAll(iterations: 1)" storage="d:\a\mymodule20220129\mymodule20220129\unittests\bin\unittests.dll" id="d16880d7-fb44-f209-43d9-ba2e0e1875de">
      <Execution id="76125a77-984b-4bc8-a8f5-9205aef9c083" />
      <TestMethod codeBase="D:\a\MyModule20220129\MyModule20220129\UnitTests\bin\UnitTests.dll" adapterTypeName="executor://xunit/VsTestRunner2/net" className="UnitTests.Data.Repositories.GenericRepositoryTests" name="GenericRepositoryGetsAll" />
    </UnitTest>
    <UnitTest name="UnitTests.Services.ItemServiceTests.UpdateItem_NullDto_Throws" storage="d:\a\mymodule20220129\mymodule20220129\unittests\bin\unittests.dll" id="263c08b1-704a-f3c2-309e-6dee831dbdc9">
      <Execution id="3e9f7214-4700-4869-a9d1-522b26a4debc" />
      <TestMethod codeBase="D:\a\MyModule20220129\MyModule20220129\UnitTests\bin\UnitTests.dll" adapterTypeName="executor://xunit/VsTestRunner2/net" className="UnitTests.Services.ItemServiceTests" name="UpdateItem_NullDto_Throws" />
    </UnitTest>
    <UnitTest name="UnitTests.Services.LoggingServiceTests.LoggingService_DefaultConstructorExists" storage="d:\a\mymodule20220129\mymodule20220129\unittests\bin\unittests.dll" id="8ba31d1b-48e3-e04e-cff0-b927c63b4a19">
      <Execution id="bfb1aa4a-ba43-4955-a490-6e4da202d2b8" />
      <TestMethod codeBase="D:\a\MyModule20220129\MyModule20220129\UnitTests\bin\UnitTests.dll" adapterTypeName="executor://xunit/VsTestRunner2/net" className="UnitTests.Services.LoggingServiceTests" name="LoggingService_DefaultConstructorExists" />
    </UnitTest>
    <UnitTest name="UnitTests.EntensionMethodTests.IQueryable_IsOrdered_ThrowsWithNull" storage="d:\a\mymodule20220129\mymodule20220129\unittests\bin\unittests.dll" id="73fc5149-51d6-8241-9c9f-f48c28e448e3">
      <Execution id="f2c57ca7-d8b2-4a5e-ad2b-53e1e6f59213" />
      <TestMethod codeBase="D:\a\MyModule20220129\MyModule20220129\UnitTests\bin\UnitTests.dll" adapterTypeName="executor://xunit/VsTestRunner2/net" className="UnitTests.EntensionMethodTests" name="IQueryable_IsOrdered_ThrowsWithNull" />
    </UnitTest>
    <UnitTest name="UnitTests.Data.Repositories.GenericRepositoryTests.GenericRepositoryCreate_ThrowsWithNullEntity" storage="d:\a\mymodule20220129\mymodule20220129\unittests\bin\unittests.dll" id="36689490-09d4-917f-648a-70dcfcfede10">
      <Execution id="ead23270-48a3-4e8e-a8e6-8f1927aa7a48" />
      <TestMethod codeBase="D:\a\MyModule20220129\MyModule20220129\UnitTests\bin\UnitTests.dll" adapterTypeName="executor://xunit/VsTestRunner2/net" className="UnitTests.Data.Repositories.GenericRepositoryTests" name="GenericRepositoryCreate_ThrowsWithNullEntity" />
    </UnitTest>
    <UnitTest name="UnitTests.Controllers.ItemControllerTests.CreateItem_Creates" storage="d:\a\mymodule20220129\mymodule20220129\unittests\bin\unittests.dll" id="588a2c1b-7788-beb2-ade0-06788d455d25">
      <Execution id="d1cb6aa4-6ff2-41ad-b048-99f98be05877" />
      <TestMethod codeBase="D:\a\MyModule20220129\MyModule20220129\UnitTests\bin\UnitTests.dll" adapterTypeName="executor://xunit/VsTestRunner2/net" className="UnitTests.Controllers.ItemControllerTests" name="CreateItem_Creates" />
    </UnitTest>
    <UnitTest name="UnitTests.Controllers.ModuleApiControllerTests.CanEdit_Set_Throws" storage="d:\a\mymodule20220129\mymodule20220129\unittests\bin\unittests.dll" id="5f92ec4d-d570-0452-b891-d4cee75db9dd">
      <Execution id="a0bbe662-3f0f-474a-89b8-fc91622e7b45" />
      <TestMethod codeBase="D:\a\MyModule20220129\MyModule20220129\UnitTests\bin\UnitTests.dll" adapterTypeName="executor://xunit/VsTestRunner2/net" className="UnitTests.Controllers.ModuleApiControllerTests" name="CanEdit_Set_Throws" />
    </UnitTest>
    <UnitTest name="UnitTests.Data.Repositories.GenericRepositoryTests.Repository_Create_UsesUserId" storage="d:\a\mymodule20220129\mymodule20220129\unittests\bin\unittests.dll" id="e1c7f76f-6195-c844-23c0-304b47fbae66">
      <Execution id="5bcfd683-7661-4cb2-93e0-43158e95ceec" />
      <TestMethod codeBase="D:\a\MyModule20220129\MyModule20220129\UnitTests\bin\UnitTests.dll" adapterTypeName="executor://xunit/VsTestRunner2/net" className="UnitTests.Data.Repositories.GenericRepositoryTests" name="Repository_Create_UsesUserId" />
    </UnitTest>
    <UnitTest name="UnitTests.Controllers.ItemControllerTests.UpdateItem_Updates" storage="d:\a\mymodule20220129\mymodule20220129\unittests\bin\unittests.dll" id="315adde5-f36d-a74f-aa46-fb22a0f78cd9">
      <Execution id="217cf533-4abe-4839-b326-b3ad39160f33" />
      <TestMethod codeBase="D:\a\MyModule20220129\MyModule20220129\UnitTests\bin\UnitTests.dll" adapterTypeName="executor://xunit/VsTestRunner2/net" className="UnitTests.Controllers.ItemControllerTests" name="UpdateItem_Updates" />
    </UnitTest>
    <UnitTest name="UnitTests.Controllers.ModuleExceptionFilterAttributeTests.ArgumentException_BadRequest" storage="d:\a\mymodule20220129\mymodule20220129\unittests\bin\unittests.dll" id="a21637b0-54f8-4fa0-bc3b-95481a9fd90b">
      <Execution id="ca17a489-c183-4324-9677-ee98d09ee47c" />
      <TestMethod codeBase="D:\a\MyModule20220129\MyModule20220129\UnitTests\bin\UnitTests.dll" adapterTypeName="executor://xunit/VsTestRunner2/net" className="UnitTests.Controllers.ModuleExceptionFilterAttributeTests" name="ArgumentException_BadRequest" />
    </UnitTest>
    <UnitTest name="UnitTests.Controllers.ModuleExceptionFilterAttributeTests.NoException_DoesNothing" storage="d:\a\mymodule20220129\mymodule20220129\unittests\bin\unittests.dll" id="113f48ce-a6a3-c5df-7589-ba5a5fcb9c59">
      <Execution id="88dbdafc-7bf4-497e-99f3-875daf680f6b" />
      <TestMethod codeBase="D:\a\MyModule20220129\MyModule20220129\UnitTests\bin\UnitTests.dll" adapterTypeName="executor://xunit/VsTestRunner2/net" className="UnitTests.Controllers.ModuleExceptionFilterAttributeTests" name="NoException_DoesNothing" />
    </UnitTest>
    <UnitTest name="UnitTests.Controllers.ItemControllerTests.GetItemsPage_GetsProperPages" storage="d:\a\mymodule20220129\mymodule20220129\unittests\bin\unittests.dll" id="1017c6c1-9dd0-57dc-36e7-bb573d02562e">
      <Execution id="cdefaa97-46ac-4e4a-b245-1d1b1a30cd42" />
      <TestMethod codeBase="D:\a\MyModule20220129\MyModule20220129\UnitTests\bin\UnitTests.dll" adapterTypeName="executor://xunit/VsTestRunner2/net" className="UnitTests.Controllers.ItemControllerTests" name="GetItemsPage_GetsProperPages" />
    </UnitTest>
    <UnitTest name="UnitTests.Data.Repositories.GenericRepositoryTests.GenericRepositoryDeletes" storage="d:\a\mymodule20220129\mymodule20220129\unittests\bin\unittests.dll" id="0bc54975-0bff-692e-a9b3-fc69f2c95a39">
      <Execution id="d18804bf-2caf-4bb6-a140-63ff1a06ce28" />
      <TestMethod codeBase="D:\a\MyModule20220129\MyModule20220129\UnitTests\bin\UnitTests.dll" adapterTypeName="executor://xunit/VsTestRunner2/net" className="UnitTests.Data.Repositories.GenericRepositoryTests" name="GenericRepositoryDeletes" />
    </UnitTest>
    <UnitTest name="UnitTests.Controllers.ItemControllerTests.DeleteItem_Deletes(itemId: 10)" storage="d:\a\mymodule20220129\mymodule20220129\unittests\bin\unittests.dll" id="d6094ca1-b65b-5133-f464-9f7d01f0d023">
      <Execution id="cf6a411a-f527-42f1-acf0-ab7323a6784f" />
      <TestMethod codeBase="D:\a\MyModule20220129\MyModule20220129\UnitTests\bin\UnitTests.dll" adapterTypeName="executor://xunit/VsTestRunner2/net" className="UnitTests.Controllers.ItemControllerTests" name="DeleteItem_Deletes" />
    </UnitTest>
    <UnitTest name="UnitTests.Data.Repositories.GenericRepositoryTests.GenericRepositoryUpdates" storage="d:\a\mymodule20220129\mymodule20220129\unittests\bin\unittests.dll" id="70ede014-c412-e387-bb98-e95b3b42090d">
      <Execution id="8ca512c1-19d7-47ff-9545-37ed9326020f" />
      <TestMethod codeBase="D:\a\MyModule20220129\MyModule20220129\UnitTests\bin\UnitTests.dll" adapterTypeName="executor://xunit/VsTestRunner2/net" className="UnitTests.Data.Repositories.GenericRepositoryTests" name="GenericRepositoryUpdates" />
    </UnitTest>
    <UnitTest name="UnitTests.Data.Repositories.GenericRepositoryTests.Repository_Update_DefaultAudit" storage="d:\a\mymodule20220129\mymodule20220129\unittests\bin\unittests.dll" id="44b00d3a-bad7-aefd-141c-4a35b11463b2">
      <Execution id="8cff8346-3bc4-4704-8346-179b24ec73ea" />
      <TestMethod codeBase="D:\a\MyModule20220129\MyModule20220129\UnitTests\bin\UnitTests.dll" adapterTypeName="executor://xunit/VsTestRunner2/net" className="UnitTests.Data.Repositories.GenericRepositoryTests" name="Repository_Update_DefaultAudit" />
    </UnitTest>
    <UnitTest name="UnitTests.Services.ItemServiceTests.UpdateItem_Updates" storage="d:\a\mymodule20220129\mymodule20220129\unittests\bin\unittests.dll" id="130d9133-361f-a0da-f15e-423eb98947ac">
      <Execution id="c1ccbe93-edc1-4d4f-82f5-f23433a1cbc5" />
      <TestMethod codeBase="D:\a\MyModule20220129\MyModule20220129\UnitTests\bin\UnitTests.dll" adapterTypeName="executor://xunit/VsTestRunner2/net" className="UnitTests.Services.ItemServiceTests" name="UpdateItem_Updates" />
    </UnitTest>
    <UnitTest name="UnitTests.Data.Repositories.GenericRepositoryTests.GenericRepositoryGetsAll(iterations: 2)" storage="d:\a\mymodule20220129\mymodule20220129\unittests\bin\unittests.dll" id="ffe5c770-9b99-42c0-ce21-7e50cccf4385">
      <Execution id="f7661fc7-9b62-4144-a0cb-7db97cb51bb7" />
      <TestMethod codeBase="D:\a\MyModule20220129\MyModule20220129\UnitTests\bin\UnitTests.dll" adapterTypeName="executor://xunit/VsTestRunner2/net" className="UnitTests.Data.Repositories.GenericRepositoryTests" name="GenericRepositoryGetsAll" />
    </UnitTest>
    <UnitTest name="UnitTests.Data.Repositories.GenericRepositoryTests.GenericRepositoryGetsAll(iterations: 0)" storage="d:\a\mymodule20220129\mymodule20220129\unittests\bin\unittests.dll" id="4fe0dd0f-2fa0-9c42-e816-a6df28150b72">
      <Execution id="cd0113dc-e294-41c1-b9c3-35ce7c562658" />
      <TestMethod codeBase="D:\a\MyModule20220129\MyModule20220129\UnitTests\bin\UnitTests.dll" adapterTypeName="executor://xunit/VsTestRunner2/net" className="UnitTests.Data.Repositories.GenericRepositoryTests" name="GenericRepositoryGetsAll" />
    </UnitTest>
    <UnitTest name="UnitTests.EntensionMethodTests.IQueryable_IsOrdered_Works(ordered: False, descending: False, lastOrder: True)" storage="d:\a\mymodule20220129\mymodule20220129\unittests\bin\unittests.dll" id="0dc5a512-bfd0-bc80-f676-16e6d961ec4d">
      <Execution id="a6f773ed-f004-4c49-86fc-447e235c5610" />
      <TestMethod codeBase="D:\a\MyModule20220129\MyModule20220129\UnitTests\bin\UnitTests.dll" adapterTypeName="executor://xunit/VsTestRunner2/net" className="UnitTests.EntensionMethodTests" name="IQueryable_IsOrdered_Works" />
    </UnitTest>
    <UnitTest name="UnitTests.EntensionMethodTests.IQueryable_GetPage_PagesProperly(count: 0, page: 0, pageSize: 0, expedtedPages: 0, expectedItems: 0, firstId: null, descending: False)" storage="d:\a\mymodule20220129\mymodule20220129\unittests\bin\unittests.dll" id="8bbc68bc-7714-d990-1480-dfaedaafbd62">
      <Execution id="4a84fe5f-69a4-46bb-b462-2ac9ef001496" />
      <TestMethod codeBase="D:\a\MyModule20220129\MyModule20220129\UnitTests\bin\UnitTests.dll" adapterTypeName="executor://xunit/VsTestRunner2/net" className="UnitTests.EntensionMethodTests" name="IQueryable_GetPage_PagesProperly" />
    </UnitTest>
    <UnitTest name="UnitTests.Services.ItemServiceTests.CreateItem_NoItemThrows" storage="d:\a\mymodule20220129\mymodule20220129\unittests\bin\unittests.dll" id="f5652070-1b22-f5a7-3f3f-68b37c9184a8">
      <Execution id="90419704-9ab7-4ba1-9312-d0f43455fd61" />
      <TestMethod codeBase="D:\a\MyModule20220129\MyModule20220129\UnitTests\bin\UnitTests.dll" adapterTypeName="executor://xunit/VsTestRunner2/net" className="UnitTests.Services.ItemServiceTests" name="CreateItem_NoItemThrows" />
    </UnitTest>
    <UnitTest name="UnitTests.Data.Entities.ItemTests.ItemPropertiesPersist(id: 1, name: &quot;Name1&quot;, description: &quot;Description1&quot;)" storage="d:\a\mymodule20220129\mymodule20220129\unittests\bin\unittests.dll" id="392ed628-2028-c945-b97e-893658a1e82b">
      <Execution id="0e4753de-1826-44c1-90b4-16947550d0e2" />
      <TestMethod codeBase="D:\a\MyModule20220129\MyModule20220129\UnitTests\bin\UnitTests.dll" adapterTypeName="executor://xunit/VsTestRunner2/net" className="UnitTests.Data.Entities.ItemTests" name="ItemPropertiesPersist" />
    </UnitTest>
    <UnitTest name="UnitTests.EntensionMethodTests.IQueryable_IsOrdered_Works(ordered: True, descending: False, lastOrder: False)" storage="d:\a\mymodule20220129\mymodule20220129\unittests\bin\unittests.dll" id="b72028ed-e29e-ac6a-9e2e-bf700facee4e">
      <Execution id="42c166e5-1ac3-480f-8db7-89c575186543" />
      <TestMethod codeBase="D:\a\MyModule20220129\MyModule20220129\UnitTests\bin\UnitTests.dll" adapterTypeName="executor://xunit/VsTestRunner2/net" className="UnitTests.EntensionMethodTests" name="IQueryable_IsOrdered_Works" />
    </UnitTest>
  </TestDefinitions>
  <TestEntries>
    <TestEntry testId="ac1c50bc-98fd-036f-fe0f-d46cb187f90e" executionId="faa010b7-f9d1-4f68-9806-3bdb15db352d" testListId="8c84fa94-04c1-424b-9868-57a2d4851a1d" />
    <TestEntry testId="9168bdef-a759-f4d6-b890-b643e17324cf" executionId="a6390080-86e8-4e1d-a7a0-56f1ff940f5b" testListId="8c84fa94-04c1-424b-9868-57a2d4851a1d" />
    <TestEntry testId="f46af852-6230-3d31-e31c-2959bffd491f" executionId="f873c0e9-e4b3-4f3b-a223-83c4a2f01ec0" testListId="8c84fa94-04c1-424b-9868-57a2d4851a1d" />
    <TestEntry testId="44b00d3a-bad7-aefd-141c-4a35b11463b2" executionId="8cff8346-3bc4-4704-8346-179b24ec73ea" testListId="8c84fa94-04c1-424b-9868-57a2d4851a1d" />
    <TestEntry testId="a21637b0-54f8-4fa0-bc3b-95481a9fd90b" executionId="c21d62ec-bc73-4f34-9d8a-656a85d35e15" testListId="8c84fa94-04c1-424b-9868-57a2d4851a1d" />
    <TestEntry testId="92b7b9f6-1294-7ea1-ffa3-91fba85074d4" executionId="cce2f77b-df47-4495-9468-2bdf8010b40b" testListId="8c84fa94-04c1-424b-9868-57a2d4851a1d" />
    <TestEntry testId="8bbc68bc-7714-d990-1480-dfaedaafbd62" executionId="4a84fe5f-69a4-46bb-b462-2ac9ef001496" testListId="8c84fa94-04c1-424b-9868-57a2d4851a1d" />
    <TestEntry testId="4fe0dd0f-2fa0-9c42-e816-a6df28150b72" executionId="cd0113dc-e294-41c1-b9c3-35ce7c562658" testListId="8c84fa94-04c1-424b-9868-57a2d4851a1d" />
    <TestEntry testId="ffe5c770-9b99-42c0-ce21-7e50cccf4385" executionId="f7661fc7-9b62-4144-a0cb-7db97cb51bb7" testListId="8c84fa94-04c1-424b-9868-57a2d4851a1d" />
    <TestEntry testId="7e661283-b2b2-d632-266b-6af1f3374c08" executionId="329709f9-4d74-4649-acfd-f73ee5013678" testListId="8c84fa94-04c1-424b-9868-57a2d4851a1d" />
    <TestEntry testId="e4f8faa7-d0ad-86e6-1579-7bd52372b4c3" executionId="a4d2fc2d-6a02-4719-93b6-a4e2f436e249" testListId="8c84fa94-04c1-424b-9868-57a2d4851a1d" />
    <TestEntry testId="d6094ca1-b65b-5133-f464-9f7d01f0d023" executionId="cf6a411a-f527-42f1-acf0-ab7323a6784f" testListId="8c84fa94-04c1-424b-9868-57a2d4851a1d" />
    <TestEntry testId="3140ebc5-2430-06b3-4257-a6794b9b09ac" executionId="74105a39-8036-4756-bb53-f169c4299ce8" testListId="8c84fa94-04c1-424b-9868-57a2d4851a1d" />
    <TestEntry testId="263c08b1-704a-f3c2-309e-6dee831dbdc9" executionId="3e9f7214-4700-4869-a9d1-522b26a4debc" testListId="8c84fa94-04c1-424b-9868-57a2d4851a1d" />
    <TestEntry testId="b80893de-3e2d-6029-ec19-65c03fd119c3" executionId="816cfa10-00da-4b1d-a00f-f374aa2bc0c3" testListId="8c84fa94-04c1-424b-9868-57a2d4851a1d" />
    <TestEntry testId="572fc310-4b67-9555-f147-153d39f2eb82" executionId="f53a0465-d720-4929-8526-b52491ea33dc" testListId="8c84fa94-04c1-424b-9868-57a2d4851a1d" />
    <TestEntry testId="168fc980-36e3-101b-62b1-f5ab71e9fc0d" executionId="08040972-61f1-430a-9583-cb16f5ff78b9" testListId="8c84fa94-04c1-424b-9868-57a2d4851a1d" />
    <TestEntry testId="0864c31d-6119-84d6-7f52-9d349dabbe84" executionId="f3ecdf7e-1436-4b17-8f85-566d7127f796" testListId="8c84fa94-04c1-424b-9868-57a2d4851a1d" />
    <TestEntry testId="ae39aa62-5ff2-56e7-d00e-ef116d711d51" executionId="af3dcc89-2a2b-414f-98e3-539ccd1c366a" testListId="8c84fa94-04c1-424b-9868-57a2d4851a1d" />
    <TestEntry testId="0247c7e7-7d1c-099b-2ac8-81a47ff2509a" executionId="b7817cee-d64e-4ade-ace9-262b2fbc852a" testListId="8c84fa94-04c1-424b-9868-57a2d4851a1d" />
    <TestEntry testId="e6e0a140-85e7-6935-6160-ab95ecfd3c8a" executionId="04f39d68-5273-4b92-ac41-098f7cc7a42f" testListId="8c84fa94-04c1-424b-9868-57a2d4851a1d" />
    <TestEntry testId="2695f427-ed7b-9f97-5696-f97a7702128c" executionId="610535de-aeb6-437e-8782-60eb6a5a16ef" testListId="8c84fa94-04c1-424b-9868-57a2d4851a1d" />
    <TestEntry testId="d15ea2a7-9f9f-b92b-50fa-470898da705d" executionId="fa930180-02a9-4807-bfb7-6a2d163fa169" testListId="8c84fa94-04c1-424b-9868-57a2d4851a1d" />
    <TestEntry testId="b76e01b1-6afe-f33b-c6a9-ea3347176509" executionId="37d16bf4-5b60-4569-8d6f-65df3702452b" testListId="8c84fa94-04c1-424b-9868-57a2d4851a1d" />
    <TestEntry testId="d1c63cb7-1f9a-a8bf-a217-a4cbb4e5f73b" executionId="961a41e4-0a9b-4ee1-a98b-124ef79e7138" testListId="8c84fa94-04c1-424b-9868-57a2d4851a1d" />
    <TestEntry testId="a21637b0-54f8-4fa0-bc3b-95481a9fd90b" executionId="7220002c-cfa0-42c4-8b69-3f26c5032639" testListId="8c84fa94-04c1-424b-9868-57a2d4851a1d" />
    <TestEntry testId="a21637b0-54f8-4fa0-bc3b-95481a9fd90b" executionId="4982dc10-9dff-40c3-8f00-c4fa844ba995" testListId="8c84fa94-04c1-424b-9868-57a2d4851a1d" />
    <TestEntry testId="73fc5149-51d6-8241-9c9f-f48c28e448e3" executionId="f2c57ca7-d8b2-4a5e-ad2b-53e1e6f59213" testListId="8c84fa94-04c1-424b-9868-57a2d4851a1d" />
    <TestEntry testId="4bb697d7-9cb3-28c5-7c49-3e60c8ee823d" executionId="c84ed55a-5caa-49c3-8b0a-9adb1c32bcc5" testListId="8c84fa94-04c1-424b-9868-57a2d4851a1d" />
    <TestEntry testId="392ed628-2028-c945-b97e-893658a1e82b" executionId="0e4753de-1826-44c1-90b4-16947550d0e2" testListId="8c84fa94-04c1-424b-9868-57a2d4851a1d" />
    <TestEntry testId="6f0b47a1-9d18-a5d8-8dd1-c8f266712c15" executionId="09ea97f6-ed2a-45a6-96e6-cf753c483e31" testListId="8c84fa94-04c1-424b-9868-57a2d4851a1d" />
    <TestEntry testId="8ba31d1b-48e3-e04e-cff0-b927c63b4a19" executionId="bfb1aa4a-ba43-4955-a490-6e4da202d2b8" testListId="8c84fa94-04c1-424b-9868-57a2d4851a1d" />
    <TestEntry testId="130d9133-361f-a0da-f15e-423eb98947ac" executionId="c1ccbe93-edc1-4d4f-82f5-f23433a1cbc5" testListId="8c84fa94-04c1-424b-9868-57a2d4851a1d" />
    <TestEntry testId="e6610648-e456-1c64-d2b1-7e1242b871a8" executionId="069ce27b-e968-40aa-9d4b-5ab7073cfa2e" testListId="8c84fa94-04c1-424b-9868-57a2d4851a1d" />
    <TestEntry testId="a9198ad3-782e-a37c-0b5f-1330f5318f55" executionId="650d5c24-22d3-4429-a8df-7ab5b603724c" testListId="8c84fa94-04c1-424b-9868-57a2d4851a1d" />
    <TestEntry testId="e55f1742-c16d-5086-2251-ad3372dd48f5" executionId="79e69fa9-3c56-425c-9a60-da41e2121c7e" testListId="8c84fa94-04c1-424b-9868-57a2d4851a1d" />
    <TestEntry testId="f754f777-4449-23e8-f4ec-917f49117de2" executionId="4cfb8913-cde7-4d54-a89c-39d8699ff543" testListId="8c84fa94-04c1-424b-9868-57a2d4851a1d" />
    <TestEntry testId="315adde5-f36d-a74f-aa46-fb22a0f78cd9" executionId="217cf533-4abe-4839-b326-b3ad39160f33" testListId="8c84fa94-04c1-424b-9868-57a2d4851a1d" />
    <TestEntry testId="d16880d7-fb44-f209-43d9-ba2e0e1875de" executionId="76125a77-984b-4bc8-a8f5-9205aef9c083" testListId="8c84fa94-04c1-424b-9868-57a2d4851a1d" />
    <TestEntry testId="1017c6c1-9dd0-57dc-36e7-bb573d02562e" executionId="cdefaa97-46ac-4e4a-b245-1d1b1a30cd42" testListId="8c84fa94-04c1-424b-9868-57a2d4851a1d" />
    <TestEntry testId="1b051fa0-d4cc-1b32-80bb-d56b714e3066" executionId="add46cdb-048c-4863-91ab-6adc9df30df4" testListId="8c84fa94-04c1-424b-9868-57a2d4851a1d" />
    <TestEntry testId="bae3532a-4a9e-c4ab-fc66-4dfa22d16170" executionId="7f5dc60b-b2c1-4f44-ae15-6f92615292ea" testListId="8c84fa94-04c1-424b-9868-57a2d4851a1d" />
    <TestEntry testId="61a8ccc9-c5b1-047b-3c97-f777ccc7d30b" executionId="2c2496ac-abb7-4cca-9935-ebca09864a87" testListId="8c84fa94-04c1-424b-9868-57a2d4851a1d" />
    <TestEntry testId="0dc5a512-bfd0-bc80-f676-16e6d961ec4d" executionId="a6f773ed-f004-4c49-86fc-447e235c5610" testListId="8c84fa94-04c1-424b-9868-57a2d4851a1d" />
    <TestEntry testId="1a74e347-4470-5271-97ab-1ebaf8693270" executionId="58ce4953-489d-4c87-83b6-0cdc03531a44" testListId="8c84fa94-04c1-424b-9868-57a2d4851a1d" />
    <TestEntry testId="b72028ed-e29e-ac6a-9e2e-bf700facee4e" executionId="42c166e5-1ac3-480f-8db7-89c575186543" testListId="8c84fa94-04c1-424b-9868-57a2d4851a1d" />
    <TestEntry testId="2aef35a8-73ad-0c03-c8a4-2b5a1d37af8f" executionId="1b97c84b-f079-4ec0-aa2c-1e59aa4f62a1" testListId="8c84fa94-04c1-424b-9868-57a2d4851a1d" />
    <TestEntry testId="0ebf358f-9eac-9438-b418-9c6aa81a6377" executionId="2c0c0fb7-063e-487e-99ed-18a1f5690fc8" testListId="8c84fa94-04c1-424b-9868-57a2d4851a1d" />
    <TestEntry testId="0bc54975-0bff-692e-a9b3-fc69f2c95a39" executionId="d18804bf-2caf-4bb6-a140-63ff1a06ce28" testListId="8c84fa94-04c1-424b-9868-57a2d4851a1d" />
    <TestEntry testId="9207202d-19b8-8eb5-74dc-6aa5d849467c" executionId="b94948d5-a96c-48c1-b276-fcd993a1a5b2" testListId="8c84fa94-04c1-424b-9868-57a2d4851a1d" />
    <TestEntry testId="70ede014-c412-e387-bb98-e95b3b42090d" executionId="8ca512c1-19d7-47ff-9545-37ed9326020f" testListId="8c84fa94-04c1-424b-9868-57a2d4851a1d" />
    <TestEntry testId="113f48ce-a6a3-c5df-7589-ba5a5fcb9c59" executionId="88dbdafc-7bf4-497e-99f3-875daf680f6b" testListId="8c84fa94-04c1-424b-9868-57a2d4851a1d" />
    <TestEntry testId="5f92ec4d-d570-0452-b891-d4cee75db9dd" executionId="a0bbe662-3f0f-474a-89b8-fc91622e7b45" testListId="8c84fa94-04c1-424b-9868-57a2d4851a1d" />
    <TestEntry testId="a21637b0-54f8-4fa0-bc3b-95481a9fd90b" executionId="ede141cc-e63d-4489-a39b-e28d65fdebc0" testListId="8c84fa94-04c1-424b-9868-57a2d4851a1d" />
    <TestEntry testId="95a0a379-a9bd-3d99-f720-e626260de7f6" executionId="b001d9aa-ab2c-4d10-8ee0-3c22d84090d4" testListId="8c84fa94-04c1-424b-9868-57a2d4851a1d" />
    <TestEntry testId="19b6234c-c2df-2304-54f9-54b0da4cd6ba" executionId="9129ebe8-4376-4cbb-8c9e-e0c5a16f1d21" testListId="8c84fa94-04c1-424b-9868-57a2d4851a1d" />
    <TestEntry testId="986d7e6e-d04d-b204-b01c-fbb8f09c7774" executionId="623ce689-3eb1-4d85-895e-d52820e6a0cb" testListId="8c84fa94-04c1-424b-9868-57a2d4851a1d" />
    <TestEntry testId="36689490-09d4-917f-648a-70dcfcfede10" executionId="ead23270-48a3-4e8e-a8e6-8f1927aa7a48" testListId="8c84fa94-04c1-424b-9868-57a2d4851a1d" />
    <TestEntry testId="aec60494-3c2e-8ec9-f948-da5bb2043983" executionId="da7367fb-ada7-410e-84e2-20cc1c99d564" testListId="8c84fa94-04c1-424b-9868-57a2d4851a1d" />
    <TestEntry testId="d5b75914-a4f0-1327-0212-c8781f6dfe81" executionId="9150c13d-e7af-4fe9-b5b5-81d2b5bab52e" testListId="8c84fa94-04c1-424b-9868-57a2d4851a1d" />
    <TestEntry testId="3cbfa5d3-e0f6-eff8-ed5c-556fa1f3e131" executionId="39148b2b-7617-49a5-a6dd-f41f9f8112b9" testListId="8c84fa94-04c1-424b-9868-57a2d4851a1d" />
    <TestEntry testId="0f141a30-05bd-f4ed-a627-d40adca6b3ca" executionId="15708801-501c-444f-8308-fc5c84153101" testListId="8c84fa94-04c1-424b-9868-57a2d4851a1d" />
    <TestEntry testId="19223079-ea41-5691-855c-970af1a1e611" executionId="7157f7ad-ecf5-455e-9e8e-ccbf0d296934" testListId="8c84fa94-04c1-424b-9868-57a2d4851a1d" />
    <TestEntry testId="24cfa8b0-48c3-8aab-e4c2-88694c220e2c" executionId="5819afc8-4e8a-4a3a-9b54-eb7c5e8fd0e8" testListId="8c84fa94-04c1-424b-9868-57a2d4851a1d" />
    <TestEntry testId="f5652070-1b22-f5a7-3f3f-68b37c9184a8" executionId="90419704-9ab7-4ba1-9312-d0f43455fd61" testListId="8c84fa94-04c1-424b-9868-57a2d4851a1d" />
    <TestEntry testId="478b61ee-7d85-9dbe-985d-08c590f8666a" executionId="d0b98c6b-5476-43cc-bb17-8f36fe63fd8a" testListId="8c84fa94-04c1-424b-9868-57a2d4851a1d" />
    <TestEntry testId="320e3c11-11d1-b3ef-0d2e-5e474f674ff1" executionId="42aa33ea-a767-45a7-9564-87c1ddb47bb3" testListId="8c84fa94-04c1-424b-9868-57a2d4851a1d" />
    <TestEntry testId="1c164fbc-1ab1-9884-ccb8-9e84f4c977d0" executionId="4e81b975-eea4-4fa7-9c09-f9acb0a78e38" testListId="8c84fa94-04c1-424b-9868-57a2d4851a1d" />
    <TestEntry testId="a21637b0-54f8-4fa0-bc3b-95481a9fd90b" executionId="ca17a489-c183-4324-9677-ee98d09ee47c" testListId="8c84fa94-04c1-424b-9868-57a2d4851a1d" />
    <TestEntry testId="ac2a99ba-3563-74a9-7d4c-8e91a58cd097" executionId="632775fe-0034-43b5-a874-0f323895ebfe" testListId="8c84fa94-04c1-424b-9868-57a2d4851a1d" />
    <TestEntry testId="588a2c1b-7788-beb2-ade0-06788d455d25" executionId="d1cb6aa4-6ff2-41ad-b048-99f98be05877" testListId="8c84fa94-04c1-424b-9868-57a2d4851a1d" />
    <TestEntry testId="ad3412e8-5f64-2020-a5b6-bd4cca8c3b7d" executionId="5c7cebfc-03d6-41f7-9676-b807d0fabc63" testListId="8c84fa94-04c1-424b-9868-57a2d4851a1d" />
    <TestEntry testId="96a18501-dea4-70b1-d572-baa1bb120da2" executionId="939b30a8-524d-4bfd-9ff1-8be61ec04a6a" testListId="8c84fa94-04c1-424b-9868-57a2d4851a1d" />
    <TestEntry testId="e1c7f76f-6195-c844-23c0-304b47fbae66" executionId="5bcfd683-7661-4cb2-93e0-43158e95ceec" testListId="8c84fa94-04c1-424b-9868-57a2d4851a1d" />
    <TestEntry testId="a21637b0-54f8-4fa0-bc3b-95481a9fd90b" executionId="0d9242ff-0f2e-4b86-af5a-49a5156ed4c9" testListId="8c84fa94-04c1-424b-9868-57a2d4851a1d" />
    <TestEntry testId="2d3a68b5-bf4c-0513-b733-5ed612794244" executionId="9647682f-09bb-4ee3-bd2a-09694849a1b4" testListId="8c84fa94-04c1-424b-9868-57a2d4851a1d" />
  </TestEntries>
  <TestLists>
    <TestList name="Results Not in a List" id="8c84fa94-04c1-424b-9868-57a2d4851a1d" />
    <TestList name="All Loaded Results" id="19431567-8539-422a-85d7-44ee4e166bda" />
  </TestLists>
  <ResultSummary outcome="Completed">
    <Counters total="76" executed="76" passed="76" failed="0" error="0" timeout="0" aborted="0" inconclusive="0" passedButRunAborted="0" notRunnable="0" notExecuted="0" disconnected="0" warning="0" completed="0" inProgress="0" pending="0" />
    <Output>
      <StdOut>[xUnit.net 00:00:00.00] xUnit.net VSTest Adapter v2.4.3+1b45f5407b (32-bit Desktop .NET 4.0.30319.42000)&#xD;
[xUnit.net 00:00:00.75]   Discovering: UnitTests&#xD;
[xUnit.net 00:00:00.92]   Discovered:  UnitTests&#xD;
[xUnit.net 00:00:00.92]   Starting:    UnitTests&#xD;
[xUnit.net 00:00:04.52]   Finished:    UnitTests&#xD;
</StdOut>
    </Output>
  </ResultSummary>
</TestRun>