<?xml version="1.0" encoding="utf-8"?>
<TestRun id="9e9671ee-1182-4ef6-be73-cf073b67d472" name="runneradmin@fv-az177-278 2022-01-29 23:56:46" runUser="fv-az177-278\runneradmin" xmlns="http://microsoft.com/schemas/VisualStudio/TeamTest/2010">
  <Times creation="2022-01-29T23:56:46.9566265+00:00" queuing="2022-01-29T23:56:46.9566268+00:00" start="2022-01-29T23:56:43.1480847+00:00" finish="2022-01-29T23:56:50.3175871+00:00" />
  <TestSettings name="default" id="eab0af5b-cbeb-48aa-8553-33437da51700">
    <Deployment runDeploymentRoot="runneradmin_fv-az177-278_2022-01-29_23_56_46" />
  </TestSettings>
  <Results>
    <UnitTestResult executionId="84322ac5-8f64-463e-95bd-28e00c2ac57f" testId="2d3a68b5-bf4c-0513-b733-5ed612794244" testName="UnitTests.EntensionMethodTests.IQueryable_GetPage_EmptyDoesNotThrow" computerName="fv-az177-278" duration="00:00:00.0210000" startTime="2022-01-29T23:56:49.5254508+00:00" endTime="2022-01-29T23:56:49.5254508+00:00" testType="13cdc9d9-ddb5-4fa4-a97d-d965ccfc6d4b" outcome="Passed" testListId="8c84fa94-04c1-424b-9868-57a2d4851a1d" relativeResultsDirectory="84322ac5-8f64-463e-95bd-28e00c2ac57f" />
    <UnitTestResult executionId="cfbd1eb1-be99-4f3b-90f2-6469d149190d" testId="a21637b0-54f8-4fa0-bc3b-95481a9fd90b" testName="UnitTests.Controllers.ModuleExceptionFilterAttributeTests.ArgumentException_BadRequest(exception: System.NotImplementedException: Not Implemented, expectedStatusCode: NotImplemented)" computerName="fv-az177-278" duration="00:00:00.0010000" startTime="2022-01-29T23:56:50.1064628+00:00" endTime="2022-01-29T23:56:50.1064628+00:00" testType="13cdc9d9-ddb5-4fa4-a97d-d965ccfc6d4b" outcome="Passed" testListId="8c84fa94-04c1-424b-9868-57a2d4851a1d" relativeResultsDirectory="cfbd1eb1-be99-4f3b-90f2-6469d149190d" />
    <UnitTestResult executionId="7171f6c8-368b-4a42-a973-5d1d47a326f1" testId="168fc980-36e3-101b-62b1-f5ab71e9fc0d" testName="UnitTests.Controllers.LocalizationControllerTests.GetLocalization_CallsLocalizationService" computerName="fv-az177-278" duration="00:00:00.0180000" startTime="2022-01-29T23:56:49.5424517+00:00" endTime="2022-01-29T23:56:49.5424517+00:00" testType="13cdc9d9-ddb5-4fa4-a97d-d965ccfc6d4b" outcome="Passed" testListId="8c84fa94-04c1-424b-9868-57a2d4851a1d" relativeResultsDirectory="7171f6c8-368b-4a42-a973-5d1d47a326f1" />
    <UnitTestResult executionId="fc9a2bb0-70b1-4470-b7d1-7a72b5eb0730" testId="96a18501-dea4-70b1-d572-baa1bb120da2" testName="UnitTests.Data.Entities.ItemTests.ItemPropertiesPersist(id: 2, name: &quot;Name2&quot;, description: &quot;Description2&quot;)" computerName="fv-az177-278" duration="00:00:00.0010000" startTime="2022-01-29T23:56:49.5743774+00:00" endTime="2022-01-29T23:56:49.5743774+00:00" testType="13cdc9d9-ddb5-4fa4-a97d-d965ccfc6d4b" outcome="Passed" testListId="8c84fa94-04c1-424b-9868-57a2d4851a1d" relativeResultsDirectory="fc9a2bb0-70b1-4470-b7d1-7a72b5eb0730" />
    <UnitTestResult executionId="4612bade-34f3-47d5-a478-40de133b716c" testId="0ebf358f-9eac-9438-b418-9c6aa81a6377" testName="UnitTests.Data.Repositories.GenericRepositoryTests.Repository_Update_UsesuserId" computerName="fv-az177-278" duration="00:00:00.0220000" startTime="2022-01-29T23:56:49.1996918+00:00" endTime="2022-01-29T23:56:49.1996918+00:00" testType="13cdc9d9-ddb5-4fa4-a97d-d965ccfc6d4b" outcome="Passed" testListId="8c84fa94-04c1-424b-9868-57a2d4851a1d" relativeResultsDirectory="4612bade-34f3-47d5-a478-40de133b716c" />
    <UnitTestResult executionId="04f04670-ec94-4c9a-8a89-fbbe662c5dcf" testId="d5b75914-a4f0-1327-0212-c8781f6dfe81" testName="UnitTests.EntensionMethodTests.IQueryable_IsOrdered_Works(ordered: False, descending: True, lastOrder: True)" computerName="fv-az177-278" duration="00:00:00.0080000" startTime="2022-01-29T23:56:49.4677552+00:00" endTime="2022-01-29T23:56:49.4677552+00:00" testType="13cdc9d9-ddb5-4fa4-a97d-d965ccfc6d4b" outcome="Passed" testListId="8c84fa94-04c1-424b-9868-57a2d4851a1d" relativeResultsDirectory="04f04670-ec94-4c9a-8a89-fbbe662c5dcf" />
    <UnitTestResult executionId="805139b7-a63d-46bf-b845-78bd139e8062" testId="0247c7e7-7d1c-099b-2ac8-81a47ff2509a" testName="UnitTests.Controllers.ItemControllerTests.UserCanEdit_ReturnsBool(canEdit: False)" computerName="fv-az177-278" duration="00:00:00.0070000" startTime="2022-01-29T23:56:49.5512156+00:00" endTime="2022-01-29T23:56:49.5512156+00:00" testType="13cdc9d9-ddb5-4fa4-a97d-d965ccfc6d4b" outcome="Passed" testListId="8c84fa94-04c1-424b-9868-57a2d4851a1d" relativeResultsDirectory="805139b7-a63d-46bf-b845-78bd139e8062" />
    <UnitTestResult executionId="223eb8fa-ba6b-4695-8449-dbd6c6760843" testId="588a2c1b-7788-beb2-ade0-06788d455d25" testName="UnitTests.Controllers.ItemControllerTests.CreateItem_Creates" computerName="fv-az177-278" duration="00:00:00.0040000" startTime="2022-01-29T23:56:49.5542173+00:00" endTime="2022-01-29T23:56:49.5542173+00:00" testType="13cdc9d9-ddb5-4fa4-a97d-d965ccfc6d4b" outcome="Passed" testListId="8c84fa94-04c1-424b-9868-57a2d4851a1d" relativeResultsDirectory="223eb8fa-ba6b-4695-8449-dbd6c6760843" />
    <UnitTestResult executionId="265f0747-85c6-44ca-842f-64cac1912c40" testId="6f0b47a1-9d18-a5d8-8dd1-c8f266712c15" testName="UnitTests.EntensionMethodTests.IQueryable_IsOrdered_Works(ordered: True, descending: True, lastOrder: False)" computerName="fv-az177-278" duration="00:00:00.0300000" startTime="2022-01-29T23:56:49.4597555+00:00" endTime="2022-01-29T23:56:49.4597555+00:00" testType="13cdc9d9-ddb5-4fa4-a97d-d965ccfc6d4b" outcome="Passed" testListId="8c84fa94-04c1-424b-9868-57a2d4851a1d" relativeResultsDirectory="265f0747-85c6-44ca-842f-64cac1912c40" />
    <UnitTestResult executionId="3b6b6ed4-4ec2-49b7-849e-99ce0f6ceb47" testId="0dc5a512-bfd0-bc80-f676-16e6d961ec4d" testName="UnitTests.EntensionMethodTests.IQueryable_IsOrdered_Works(ordered: False, descending: False, lastOrder: True)" computerName="fv-az177-278" duration="00:00:00.0080000" startTime="2022-01-29T23:56:49.5037550+00:00" endTime="2022-01-29T23:56:49.5037550+00:00" testType="13cdc9d9-ddb5-4fa4-a97d-d965ccfc6d4b" outcome="Passed" testListId="8c84fa94-04c1-424b-9868-57a2d4851a1d" relativeResultsDirectory="3b6b6ed4-4ec2-49b7-849e-99ce0f6ceb47" />
    <UnitTestResult executionId="0b1d9143-864f-4146-ad0d-e5c2c27f9b63" testId="e4f8faa7-d0ad-86e6-1579-7bd52372b4c3" testName="UnitTests.Data.Repositories.GenericRepositoryTests.GenericRepositoryConstructs" computerName="fv-az177-278" duration="00:00:00.0010000" startTime="2022-01-29T23:56:49.3227825+00:00" endTime="2022-01-29T23:56:49.3227825+00:00" testType="13cdc9d9-ddb5-4fa4-a97d-d965ccfc6d4b" outcome="Passed" testListId="8c84fa94-04c1-424b-9868-57a2d4851a1d" relativeResultsDirectory="0b1d9143-864f-4146-ad0d-e5c2c27f9b63" />
    <UnitTestResult executionId="8ae89813-3c46-40db-abc1-a2290b79c527" testId="e6e0a140-85e7-6935-6160-ab95ecfd3c8a" testName="UnitTests.Data.Repositories.GenericRepositoryTests.GenericRepositoryCreatesAndGetsById" computerName="fv-az177-278" duration="00:00:00.0980000" startTime="2022-01-29T23:56:49.4032041+00:00" endTime="2022-01-29T23:56:49.4032041+00:00" testType="13cdc9d9-ddb5-4fa4-a97d-d965ccfc6d4b" outcome="Passed" testListId="8c84fa94-04c1-424b-9868-57a2d4851a1d" relativeResultsDirectory="8ae89813-3c46-40db-abc1-a2290b79c527" />
    <UnitTestResult executionId="a2f0dd98-95a9-4767-8eb3-98d6f8637d3d" testId="315adde5-f36d-a74f-aa46-fb22a0f78cd9" testName="UnitTests.Controllers.ItemControllerTests.UpdateItem_Updates" computerName="fv-az177-278" duration="00:00:00.0030000" startTime="2022-01-29T23:56:49.5792774+00:00" endTime="2022-01-29T23:56:49.5792774+00:00" testType="13cdc9d9-ddb5-4fa4-a97d-d965ccfc6d4b" outcome="Passed" testListId="8c84fa94-04c1-424b-9868-57a2d4851a1d" relativeResultsDirectory="a2f0dd98-95a9-4767-8eb3-98d6f8637d3d" />
    <UnitTestResult executionId="abd202e1-6ef0-4f26-b488-9bc81d4dab98" testId="572fc310-4b67-9555-f147-153d39f2eb82" testName="UnitTests.Data.Entities.ItemTests.ItemConstructsProperly" computerName="fv-az177-278" duration="00:00:00.0010000" startTime="2022-01-29T23:56:49.5759086+00:00" endTime="2022-01-29T23:56:49.5759086+00:00" testType="13cdc9d9-ddb5-4fa4-a97d-d965ccfc6d4b" outcome="Passed" testListId="8c84fa94-04c1-424b-9868-57a2d4851a1d" relativeResultsDirectory="abd202e1-6ef0-4f26-b488-9bc81d4dab98" />
    <UnitTestResult executionId="853eea74-3485-4aae-9875-362476a0ccef" testId="19223079-ea41-5691-855c-970af1a1e611" testName="UnitTests.Services.ItemServiceTests.GetItemsPage_GetsPages(page: 1, pageSize: 10, descending: False, expectedPages: 3, returnedPage: 1)" computerName="fv-az177-278" duration="00:00:00.0040000" startTime="2022-01-29T23:56:49.4837532+00:00" endTime="2022-01-29T23:56:49.4837532+00:00" testType="13cdc9d9-ddb5-4fa4-a97d-d965ccfc6d4b" outcome="Passed" testListId="8c84fa94-04c1-424b-9868-57a2d4851a1d" relativeResultsDirectory="853eea74-3485-4aae-9875-362476a0ccef" />
    <UnitTestResult executionId="98b806b3-448e-4820-b477-822c4ced1a21" testId="986d7e6e-d04d-b204-b01c-fbb8f09c7774" testName="UnitTests.Controllers.ServiceRouteMapperTests.RegisterRoutes_RegistersAtLestOneRoute" computerName="fv-az177-278" duration="00:00:00.4360000" startTime="2022-01-29T23:56:45.8677541+00:00" endTime="2022-01-29T23:56:45.8677541+00:00" testType="13cdc9d9-ddb5-4fa4-a97d-d965ccfc6d4b" outcome="Passed" testListId="8c84fa94-04c1-424b-9868-57a2d4851a1d" relativeResultsDirectory="98b806b3-448e-4820-b477-822c4ced1a21" />
    <UnitTestResult executionId="12f3ad42-24ce-45be-9f61-a9bab8b81cac" testId="8bbc68bc-7714-d990-1480-dfaedaafbd62" testName="UnitTests.EntensionMethodTests.IQueryable_GetPage_PagesProperly(count: 0, page: 0, pageSize: 0, expedtedPages: 0, expectedItems: 0, firstId: null, descending: False)" computerName="fv-az177-278" duration="00:00:00.0290000" startTime="2022-01-29T23:56:49.1827044+00:00" endTime="2022-01-29T23:56:49.1827044+00:00" testType="13cdc9d9-ddb5-4fa4-a97d-d965ccfc6d4b" outcome="Passed" testListId="8c84fa94-04c1-424b-9868-57a2d4851a1d" relativeResultsDirectory="12f3ad42-24ce-45be-9f61-a9bab8b81cac" />
    <UnitTestResult executionId="a73aba02-8c6b-40d9-8ed9-2997c1b69b02" testId="130d9133-361f-a0da-f15e-423eb98947ac" testName="UnitTests.Services.ItemServiceTests.UpdateItem_Updates" computerName="fv-az177-278" duration="00:00:00.0120000" startTime="2022-01-29T23:56:49.5194492+00:00" endTime="2022-01-29T23:56:49.5194492+00:00" testType="13cdc9d9-ddb5-4fa4-a97d-d965ccfc6d4b" outcome="Passed" testListId="8c84fa94-04c1-424b-9868-57a2d4851a1d" relativeResultsDirectory="a73aba02-8c6b-40d9-8ed9-2997c1b69b02" />
    <UnitTestResult executionId="49712891-7151-4e45-a981-0f1cc4a979c7" testId="478b61ee-7d85-9dbe-985d-08c590f8666a" testName="UnitTests.Controllers.ItemControllerTests.DeleteItem_Deletes(itemId: 1)" computerName="fv-az177-278" duration="00:00:00.0010000" startTime="2022-01-29T23:56:49.5822658+00:00" endTime="2022-01-29T23:56:49.5822658+00:00" testType="13cdc9d9-ddb5-4fa4-a97d-d965ccfc6d4b" outcome="Passed" testListId="8c84fa94-04c1-424b-9868-57a2d4851a1d" relativeResultsDirectory="49712891-7151-4e45-a981-0f1cc4a979c7" />
    <UnitTestResult executionId="1b1352fe-1a36-493f-8edf-cb016f872378" testId="e1c7f76f-6195-c844-23c0-304b47fbae66" testName="UnitTests.Data.Repositories.GenericRepositoryTests.Repository_Create_UsesUserId" computerName="fv-az177-278" duration="00:00:00.0080000" startTime="2022-01-29T23:56:49.1501218+00:00" endTime="2022-01-29T23:56:49.1501218+00:00" testType="13cdc9d9-ddb5-4fa4-a97d-d965ccfc6d4b" outcome="Passed" testListId="8c84fa94-04c1-424b-9868-57a2d4851a1d" relativeResultsDirectory="1b1352fe-1a36-493f-8edf-cb016f872378" />
    <UnitTestResult executionId="e13cde54-2bcd-4d59-97d6-49c3d8cfb9f5" testId="61a8ccc9-c5b1-047b-3c97-f777ccc7d30b" testName="UnitTests.Controllers.ValidateModelAttributeTests.OnActionExecuting_Invalid_Works" computerName="fv-az177-278" duration="00:00:01.4520000" startTime="2022-01-29T23:56:46.9378203+00:00" endTime="2022-01-29T23:56:46.9378203+00:00" testType="13cdc9d9-ddb5-4fa4-a97d-d965ccfc6d4b" outcome="Passed" testListId="8c84fa94-04c1-424b-9868-57a2d4851a1d" relativeResultsDirectory="e13cde54-2bcd-4d59-97d6-49c3d8cfb9f5" />
    <UnitTestResult executionId="e6b12922-a9d8-4433-83cb-3c5eedd7160b" testId="e6610648-e456-1c64-d2b1-7e1242b871a8" testName="UnitTests.Services.ItemServiceTests.DeleteItem_Deletes" computerName="fv-az177-278" duration="00:00:00.0010000" startTime="2022-01-29T23:56:49.5234513+00:00" endTime="2022-01-29T23:56:49.5234513+00:00" testType="13cdc9d9-ddb5-4fa4-a97d-d965ccfc6d4b" outcome="Passed" testListId="8c84fa94-04c1-424b-9868-57a2d4851a1d" relativeResultsDirectory="e6b12922-a9d8-4433-83cb-3c5eedd7160b" />
    <UnitTestResult executionId="6097dd0c-c8ca-466e-8982-8144b00e8536" testId="b76e01b1-6afe-f33b-c6a9-ea3347176509" testName="UnitTests.Services.ItemServiceTests.UpdateItem_NoName_Throws(name: null)" computerName="fv-az177-278" duration="00:00:00.0010000" startTime="2022-01-29T23:56:49.5090949+00:00" endTime="2022-01-29T23:56:49.5090949+00:00" testType="13cdc9d9-ddb5-4fa4-a97d-d965ccfc6d4b" outcome="Passed" testListId="8c84fa94-04c1-424b-9868-57a2d4851a1d" relativeResultsDirectory="6097dd0c-c8ca-466e-8982-8144b00e8536" />
    <UnitTestResult executionId="a3599baa-616e-4d75-8276-1d62766fed13" testId="3cbfa5d3-e0f6-eff8-ed5c-556fa1f3e131" testName="UnitTests.Services.ItemServiceTests.UpdateItem_NoName_Throws(name: &quot;&quot;)" computerName="fv-az177-278" duration="00:00:00.0010000" startTime="2022-01-29T23:56:49.5130940+00:00" endTime="2022-01-29T23:56:49.5130940+00:00" testType="13cdc9d9-ddb5-4fa4-a97d-d965ccfc6d4b" outcome="Passed" testListId="8c84fa94-04c1-424b-9868-57a2d4851a1d" relativeResultsDirectory="a3599baa-616e-4d75-8276-1d62766fed13" />
    <UnitTestResult executionId="fbc31199-4851-4255-9a84-b67860ed7293" testId="f46af852-6230-3d31-e31c-2959bffd491f" testName="UnitTests.EntensionMethodTests.IQueryable_IsOrdered_Works(ordered: True, descending: True, lastOrder: True)" computerName="fv-az177-278" duration="00:00:00.0070000" startTime="2022-01-29T23:56:49.4747546+00:00" endTime="2022-01-29T23:56:49.4747546+00:00" testType="13cdc9d9-ddb5-4fa4-a97d-d965ccfc6d4b" outcome="Passed" testListId="8c84fa94-04c1-424b-9868-57a2d4851a1d" relativeResultsDirectory="fbc31199-4851-4255-9a84-b67860ed7293" />
    <UnitTestResult executionId="9bed11c5-d580-4019-b14a-f011dfdd72ff" testId="b80893de-3e2d-6029-ec19-65c03fd119c3" testName="UnitTests.EntensionMethodTests.IQueryable_IsOrdered_Works(ordered: False, descending: True, lastOrder: False)" computerName="fv-az177-278" duration="00:00:00.0080000" startTime="2022-01-29T23:56:49.4222043+00:00" endTime="2022-01-29T23:56:49.4222043+00:00" testType="13cdc9d9-ddb5-4fa4-a97d-d965ccfc6d4b" outcome="Passed" testListId="8c84fa94-04c1-424b-9868-57a2d4851a1d" relativeResultsDirectory="9bed11c5-d580-4019-b14a-f011dfdd72ff" />
    <UnitTestResult executionId="6e538fe1-8ea3-4446-bf4c-ec4ad11b3b3e" testId="320e3c11-11d1-b3ef-0d2e-5e474f674ff1" testName="UnitTests.Controllers.ModuleApiControllerTests.CanEdit_DefaultsToFalse" computerName="fv-az177-278" duration="00:00:00.0020000" startTime="2022-01-29T23:56:49.5703768+00:00" endTime="2022-01-29T23:56:49.5703768+00:00" testType="13cdc9d9-ddb5-4fa4-a97d-d965ccfc6d4b" outcome="Passed" testListId="8c84fa94-04c1-424b-9868-57a2d4851a1d" relativeResultsDirectory="6e538fe1-8ea3-4446-bf4c-ec4ad11b3b3e" />
    <UnitTestResult executionId="df7a22a1-9845-4c57-a8a2-9129b5dc118b" testId="2aef35a8-73ad-0c03-c8a4-2b5a1d37af8f" testName="UnitTests.EntensionMethodTests.IQueryable_IsOrdered_Works(ordered: False, descending: False, lastOrder: False)" computerName="fv-az177-278" duration="00:00:00.0160000" startTime="2022-01-29T23:56:49.4122047+00:00" endTime="2022-01-29T23:56:49.4122047+00:00" testType="13cdc9d9-ddb5-4fa4-a97d-d965ccfc6d4b" outcome="Passed" testListId="8c84fa94-04c1-424b-9868-57a2d4851a1d" relativeResultsDirectory="df7a22a1-9845-4c57-a8a2-9129b5dc118b" />
    <UnitTestResult executionId="8c603993-31cc-44fc-80ba-8f58cc976191" testId="4fe0dd0f-2fa0-9c42-e816-a6df28150b72" testName="UnitTests.Data.Repositories.GenericRepositoryTests.GenericRepositoryGetsAll(iterations: 0)" computerName="fv-az177-278" duration="00:00:00.0070000" startTime="2022-01-29T23:56:49.2395418+00:00" endTime="2022-01-29T23:56:49.2395418+00:00" testType="13cdc9d9-ddb5-4fa4-a97d-d965ccfc6d4b" outcome="Passed" testListId="8c84fa94-04c1-424b-9868-57a2d4851a1d" relativeResultsDirectory="8c603993-31cc-44fc-80ba-8f58cc976191" />
    <UnitTestResult executionId="06848954-c994-4b0f-bf7c-ef7ff4fe7567" testId="44b00d3a-bad7-aefd-141c-4a35b11463b2" testName="UnitTests.Data.Repositories.GenericRepositoryTests.Repository_Update_DefaultAudit" computerName="fv-az177-278" duration="00:00:00.0140000" startTime="2022-01-29T23:56:49.3277837+00:00" endTime="2022-01-29T23:56:49.3277837+00:00" testType="13cdc9d9-ddb5-4fa4-a97d-d965ccfc6d4b" outcome="Passed" testListId="8c84fa94-04c1-424b-9868-57a2d4851a1d" relativeResultsDirectory="06848954-c994-4b0f-bf7c-ef7ff4fe7567" />
    <UnitTestResult executionId="d8b4a915-559a-48e2-9b42-ba1f67701697" testId="f5652070-1b22-f5a7-3f3f-68b37c9184a8" testName="UnitTests.Services.ItemServiceTests.CreateItem_NoItemThrows" computerName="fv-az177-278" duration="00:00:00.0010000" startTime="2022-01-29T23:56:49.5214512+00:00" endTime="2022-01-29T23:56:49.5214512+00:00" testType="13cdc9d9-ddb5-4fa4-a97d-d965ccfc6d4b" outcome="Passed" testListId="8c84fa94-04c1-424b-9868-57a2d4851a1d" relativeResultsDirectory="d8b4a915-559a-48e2-9b42-ba1f67701697" />
    <UnitTestResult executionId="d0dc5e21-fe68-4523-acff-012b5c5f38ed" testId="70ede014-c412-e387-bb98-e95b3b42090d" testName="UnitTests.Data.Repositories.GenericRepositoryTests.GenericRepositoryUpdates" computerName="fv-az177-278" duration="00:00:00.0240000" startTime="2022-01-29T23:56:49.2235452+00:00" endTime="2022-01-29T23:56:49.2235452+00:00" testType="13cdc9d9-ddb5-4fa4-a97d-d965ccfc6d4b" outcome="Passed" testListId="8c84fa94-04c1-424b-9868-57a2d4851a1d" relativeResultsDirectory="d0dc5e21-fe68-4523-acff-012b5c5f38ed" />
    <UnitTestResult executionId="6598c8c9-9d24-4251-af68-4e5ecc8881de" testId="ffe5c770-9b99-42c0-ce21-7e50cccf4385" testName="UnitTests.Data.Repositories.GenericRepositoryTests.GenericRepositoryGetsAll(iterations: 2)" computerName="fv-az177-278" duration="00:00:00.0090000" startTime="2022-01-29T23:56:49.2325426+00:00" endTime="2022-01-29T23:56:49.2325426+00:00" testType="13cdc9d9-ddb5-4fa4-a97d-d965ccfc6d4b" outcome="Passed" testListId="8c84fa94-04c1-424b-9868-57a2d4851a1d" relativeResultsDirectory="6598c8c9-9d24-4251-af68-4e5ecc8881de" />
    <UnitTestResult executionId="3ec9f95f-2299-4888-81ec-0d835037e628" testId="a21637b0-54f8-4fa0-bc3b-95481a9fd90b" testName="UnitTests.Controllers.ModuleExceptionFilterAttributeTests.ArgumentException_BadRequest(exception: System.ArgumentNullException: Value cannot be null.&#xD;&#xA;Parameter name: Null, expectedStatusCode: BadRequest)" computerName="fv-az177-278" duration="00:00:00.4750000" startTime="2022-01-29T23:56:50.1044617+00:00" endTime="2022-01-29T23:56:50.1044617+00:00" testType="13cdc9d9-ddb5-4fa4-a97d-d965ccfc6d4b" outcome="Passed" testListId="8c84fa94-04c1-424b-9868-57a2d4851a1d" relativeResultsDirectory="3ec9f95f-2299-4888-81ec-0d835037e628" />
    <UnitTestResult executionId="d19be7cf-8f50-43e9-a90e-77e5d79c7532" testId="1017c6c1-9dd0-57dc-36e7-bb573d02562e" testName="UnitTests.Controllers.ItemControllerTests.GetItemsPage_GetsProperPages" computerName="fv-az177-278" duration="00:00:00.0130000" startTime="2022-01-29T23:56:49.5775909+00:00" endTime="2022-01-29T23:56:49.5775909+00:00" testType="13cdc9d9-ddb5-4fa4-a97d-d965ccfc6d4b" outcome="Passed" testListId="8c84fa94-04c1-424b-9868-57a2d4851a1d" relativeResultsDirectory="d19be7cf-8f50-43e9-a90e-77e5d79c7532" />
    <UnitTestResult executionId="eb496cc1-cec6-48b6-a181-10e744e8318f" testId="a21637b0-54f8-4fa0-bc3b-95481a9fd90b" testName="UnitTests.Controllers.ModuleExceptionFilterAttributeTests.ArgumentException_BadRequest(exception: System.ArgumentOutOfRangeException: Specified argument was out of the range of valid values.&#xD;&#xA;Parameter name: Out of range, expectedStatusCode: BadRequest)" computerName="fv-az177-278" duration="00:00:00.0010000" startTime="2022-01-29T23:56:50.1054623+00:00" endTime="2022-01-29T23:56:50.1054623+00:00" testType="13cdc9d9-ddb5-4fa4-a97d-d965ccfc6d4b" outcome="Passed" testListId="8c84fa94-04c1-424b-9868-57a2d4851a1d" relativeResultsDirectory="eb496cc1-cec6-48b6-a181-10e744e8318f" />
    <UnitTestResult executionId="e77862f8-4219-4944-8166-f73e52574203" testId="9168bdef-a759-f4d6-b890-b643e17324cf" testName="UnitTests.Services.LoggingServiceTests.LogginService_TestableConstructorLogsErrorWithException" computerName="fv-az177-278" duration="00:00:00.0020000" startTime="2022-01-29T23:56:50.1380378+00:00" endTime="2022-01-29T23:56:50.1380378+00:00" testType="13cdc9d9-ddb5-4fa4-a97d-d965ccfc6d4b" outcome="Passed" testListId="8c84fa94-04c1-424b-9868-57a2d4851a1d" relativeResultsDirectory="e77862f8-4219-4944-8166-f73e52574203" />
    <UnitTestResult executionId="b8221eea-b9b6-4571-bcc3-7d9ae807b2be" testId="a21637b0-54f8-4fa0-bc3b-95481a9fd90b" testName="UnitTests.Controllers.ModuleExceptionFilterAttributeTests.ArgumentException_BadRequest(exception: System.UnauthorizedAccessException: Unauthorized, expectedStatusCode: Unauthorized)" computerName="fv-az177-278" duration="00:00:00.0010000" startTime="2022-01-29T23:56:50.1104609+00:00" endTime="2022-01-29T23:56:50.1104609+00:00" testType="13cdc9d9-ddb5-4fa4-a97d-d965ccfc6d4b" outcome="Passed" testListId="8c84fa94-04c1-424b-9868-57a2d4851a1d" relativeResultsDirectory="b8221eea-b9b6-4571-bcc3-7d9ae807b2be" />
    <UnitTestResult executionId="38bc97f1-f950-4b24-a7ae-5d55704fd960" testId="d1c63cb7-1f9a-a8bf-a217-a4cbb4e5f73b" testName="UnitTests.Common.GlobalsTests.ModulePrefixIsValid" computerName="fv-az177-278" duration="00:00:00.0010000" startTime="2022-01-29T23:56:46.9398196+00:00" endTime="2022-01-29T23:56:46.9398196+00:00" testType="13cdc9d9-ddb5-4fa4-a97d-d965ccfc6d4b" outcome="Passed" testListId="8c84fa94-04c1-424b-9868-57a2d4851a1d" relativeResultsDirectory="38bc97f1-f950-4b24-a7ae-5d55704fd960" />
    <UnitTestResult executionId="dcc8a65f-7241-4158-aa9c-24090d383812" testId="0bc54975-0bff-692e-a9b3-fc69f2c95a39" testName="UnitTests.Data.Repositories.GenericRepositoryTests.GenericRepositoryDeletes" computerName="fv-az177-278" duration="00:00:02.2020000" startTime="2022-01-29T23:56:49.1391228+00:00" endTime="2022-01-29T23:56:49.1391228+00:00" testType="13cdc9d9-ddb5-4fa4-a97d-d965ccfc6d4b" outcome="Passed" testListId="8c84fa94-04c1-424b-9868-57a2d4851a1d" relativeResultsDirectory="dcc8a65f-7241-4158-aa9c-24090d383812" />
    <UnitTestResult executionId="8502584e-44e9-4c0b-af1c-cde83993701f" testId="4bb697d7-9cb3-28c5-7c49-3e60c8ee823d" testName="UnitTests.EntensionMethodTests.IQueryable_GetPage_PagesProperly(count: 0, page: -1, pageSize: -1, expedtedPages: 0, expectedItems: 0, firstId: null, descending: False)" computerName="fv-az177-278" duration="00:00:00.0260000" startTime="2022-01-29T23:56:49.3177839+00:00" endTime="2022-01-29T23:56:49.3177839+00:00" testType="13cdc9d9-ddb5-4fa4-a97d-d965ccfc6d4b" outcome="Passed" testListId="8c84fa94-04c1-424b-9868-57a2d4851a1d" relativeResultsDirectory="8502584e-44e9-4c0b-af1c-cde83993701f" />
    <UnitTestResult executionId="d5dd8f69-55a8-4e70-ac1f-cefba3237cf2" testId="d16880d7-fb44-f209-43d9-ba2e0e1875de" testName="UnitTests.Data.Repositories.GenericRepositoryTests.GenericRepositoryGetsAll(iterations: 1)" computerName="fv-az177-278" duration="00:00:00.0080000" startTime="2022-01-29T23:56:49.3187836+00:00" endTime="2022-01-29T23:56:49.3187836+00:00" testType="13cdc9d9-ddb5-4fa4-a97d-d965ccfc6d4b" outcome="Passed" testListId="8c84fa94-04c1-424b-9868-57a2d4851a1d" relativeResultsDirectory="d5dd8f69-55a8-4e70-ac1f-cefba3237cf2" />
    <UnitTestResult executionId="d135d572-622c-4775-ab40-e32be4ed9b1c" testId="d15ea2a7-9f9f-b92b-50fa-470898da705d" testName="UnitTests.Data.Repositories.GenericRepositoryTests.GenericRepositoryGetsAll(iterations: 3)" computerName="fv-az177-278" duration="00:00:00.0250000" startTime="2022-01-29T23:56:49.3157838+00:00" endTime="2022-01-29T23:56:49.3157838+00:00" testType="13cdc9d9-ddb5-4fa4-a97d-d965ccfc6d4b" outcome="Passed" testListId="8c84fa94-04c1-424b-9868-57a2d4851a1d" relativeResultsDirectory="d135d572-622c-4775-ab40-e32be4ed9b1c" />
    <UnitTestResult executionId="0c394b87-49e6-4d98-880e-43bc00a3d93b" testId="ac1c50bc-98fd-036f-fe0f-d46cb187f90e" testName="UnitTests.Services.LoggingServiceTests.LogginService_TestableConstructorLogsError" computerName="fv-az177-278" duration="00:00:00.0320000" startTime="2022-01-29T23:56:50.1338175+00:00" endTime="2022-01-29T23:56:50.1338175+00:00" testType="13cdc9d9-ddb5-4fa4-a97d-d965ccfc6d4b" outcome="Passed" testListId="8c84fa94-04c1-424b-9868-57a2d4851a1d" relativeResultsDirectory="0c394b87-49e6-4d98-880e-43bc00a3d93b" />
    <UnitTestResult executionId="a84f0fc6-675f-4ba0-af2d-92843b0d8e3c" testId="aec60494-3c2e-8ec9-f948-da5bb2043983" testName="UnitTests.Controllers.ItemControllerTests.UserCanEdit_ReturnsBool(canEdit: True)" computerName="fv-az177-278" duration="00:00:00.0010000" startTime="2022-01-29T23:56:49.5532176+00:00" endTime="2022-01-29T23:56:49.5532176+00:00" testType="13cdc9d9-ddb5-4fa4-a97d-d965ccfc6d4b" outcome="Passed" testListId="8c84fa94-04c1-424b-9868-57a2d4851a1d" relativeResultsDirectory="a84f0fc6-675f-4ba0-af2d-92843b0d8e3c" />
    <UnitTestResult executionId="2b26e190-f637-4619-9682-87934bb30c59" testId="1c164fbc-1ab1-9884-ccb8-9e84f4c977d0" testName="UnitTests.Services.ItemServiceTests.UpdateItem_NoName_Throws(name: &quot; &quot;)" computerName="fv-az177-278" duration="00:00:00.0010000" startTime="2022-01-29T23:56:49.5100946+00:00" endTime="2022-01-29T23:56:49.5100946+00:00" testType="13cdc9d9-ddb5-4fa4-a97d-d965ccfc6d4b" outcome="Passed" testListId="8c84fa94-04c1-424b-9868-57a2d4851a1d" relativeResultsDirectory="2b26e190-f637-4619-9682-87934bb30c59" />
    <UnitTestResult executionId="b87c0d5d-ffb0-450c-9198-fbc9f8c66ddf" testId="92b7b9f6-1294-7ea1-ffa3-91fba85074d4" testName="UnitTests.Services.ItemServiceTests.UpdateItem_NoName_Throws(name: &quot;  &quot;)" computerName="fv-az177-278" duration="00:00:00.0010000" startTime="2022-01-29T23:56:49.5120943+00:00" endTime="2022-01-29T23:56:49.5120943+00:00" testType="13cdc9d9-ddb5-4fa4-a97d-d965ccfc6d4b" outcome="Passed" testListId="8c84fa94-04c1-424b-9868-57a2d4851a1d" relativeResultsDirectory="b87c0d5d-ffb0-450c-9198-fbc9f8c66ddf" />
    <UnitTestResult executionId="9ba0ac2b-4dc6-49bb-80d3-5f29666e6941" testId="1a74e347-4470-5271-97ab-1ebaf8693270" testName="UnitTests.Controllers.ModuleExceptionFilterAttributeTests.SystemException_DoesNotExposeDetails" computerName="fv-az177-278" duration="00:00:00.0170000" startTime="2022-01-29T23:56:50.1380378+00:00" endTime="2022-01-29T23:56:50.1380378+00:00" testType="13cdc9d9-ddb5-4fa4-a97d-d965ccfc6d4b" outcome="Passed" testListId="8c84fa94-04c1-424b-9868-57a2d4851a1d" relativeResultsDirectory="9ba0ac2b-4dc6-49bb-80d3-5f29666e6941" />
    <UnitTestResult executionId="7b6ef72e-b56e-45d3-90e4-bbcafa71c878" testId="a21637b0-54f8-4fa0-bc3b-95481a9fd90b" testName="UnitTests.Controllers.ModuleExceptionFilterAttributeTests.ArgumentException_BadRequest(exception: System.ArgumentException: Argument, expectedStatusCode: BadRequest)" computerName="fv-az177-278" duration="00:00:00.0010000" startTime="2022-01-29T23:56:50.1064628+00:00" endTime="2022-01-29T23:56:50.1064628+00:00" testType="13cdc9d9-ddb5-4fa4-a97d-d965ccfc6d4b" outcome="Passed" testListId="8c84fa94-04c1-424b-9868-57a2d4851a1d" relativeResultsDirectory="7b6ef72e-b56e-45d3-90e4-bbcafa71c878" />
    <UnitTestResult executionId="8178a8bc-a1cd-42fe-b645-291547407158" testId="36689490-09d4-917f-648a-70dcfcfede10" testName="UnitTests.Data.Repositories.GenericRepositoryTests.GenericRepositoryCreate_ThrowsWithNullEntity" computerName="fv-az177-278" duration="00:00:00.0010000" startTime="2022-01-29T23:56:49.1776942+00:00" endTime="2022-01-29T23:56:49.1776942+00:00" testType="13cdc9d9-ddb5-4fa4-a97d-d965ccfc6d4b" outcome="Passed" testListId="8c84fa94-04c1-424b-9868-57a2d4851a1d" relativeResultsDirectory="8178a8bc-a1cd-42fe-b645-291547407158" />
    <UnitTestResult executionId="9bb45f21-6ba7-4316-9913-4e43398cad12" testId="95a0a379-a9bd-3d99-f720-e626260de7f6" testName="UnitTests.EntensionMethodTests.IQueryable_GetPage_PagesProperly(count: 101, page: 1, pageSize: 50, expedtedPages: 3, expectedItems: 50, firstId: 1, descending: False)" computerName="fv-az177-278" duration="00:00:00.0540000" startTime="2022-01-29T23:56:49.2385452+00:00" endTime="2022-01-29T23:56:49.2385452+00:00" testType="13cdc9d9-ddb5-4fa4-a97d-d965ccfc6d4b" outcome="Passed" testListId="8c84fa94-04c1-424b-9868-57a2d4851a1d" relativeResultsDirectory="9bb45f21-6ba7-4316-9913-4e43398cad12" />
    <UnitTestResult executionId="62daddef-4383-48c0-aeb6-80504ebcb5cd" testId="ac2a99ba-3563-74a9-7d4c-8e91a58cd097" testName="UnitTests.Data.ModuleDbContextTests.DefaultConstructorThrows" computerName="fv-az177-278" duration="00:00:00.0220000" startTime="2022-01-29T23:56:49.5947816+00:00" endTime="2022-01-29T23:56:49.5947816+00:00" testType="13cdc9d9-ddb5-4fa4-a97d-d965ccfc6d4b" outcome="Passed" testListId="8c84fa94-04c1-424b-9868-57a2d4851a1d" relativeResultsDirectory="62daddef-4383-48c0-aeb6-80504ebcb5cd" />
    <UnitTestResult executionId="d7cbe9a1-ea4b-4af5-a7ea-9851588f54da" testId="73fc5149-51d6-8241-9c9f-f48c28e448e3" testName="UnitTests.EntensionMethodTests.IQueryable_IsOrdered_ThrowsWithNull" computerName="fv-az177-278" duration="00:00:00.0010000" startTime="2022-01-29T23:56:49.5264511+00:00" endTime="2022-01-29T23:56:49.5264511+00:00" testType="13cdc9d9-ddb5-4fa4-a97d-d965ccfc6d4b" outcome="Passed" testListId="8c84fa94-04c1-424b-9868-57a2d4851a1d" relativeResultsDirectory="d7cbe9a1-ea4b-4af5-a7ea-9851588f54da" />
    <UnitTestResult executionId="26fcfde8-7409-4aa1-ba2e-2e4fc5c83387" testId="bae3532a-4a9e-c4ab-fc66-4dfa22d16170" testName="UnitTests.Controllers.ModuleApiControllerTests.HasUserInfo" computerName="fv-az177-278" duration="00:00:00.0200000" startTime="2022-01-29T23:56:49.5623651+00:00" endTime="2022-01-29T23:56:49.5623651+00:00" testType="13cdc9d9-ddb5-4fa4-a97d-d965ccfc6d4b" outcome="Passed" testListId="8c84fa94-04c1-424b-9868-57a2d4851a1d" relativeResultsDirectory="26fcfde8-7409-4aa1-ba2e-2e4fc5c83387" />
    <UnitTestResult executionId="622cbbb5-c01c-448e-9d29-3006297e1cfb" testId="392ed628-2028-c945-b97e-893658a1e82b" testName="UnitTests.Data.Entities.ItemTests.ItemPropertiesPersist(id: 1, name: &quot;Name1&quot;, description: &quot;Description1&quot;)" computerName="fv-az177-278" duration="00:00:00.0010000" startTime="2022-01-29T23:56:49.5723763+00:00" endTime="2022-01-29T23:56:49.5723763+00:00" testType="13cdc9d9-ddb5-4fa4-a97d-d965ccfc6d4b" outcome="Passed" testListId="8c84fa94-04c1-424b-9868-57a2d4851a1d" relativeResultsDirectory="622cbbb5-c01c-448e-9d29-3006297e1cfb" />
    <UnitTestResult executionId="e309ec1d-621c-43bc-883b-ae1b0dc58bda" testId="7e661283-b2b2-d632-266b-6af1f3374c08" testName="UnitTests.EntensionMethodTests.IQueryable_GetPage_PagesProperly(count: 21, page: 1, pageSize: 10, expedtedPages: 3, expectedItems: 10, firstId: 21, descending: True)" computerName="fv-az177-278" duration="00:00:00.1070000" startTime="2022-01-29T23:56:49.3942071+00:00" endTime="2022-01-29T23:56:49.3942071+00:00" testType="13cdc9d9-ddb5-4fa4-a97d-d965ccfc6d4b" outcome="Passed" testListId="8c84fa94-04c1-424b-9868-57a2d4851a1d" relativeResultsDirectory="e309ec1d-621c-43bc-883b-ae1b0dc58bda" />
    <UnitTestResult executionId="af9617ae-ca07-4e89-b7e9-c8782e3dfa9e" testId="a9198ad3-782e-a37c-0b5f-1330f5318f55" testName="UnitTests.Services.ItemServiceTests.CreateItem_Creates" computerName="fv-az177-278" duration="00:00:00.0130000" startTime="2022-01-29T23:56:49.5334516+00:00" endTime="2022-01-29T23:56:49.5334516+00:00" testType="13cdc9d9-ddb5-4fa4-a97d-d965ccfc6d4b" outcome="Passed" testListId="8c84fa94-04c1-424b-9868-57a2d4851a1d" relativeResultsDirectory="af9617ae-ca07-4e89-b7e9-c8782e3dfa9e" />
    <UnitTestResult executionId="b344a3b0-2f1d-4346-be25-7ce27fc3d9a5" testId="5f92ec4d-d570-0452-b891-d4cee75db9dd" testName="UnitTests.Controllers.ModuleApiControllerTests.CanEdit_Set_Throws" computerName="fv-az177-278" duration="00:00:00.0010000" startTime="2022-01-29T23:56:49.5404517+00:00" endTime="2022-01-29T23:56:49.5404517+00:00" testType="13cdc9d9-ddb5-4fa4-a97d-d965ccfc6d4b" outcome="Passed" testListId="8c84fa94-04c1-424b-9868-57a2d4851a1d" relativeResultsDirectory="b344a3b0-2f1d-4346-be25-7ce27fc3d9a5" />
    <UnitTestResult executionId="d8eb0548-7a19-49e1-88ba-282c5de8c8ae" testId="b72028ed-e29e-ac6a-9e2e-bf700facee4e" testName="UnitTests.EntensionMethodTests.IQueryable_IsOrdered_Works(ordered: True, descending: False, lastOrder: False)" computerName="fv-az177-278" duration="00:00:00.0130000" startTime="2022-01-29T23:56:49.4957550+00:00" endTime="2022-01-29T23:56:49.4957550+00:00" testType="13cdc9d9-ddb5-4fa4-a97d-d965ccfc6d4b" outcome="Passed" testListId="8c84fa94-04c1-424b-9868-57a2d4851a1d" relativeResultsDirectory="d8eb0548-7a19-49e1-88ba-282c5de8c8ae" />
    <UnitTestResult executionId="c110e5f6-c249-43ed-8c51-eef8f552d2ce" testId="263c08b1-704a-f3c2-309e-6dee831dbdc9" testName="UnitTests.Services.ItemServiceTests.UpdateItem_NullDto_Throws" computerName="fv-az177-278" duration="00:00:00.0060000" startTime="2022-01-29T23:56:49.5060850+00:00" endTime="2022-01-29T23:56:49.5060850+00:00" testType="13cdc9d9-ddb5-4fa4-a97d-d965ccfc6d4b" outcome="Passed" testListId="8c84fa94-04c1-424b-9868-57a2d4851a1d" relativeResultsDirectory="c110e5f6-c249-43ed-8c51-eef8f552d2ce" />
    <UnitTestResult executionId="0c0142a1-c687-4001-baf9-6de5ab17daf9" testId="a21637b0-54f8-4fa0-bc3b-95481a9fd90b" testName="UnitTests.Controllers.ModuleExceptionFilterAttributeTests.ArgumentException_BadRequest(exception: System.TimeoutException: Timed out, expectedStatusCode: RequestTimeout)" computerName="fv-az177-278" duration="00:00:00.0010000" startTime="2022-01-29T23:56:50.1104609+00:00" endTime="2022-01-29T23:56:50.1104609+00:00" testType="13cdc9d9-ddb5-4fa4-a97d-d965ccfc6d4b" outcome="Passed" testListId="8c84fa94-04c1-424b-9868-57a2d4851a1d" relativeResultsDirectory="0c0142a1-c687-4001-baf9-6de5ab17daf9" />
    <UnitTestResult executionId="0312f574-584a-45c9-8c31-a92e04ecebed" testId="9207202d-19b8-8eb5-74dc-6aa5d849467c" testName="UnitTests.EntensionMethodTests.IQueryable_GetPage_PagesProperly(count: 10, page: 1, pageSize: 10, expedtedPages: 1, expectedItems: 10, firstId: 1, descending: False)" computerName="fv-az177-278" duration="00:00:00.0190000" startTime="2022-01-29T23:56:49.3267837+00:00" endTime="2022-01-29T23:56:49.3267837+00:00" testType="13cdc9d9-ddb5-4fa4-a97d-d965ccfc6d4b" outcome="Passed" testListId="8c84fa94-04c1-424b-9868-57a2d4851a1d" relativeResultsDirectory="0312f574-584a-45c9-8c31-a92e04ecebed" />
    <UnitTestResult executionId="d388b4d5-2230-486a-a6d0-c6d892510676" testId="f754f777-4449-23e8-f4ec-917f49117de2" testName="UnitTests.Data.Repositories.GenericRepositoryTests.Repository_DeleteMissing_DoesNotThrow" computerName="fv-az177-278" duration="00:00:00.0090000" startTime="2022-01-29T23:56:49.3207828+00:00" endTime="2022-01-29T23:56:49.3207828+00:00" testType="13cdc9d9-ddb5-4fa4-a97d-d965ccfc6d4b" outcome="Passed" testListId="8c84fa94-04c1-424b-9868-57a2d4851a1d" relativeResultsDirectory="d388b4d5-2230-486a-a6d0-c6d892510676" />
    <UnitTestResult executionId="553bd16c-d114-4203-8554-9bd798dc59a3" testId="1b051fa0-d4cc-1b32-80bb-d56b714e3066" testName="UnitTests.Services.ItemServiceTests.GetItemsPage_GetsPages(page: 1, pageSize: 20, descending: False, expectedPages: 2, returnedPage: 1)" computerName="fv-az177-278" duration="00:00:00.0050000" startTime="2022-01-29T23:56:49.4787555+00:00" endTime="2022-01-29T23:56:49.4787555+00:00" testType="13cdc9d9-ddb5-4fa4-a97d-d965ccfc6d4b" outcome="Passed" testListId="8c84fa94-04c1-424b-9868-57a2d4851a1d" relativeResultsDirectory="553bd16c-d114-4203-8554-9bd798dc59a3" />
    <UnitTestResult executionId="cee890e6-4100-45a5-a9ba-b2ecf20f263e" testId="19b6234c-c2df-2304-54f9-54b0da4cd6ba" testName="UnitTests.Services.ItemServiceTests.CreateItem_NoNameThrows" computerName="fv-az177-278" duration="00:00:00.0010000" startTime="2022-01-29T23:56:49.5080947+00:00" endTime="2022-01-29T23:56:49.5080947+00:00" testType="13cdc9d9-ddb5-4fa4-a97d-d965ccfc6d4b" outcome="Passed" testListId="8c84fa94-04c1-424b-9868-57a2d4851a1d" relativeResultsDirectory="cee890e6-4100-45a5-a9ba-b2ecf20f263e" />
    <UnitTestResult executionId="a77bc98d-8123-45b4-817c-16e73710ff13" testId="ae39aa62-5ff2-56e7-d00e-ef116d711d51" testName="UnitTests.Data.Repositories.GenericRepositoryTests.Repository_Create_DefaultAudit" computerName="fv-az177-278" duration="00:00:00.0070000" startTime="2022-01-29T23:56:49.3862026+00:00" endTime="2022-01-29T23:56:49.3862026+00:00" testType="13cdc9d9-ddb5-4fa4-a97d-d965ccfc6d4b" outcome="Passed" testListId="8c84fa94-04c1-424b-9868-57a2d4851a1d" relativeResultsDirectory="a77bc98d-8123-45b4-817c-16e73710ff13" />
    <UnitTestResult executionId="ece951c0-5d1e-4271-ad39-41dc8767e154" testId="113f48ce-a6a3-c5df-7589-ba5a5fcb9c59" testName="UnitTests.Controllers.ModuleExceptionFilterAttributeTests.NoException_DoesNothing" computerName="fv-az177-278" duration="00:00:00.0010000" startTime="2022-01-29T23:56:50.1124612+00:00" endTime="2022-01-29T23:56:50.1124612+00:00" testType="13cdc9d9-ddb5-4fa4-a97d-d965ccfc6d4b" outcome="Passed" testListId="8c84fa94-04c1-424b-9868-57a2d4851a1d" relativeResultsDirectory="ece951c0-5d1e-4271-ad39-41dc8767e154" />
    <UnitTestResult executionId="0b0d5ad3-0ad4-4d08-8207-71f3ad25c4cb" testId="8ba31d1b-48e3-e04e-cff0-b927c63b4a19" testName="UnitTests.Services.LoggingServiceTests.LoggingService_DefaultConstructorExists" computerName="fv-az177-278" duration="00:00:00.5070000" startTime="2022-01-29T23:56:50.1014598+00:00" endTime="2022-01-29T23:56:50.1014598+00:00" testType="13cdc9d9-ddb5-4fa4-a97d-d965ccfc6d4b" outcome="Passed" testListId="8c84fa94-04c1-424b-9868-57a2d4851a1d" relativeResultsDirectory="0b0d5ad3-0ad4-4d08-8207-71f3ad25c4cb" />
    <UnitTestResult executionId="6b6ffe65-7f58-49f3-b439-77bd465c621a" testId="e55f1742-c16d-5086-2251-ad3372dd48f5" testName="UnitTests.Controllers.ValidateModelAttributeTests.OnActionExecuting_Valid_Works" computerName="fv-az177-278" duration="00:00:00.0770000" startTime="2022-01-29T23:56:45.4870509+00:00" endTime="2022-01-29T23:56:45.4870509+00:00" testType="13cdc9d9-ddb5-4fa4-a97d-d965ccfc6d4b" outcome="Passed" testListId="8c84fa94-04c1-424b-9868-57a2d4851a1d" relativeResultsDirectory="6b6ffe65-7f58-49f3-b439-77bd465c621a" />
    <UnitTestResult executionId="79fa228f-a7a7-4542-8558-2ba48e4eaab2" testId="0864c31d-6119-84d6-7f52-9d349dabbe84" testName="UnitTests.Services.ItemServiceTests.GetItemsPage_GetsPages(page: 0, pageSize: 0, descending: True, expectedPages: 30, returnedPage: 1)" computerName="fv-az177-278" duration="00:00:00.0690000" startTime="2022-01-29T23:56:49.4727556+00:00" endTime="2022-01-29T23:56:49.4727556+00:00" testType="13cdc9d9-ddb5-4fa4-a97d-d965ccfc6d4b" outcome="Passed" testListId="8c84fa94-04c1-424b-9868-57a2d4851a1d" relativeResultsDirectory="79fa228f-a7a7-4542-8558-2ba48e4eaab2" />
    <UnitTestResult executionId="bc165d2d-2432-4413-a6ea-c0be594c515b" testId="3140ebc5-2430-06b3-4257-a6794b9b09ac" testName="UnitTests.EntensionMethodTests.IQueryable_IsOrdered_Works(ordered: True, descending: False, lastOrder: True)" computerName="fv-az177-278" duration="00:00:00.0070000" startTime="2022-01-29T23:56:49.4827549+00:00" endTime="2022-01-29T23:56:49.4827549+00:00" testType="13cdc9d9-ddb5-4fa4-a97d-d965ccfc6d4b" outcome="Passed" testListId="8c84fa94-04c1-424b-9868-57a2d4851a1d" relativeResultsDirectory="bc165d2d-2432-4413-a6ea-c0be594c515b" />
    <UnitTestResult executionId="46d5dd9d-4058-4428-b325-c3424f119504" testId="24cfa8b0-48c3-8aab-e4c2-88694c220e2c" testName="UnitTests.Data.Repositories.GenericRepositoryTests.GenericRepositoryUpdate_ThrowsWithNullEntity" computerName="fv-az177-278" duration="00:00:00.0010000" startTime="2022-01-29T23:56:49.3842042+00:00" endTime="2022-01-29T23:56:49.3842042+00:00" testType="13cdc9d9-ddb5-4fa4-a97d-d965ccfc6d4b" outcome="Passed" testListId="8c84fa94-04c1-424b-9868-57a2d4851a1d" relativeResultsDirectory="46d5dd9d-4058-4428-b325-c3424f119504" />
    <UnitTestResult executionId="fbb54559-f1d1-4f68-83b6-a733917a0908" testId="d6094ca1-b65b-5133-f464-9f7d01f0d023" testName="UnitTests.Controllers.ItemControllerTests.DeleteItem_Deletes(itemId: 10)" computerName="fv-az177-278" duration="00:00:00.0010000" startTime="2022-01-29T23:56:49.5812033+00:00" endTime="2022-01-29T23:56:49.5812033+00:00" testType="13cdc9d9-ddb5-4fa4-a97d-d965ccfc6d4b" outcome="Passed" testListId="8c84fa94-04c1-424b-9868-57a2d4851a1d" relativeResultsDirectory="fbb54559-f1d1-4f68-83b6-a733917a0908" />
    <UnitTestResult executionId="9be0d67d-3530-40c3-943b-4d804be29fae" testId="2695f427-ed7b-9f97-5696-f97a7702128c" testName="UnitTests.EntensionMethodTests.IQueryable_GetPage_PagesProperly(count: 20, page: 2, pageSize: 10, expedtedPages: 2, expectedItems: 10, firstId: 11, descending: False)" computerName="fv-az177-278" duration="00:00:03.2790000" startTime="2022-01-29T23:56:49.1531209+00:00" endTime="2022-01-29T23:56:49.1531209+00:00" testType="13cdc9d9-ddb5-4fa4-a97d-d965ccfc6d4b" outcome="Passed" testListId="8c84fa94-04c1-424b-9868-57a2d4851a1d" relativeResultsDirectory="9be0d67d-3530-40c3-943b-4d804be29fae" />
    <UnitTestResult executionId="08a6fa06-ad64-4e5d-9179-8301ffe41474" testId="ad3412e8-5f64-2020-a5b6-bd4cca8c3b7d" testName="UnitTests.Data.Repositories.GenericRepositoryTests.GenericRepositoryGet" computerName="fv-az177-278" duration="00:00:00.0240000" startTime="2022-01-29T23:56:49.1766926+00:00" endTime="2022-01-29T23:56:49.1766926+00:00" testType="13cdc9d9-ddb5-4fa4-a97d-d965ccfc6d4b" outcome="Passed" testListId="8c84fa94-04c1-424b-9868-57a2d4851a1d" relativeResultsDirectory="08a6fa06-ad64-4e5d-9179-8301ffe41474" />
    <UnitTestResult executionId="29b94c36-d230-40cd-897a-1124582c1caa" testId="0f141a30-05bd-f4ed-a627-d40adca6b3ca" testName="UnitTests.Services.ItemServiceTests.GetItemsPage_GetsPages(page: 4, pageSize: 10, descending: False, expectedPages: 3, returnedPage: 3)" computerName="fv-az177-278" duration="00:00:00.0090000" startTime="2022-01-29T23:56:49.4947542+00:00" endTime="2022-01-29T23:56:49.4947542+00:00" testType="13cdc9d9-ddb5-4fa4-a97d-d965ccfc6d4b" outcome="Passed" testListId="8c84fa94-04c1-424b-9868-57a2d4851a1d" relativeResultsDirectory="29b94c36-d230-40cd-897a-1124582c1caa" />
  </Results>
  <TestDefinitions>
    <UnitTest name="UnitTests.Controllers.ItemControllerTests.DeleteItem_Deletes(itemId: 1)" storage="d:\a\mymodule20220129\mymodule20220129\unittests\bin\unittests.dll" id="478b61ee-7d85-9dbe-985d-08c590f8666a">
      <Execution id="49712891-7151-4e45-a981-0f1cc4a979c7" />
      <TestMethod codeBase="D:\a\MyModule20220129\MyModule20220129\UnitTests\bin\UnitTests.dll" adapterTypeName="executor://xunit/VsTestRunner2/net" className="UnitTests.Controllers.ItemControllerTests" name="DeleteItem_Deletes" />
    </UnitTest>
    <UnitTest name="UnitTests.EntensionMethodTests.IQueryable_IsOrdered_Works(ordered: True, descending: True, lastOrder: False)" storage="d:\a\mymodule20220129\mymodule20220129\unittests\bin\unittests.dll" id="6f0b47a1-9d18-a5d8-8dd1-c8f266712c15">
      <Execution id="265f0747-85c6-44ca-842f-64cac1912c40" />
      <TestMethod codeBase="D:\a\MyModule20220129\MyModule20220129\UnitTests\bin\UnitTests.dll" adapterTypeName="executor://xunit/VsTestRunner2/net" className="UnitTests.EntensionMethodTests" name="IQueryable_IsOrdered_Works" />
    </UnitTest>
    <UnitTest name="UnitTests.Controllers.ItemControllerTests.UserCanEdit_ReturnsBool(canEdit: False)" storage="d:\a\mymodule20220129\mymodule20220129\unittests\bin\unittests.dll" id="0247c7e7-7d1c-099b-2ac8-81a47ff2509a">
      <Execution id="805139b7-a63d-46bf-b845-78bd139e8062" />
      <TestMethod codeBase="D:\a\MyModule20220129\MyModule20220129\UnitTests\bin\UnitTests.dll" adapterTypeName="executor://xunit/VsTestRunner2/net" className="UnitTests.Controllers.ItemControllerTests" name="UserCanEdit_ReturnsBool" />
    </UnitTest>
    <UnitTest name="UnitTests.EntensionMethodTests.IQueryable_GetPage_PagesProperly(count: 21, page: 1, pageSize: 10, expedtedPages: 3, expectedItems: 10, firstId: 21, descending: True)" storage="d:\a\mymodule20220129\mymodule20220129\unittests\bin\unittests.dll" id="7e661283-b2b2-d632-266b-6af1f3374c08">
      <Execution id="e309ec1d-621c-43bc-883b-ae1b0dc58bda" />
      <TestMethod codeBase="D:\a\MyModule20220129\MyModule20220129\UnitTests\bin\UnitTests.dll" adapterTypeName="executor://xunit/VsTestRunner2/net" className="UnitTests.EntensionMethodTests" name="IQueryable_GetPage_PagesProperly" />
    </UnitTest>
    <UnitTest name="UnitTests.Data.ModuleDbContextTests.DefaultConstructorThrows" storage="d:\a\mymodule20220129\mymodule20220129\unittests\bin\unittests.dll" id="ac2a99ba-3563-74a9-7d4c-8e91a58cd097">
      <Execution id="62daddef-4383-48c0-aeb6-80504ebcb5cd" />
      <TestMethod codeBase="D:\a\MyModule20220129\MyModule20220129\UnitTests\bin\UnitTests.dll" adapterTypeName="executor://xunit/VsTestRunner2/net" className="UnitTests.Data.ModuleDbContextTests" name="DefaultConstructorThrows" />
    </UnitTest>
    <UnitTest name="UnitTests.Controllers.LocalizationControllerTests.GetLocalization_CallsLocalizationService" storage="d:\a\mymodule20220129\mymodule20220129\unittests\bin\unittests.dll" id="168fc980-36e3-101b-62b1-f5ab71e9fc0d">
      <Execution id="7171f6c8-368b-4a42-a973-5d1d47a326f1" />
      <TestMethod codeBase="D:\a\MyModule20220129\MyModule20220129\UnitTests\bin\UnitTests.dll" adapterTypeName="executor://xunit/VsTestRunner2/net" className="UnitTests.Controllers.LocalizationControllerTests" name="GetLocalization_CallsLocalizationService" />
    </UnitTest>
    <UnitTest name="UnitTests.Controllers.ModuleApiControllerTests.CanEdit_DefaultsToFalse" storage="d:\a\mymodule20220129\mymodule20220129\unittests\bin\unittests.dll" id="320e3c11-11d1-b3ef-0d2e-5e474f674ff1">
      <Execution id="6e538fe1-8ea3-4446-bf4c-ec4ad11b3b3e" />
      <TestMethod codeBase="D:\a\MyModule20220129\MyModule20220129\UnitTests\bin\UnitTests.dll" adapterTypeName="executor://xunit/VsTestRunner2/net" className="UnitTests.Controllers.ModuleApiControllerTests" name="CanEdit_DefaultsToFalse" />
    </UnitTest>
    <UnitTest name="UnitTests.Data.Repositories.GenericRepositoryTests.GenericRepositoryCreatesAndGetsById" storage="d:\a\mymodule20220129\mymodule20220129\unittests\bin\unittests.dll" id="e6e0a140-85e7-6935-6160-ab95ecfd3c8a">
      <Execution id="8ae89813-3c46-40db-abc1-a2290b79c527" />
      <TestMethod codeBase="D:\a\MyModule20220129\MyModule20220129\UnitTests\bin\UnitTests.dll" adapterTypeName="executor://xunit/VsTestRunner2/net" className="UnitTests.Data.Repositories.GenericRepositoryTests" name="GenericRepositoryCreatesAndGetsById" />
    </UnitTest>
    <UnitTest name="UnitTests.Services.ItemServiceTests.GetItemsPage_GetsPages(page: 4, pageSize: 10, descending: False, expectedPages: 3, returnedPage: 3)" storage="d:\a\mymodule20220129\mymodule20220129\unittests\bin\unittests.dll" id="0f141a30-05bd-f4ed-a627-d40adca6b3ca">
      <Execution id="29b94c36-d230-40cd-897a-1124582c1caa" />
      <TestMethod codeBase="D:\a\MyModule20220129\MyModule20220129\UnitTests\bin\UnitTests.dll" adapterTypeName="executor://xunit/VsTestRunner2/net" className="UnitTests.Services.ItemServiceTests" name="GetItemsPage_GetsPages" />
    </UnitTest>
    <UnitTest name="UnitTests.Services.ItemServiceTests.UpdateItem_NoName_Throws(name: &quot; &quot;)" storage="d:\a\mymodule20220129\mymodule20220129\unittests\bin\unittests.dll" id="1c164fbc-1ab1-9884-ccb8-9e84f4c977d0">
      <Execution id="2b26e190-f637-4619-9682-87934bb30c59" />
      <TestMethod codeBase="D:\a\MyModule20220129\MyModule20220129\UnitTests\bin\UnitTests.dll" adapterTypeName="executor://xunit/VsTestRunner2/net" className="UnitTests.Services.ItemServiceTests" name="UpdateItem_NoName_Throws" />
    </UnitTest>
    <UnitTest name="UnitTests.EntensionMethodTests.IQueryable_IsOrdered_Works(ordered: False, descending: False, lastOrder: False)" storage="d:\a\mymodule20220129\mymodule20220129\unittests\bin\unittests.dll" id="2aef35a8-73ad-0c03-c8a4-2b5a1d37af8f">
      <Execution id="df7a22a1-9845-4c57-a8a2-9129b5dc118b" />
      <TestMethod codeBase="D:\a\MyModule20220129\MyModule20220129\UnitTests\bin\UnitTests.dll" adapterTypeName="executor://xunit/VsTestRunner2/net" className="UnitTests.EntensionMethodTests" name="IQueryable_IsOrdered_Works" />
    </UnitTest>
    <UnitTest name="UnitTests.EntensionMethodTests.IQueryable_GetPage_PagesProperly(count: 101, page: 1, pageSize: 50, expedtedPages: 3, expectedItems: 50, firstId: 1, descending: False)" storage="d:\a\mymodule20220129\mymodule20220129\unittests\bin\unittests.dll" id="95a0a379-a9bd-3d99-f720-e626260de7f6">
      <Execution id="9bb45f21-6ba7-4316-9913-4e43398cad12" />
      <TestMethod codeBase="D:\a\MyModule20220129\MyModule20220129\UnitTests\bin\UnitTests.dll" adapterTypeName="executor://xunit/VsTestRunner2/net" className="UnitTests.EntensionMethodTests" name="IQueryable_GetPage_PagesProperly" />
    </UnitTest>
    <UnitTest name="UnitTests.EntensionMethodTests.IQueryable_GetPage_PagesProperly(count: 0, page: -1, pageSize: -1, expedtedPages: 0, expectedItems: 0, firstId: null, descending: False)" storage="d:\a\mymodule20220129\mymodule20220129\unittests\bin\unittests.dll" id="4bb697d7-9cb3-28c5-7c49-3e60c8ee823d">
      <Execution id="8502584e-44e9-4c0b-af1c-cde83993701f" />
      <TestMethod codeBase="D:\a\MyModule20220129\MyModule20220129\UnitTests\bin\UnitTests.dll" adapterTypeName="executor://xunit/VsTestRunner2/net" className="UnitTests.EntensionMethodTests" name="IQueryable_GetPage_PagesProperly" />
    </UnitTest>
    <UnitTest name="UnitTests.Data.Repositories.GenericRepositoryTests.Repository_Update_UsesuserId" storage="d:\a\mymodule20220129\mymodule20220129\unittests\bin\unittests.dll" id="0ebf358f-9eac-9438-b418-9c6aa81a6377">
      <Execution id="4612bade-34f3-47d5-a478-40de133b716c" />
      <TestMethod codeBase="D:\a\MyModule20220129\MyModule20220129\UnitTests\bin\UnitTests.dll" adapterTypeName="executor://xunit/VsTestRunner2/net" className="UnitTests.Data.Repositories.GenericRepositoryTests" name="Repository_Update_UsesuserId" />
    </UnitTest>
    <UnitTest name="UnitTests.Services.ItemServiceTests.CreateItem_Creates" storage="d:\a\mymodule20220129\mymodule20220129\unittests\bin\unittests.dll" id="a9198ad3-782e-a37c-0b5f-1330f5318f55">
      <Execution id="af9617ae-ca07-4e89-b7e9-c8782e3dfa9e" />
      <TestMethod codeBase="D:\a\MyModule20220129\MyModule20220129\UnitTests\bin\UnitTests.dll" adapterTypeName="executor://xunit/VsTestRunner2/net" className="UnitTests.Services.ItemServiceTests" name="CreateItem_Creates" />
    </UnitTest>
    <UnitTest name="UnitTests.Controllers.ValidateModelAttributeTests.OnActionExecuting_Invalid_Works" storage="d:\a\mymodule20220129\mymodule20220129\unittests\bin\unittests.dll" id="61a8ccc9-c5b1-047b-3c97-f777ccc7d30b">
      <Execution id="e13cde54-2bcd-4d59-97d6-49c3d8cfb9f5" />
      <TestMethod codeBase="D:\a\MyModule20220129\MyModule20220129\UnitTests\bin\UnitTests.dll" adapterTypeName="executor://xunit/VsTestRunner2/net" className="UnitTests.Controllers.ValidateModelAttributeTests" name="OnActionExecuting_Invalid_Works" />
    </UnitTest>
    <UnitTest name="UnitTests.EntensionMethodTests.IQueryable_IsOrdered_Works(ordered: False, descending: True, lastOrder: False)" storage="d:\a\mymodule20220129\mymodule20220129\unittests\bin\unittests.dll" id="b80893de-3e2d-6029-ec19-65c03fd119c3">
      <Execution id="9bed11c5-d580-4019-b14a-f011dfdd72ff" />
      <TestMethod codeBase="D:\a\MyModule20220129\MyModule20220129\UnitTests\bin\UnitTests.dll" adapterTypeName="executor://xunit/VsTestRunner2/net" className="UnitTests.EntensionMethodTests" name="IQueryable_IsOrdered_Works" />
    </UnitTest>
    <UnitTest name="UnitTests.Services.ItemServiceTests.GetItemsPage_GetsPages(page: 1, pageSize: 20, descending: False, expectedPages: 2, returnedPage: 1)" storage="d:\a\mymodule20220129\mymodule20220129\unittests\bin\unittests.dll" id="1b051fa0-d4cc-1b32-80bb-d56b714e3066">
      <Execution id="553bd16c-d114-4203-8554-9bd798dc59a3" />
      <TestMethod codeBase="D:\a\MyModule20220129\MyModule20220129\UnitTests\bin\UnitTests.dll" adapterTypeName="executor://xunit/VsTestRunner2/net" className="UnitTests.Services.ItemServiceTests" name="GetItemsPage_GetsPages" />
    </UnitTest>
    <UnitTest name="UnitTests.Data.Repositories.GenericRepositoryTests.GenericRepositoryGet" storage="d:\a\mymodule20220129\mymodule20220129\unittests\bin\unittests.dll" id="ad3412e8-5f64-2020-a5b6-bd4cca8c3b7d">
      <Execution id="08a6fa06-ad64-4e5d-9179-8301ffe41474" />
      <TestMethod codeBase="D:\a\MyModule20220129\MyModule20220129\UnitTests\bin\UnitTests.dll" adapterTypeName="executor://xunit/VsTestRunner2/net" className="UnitTests.Data.Repositories.GenericRepositoryTests" name="GenericRepositoryGet" />
    </UnitTest>
    <UnitTest name="UnitTests.Services.LoggingServiceTests.LogginService_TestableConstructorLogsError" storage="d:\a\mymodule20220129\mymodule20220129\unittests\bin\unittests.dll" id="ac1c50bc-98fd-036f-fe0f-d46cb187f90e">
      <Execution id="0c394b87-49e6-4d98-880e-43bc00a3d93b" />
      <TestMethod codeBase="D:\a\MyModule20220129\MyModule20220129\UnitTests\bin\UnitTests.dll" adapterTypeName="executor://xunit/VsTestRunner2/net" className="UnitTests.Services.LoggingServiceTests" name="LogginService_TestableConstructorLogsError" />
    </UnitTest>
    <UnitTest name="UnitTests.Data.Repositories.GenericRepositoryTests.GenericRepositoryUpdate_ThrowsWithNullEntity" storage="d:\a\mymodule20220129\mymodule20220129\unittests\bin\unittests.dll" id="24cfa8b0-48c3-8aab-e4c2-88694c220e2c">
      <Execution id="46d5dd9d-4058-4428-b325-c3424f119504" />
      <TestMethod codeBase="D:\a\MyModule20220129\MyModule20220129\UnitTests\bin\UnitTests.dll" adapterTypeName="executor://xunit/VsTestRunner2/net" className="UnitTests.Data.Repositories.GenericRepositoryTests" name="GenericRepositoryUpdate_ThrowsWithNullEntity" />
    </UnitTest>
    <UnitTest name="UnitTests.Data.Entities.ItemTests.ItemPropertiesPersist(id: 2, name: &quot;Name2&quot;, description: &quot;Description2&quot;)" storage="d:\a\mymodule20220129\mymodule20220129\unittests\bin\unittests.dll" id="96a18501-dea4-70b1-d572-baa1bb120da2">
      <Execution id="fc9a2bb0-70b1-4470-b7d1-7a72b5eb0730" />
      <TestMethod codeBase="D:\a\MyModule20220129\MyModule20220129\UnitTests\bin\UnitTests.dll" adapterTypeName="executor://xunit/VsTestRunner2/net" className="UnitTests.Data.Entities.ItemTests" name="ItemPropertiesPersist" />
    </UnitTest>
    <UnitTest name="UnitTests.Data.Repositories.GenericRepositoryTests.GenericRepositoryGetsAll(iterations: 3)" storage="d:\a\mymodule20220129\mymodule20220129\unittests\bin\unittests.dll" id="d15ea2a7-9f9f-b92b-50fa-470898da705d">
      <Execution id="d135d572-622c-4775-ab40-e32be4ed9b1c" />
      <TestMethod codeBase="D:\a\MyModule20220129\MyModule20220129\UnitTests\bin\UnitTests.dll" adapterTypeName="executor://xunit/VsTestRunner2/net" className="UnitTests.Data.Repositories.GenericRepositoryTests" name="GenericRepositoryGetsAll" />
    </UnitTest>
    <UnitTest name="UnitTests.Common.GlobalsTests.ModulePrefixIsValid" storage="d:\a\mymodule20220129\mymodule20220129\unittests\bin\unittests.dll" id="d1c63cb7-1f9a-a8bf-a217-a4cbb4e5f73b">
      <Execution id="38bc97f1-f950-4b24-a7ae-5d55704fd960" />
      <TestMethod codeBase="D:\a\MyModule20220129\MyModule20220129\UnitTests\bin\UnitTests.dll" adapterTypeName="executor://xunit/VsTestRunner2/net" className="UnitTests.Common.GlobalsTests" name="ModulePrefixIsValid" />
    </UnitTest>
    <UnitTest name="UnitTests.Controllers.ServiceRouteMapperTests.RegisterRoutes_RegistersAtLestOneRoute" storage="d:\a\mymodule20220129\mymodule20220129\unittests\bin\unittests.dll" id="986d7e6e-d04d-b204-b01c-fbb8f09c7774">
      <Execution id="98b806b3-448e-4820-b477-822c4ced1a21" />
      <TestMethod codeBase="D:\a\MyModule20220129\MyModule20220129\UnitTests\bin\UnitTests.dll" adapterTypeName="executor://xunit/VsTestRunner2/net" className="UnitTests.Controllers.ServiceRouteMapperTests" name="RegisterRoutes_RegistersAtLestOneRoute" />
    </UnitTest>
    <UnitTest name="UnitTests.Controllers.ModuleExceptionFilterAttributeTests.SystemException_DoesNotExposeDetails" storage="d:\a\mymodule20220129\mymodule20220129\unittests\bin\unittests.dll" id="1a74e347-4470-5271-97ab-1ebaf8693270">
      <Execution id="9ba0ac2b-4dc6-49bb-80d3-5f29666e6941" />
      <TestMethod codeBase="D:\a\MyModule20220129\MyModule20220129\UnitTests\bin\UnitTests.dll" adapterTypeName="executor://xunit/VsTestRunner2/net" className="UnitTests.Controllers.ModuleExceptionFilterAttributeTests" name="SystemException_DoesNotExposeDetails" />
    </UnitTest>
    <UnitTest name="UnitTests.EntensionMethodTests.IQueryable_GetPage_PagesProperly(count: 10, page: 1, pageSize: 10, expedtedPages: 1, expectedItems: 10, firstId: 1, descending: False)" storage="d:\a\mymodule20220129\mymodule20220129\unittests\bin\unittests.dll" id="9207202d-19b8-8eb5-74dc-6aa5d849467c">
      <Execution id="0312f574-584a-45c9-8c31-a92e04ecebed" />
      <TestMethod codeBase="D:\a\MyModule20220129\MyModule20220129\UnitTests\bin\UnitTests.dll" adapterTypeName="executor://xunit/VsTestRunner2/net" className="UnitTests.EntensionMethodTests" name="IQueryable_GetPage_PagesProperly" />
    </UnitTest>
    <UnitTest name="UnitTests.Data.Repositories.GenericRepositoryTests.GenericRepositoryConstructs" storage="d:\a\mymodule20220129\mymodule20220129\unittests\bin\unittests.dll" id="e4f8faa7-d0ad-86e6-1579-7bd52372b4c3">
      <Execution id="0b1d9143-864f-4146-ad0d-e5c2c27f9b63" />
      <TestMethod codeBase="D:\a\MyModule20220129\MyModule20220129\UnitTests\bin\UnitTests.dll" adapterTypeName="executor://xunit/VsTestRunner2/net" className="UnitTests.Data.Repositories.GenericRepositoryTests" name="GenericRepositoryConstructs" />
    </UnitTest>
    <UnitTest name="UnitTests.Services.ItemServiceTests.UpdateItem_NoName_Throws(name: null)" storage="d:\a\mymodule20220129\mymodule20220129\unittests\bin\unittests.dll" id="b76e01b1-6afe-f33b-c6a9-ea3347176509">
      <Execution id="6097dd0c-c8ca-466e-8982-8144b00e8536" />
      <TestMethod codeBase="D:\a\MyModule20220129\MyModule20220129\UnitTests\bin\UnitTests.dll" adapterTypeName="executor://xunit/VsTestRunner2/net" className="UnitTests.Services.ItemServiceTests" name="UpdateItem_NoName_Throws" />
    </UnitTest>
    <UnitTest name="UnitTests.Data.Repositories.GenericRepositoryTests.Repository_DeleteMissing_DoesNotThrow" storage="d:\a\mymodule20220129\mymodule20220129\unittests\bin\unittests.dll" id="f754f777-4449-23e8-f4ec-917f49117de2">
      <Execution id="d388b4d5-2230-486a-a6d0-c6d892510676" />
      <TestMethod codeBase="D:\a\MyModule20220129\MyModule20220129\UnitTests\bin\UnitTests.dll" adapterTypeName="executor://xunit/VsTestRunner2/net" className="UnitTests.Data.Repositories.GenericRepositoryTests" name="Repository_DeleteMissing_DoesNotThrow" />
    </UnitTest>
    <UnitTest name="UnitTests.EntensionMethodTests.IQueryable_IsOrdered_Works(ordered: True, descending: False, lastOrder: True)" storage="d:\a\mymodule20220129\mymodule20220129\unittests\bin\unittests.dll" id="3140ebc5-2430-06b3-4257-a6794b9b09ac">
      <Execution id="bc165d2d-2432-4413-a6ea-c0be594c515b" />
      <TestMethod codeBase="D:\a\MyModule20220129\MyModule20220129\UnitTests\bin\UnitTests.dll" adapterTypeName="executor://xunit/VsTestRunner2/net" className="UnitTests.EntensionMethodTests" name="IQueryable_IsOrdered_Works" />
    </UnitTest>
    <UnitTest name="UnitTests.Services.ItemServiceTests.CreateItem_NoNameThrows" storage="d:\a\mymodule20220129\mymodule20220129\unittests\bin\unittests.dll" id="19b6234c-c2df-2304-54f9-54b0da4cd6ba">
      <Execution id="cee890e6-4100-45a5-a9ba-b2ecf20f263e" />
      <TestMethod codeBase="D:\a\MyModule20220129\MyModule20220129\UnitTests\bin\UnitTests.dll" adapterTypeName="executor://xunit/VsTestRunner2/net" className="UnitTests.Services.ItemServiceTests" name="CreateItem_NoNameThrows" />
    </UnitTest>
    <UnitTest name="UnitTests.Services.ItemServiceTests.DeleteItem_Deletes" storage="d:\a\mymodule20220129\mymodule20220129\unittests\bin\unittests.dll" id="e6610648-e456-1c64-d2b1-7e1242b871a8">
      <Execution id="e6b12922-a9d8-4433-83cb-3c5eedd7160b" />
      <TestMethod codeBase="D:\a\MyModule20220129\MyModule20220129\UnitTests\bin\UnitTests.dll" adapterTypeName="executor://xunit/VsTestRunner2/net" className="UnitTests.Services.ItemServiceTests" name="DeleteItem_Deletes" />
    </UnitTest>
    <UnitTest name="UnitTests.Data.Entities.ItemTests.ItemConstructsProperly" storage="d:\a\mymodule20220129\mymodule20220129\unittests\bin\unittests.dll" id="572fc310-4b67-9555-f147-153d39f2eb82">
      <Execution id="abd202e1-6ef0-4f26-b488-9bc81d4dab98" />
      <TestMethod codeBase="D:\a\MyModule20220129\MyModule20220129\UnitTests\bin\UnitTests.dll" adapterTypeName="executor://xunit/VsTestRunner2/net" className="UnitTests.Data.Entities.ItemTests" name="ItemConstructsProperly" />
    </UnitTest>
    <UnitTest name="UnitTests.Services.ItemServiceTests.GetItemsPage_GetsPages(page: 1, pageSize: 10, descending: False, expectedPages: 3, returnedPage: 1)" storage="d:\a\mymodule20220129\mymodule20220129\unittests\bin\unittests.dll" id="19223079-ea41-5691-855c-970af1a1e611">
      <Execution id="853eea74-3485-4aae-9875-362476a0ccef" />
      <TestMethod codeBase="D:\a\MyModule20220129\MyModule20220129\UnitTests\bin\UnitTests.dll" adapterTypeName="executor://xunit/VsTestRunner2/net" className="UnitTests.Services.ItemServiceTests" name="GetItemsPage_GetsPages" />
    </UnitTest>
    <UnitTest name="UnitTests.EntensionMethodTests.IQueryable_IsOrdered_Works(ordered: True, descending: True, lastOrder: True)" storage="d:\a\mymodule20220129\mymodule20220129\unittests\bin\unittests.dll" id="f46af852-6230-3d31-e31c-2959bffd491f">
      <Execution id="fbc31199-4851-4255-9a84-b67860ed7293" />
      <TestMethod codeBase="D:\a\MyModule20220129\MyModule20220129\UnitTests\bin\UnitTests.dll" adapterTypeName="executor://xunit/VsTestRunner2/net" className="UnitTests.EntensionMethodTests" name="IQueryable_IsOrdered_Works" />
    </UnitTest>
    <UnitTest name="UnitTests.Services.LoggingServiceTests.LogginService_TestableConstructorLogsErrorWithException" storage="d:\a\mymodule20220129\mymodule20220129\unittests\bin\unittests.dll" id="9168bdef-a759-f4d6-b890-b643e17324cf">
      <Execution id="e77862f8-4219-4944-8166-f73e52574203" />
      <TestMethod codeBase="D:\a\MyModule20220129\MyModule20220129\UnitTests\bin\UnitTests.dll" adapterTypeName="executor://xunit/VsTestRunner2/net" className="UnitTests.Services.LoggingServiceTests" name="LogginService_TestableConstructorLogsErrorWithException" />
    </UnitTest>
    <UnitTest name="UnitTests.Services.ItemServiceTests.UpdateItem_NoName_Throws(name: &quot;&quot;)" storage="d:\a\mymodule20220129\mymodule20220129\unittests\bin\unittests.dll" id="3cbfa5d3-e0f6-eff8-ed5c-556fa1f3e131">
      <Execution id="a3599baa-616e-4d75-8276-1d62766fed13" />
      <TestMethod codeBase="D:\a\MyModule20220129\MyModule20220129\UnitTests\bin\UnitTests.dll" adapterTypeName="executor://xunit/VsTestRunner2/net" className="UnitTests.Services.ItemServiceTests" name="UpdateItem_NoName_Throws" />
    </UnitTest>
    <UnitTest name="UnitTests.EntensionMethodTests.IQueryable_GetPage_PagesProperly(count: 20, page: 2, pageSize: 10, expedtedPages: 2, expectedItems: 10, firstId: 11, descending: False)" storage="d:\a\mymodule20220129\mymodule20220129\unittests\bin\unittests.dll" id="2695f427-ed7b-9f97-5696-f97a7702128c">
      <Execution id="9be0d67d-3530-40c3-943b-4d804be29fae" />
      <TestMethod codeBase="D:\a\MyModule20220129\MyModule20220129\UnitTests\bin\UnitTests.dll" adapterTypeName="executor://xunit/VsTestRunner2/net" className="UnitTests.EntensionMethodTests" name="IQueryable_GetPage_PagesProperly" />
    </UnitTest>
    <UnitTest name="UnitTests.Controllers.ItemControllerTests.UserCanEdit_ReturnsBool(canEdit: True)" storage="d:\a\mymodule20220129\mymodule20220129\unittests\bin\unittests.dll" id="aec60494-3c2e-8ec9-f948-da5bb2043983">
      <Execution id="a84f0fc6-675f-4ba0-af2d-92843b0d8e3c" />
      <TestMethod codeBase="D:\a\MyModule20220129\MyModule20220129\UnitTests\bin\UnitTests.dll" adapterTypeName="executor://xunit/VsTestRunner2/net" className="UnitTests.Controllers.ItemControllerTests" name="UserCanEdit_ReturnsBool" />
    </UnitTest>
    <UnitTest name="UnitTests.EntensionMethodTests.IQueryable_IsOrdered_Works(ordered: False, descending: True, lastOrder: True)" storage="d:\a\mymodule20220129\mymodule20220129\unittests\bin\unittests.dll" id="d5b75914-a4f0-1327-0212-c8781f6dfe81">
      <Execution id="04f04670-ec94-4c9a-8a89-fbbe662c5dcf" />
      <TestMethod codeBase="D:\a\MyModule20220129\MyModule20220129\UnitTests\bin\UnitTests.dll" adapterTypeName="executor://xunit/VsTestRunner2/net" className="UnitTests.EntensionMethodTests" name="IQueryable_IsOrdered_Works" />
    </UnitTest>
    <UnitTest name="UnitTests.Services.ItemServiceTests.GetItemsPage_GetsPages(page: 0, pageSize: 0, descending: True, expectedPages: 30, returnedPage: 1)" storage="d:\a\mymodule20220129\mymodule20220129\unittests\bin\unittests.dll" id="0864c31d-6119-84d6-7f52-9d349dabbe84">
      <Execution id="79fa228f-a7a7-4542-8558-2ba48e4eaab2" />
      <TestMethod codeBase="D:\a\MyModule20220129\MyModule20220129\UnitTests\bin\UnitTests.dll" adapterTypeName="executor://xunit/VsTestRunner2/net" className="UnitTests.Services.ItemServiceTests" name="GetItemsPage_GetsPages" />
    </UnitTest>
    <UnitTest name="UnitTests.Controllers.ModuleApiControllerTests.HasUserInfo" storage="d:\a\mymodule20220129\mymodule20220129\unittests\bin\unittests.dll" id="bae3532a-4a9e-c4ab-fc66-4dfa22d16170">
      <Execution id="26fcfde8-7409-4aa1-ba2e-2e4fc5c83387" />
      <TestMethod codeBase="D:\a\MyModule20220129\MyModule20220129\UnitTests\bin\UnitTests.dll" adapterTypeName="executor://xunit/VsTestRunner2/net" className="UnitTests.Controllers.ModuleApiControllerTests" name="HasUserInfo" />
    </UnitTest>
    <UnitTest name="UnitTests.Services.ItemServiceTests.UpdateItem_NoName_Throws(name: &quot;  &quot;)" storage="d:\a\mymodule20220129\mymodule20220129\unittests\bin\unittests.dll" id="92b7b9f6-1294-7ea1-ffa3-91fba85074d4">
      <Execution id="b87c0d5d-ffb0-450c-9198-fbc9f8c66ddf" />
      <TestMethod codeBase="D:\a\MyModule20220129\MyModule20220129\UnitTests\bin\UnitTests.dll" adapterTypeName="executor://xunit/VsTestRunner2/net" className="UnitTests.Services.ItemServiceTests" name="UpdateItem_NoName_Throws" />
    </UnitTest>
    <UnitTest name="UnitTests.EntensionMethodTests.IQueryable_GetPage_EmptyDoesNotThrow" storage="d:\a\mymodule20220129\mymodule20220129\unittests\bin\unittests.dll" id="2d3a68b5-bf4c-0513-b733-5ed612794244">
      <Execution id="84322ac5-8f64-463e-95bd-28e00c2ac57f" />
      <TestMethod codeBase="D:\a\MyModule20220129\MyModule20220129\UnitTests\bin\UnitTests.dll" adapterTypeName="executor://xunit/VsTestRunner2/net" className="UnitTests.EntensionMethodTests" name="IQueryable_GetPage_EmptyDoesNotThrow" />
    </UnitTest>
    <UnitTest name="UnitTests.Data.Repositories.GenericRepositoryTests.Repository_Create_DefaultAudit" storage="d:\a\mymodule20220129\mymodule20220129\unittests\bin\unittests.dll" id="ae39aa62-5ff2-56e7-d00e-ef116d711d51">
      <Execution id="a77bc98d-8123-45b4-817c-16e73710ff13" />
      <TestMethod codeBase="D:\a\MyModule20220129\MyModule20220129\UnitTests\bin\UnitTests.dll" adapterTypeName="executor://xunit/VsTestRunner2/net" className="UnitTests.Data.Repositories.GenericRepositoryTests" name="Repository_Create_DefaultAudit" />
    </UnitTest>
    <UnitTest name="UnitTests.Controllers.ValidateModelAttributeTests.OnActionExecuting_Valid_Works" storage="d:\a\mymodule20220129\mymodule20220129\unittests\bin\unittests.dll" id="e55f1742-c16d-5086-2251-ad3372dd48f5">
      <Execution id="6b6ffe65-7f58-49f3-b439-77bd465c621a" />
      <TestMethod codeBase="D:\a\MyModule20220129\MyModule20220129\UnitTests\bin\UnitTests.dll" adapterTypeName="executor://xunit/VsTestRunner2/net" className="UnitTests.Controllers.ValidateModelAttributeTests" name="OnActionExecuting_Valid_Works" />
    </UnitTest>
    <UnitTest name="UnitTests.Services.LoggingServiceTests.LoggingService_DefaultConstructorExists" storage="d:\a\mymodule20220129\mymodule20220129\unittests\bin\unittests.dll" id="8ba31d1b-48e3-e04e-cff0-b927c63b4a19">
      <Execution id="0b0d5ad3-0ad4-4d08-8207-71f3ad25c4cb" />
      <TestMethod codeBase="D:\a\MyModule20220129\MyModule20220129\UnitTests\bin\UnitTests.dll" adapterTypeName="executor://xunit/VsTestRunner2/net" className="UnitTests.Services.LoggingServiceTests" name="LoggingService_DefaultConstructorExists" />
    </UnitTest>
    <UnitTest name="UnitTests.Services.ItemServiceTests.UpdateItem_NullDto_Throws" storage="d:\a\mymodule20220129\mymodule20220129\unittests\bin\unittests.dll" id="263c08b1-704a-f3c2-309e-6dee831dbdc9">
      <Execution id="c110e5f6-c249-43ed-8c51-eef8f552d2ce" />
      <TestMethod codeBase="D:\a\MyModule20220129\MyModule20220129\UnitTests\bin\UnitTests.dll" adapterTypeName="executor://xunit/VsTestRunner2/net" className="UnitTests.Services.ItemServiceTests" name="UpdateItem_NullDto_Throws" />
    </UnitTest>
    <UnitTest name="UnitTests.Data.Repositories.GenericRepositoryTests.GenericRepositoryGetsAll(iterations: 1)" storage="d:\a\mymodule20220129\mymodule20220129\unittests\bin\unittests.dll" id="d16880d7-fb44-f209-43d9-ba2e0e1875de">
      <Execution id="d5dd8f69-55a8-4e70-ac1f-cefba3237cf2" />
      <TestMethod codeBase="D:\a\MyModule20220129\MyModule20220129\UnitTests\bin\UnitTests.dll" adapterTypeName="executor://xunit/VsTestRunner2/net" className="UnitTests.Data.Repositories.GenericRepositoryTests" name="GenericRepositoryGetsAll" />
    </UnitTest>
    <UnitTest name="UnitTests.EntensionMethodTests.IQueryable_IsOrdered_ThrowsWithNull" storage="d:\a\mymodule20220129\mymodule20220129\unittests\bin\unittests.dll" id="73fc5149-51d6-8241-9c9f-f48c28e448e3">
      <Execution id="d7cbe9a1-ea4b-4af5-a7ea-9851588f54da" />
      <TestMethod codeBase="D:\a\MyModule20220129\MyModule20220129\UnitTests\bin\UnitTests.dll" adapterTypeName="executor://xunit/VsTestRunner2/net" className="UnitTests.EntensionMethodTests" name="IQueryable_IsOrdered_ThrowsWithNull" />
    </UnitTest>
    <UnitTest name="UnitTests.Data.Repositories.GenericRepositoryTests.GenericRepositoryCreate_ThrowsWithNullEntity" storage="d:\a\mymodule20220129\mymodule20220129\unittests\bin\unittests.dll" id="36689490-09d4-917f-648a-70dcfcfede10">
      <Execution id="8178a8bc-a1cd-42fe-b645-291547407158" />
      <TestMethod codeBase="D:\a\MyModule20220129\MyModule20220129\UnitTests\bin\UnitTests.dll" adapterTypeName="executor://xunit/VsTestRunner2/net" className="UnitTests.Data.Repositories.GenericRepositoryTests" name="GenericRepositoryCreate_ThrowsWithNullEntity" />
    </UnitTest>
    <UnitTest name="UnitTests.Controllers.ItemControllerTests.CreateItem_Creates" storage="d:\a\mymodule20220129\mymodule20220129\unittests\bin\unittests.dll" id="588a2c1b-7788-beb2-ade0-06788d455d25">
      <Execution id="223eb8fa-ba6b-4695-8449-dbd6c6760843" />
      <TestMethod codeBase="D:\a\MyModule20220129\MyModule20220129\UnitTests\bin\UnitTests.dll" adapterTypeName="executor://xunit/VsTestRunner2/net" className="UnitTests.Controllers.ItemControllerTests" name="CreateItem_Creates" />
    </UnitTest>
    <UnitTest name="UnitTests.Controllers.ModuleApiControllerTests.CanEdit_Set_Throws" storage="d:\a\mymodule20220129\mymodule20220129\unittests\bin\unittests.dll" id="5f92ec4d-d570-0452-b891-d4cee75db9dd">
      <Execution id="b344a3b0-2f1d-4346-be25-7ce27fc3d9a5" />
      <TestMethod codeBase="D:\a\MyModule20220129\MyModule20220129\UnitTests\bin\UnitTests.dll" adapterTypeName="executor://xunit/VsTestRunner2/net" className="UnitTests.Controllers.ModuleApiControllerTests" name="CanEdit_Set_Throws" />
    </UnitTest>
    <UnitTest name="UnitTests.Data.Repositories.GenericRepositoryTests.Repository_Create_UsesUserId" storage="d:\a\mymodule20220129\mymodule20220129\unittests\bin\unittests.dll" id="e1c7f76f-6195-c844-23c0-304b47fbae66">
      <Execution id="1b1352fe-1a36-493f-8edf-cb016f872378" />
      <TestMethod codeBase="D:\a\MyModule20220129\MyModule20220129\UnitTests\bin\UnitTests.dll" adapterTypeName="executor://xunit/VsTestRunner2/net" className="UnitTests.Data.Repositories.GenericRepositoryTests" name="Repository_Create_UsesUserId" />
    </UnitTest>
    <UnitTest name="UnitTests.Controllers.ModuleExceptionFilterAttributeTests.ArgumentException_BadRequest" storage="d:\a\mymodule20220129\mymodule20220129\unittests\bin\unittests.dll" id="a21637b0-54f8-4fa0-bc3b-95481a9fd90b">
      <Execution id="3ec9f95f-2299-4888-81ec-0d835037e628" />
      <TestMethod codeBase="D:\a\MyModule20220129\MyModule20220129\UnitTests\bin\UnitTests.dll" adapterTypeName="executor://xunit/VsTestRunner2/net" className="UnitTests.Controllers.ModuleExceptionFilterAttributeTests" name="ArgumentException_BadRequest" />
    </UnitTest>
    <UnitTest name="UnitTests.Controllers.ItemControllerTests.UpdateItem_Updates" storage="d:\a\mymodule20220129\mymodule20220129\unittests\bin\unittests.dll" id="315adde5-f36d-a74f-aa46-fb22a0f78cd9">
      <Execution id="a2f0dd98-95a9-4767-8eb3-98d6f8637d3d" />
      <TestMethod codeBase="D:\a\MyModule20220129\MyModule20220129\UnitTests\bin\UnitTests.dll" adapterTypeName="executor://xunit/VsTestRunner2/net" className="UnitTests.Controllers.ItemControllerTests" name="UpdateItem_Updates" />
    </UnitTest>
    <UnitTest name="UnitTests.Controllers.ModuleExceptionFilterAttributeTests.NoException_DoesNothing" storage="d:\a\mymodule20220129\mymodule20220129\unittests\bin\unittests.dll" id="113f48ce-a6a3-c5df-7589-ba5a5fcb9c59">
      <Execution id="ece951c0-5d1e-4271-ad39-41dc8767e154" />
      <TestMethod codeBase="D:\a\MyModule20220129\MyModule20220129\UnitTests\bin\UnitTests.dll" adapterTypeName="executor://xunit/VsTestRunner2/net" className="UnitTests.Controllers.ModuleExceptionFilterAttributeTests" name="NoException_DoesNothing" />
    </UnitTest>
    <UnitTest name="UnitTests.Controllers.ItemControllerTests.GetItemsPage_GetsProperPages" storage="d:\a\mymodule20220129\mymodule20220129\unittests\bin\unittests.dll" id="1017c6c1-9dd0-57dc-36e7-bb573d02562e">
      <Execution id="d19be7cf-8f50-43e9-a90e-77e5d79c7532" />
      <TestMethod codeBase="D:\a\MyModule20220129\MyModule20220129\UnitTests\bin\UnitTests.dll" adapterTypeName="executor://xunit/VsTestRunner2/net" className="UnitTests.Controllers.ItemControllerTests" name="GetItemsPage_GetsProperPages" />
    </UnitTest>
    <UnitTest name="UnitTests.Data.Repositories.GenericRepositoryTests.GenericRepositoryDeletes" storage="d:\a\mymodule20220129\mymodule20220129\unittests\bin\unittests.dll" id="0bc54975-0bff-692e-a9b3-fc69f2c95a39">
      <Execution id="dcc8a65f-7241-4158-aa9c-24090d383812" />
      <TestMethod codeBase="D:\a\MyModule20220129\MyModule20220129\UnitTests\bin\UnitTests.dll" adapterTypeName="executor://xunit/VsTestRunner2/net" className="UnitTests.Data.Repositories.GenericRepositoryTests" name="GenericRepositoryDeletes" />
    </UnitTest>
    <UnitTest name="UnitTests.Controllers.ItemControllerTests.DeleteItem_Deletes(itemId: 10)" storage="d:\a\mymodule20220129\mymodule20220129\unittests\bin\unittests.dll" id="d6094ca1-b65b-5133-f464-9f7d01f0d023">
      <Execution id="fbb54559-f1d1-4f68-83b6-a733917a0908" />
      <TestMethod codeBase="D:\a\MyModule20220129\MyModule20220129\UnitTests\bin\UnitTests.dll" adapterTypeName="executor://xunit/VsTestRunner2/net" className="UnitTests.Controllers.ItemControllerTests" name="DeleteItem_Deletes" />
    </UnitTest>
    <UnitTest name="UnitTests.Data.Repositories.GenericRepositoryTests.GenericRepositoryUpdates" storage="d:\a\mymodule20220129\mymodule20220129\unittests\bin\unittests.dll" id="70ede014-c412-e387-bb98-e95b3b42090d">
      <Execution id="d0dc5e21-fe68-4523-acff-012b5c5f38ed" />
      <TestMethod codeBase="D:\a\MyModule20220129\MyModule20220129\UnitTests\bin\UnitTests.dll" adapterTypeName="executor://xunit/VsTestRunner2/net" className="UnitTests.Data.Repositories.GenericRepositoryTests" name="GenericRepositoryUpdates" />
    </UnitTest>
    <UnitTest name="UnitTests.Services.ItemServiceTests.UpdateItem_Updates" storage="d:\a\mymodule20220129\mymodule20220129\unittests\bin\unittests.dll" id="130d9133-361f-a0da-f15e-423eb98947ac">
      <Execution id="a73aba02-8c6b-40d9-8ed9-2997c1b69b02" />
      <TestMethod codeBase="D:\a\MyModule20220129\MyModule20220129\UnitTests\bin\UnitTests.dll" adapterTypeName="executor://xunit/VsTestRunner2/net" className="UnitTests.Services.ItemServiceTests" name="UpdateItem_Updates" />
    </UnitTest>
    <UnitTest name="UnitTests.Data.Repositories.GenericRepositoryTests.Repository_Update_DefaultAudit" storage="d:\a\mymodule20220129\mymodule20220129\unittests\bin\unittests.dll" id="44b00d3a-bad7-aefd-141c-4a35b11463b2">
      <Execution id="06848954-c994-4b0f-bf7c-ef7ff4fe7567" />
      <TestMethod codeBase="D:\a\MyModule20220129\MyModule20220129\UnitTests\bin\UnitTests.dll" adapterTypeName="executor://xunit/VsTestRunner2/net" className="UnitTests.Data.Repositories.GenericRepositoryTests" name="Repository_Update_DefaultAudit" />
    </UnitTest>
    <UnitTest name="UnitTests.Data.Repositories.GenericRepositoryTests.GenericRepositoryGetsAll(iterations: 2)" storage="d:\a\mymodule20220129\mymodule20220129\unittests\bin\unittests.dll" id="ffe5c770-9b99-42c0-ce21-7e50cccf4385">
      <Execution id="6598c8c9-9d24-4251-af68-4e5ecc8881de" />
      <TestMethod codeBase="D:\a\MyModule20220129\MyModule20220129\UnitTests\bin\UnitTests.dll" adapterTypeName="executor://xunit/VsTestRunner2/net" className="UnitTests.Data.Repositories.GenericRepositoryTests" name="GenericRepositoryGetsAll" />
    </UnitTest>
    <UnitTest name="UnitTests.Data.Repositories.GenericRepositoryTests.GenericRepositoryGetsAll(iterations: 0)" storage="d:\a\mymodule20220129\mymodule20220129\unittests\bin\unittests.dll" id="4fe0dd0f-2fa0-9c42-e816-a6df28150b72">
      <Execution id="8c603993-31cc-44fc-80ba-8f58cc976191" />
      <TestMethod codeBase="D:\a\MyModule20220129\MyModule20220129\UnitTests\bin\UnitTests.dll" adapterTypeName="executor://xunit/VsTestRunner2/net" className="UnitTests.Data.Repositories.GenericRepositoryTests" name="GenericRepositoryGetsAll" />
    </UnitTest>
    <UnitTest name="UnitTests.EntensionMethodTests.IQueryable_IsOrdered_Works(ordered: False, descending: False, lastOrder: True)" storage="d:\a\mymodule20220129\mymodule20220129\unittests\bin\unittests.dll" id="0dc5a512-bfd0-bc80-f676-16e6d961ec4d">
      <Execution id="3b6b6ed4-4ec2-49b7-849e-99ce0f6ceb47" />
      <TestMethod codeBase="D:\a\MyModule20220129\MyModule20220129\UnitTests\bin\UnitTests.dll" adapterTypeName="executor://xunit/VsTestRunner2/net" className="UnitTests.EntensionMethodTests" name="IQueryable_IsOrdered_Works" />
    </UnitTest>
    <UnitTest name="UnitTests.EntensionMethodTests.IQueryable_GetPage_PagesProperly(count: 0, page: 0, pageSize: 0, expedtedPages: 0, expectedItems: 0, firstId: null, descending: False)" storage="d:\a\mymodule20220129\mymodule20220129\unittests\bin\unittests.dll" id="8bbc68bc-7714-d990-1480-dfaedaafbd62">
      <Execution id="12f3ad42-24ce-45be-9f61-a9bab8b81cac" />
      <TestMethod codeBase="D:\a\MyModule20220129\MyModule20220129\UnitTests\bin\UnitTests.dll" adapterTypeName="executor://xunit/VsTestRunner2/net" className="UnitTests.EntensionMethodTests" name="IQueryable_GetPage_PagesProperly" />
    </UnitTest>
    <UnitTest name="UnitTests.Services.ItemServiceTests.CreateItem_NoItemThrows" storage="d:\a\mymodule20220129\mymodule20220129\unittests\bin\unittests.dll" id="f5652070-1b22-f5a7-3f3f-68b37c9184a8">
      <Execution id="d8b4a915-559a-48e2-9b42-ba1f67701697" />
      <TestMethod codeBase="D:\a\MyModule20220129\MyModule20220129\UnitTests\bin\UnitTests.dll" adapterTypeName="executor://xunit/VsTestRunner2/net" className="UnitTests.Services.ItemServiceTests" name="CreateItem_NoItemThrows" />
    </UnitTest>
    <UnitTest name="UnitTests.Data.Entities.ItemTests.ItemPropertiesPersist(id: 1, name: &quot;Name1&quot;, description: &quot;Description1&quot;)" storage="d:\a\mymodule20220129\mymodule20220129\unittests\bin\unittests.dll" id="392ed628-2028-c945-b97e-893658a1e82b">
      <Execution id="622cbbb5-c01c-448e-9d29-3006297e1cfb" />
      <TestMethod codeBase="D:\a\MyModule20220129\MyModule20220129\UnitTests\bin\UnitTests.dll" adapterTypeName="executor://xunit/VsTestRunner2/net" className="UnitTests.Data.Entities.ItemTests" name="ItemPropertiesPersist" />
    </UnitTest>
    <UnitTest name="UnitTests.EntensionMethodTests.IQueryable_IsOrdered_Works(ordered: True, descending: False, lastOrder: False)" storage="d:\a\mymodule20220129\mymodule20220129\unittests\bin\unittests.dll" id="b72028ed-e29e-ac6a-9e2e-bf700facee4e">
      <Execution id="d8eb0548-7a19-49e1-88ba-282c5de8c8ae" />
      <TestMethod codeBase="D:\a\MyModule20220129\MyModule20220129\UnitTests\bin\UnitTests.dll" adapterTypeName="executor://xunit/VsTestRunner2/net" className="UnitTests.EntensionMethodTests" name="IQueryable_IsOrdered_Works" />
    </UnitTest>
  </TestDefinitions>
  <TestEntries>
    <TestEntry testId="2d3a68b5-bf4c-0513-b733-5ed612794244" executionId="84322ac5-8f64-463e-95bd-28e00c2ac57f" testListId="8c84fa94-04c1-424b-9868-57a2d4851a1d" />
    <TestEntry testId="a21637b0-54f8-4fa0-bc3b-95481a9fd90b" executionId="cfbd1eb1-be99-4f3b-90f2-6469d149190d" testListId="8c84fa94-04c1-424b-9868-57a2d4851a1d" />
    <TestEntry testId="168fc980-36e3-101b-62b1-f5ab71e9fc0d" executionId="7171f6c8-368b-4a42-a973-5d1d47a326f1" testListId="8c84fa94-04c1-424b-9868-57a2d4851a1d" />
    <TestEntry testId="96a18501-dea4-70b1-d572-baa1bb120da2" executionId="fc9a2bb0-70b1-4470-b7d1-7a72b5eb0730" testListId="8c84fa94-04c1-424b-9868-57a2d4851a1d" />
    <TestEntry testId="0ebf358f-9eac-9438-b418-9c6aa81a6377" executionId="4612bade-34f3-47d5-a478-40de133b716c" testListId="8c84fa94-04c1-424b-9868-57a2d4851a1d" />
    <TestEntry testId="d5b75914-a4f0-1327-0212-c8781f6dfe81" executionId="04f04670-ec94-4c9a-8a89-fbbe662c5dcf" testListId="8c84fa94-04c1-424b-9868-57a2d4851a1d" />
    <TestEntry testId="0247c7e7-7d1c-099b-2ac8-81a47ff2509a" executionId="805139b7-a63d-46bf-b845-78bd139e8062" testListId="8c84fa94-04c1-424b-9868-57a2d4851a1d" />
    <TestEntry testId="588a2c1b-7788-beb2-ade0-06788d455d25" executionId="223eb8fa-ba6b-4695-8449-dbd6c6760843" testListId="8c84fa94-04c1-424b-9868-57a2d4851a1d" />
    <TestEntry testId="6f0b47a1-9d18-a5d8-8dd1-c8f266712c15" executionId="265f0747-85c6-44ca-842f-64cac1912c40" testListId="8c84fa94-04c1-424b-9868-57a2d4851a1d" />
    <TestEntry testId="0dc5a512-bfd0-bc80-f676-16e6d961ec4d" executionId="3b6b6ed4-4ec2-49b7-849e-99ce0f6ceb47" testListId="8c84fa94-04c1-424b-9868-57a2d4851a1d" />
    <TestEntry testId="e4f8faa7-d0ad-86e6-1579-7bd52372b4c3" executionId="0b1d9143-864f-4146-ad0d-e5c2c27f9b63" testListId="8c84fa94-04c1-424b-9868-57a2d4851a1d" />
    <TestEntry testId="e6e0a140-85e7-6935-6160-ab95ecfd3c8a" executionId="8ae89813-3c46-40db-abc1-a2290b79c527" testListId="8c84fa94-04c1-424b-9868-57a2d4851a1d" />
    <TestEntry testId="315adde5-f36d-a74f-aa46-fb22a0f78cd9" executionId="a2f0dd98-95a9-4767-8eb3-98d6f8637d3d" testListId="8c84fa94-04c1-424b-9868-57a2d4851a1d" />
    <TestEntry testId="572fc310-4b67-9555-f147-153d39f2eb82" executionId="abd202e1-6ef0-4f26-b488-9bc81d4dab98" testListId="8c84fa94-04c1-424b-9868-57a2d4851a1d" />
    <TestEntry testId="19223079-ea41-5691-855c-970af1a1e611" executionId="853eea74-3485-4aae-9875-362476a0ccef" testListId="8c84fa94-04c1-424b-9868-57a2d4851a1d" />
    <TestEntry testId="986d7e6e-d04d-b204-b01c-fbb8f09c7774" executionId="98b806b3-448e-4820-b477-822c4ced1a21" testListId="8c84fa94-04c1-424b-9868-57a2d4851a1d" />
    <TestEntry testId="8bbc68bc-7714-d990-1480-dfaedaafbd62" executionId="12f3ad42-24ce-45be-9f61-a9bab8b81cac" testListId="8c84fa94-04c1-424b-9868-57a2d4851a1d" />
    <TestEntry testId="130d9133-361f-a0da-f15e-423eb98947ac" executionId="a73aba02-8c6b-40d9-8ed9-2997c1b69b02" testListId="8c84fa94-04c1-424b-9868-57a2d4851a1d" />
    <TestEntry testId="478b61ee-7d85-9dbe-985d-08c590f8666a" executionId="49712891-7151-4e45-a981-0f1cc4a979c7" testListId="8c84fa94-04c1-424b-9868-57a2d4851a1d" />
    <TestEntry testId="e1c7f76f-6195-c844-23c0-304b47fbae66" executionId="1b1352fe-1a36-493f-8edf-cb016f872378" testListId="8c84fa94-04c1-424b-9868-57a2d4851a1d" />
    <TestEntry testId="61a8ccc9-c5b1-047b-3c97-f777ccc7d30b" executionId="e13cde54-2bcd-4d59-97d6-49c3d8cfb9f5" testListId="8c84fa94-04c1-424b-9868-57a2d4851a1d" />
    <TestEntry testId="e6610648-e456-1c64-d2b1-7e1242b871a8" executionId="e6b12922-a9d8-4433-83cb-3c5eedd7160b" testListId="8c84fa94-04c1-424b-9868-57a2d4851a1d" />
    <TestEntry testId="b76e01b1-6afe-f33b-c6a9-ea3347176509" executionId="6097dd0c-c8ca-466e-8982-8144b00e8536" testListId="8c84fa94-04c1-424b-9868-57a2d4851a1d" />
    <TestEntry testId="3cbfa5d3-e0f6-eff8-ed5c-556fa1f3e131" executionId="a3599baa-616e-4d75-8276-1d62766fed13" testListId="8c84fa94-04c1-424b-9868-57a2d4851a1d" />
    <TestEntry testId="f46af852-6230-3d31-e31c-2959bffd491f" executionId="fbc31199-4851-4255-9a84-b67860ed7293" testListId="8c84fa94-04c1-424b-9868-57a2d4851a1d" />
    <TestEntry testId="b80893de-3e2d-6029-ec19-65c03fd119c3" executionId="9bed11c5-d580-4019-b14a-f011dfdd72ff" testListId="8c84fa94-04c1-424b-9868-57a2d4851a1d" />
    <TestEntry testId="320e3c11-11d1-b3ef-0d2e-5e474f674ff1" executionId="6e538fe1-8ea3-4446-bf4c-ec4ad11b3b3e" testListId="8c84fa94-04c1-424b-9868-57a2d4851a1d" />
    <TestEntry testId="2aef35a8-73ad-0c03-c8a4-2b5a1d37af8f" executionId="df7a22a1-9845-4c57-a8a2-9129b5dc118b" testListId="8c84fa94-04c1-424b-9868-57a2d4851a1d" />
    <TestEntry testId="4fe0dd0f-2fa0-9c42-e816-a6df28150b72" executionId="8c603993-31cc-44fc-80ba-8f58cc976191" testListId="8c84fa94-04c1-424b-9868-57a2d4851a1d" />
    <TestEntry testId="44b00d3a-bad7-aefd-141c-4a35b11463b2" executionId="06848954-c994-4b0f-bf7c-ef7ff4fe7567" testListId="8c84fa94-04c1-424b-9868-57a2d4851a1d" />
    <TestEntry testId="f5652070-1b22-f5a7-3f3f-68b37c9184a8" executionId="d8b4a915-559a-48e2-9b42-ba1f67701697" testListId="8c84fa94-04c1-424b-9868-57a2d4851a1d" />
    <TestEntry testId="70ede014-c412-e387-bb98-e95b3b42090d" executionId="d0dc5e21-fe68-4523-acff-012b5c5f38ed" testListId="8c84fa94-04c1-424b-9868-57a2d4851a1d" />
    <TestEntry testId="ffe5c770-9b99-42c0-ce21-7e50cccf4385" executionId="6598c8c9-9d24-4251-af68-4e5ecc8881de" testListId="8c84fa94-04c1-424b-9868-57a2d4851a1d" />
    <TestEntry testId="a21637b0-54f8-4fa0-bc3b-95481a9fd90b" executionId="3ec9f95f-2299-4888-81ec-0d835037e628" testListId="8c84fa94-04c1-424b-9868-57a2d4851a1d" />
    <TestEntry testId="1017c6c1-9dd0-57dc-36e7-bb573d02562e" executionId="d19be7cf-8f50-43e9-a90e-77e5d79c7532" testListId="8c84fa94-04c1-424b-9868-57a2d4851a1d" />
    <TestEntry testId="a21637b0-54f8-4fa0-bc3b-95481a9fd90b" executionId="eb496cc1-cec6-48b6-a181-10e744e8318f" testListId="8c84fa94-04c1-424b-9868-57a2d4851a1d" />
    <TestEntry testId="9168bdef-a759-f4d6-b890-b643e17324cf" executionId="e77862f8-4219-4944-8166-f73e52574203" testListId="8c84fa94-04c1-424b-9868-57a2d4851a1d" />
    <TestEntry testId="a21637b0-54f8-4fa0-bc3b-95481a9fd90b" executionId="b8221eea-b9b6-4571-bcc3-7d9ae807b2be" testListId="8c84fa94-04c1-424b-9868-57a2d4851a1d" />
    <TestEntry testId="d1c63cb7-1f9a-a8bf-a217-a4cbb4e5f73b" executionId="38bc97f1-f950-4b24-a7ae-5d55704fd960" testListId="8c84fa94-04c1-424b-9868-57a2d4851a1d" />
    <TestEntry testId="0bc54975-0bff-692e-a9b3-fc69f2c95a39" executionId="dcc8a65f-7241-4158-aa9c-24090d383812" testListId="8c84fa94-04c1-424b-9868-57a2d4851a1d" />
    <TestEntry testId="4bb697d7-9cb3-28c5-7c49-3e60c8ee823d" executionId="8502584e-44e9-4c0b-af1c-cde83993701f" testListId="8c84fa94-04c1-424b-9868-57a2d4851a1d" />
    <TestEntry testId="d16880d7-fb44-f209-43d9-ba2e0e1875de" executionId="d5dd8f69-55a8-4e70-ac1f-cefba3237cf2" testListId="8c84fa94-04c1-424b-9868-57a2d4851a1d" />
    <TestEntry testId="d15ea2a7-9f9f-b92b-50fa-470898da705d" executionId="d135d572-622c-4775-ab40-e32be4ed9b1c" testListId="8c84fa94-04c1-424b-9868-57a2d4851a1d" />
    <TestEntry testId="ac1c50bc-98fd-036f-fe0f-d46cb187f90e" executionId="0c394b87-49e6-4d98-880e-43bc00a3d93b" testListId="8c84fa94-04c1-424b-9868-57a2d4851a1d" />
    <TestEntry testId="aec60494-3c2e-8ec9-f948-da5bb2043983" executionId="a84f0fc6-675f-4ba0-af2d-92843b0d8e3c" testListId="8c84fa94-04c1-424b-9868-57a2d4851a1d" />
    <TestEntry testId="1c164fbc-1ab1-9884-ccb8-9e84f4c977d0" executionId="2b26e190-f637-4619-9682-87934bb30c59" testListId="8c84fa94-04c1-424b-9868-57a2d4851a1d" />
    <TestEntry testId="92b7b9f6-1294-7ea1-ffa3-91fba85074d4" executionId="b87c0d5d-ffb0-450c-9198-fbc9f8c66ddf" testListId="8c84fa94-04c1-424b-9868-57a2d4851a1d" />
    <TestEntry testId="1a74e347-4470-5271-97ab-1ebaf8693270" executionId="9ba0ac2b-4dc6-49bb-80d3-5f29666e6941" testListId="8c84fa94-04c1-424b-9868-57a2d4851a1d" />
    <TestEntry testId="a21637b0-54f8-4fa0-bc3b-95481a9fd90b" executionId="7b6ef72e-b56e-45d3-90e4-bbcafa71c878" testListId="8c84fa94-04c1-424b-9868-57a2d4851a1d" />
    <TestEntry testId="36689490-09d4-917f-648a-70dcfcfede10" executionId="8178a8bc-a1cd-42fe-b645-291547407158" testListId="8c84fa94-04c1-424b-9868-57a2d4851a1d" />
    <TestEntry testId="95a0a379-a9bd-3d99-f720-e626260de7f6" executionId="9bb45f21-6ba7-4316-9913-4e43398cad12" testListId="8c84fa94-04c1-424b-9868-57a2d4851a1d" />
    <TestEntry testId="ac2a99ba-3563-74a9-7d4c-8e91a58cd097" executionId="62daddef-4383-48c0-aeb6-80504ebcb5cd" testListId="8c84fa94-04c1-424b-9868-57a2d4851a1d" />
    <TestEntry testId="73fc5149-51d6-8241-9c9f-f48c28e448e3" executionId="d7cbe9a1-ea4b-4af5-a7ea-9851588f54da" testListId="8c84fa94-04c1-424b-9868-57a2d4851a1d" />
    <TestEntry testId="bae3532a-4a9e-c4ab-fc66-4dfa22d16170" executionId="26fcfde8-7409-4aa1-ba2e-2e4fc5c83387" testListId="8c84fa94-04c1-424b-9868-57a2d4851a1d" />
    <TestEntry testId="392ed628-2028-c945-b97e-893658a1e82b" executionId="622cbbb5-c01c-448e-9d29-3006297e1cfb" testListId="8c84fa94-04c1-424b-9868-57a2d4851a1d" />
    <TestEntry testId="7e661283-b2b2-d632-266b-6af1f3374c08" executionId="e309ec1d-621c-43bc-883b-ae1b0dc58bda" testListId="8c84fa94-04c1-424b-9868-57a2d4851a1d" />
    <TestEntry testId="a9198ad3-782e-a37c-0b5f-1330f5318f55" executionId="af9617ae-ca07-4e89-b7e9-c8782e3dfa9e" testListId="8c84fa94-04c1-424b-9868-57a2d4851a1d" />
    <TestEntry testId="5f92ec4d-d570-0452-b891-d4cee75db9dd" executionId="b344a3b0-2f1d-4346-be25-7ce27fc3d9a5" testListId="8c84fa94-04c1-424b-9868-57a2d4851a1d" />
    <TestEntry testId="b72028ed-e29e-ac6a-9e2e-bf700facee4e" executionId="d8eb0548-7a19-49e1-88ba-282c5de8c8ae" testListId="8c84fa94-04c1-424b-9868-57a2d4851a1d" />
    <TestEntry testId="263c08b1-704a-f3c2-309e-6dee831dbdc9" executionId="c110e5f6-c249-43ed-8c51-eef8f552d2ce" testListId="8c84fa94-04c1-424b-9868-57a2d4851a1d" />
    <TestEntry testId="a21637b0-54f8-4fa0-bc3b-95481a9fd90b" executionId="0c0142a1-c687-4001-baf9-6de5ab17daf9" testListId="8c84fa94-04c1-424b-9868-57a2d4851a1d" />
    <TestEntry testId="9207202d-19b8-8eb5-74dc-6aa5d849467c" executionId="0312f574-584a-45c9-8c31-a92e04ecebed" testListId="8c84fa94-04c1-424b-9868-57a2d4851a1d" />
    <TestEntry testId="f754f777-4449-23e8-f4ec-917f49117de2" executionId="d388b4d5-2230-486a-a6d0-c6d892510676" testListId="8c84fa94-04c1-424b-9868-57a2d4851a1d" />
    <TestEntry testId="1b051fa0-d4cc-1b32-80bb-d56b714e3066" executionId="553bd16c-d114-4203-8554-9bd798dc59a3" testListId="8c84fa94-04c1-424b-9868-57a2d4851a1d" />
    <TestEntry testId="19b6234c-c2df-2304-54f9-54b0da4cd6ba" executionId="cee890e6-4100-45a5-a9ba-b2ecf20f263e" testListId="8c84fa94-04c1-424b-9868-57a2d4851a1d" />
    <TestEntry testId="ae39aa62-5ff2-56e7-d00e-ef116d711d51" executionId="a77bc98d-8123-45b4-817c-16e73710ff13" testListId="8c84fa94-04c1-424b-9868-57a2d4851a1d" />
    <TestEntry testId="113f48ce-a6a3-c5df-7589-ba5a5fcb9c59" executionId="ece951c0-5d1e-4271-ad39-41dc8767e154" testListId="8c84fa94-04c1-424b-9868-57a2d4851a1d" />
    <TestEntry testId="8ba31d1b-48e3-e04e-cff0-b927c63b4a19" executionId="0b0d5ad3-0ad4-4d08-8207-71f3ad25c4cb" testListId="8c84fa94-04c1-424b-9868-57a2d4851a1d" />
    <TestEntry testId="e55f1742-c16d-5086-2251-ad3372dd48f5" executionId="6b6ffe65-7f58-49f3-b439-77bd465c621a" testListId="8c84fa94-04c1-424b-9868-57a2d4851a1d" />
    <TestEntry testId="0864c31d-6119-84d6-7f52-9d349dabbe84" executionId="79fa228f-a7a7-4542-8558-2ba48e4eaab2" testListId="8c84fa94-04c1-424b-9868-57a2d4851a1d" />
    <TestEntry testId="3140ebc5-2430-06b3-4257-a6794b9b09ac" executionId="bc165d2d-2432-4413-a6ea-c0be594c515b" testListId="8c84fa94-04c1-424b-9868-57a2d4851a1d" />
    <TestEntry testId="24cfa8b0-48c3-8aab-e4c2-88694c220e2c" executionId="46d5dd9d-4058-4428-b325-c3424f119504" testListId="8c84fa94-04c1-424b-9868-57a2d4851a1d" />
    <TestEntry testId="d6094ca1-b65b-5133-f464-9f7d01f0d023" executionId="fbb54559-f1d1-4f68-83b6-a733917a0908" testListId="8c84fa94-04c1-424b-9868-57a2d4851a1d" />
    <TestEntry testId="2695f427-ed7b-9f97-5696-f97a7702128c" executionId="9be0d67d-3530-40c3-943b-4d804be29fae" testListId="8c84fa94-04c1-424b-9868-57a2d4851a1d" />
    <TestEntry testId="ad3412e8-5f64-2020-a5b6-bd4cca8c3b7d" executionId="08a6fa06-ad64-4e5d-9179-8301ffe41474" testListId="8c84fa94-04c1-424b-9868-57a2d4851a1d" />
    <TestEntry testId="0f141a30-05bd-f4ed-a627-d40adca6b3ca" executionId="29b94c36-d230-40cd-897a-1124582c1caa" testListId="8c84fa94-04c1-424b-9868-57a2d4851a1d" />
  </TestEntries>
  <TestLists>
    <TestList name="Results Not in a List" id="8c84fa94-04c1-424b-9868-57a2d4851a1d" />
    <TestList name="All Loaded Results" id="19431567-8539-422a-85d7-44ee4e166bda" />
  </TestLists>
  <ResultSummary outcome="Completed">
    <Counters total="76" executed="76" passed="76" failed="0" error="0" timeout="0" aborted="0" inconclusive="0" passedButRunAborted="0" notRunnable="0" notExecuted="0" disconnected="0" warning="0" completed="0" inProgress="0" pending="0" />
    <Output>
      <StdOut>[xUnit.net 00:00:00.00] xUnit.net VSTest Adapter v2.4.3+1b45f5407b (32-bit Desktop .NET 4.0.30319.42000)&#xD;
[xUnit.net 00:00:01.14]   Discovering: UnitTests&#xD;
[xUnit.net 00:00:01.43]   Discovered:  UnitTests&#xD;
[xUnit.net 00:00:01.44]   Starting:    UnitTests&#xD;
[xUnit.net 00:00:06.28]   Finished:    UnitTests&#xD;
</StdOut>
    </Output>
  </ResultSummary>
</TestRun>