<?xml version="1.0" encoding="utf-8"?>
<TestRun id="8e643b09-f363-40a5-8c08-637bd8daf319" name="runneradmin@fv-az177-278 2022-01-30 00:16:01" runUser="fv-az177-278\runneradmin" xmlns="http://microsoft.com/schemas/VisualStudio/TeamTest/2010">
  <Times creation="2022-01-30T00:16:01.8830892+00:00" queuing="2022-01-30T00:16:01.8830893+00:00" start="2022-01-30T00:15:57.3356834+00:00" finish="2022-01-30T00:16:09.1377181+00:00" />
  <TestSettings name="default" id="61f2a6af-d674-4194-aac8-5b75205ff9d6">
    <Deployment runDeploymentRoot="runneradmin_fv-az177-278_2022-01-30_00_16_01" />
  </TestSettings>
  <Results>
    <UnitTestResult executionId="d16c75d1-7ef1-4b44-803c-9a78e4bce73e" testId="f754f777-4449-23e8-f4ec-917f49117de2" testName="UnitTests.Data.Repositories.GenericRepositoryTests.Repository_DeleteMissing_DoesNotThrow" computerName="fv-az177-278" duration="00:00:00.0100000" startTime="2022-01-30T00:16:04.7158244+00:00" endTime="2022-01-30T00:16:04.7158244+00:00" testType="13cdc9d9-ddb5-4fa4-a97d-d965ccfc6d4b" outcome="Passed" testListId="8c84fa94-04c1-424b-9868-57a2d4851a1d" relativeResultsDirectory="d16c75d1-7ef1-4b44-803c-9a78e4bce73e" />
    <UnitTestResult executionId="18501acf-0c04-441c-a5a3-b602b92ada34" testId="0dc5a512-bfd0-bc80-f676-16e6d961ec4d" testName="UnitTests.EntensionMethodTests.IQueryable_IsOrdered_Works(ordered: False, descending: False, lastOrder: True)" computerName="fv-az177-278" duration="00:00:00.0070000" startTime="2022-01-30T00:16:04.7879248+00:00" endTime="2022-01-30T00:16:04.7879248+00:00" testType="13cdc9d9-ddb5-4fa4-a97d-d965ccfc6d4b" outcome="Passed" testListId="8c84fa94-04c1-424b-9868-57a2d4851a1d" relativeResultsDirectory="18501acf-0c04-441c-a5a3-b602b92ada34" />
    <UnitTestResult executionId="0184fb72-5dee-41f5-b595-a12ed8a51427" testId="4fe0dd0f-2fa0-9c42-e816-a6df28150b72" testName="UnitTests.Data.Repositories.GenericRepositoryTests.GenericRepositoryGetsAll(iterations: 0)" computerName="fv-az177-278" duration="00:00:00.0120000" startTime="2022-01-30T00:16:04.5288861+00:00" endTime="2022-01-30T00:16:04.5288861+00:00" testType="13cdc9d9-ddb5-4fa4-a97d-d965ccfc6d4b" outcome="Passed" testListId="8c84fa94-04c1-424b-9868-57a2d4851a1d" relativeResultsDirectory="0184fb72-5dee-41f5-b595-a12ed8a51427" />
    <UnitTestResult executionId="aefe998a-5ef5-4d46-b454-d5bdb55c8387" testId="d6094ca1-b65b-5133-f464-9f7d01f0d023" testName="UnitTests.Controllers.ItemControllerTests.DeleteItem_Deletes(itemId: 10)" computerName="fv-az177-278" duration="00:00:00.0010000" startTime="2022-01-30T00:16:01.9254048+00:00" endTime="2022-01-30T00:16:01.9254048+00:00" testType="13cdc9d9-ddb5-4fa4-a97d-d965ccfc6d4b" outcome="Passed" testListId="8c84fa94-04c1-424b-9868-57a2d4851a1d" relativeResultsDirectory="aefe998a-5ef5-4d46-b454-d5bdb55c8387" />
    <UnitTestResult executionId="3d2210c6-2fd2-4e21-bff6-f397ab837351" testId="572fc310-4b67-9555-f147-153d39f2eb82" testName="UnitTests.Data.Entities.ItemTests.ItemConstructsProperly" computerName="fv-az177-278" duration="00:00:00.0010000" startTime="2022-01-30T00:16:01.9389350+00:00" endTime="2022-01-30T00:16:01.9389350+00:00" testType="13cdc9d9-ddb5-4fa4-a97d-d965ccfc6d4b" outcome="Passed" testListId="8c84fa94-04c1-424b-9868-57a2d4851a1d" relativeResultsDirectory="3d2210c6-2fd2-4e21-bff6-f397ab837351" />
    <UnitTestResult executionId="32f14924-c725-47ff-a928-2f9ba07b4fe7" testId="8ba31d1b-48e3-e04e-cff0-b927c63b4a19" testName="UnitTests.Services.LoggingServiceTests.LoggingService_DefaultConstructorExists" computerName="fv-az177-278" duration="00:00:01.3630000" startTime="2022-01-30T00:16:06.2115822+00:00" endTime="2022-01-30T00:16:06.2115822+00:00" testType="13cdc9d9-ddb5-4fa4-a97d-d965ccfc6d4b" outcome="Passed" testListId="8c84fa94-04c1-424b-9868-57a2d4851a1d" relativeResultsDirectory="32f14924-c725-47ff-a928-2f9ba07b4fe7" />
    <UnitTestResult executionId="0922701a-d960-4fe6-89f7-f82887ded5ad" testId="2695f427-ed7b-9f97-5696-f97a7702128c" testName="UnitTests.EntensionMethodTests.IQueryable_GetPage_PagesProperly(count: 20, page: 2, pageSize: 10, expedtedPages: 2, expectedItems: 10, firstId: 11, descending: False)" computerName="fv-az177-278" duration="00:00:02.8080000" startTime="2022-01-30T00:16:04.3726713+00:00" endTime="2022-01-30T00:16:04.3726713+00:00" testType="13cdc9d9-ddb5-4fa4-a97d-d965ccfc6d4b" outcome="Passed" testListId="8c84fa94-04c1-424b-9868-57a2d4851a1d" relativeResultsDirectory="0922701a-d960-4fe6-89f7-f82887ded5ad" />
    <UnitTestResult executionId="18dc036e-29d1-4da4-9057-74725736b83f" testId="478b61ee-7d85-9dbe-985d-08c590f8666a" testName="UnitTests.Controllers.ItemControllerTests.DeleteItem_Deletes(itemId: 1)" computerName="fv-az177-278" duration="00:00:00.0010000" startTime="2022-01-30T00:16:01.9264056+00:00" endTime="2022-01-30T00:16:01.9264056+00:00" testType="13cdc9d9-ddb5-4fa4-a97d-d965ccfc6d4b" outcome="Passed" testListId="8c84fa94-04c1-424b-9868-57a2d4851a1d" relativeResultsDirectory="18dc036e-29d1-4da4-9057-74725736b83f" />
    <UnitTestResult executionId="1a4a3512-9a0c-4549-b271-12a21e637d19" testId="24cfa8b0-48c3-8aab-e4c2-88694c220e2c" testName="UnitTests.Data.Repositories.GenericRepositoryTests.GenericRepositoryUpdate_ThrowsWithNullEntity" computerName="fv-az177-278" duration="00:00:00.0010000" startTime="2022-01-30T00:16:04.7208247+00:00" endTime="2022-01-30T00:16:04.7208247+00:00" testType="13cdc9d9-ddb5-4fa4-a97d-d965ccfc6d4b" outcome="Passed" testListId="8c84fa94-04c1-424b-9868-57a2d4851a1d" relativeResultsDirectory="1a4a3512-9a0c-4549-b271-12a21e637d19" />
    <UnitTestResult executionId="56ffaabe-a466-4e92-9a0f-1d8ba1c63caf" testId="ae39aa62-5ff2-56e7-d00e-ef116d711d51" testName="UnitTests.Data.Repositories.GenericRepositoryTests.Repository_Create_DefaultAudit" computerName="fv-az177-278" duration="00:00:00.0060000" startTime="2022-01-30T00:16:04.7228237+00:00" endTime="2022-01-30T00:16:04.7228237+00:00" testType="13cdc9d9-ddb5-4fa4-a97d-d965ccfc6d4b" outcome="Passed" testListId="8c84fa94-04c1-424b-9868-57a2d4851a1d" relativeResultsDirectory="56ffaabe-a466-4e92-9a0f-1d8ba1c63caf" />
    <UnitTestResult executionId="f41aaf5d-e2dc-438a-bb79-a1bd6c7149d6" testId="ac1c50bc-98fd-036f-fe0f-d46cb187f90e" testName="UnitTests.Services.LoggingServiceTests.LogginService_TestableConstructorLogsError" computerName="fv-az177-278" duration="00:00:00.0220000" startTime="2022-01-30T00:16:06.2338311+00:00" endTime="2022-01-30T00:16:06.2338311+00:00" testType="13cdc9d9-ddb5-4fa4-a97d-d965ccfc6d4b" outcome="Passed" testListId="8c84fa94-04c1-424b-9868-57a2d4851a1d" relativeResultsDirectory="f41aaf5d-e2dc-438a-bb79-a1bd6c7149d6" />
    <UnitTestResult executionId="fbf082fc-a82d-4855-ac2a-393de0167fc1" testId="588a2c1b-7788-beb2-ade0-06788d455d25" testName="UnitTests.Controllers.ItemControllerTests.CreateItem_Creates" computerName="fv-az177-278" duration="00:00:00.0030000" startTime="2022-01-30T00:16:01.9064214+00:00" endTime="2022-01-30T00:16:01.9064214+00:00" testType="13cdc9d9-ddb5-4fa4-a97d-d965ccfc6d4b" outcome="Passed" testListId="8c84fa94-04c1-424b-9868-57a2d4851a1d" relativeResultsDirectory="fbf082fc-a82d-4855-ac2a-393de0167fc1" />
    <UnitTestResult executionId="33dee0ff-9d73-4b1e-ac07-8242abd40db4" testId="e1c7f76f-6195-c844-23c0-304b47fbae66" testName="UnitTests.Data.Repositories.GenericRepositoryTests.Repository_Create_UsesUserId" computerName="fv-az177-278" duration="00:00:00.0070000" startTime="2022-01-30T00:16:04.3544313+00:00" endTime="2022-01-30T00:16:04.3544313+00:00" testType="13cdc9d9-ddb5-4fa4-a97d-d965ccfc6d4b" outcome="Passed" testListId="8c84fa94-04c1-424b-9868-57a2d4851a1d" relativeResultsDirectory="33dee0ff-9d73-4b1e-ac07-8242abd40db4" />
    <UnitTestResult executionId="6e5119c2-21ef-4b43-8101-8f2ae9b684d4" testId="19223079-ea41-5691-855c-970af1a1e611" testName="UnitTests.Services.ItemServiceTests.GetItemsPage_GetsPages(page: 1, pageSize: 10, descending: False, expectedPages: 3, returnedPage: 1)" computerName="fv-az177-278" duration="00:00:00.0020000" startTime="2022-01-30T00:16:01.8484221+00:00" endTime="2022-01-30T00:16:01.8484221+00:00" testType="13cdc9d9-ddb5-4fa4-a97d-d965ccfc6d4b" outcome="Passed" testListId="8c84fa94-04c1-424b-9868-57a2d4851a1d" relativeResultsDirectory="6e5119c2-21ef-4b43-8101-8f2ae9b684d4" />
    <UnitTestResult executionId="713f897f-b5b5-41a1-975d-d150ea43ce92" testId="d5b75914-a4f0-1327-0212-c8781f6dfe81" testName="UnitTests.EntensionMethodTests.IQueryable_IsOrdered_Works(ordered: False, descending: True, lastOrder: True)" computerName="fv-az177-278" duration="00:00:00.0070000" startTime="2022-01-30T00:16:04.7562201+00:00" endTime="2022-01-30T00:16:04.7562201+00:00" testType="13cdc9d9-ddb5-4fa4-a97d-d965ccfc6d4b" outcome="Passed" testListId="8c84fa94-04c1-424b-9868-57a2d4851a1d" relativeResultsDirectory="713f897f-b5b5-41a1-975d-d150ea43ce92" />
    <UnitTestResult executionId="eaf32667-13fb-46ea-bc65-2add3cfee4de" testId="b80893de-3e2d-6029-ec19-65c03fd119c3" testName="UnitTests.EntensionMethodTests.IQueryable_IsOrdered_Works(ordered: False, descending: True, lastOrder: False)" computerName="fv-az177-278" duration="00:00:00.0070000" startTime="2022-01-30T00:16:04.7378240+00:00" endTime="2022-01-30T00:16:04.7378240+00:00" testType="13cdc9d9-ddb5-4fa4-a97d-d965ccfc6d4b" outcome="Passed" testListId="8c84fa94-04c1-424b-9868-57a2d4851a1d" relativeResultsDirectory="eaf32667-13fb-46ea-bc65-2add3cfee4de" />
    <UnitTestResult executionId="1fe7a4b7-b814-4a11-ba84-c0081c28efb0" testId="2aef35a8-73ad-0c03-c8a4-2b5a1d37af8f" testName="UnitTests.EntensionMethodTests.IQueryable_IsOrdered_Works(ordered: False, descending: False, lastOrder: False)" computerName="fv-az177-278" duration="00:00:00.0090000" startTime="2022-01-30T00:16:04.7288242+00:00" endTime="2022-01-30T00:16:04.7288242+00:00" testType="13cdc9d9-ddb5-4fa4-a97d-d965ccfc6d4b" outcome="Passed" testListId="8c84fa94-04c1-424b-9868-57a2d4851a1d" relativeResultsDirectory="1fe7a4b7-b814-4a11-ba84-c0081c28efb0" />
    <UnitTestResult executionId="0793702a-bfc9-4216-8239-708467b9eb81" testId="9207202d-19b8-8eb5-74dc-6aa5d849467c" testName="UnitTests.EntensionMethodTests.IQueryable_GetPage_PagesProperly(count: 10, page: 1, pageSize: 10, expedtedPages: 1, expectedItems: 10, firstId: 1, descending: False)" computerName="fv-az177-278" duration="00:00:00.0150000" startTime="2022-01-30T00:16:04.7148239+00:00" endTime="2022-01-30T00:16:04.7148239+00:00" testType="13cdc9d9-ddb5-4fa4-a97d-d965ccfc6d4b" outcome="Passed" testListId="8c84fa94-04c1-424b-9868-57a2d4851a1d" relativeResultsDirectory="0793702a-bfc9-4216-8239-708467b9eb81" />
    <UnitTestResult executionId="225c51b0-4ceb-447d-b072-c82dea7041a4" testId="d16880d7-fb44-f209-43d9-ba2e0e1875de" testName="UnitTests.Data.Repositories.GenericRepositoryTests.GenericRepositoryGetsAll(iterations: 1)" computerName="fv-az177-278" duration="00:00:00.0070000" startTime="2022-01-30T00:16:04.7128258+00:00" endTime="2022-01-30T00:16:04.7128258+00:00" testType="13cdc9d9-ddb5-4fa4-a97d-d965ccfc6d4b" outcome="Passed" testListId="8c84fa94-04c1-424b-9868-57a2d4851a1d" relativeResultsDirectory="225c51b0-4ceb-447d-b072-c82dea7041a4" />
    <UnitTestResult executionId="50ea9cd9-17af-41b9-aae8-9ca6b9d9ff40" testId="0864c31d-6119-84d6-7f52-9d349dabbe84" testName="UnitTests.Services.ItemServiceTests.GetItemsPage_GetsPages(page: 0, pageSize: 0, descending: True, expectedPages: 30, returnedPage: 1)" computerName="fv-az177-278" duration="00:00:00.0670000" startTime="2022-01-30T00:16:01.8440276+00:00" endTime="2022-01-30T00:16:01.8440276+00:00" testType="13cdc9d9-ddb5-4fa4-a97d-d965ccfc6d4b" outcome="Passed" testListId="8c84fa94-04c1-424b-9868-57a2d4851a1d" relativeResultsDirectory="50ea9cd9-17af-41b9-aae8-9ca6b9d9ff40" />
    <UnitTestResult executionId="f4f22398-ba23-41a9-b33a-af9b2ba655eb" testId="e6e0a140-85e7-6935-6160-ab95ecfd3c8a" testName="UnitTests.Data.Repositories.GenericRepositoryTests.GenericRepositoryCreatesAndGetsById" computerName="fv-az177-278" duration="00:00:00.3240000" startTime="2022-01-30T00:16:04.8453918+00:00" endTime="2022-01-30T00:16:04.8453918+00:00" testType="13cdc9d9-ddb5-4fa4-a97d-d965ccfc6d4b" outcome="Passed" testListId="8c84fa94-04c1-424b-9868-57a2d4851a1d" relativeResultsDirectory="f4f22398-ba23-41a9-b33a-af9b2ba655eb" />
    <UnitTestResult executionId="60c8f726-d5c7-4c0b-a366-3624534c83ad" testId="96a18501-dea4-70b1-d572-baa1bb120da2" testName="UnitTests.Data.Entities.ItemTests.ItemPropertiesPersist(id: 2, name: &quot;Name2&quot;, description: &quot;Description2&quot;)" computerName="fv-az177-278" duration="00:00:00.0010000" startTime="2022-01-30T00:16:01.9379351+00:00" endTime="2022-01-30T00:16:01.9379351+00:00" testType="13cdc9d9-ddb5-4fa4-a97d-d965ccfc6d4b" outcome="Passed" testListId="8c84fa94-04c1-424b-9868-57a2d4851a1d" relativeResultsDirectory="60c8f726-d5c7-4c0b-a366-3624534c83ad" />
    <UnitTestResult executionId="4c12ac71-39f4-401c-ab62-de2e722058ac" testId="f46af852-6230-3d31-e31c-2959bffd491f" testName="UnitTests.EntensionMethodTests.IQueryable_IsOrdered_Works(ordered: True, descending: True, lastOrder: True)" computerName="fv-az177-278" duration="00:00:00.0070000" startTime="2022-01-30T00:16:04.7632223+00:00" endTime="2022-01-30T00:16:04.7632223+00:00" testType="13cdc9d9-ddb5-4fa4-a97d-d965ccfc6d4b" outcome="Passed" testListId="8c84fa94-04c1-424b-9868-57a2d4851a1d" relativeResultsDirectory="4c12ac71-39f4-401c-ab62-de2e722058ac" />
    <UnitTestResult executionId="cbe9457d-ecee-4fad-a036-0c01d0ee5fd8" testId="ac2a99ba-3563-74a9-7d4c-8e91a58cd097" testName="UnitTests.Data.ModuleDbContextTests.DefaultConstructorThrows" computerName="fv-az177-278" duration="00:00:00.0780000" startTime="2022-01-30T00:16:04.9235293+00:00" endTime="2022-01-30T00:16:04.9235293+00:00" testType="13cdc9d9-ddb5-4fa4-a97d-d965ccfc6d4b" outcome="Passed" testListId="8c84fa94-04c1-424b-9868-57a2d4851a1d" relativeResultsDirectory="cbe9457d-ecee-4fad-a036-0c01d0ee5fd8" />
    <UnitTestResult executionId="c6257930-83b7-4e99-bb1e-6af710d6ddd9" testId="ad3412e8-5f64-2020-a5b6-bd4cca8c3b7d" testName="UnitTests.Data.Repositories.GenericRepositoryTests.GenericRepositoryGet" computerName="fv-az177-278" duration="00:00:00.0210000" startTime="2022-01-30T00:16:04.3756717+00:00" endTime="2022-01-30T00:16:04.3756717+00:00" testType="13cdc9d9-ddb5-4fa4-a97d-d965ccfc6d4b" outcome="Passed" testListId="8c84fa94-04c1-424b-9868-57a2d4851a1d" relativeResultsDirectory="c6257930-83b7-4e99-bb1e-6af710d6ddd9" />
    <UnitTestResult executionId="7f41d600-7ce8-44a7-a749-f363e29769da" testId="19b6234c-c2df-2304-54f9-54b0da4cd6ba" testName="UnitTests.Services.ItemServiceTests.CreateItem_NoNameThrows" computerName="fv-az177-278" duration="00:00:00.0010000" startTime="2022-01-30T00:16:01.8634234+00:00" endTime="2022-01-30T00:16:01.8634234+00:00" testType="13cdc9d9-ddb5-4fa4-a97d-d965ccfc6d4b" outcome="Passed" testListId="8c84fa94-04c1-424b-9868-57a2d4851a1d" relativeResultsDirectory="7f41d600-7ce8-44a7-a749-f363e29769da" />
    <UnitTestResult executionId="83db8c89-f21e-4a5c-ac5b-9c2e6c244c77" testId="a21637b0-54f8-4fa0-bc3b-95481a9fd90b" testName="UnitTests.Controllers.ModuleExceptionFilterAttributeTests.ArgumentException_BadRequest(exception: System.UnauthorizedAccessException: Unauthorized, expectedStatusCode: Unauthorized)" computerName="fv-az177-278" duration="00:00:00.0010000" startTime="2022-01-30T00:16:06.3672044+00:00" endTime="2022-01-30T00:16:06.3672044+00:00" testType="13cdc9d9-ddb5-4fa4-a97d-d965ccfc6d4b" outcome="Passed" testListId="8c84fa94-04c1-424b-9868-57a2d4851a1d" relativeResultsDirectory="83db8c89-f21e-4a5c-ac5b-9c2e6c244c77" />
    <UnitTestResult executionId="53d923eb-6b00-4013-9ff7-9e2f89ecbb86" testId="44b00d3a-bad7-aefd-141c-4a35b11463b2" testName="UnitTests.Data.Repositories.GenericRepositoryTests.Repository_Update_DefaultAudit" computerName="fv-az177-278" duration="00:00:00.0080000" startTime="2022-01-30T00:16:04.7198239+00:00" endTime="2022-01-30T00:16:04.7198239+00:00" testType="13cdc9d9-ddb5-4fa4-a97d-d965ccfc6d4b" outcome="Passed" testListId="8c84fa94-04c1-424b-9868-57a2d4851a1d" relativeResultsDirectory="53d923eb-6b00-4013-9ff7-9e2f89ecbb86" />
    <UnitTestResult executionId="aa5d70df-ec9a-4d06-823b-acb1a626494c" testId="a21637b0-54f8-4fa0-bc3b-95481a9fd90b" testName="UnitTests.Controllers.ModuleExceptionFilterAttributeTests.ArgumentException_BadRequest(exception: System.ArgumentException: Argument, expectedStatusCode: BadRequest)" computerName="fv-az177-278" duration="00:00:00.0010000" startTime="2022-01-30T00:16:06.3652060+00:00" endTime="2022-01-30T00:16:06.3652060+00:00" testType="13cdc9d9-ddb5-4fa4-a97d-d965ccfc6d4b" outcome="Passed" testListId="8c84fa94-04c1-424b-9868-57a2d4851a1d" relativeResultsDirectory="aa5d70df-ec9a-4d06-823b-acb1a626494c" />
    <UnitTestResult executionId="27ba9bc0-ff0e-4efd-9680-895064181360" testId="315adde5-f36d-a74f-aa46-fb22a0f78cd9" testName="UnitTests.Controllers.ItemControllerTests.UpdateItem_Updates" computerName="fv-az177-278" duration="00:00:00.0020000" startTime="2022-01-30T00:16:01.9234051+00:00" endTime="2022-01-30T00:16:01.9234051+00:00" testType="13cdc9d9-ddb5-4fa4-a97d-d965ccfc6d4b" outcome="Passed" testListId="8c84fa94-04c1-424b-9868-57a2d4851a1d" relativeResultsDirectory="27ba9bc0-ff0e-4efd-9680-895064181360" />
    <UnitTestResult executionId="20bb4835-8f4a-45f5-8dc7-f2b706e3dc30" testId="70ede014-c412-e387-bb98-e95b3b42090d" testName="UnitTests.Data.Repositories.GenericRepositoryTests.GenericRepositoryUpdates" computerName="fv-az177-278" duration="00:00:00.0650000" startTime="2022-01-30T00:16:04.5228870+00:00" endTime="2022-01-30T00:16:04.5228870+00:00" testType="13cdc9d9-ddb5-4fa4-a97d-d965ccfc6d4b" outcome="Passed" testListId="8c84fa94-04c1-424b-9868-57a2d4851a1d" relativeResultsDirectory="20bb4835-8f4a-45f5-8dc7-f2b706e3dc30" />
    <UnitTestResult executionId="dfa8938b-7ed7-4086-8faa-a292fef2a24c" testId="263c08b1-704a-f3c2-309e-6dee831dbdc9" testName="UnitTests.Services.ItemServiceTests.UpdateItem_NullDto_Throws" computerName="fv-az177-278" duration="00:00:00.0050000" startTime="2022-01-30T00:16:01.8624231+00:00" endTime="2022-01-30T00:16:01.8624231+00:00" testType="13cdc9d9-ddb5-4fa4-a97d-d965ccfc6d4b" outcome="Passed" testListId="8c84fa94-04c1-424b-9868-57a2d4851a1d" relativeResultsDirectory="dfa8938b-7ed7-4086-8faa-a292fef2a24c" />
    <UnitTestResult executionId="45b90872-7d5b-410b-87f9-cccd7214b720" testId="e6610648-e456-1c64-d2b1-7e1242b871a8" testName="UnitTests.Services.ItemServiceTests.DeleteItem_Deletes" computerName="fv-az177-278" duration="00:00:00.0010000" startTime="2022-01-30T00:16:01.8914221+00:00" endTime="2022-01-30T00:16:01.8914221+00:00" testType="13cdc9d9-ddb5-4fa4-a97d-d965ccfc6d4b" outcome="Passed" testListId="8c84fa94-04c1-424b-9868-57a2d4851a1d" relativeResultsDirectory="45b90872-7d5b-410b-87f9-cccd7214b720" />
    <UnitTestResult executionId="413a2012-75c9-4c3a-b050-796111ed752c" testId="b72028ed-e29e-ac6a-9e2e-bf700facee4e" testName="UnitTests.EntensionMethodTests.IQueryable_IsOrdered_Works(ordered: True, descending: False, lastOrder: False)" computerName="fv-az177-278" duration="00:00:00.0110000" startTime="2022-01-30T00:16:04.7809248+00:00" endTime="2022-01-30T00:16:04.7809248+00:00" testType="13cdc9d9-ddb5-4fa4-a97d-d965ccfc6d4b" outcome="Passed" testListId="8c84fa94-04c1-424b-9868-57a2d4851a1d" relativeResultsDirectory="413a2012-75c9-4c3a-b050-796111ed752c" />
    <UnitTestResult executionId="3a0cb781-8036-4331-957c-bfce8ba76c8a" testId="1b051fa0-d4cc-1b32-80bb-d56b714e3066" testName="UnitTests.Services.ItemServiceTests.GetItemsPage_GetsPages(page: 1, pageSize: 20, descending: False, expectedPages: 2, returnedPage: 1)" computerName="fv-az177-278" duration="00:00:00.0030000" startTime="2022-01-30T00:16:01.8464109+00:00" endTime="2022-01-30T00:16:01.8464109+00:00" testType="13cdc9d9-ddb5-4fa4-a97d-d965ccfc6d4b" outcome="Passed" testListId="8c84fa94-04c1-424b-9868-57a2d4851a1d" relativeResultsDirectory="3a0cb781-8036-4331-957c-bfce8ba76c8a" />
    <UnitTestResult executionId="20dc364d-adc3-409e-b55e-379dc321cf9e" testId="73fc5149-51d6-8241-9c9f-f48c28e448e3" testName="UnitTests.EntensionMethodTests.IQueryable_IsOrdered_ThrowsWithNull" computerName="fv-az177-278" duration="00:00:00.0010000" startTime="2022-01-30T00:16:04.8493913+00:00" endTime="2022-01-30T00:16:04.8493913+00:00" testType="13cdc9d9-ddb5-4fa4-a97d-d965ccfc6d4b" outcome="Passed" testListId="8c84fa94-04c1-424b-9868-57a2d4851a1d" relativeResultsDirectory="20dc364d-adc3-409e-b55e-379dc321cf9e" />
    <UnitTestResult executionId="378f88df-310f-4103-b70e-4a6928513eb2" testId="5f92ec4d-d570-0452-b891-d4cee75db9dd" testName="UnitTests.Controllers.ModuleApiControllerTests.CanEdit_Set_Throws" computerName="fv-az177-278" duration="00:00:00.0520000" startTime="2022-01-30T00:16:00.6649160+00:00" endTime="2022-01-30T00:16:00.6649160+00:00" testType="13cdc9d9-ddb5-4fa4-a97d-d965ccfc6d4b" outcome="Passed" testListId="8c84fa94-04c1-424b-9868-57a2d4851a1d" relativeResultsDirectory="378f88df-310f-4103-b70e-4a6928513eb2" />
    <UnitTestResult executionId="cf318a15-7654-45b5-b3a5-b581b53ab303" testId="a21637b0-54f8-4fa0-bc3b-95481a9fd90b" testName="UnitTests.Controllers.ModuleExceptionFilterAttributeTests.ArgumentException_BadRequest(exception: System.NotImplementedException: Not Implemented, expectedStatusCode: NotImplemented)" computerName="fv-az177-278" duration="00:00:00.0010000" startTime="2022-01-30T00:16:06.3662052+00:00" endTime="2022-01-30T00:16:06.3662052+00:00" testType="13cdc9d9-ddb5-4fa4-a97d-d965ccfc6d4b" outcome="Passed" testListId="8c84fa94-04c1-424b-9868-57a2d4851a1d" relativeResultsDirectory="cf318a15-7654-45b5-b3a5-b581b53ab303" />
    <UnitTestResult executionId="60114735-4b65-445b-8ab5-c3f800cdcff8" testId="36689490-09d4-917f-648a-70dcfcfede10" testName="UnitTests.Data.Repositories.GenericRepositoryTests.GenericRepositoryCreate_ThrowsWithNullEntity" computerName="fv-az177-278" duration="00:00:00.0010000" startTime="2022-01-30T00:16:04.3776702+00:00" endTime="2022-01-30T00:16:04.3776702+00:00" testType="13cdc9d9-ddb5-4fa4-a97d-d965ccfc6d4b" outcome="Passed" testListId="8c84fa94-04c1-424b-9868-57a2d4851a1d" relativeResultsDirectory="60114735-4b65-445b-8ab5-c3f800cdcff8" />
    <UnitTestResult executionId="4f8ed847-c3e6-44ff-b656-d447d68d4568" testId="3140ebc5-2430-06b3-4257-a6794b9b09ac" testName="UnitTests.EntensionMethodTests.IQueryable_IsOrdered_Works(ordered: True, descending: False, lastOrder: True)" computerName="fv-az177-278" duration="00:00:00.0070000" startTime="2022-01-30T00:16:04.7702207+00:00" endTime="2022-01-30T00:16:04.7702207+00:00" testType="13cdc9d9-ddb5-4fa4-a97d-d965ccfc6d4b" outcome="Passed" testListId="8c84fa94-04c1-424b-9868-57a2d4851a1d" relativeResultsDirectory="4f8ed847-c3e6-44ff-b656-d447d68d4568" />
    <UnitTestResult executionId="6b978012-dd06-4664-9de9-32b0b2a472a1" testId="a9198ad3-782e-a37c-0b5f-1330f5318f55" testName="UnitTests.Services.ItemServiceTests.CreateItem_Creates" computerName="fv-az177-278" duration="00:00:00.0070000" startTime="2022-01-30T00:16:01.8944223+00:00" endTime="2022-01-30T00:16:01.8944223+00:00" testType="13cdc9d9-ddb5-4fa4-a97d-d965ccfc6d4b" outcome="Passed" testListId="8c84fa94-04c1-424b-9868-57a2d4851a1d" relativeResultsDirectory="6b978012-dd06-4664-9de9-32b0b2a472a1" />
    <UnitTestResult executionId="f6145cef-30f5-433d-a4be-78161fd6ca77" testId="113f48ce-a6a3-c5df-7589-ba5a5fcb9c59" testName="UnitTests.Controllers.ModuleExceptionFilterAttributeTests.NoException_DoesNothing" computerName="fv-az177-278" duration="00:00:00.0010000" startTime="2022-01-30T00:16:06.3682048+00:00" endTime="2022-01-30T00:16:06.3682048+00:00" testType="13cdc9d9-ddb5-4fa4-a97d-d965ccfc6d4b" outcome="Passed" testListId="8c84fa94-04c1-424b-9868-57a2d4851a1d" relativeResultsDirectory="f6145cef-30f5-433d-a4be-78161fd6ca77" />
    <UnitTestResult executionId="9acb8e57-9cba-4eeb-9878-c18991a5dd58" testId="6f0b47a1-9d18-a5d8-8dd1-c8f266712c15" testName="UnitTests.EntensionMethodTests.IQueryable_IsOrdered_Works(ordered: True, descending: True, lastOrder: False)" computerName="fv-az177-278" duration="00:00:00.0100000" startTime="2022-01-30T00:16:04.7492198+00:00" endTime="2022-01-30T00:16:04.7492198+00:00" testType="13cdc9d9-ddb5-4fa4-a97d-d965ccfc6d4b" outcome="Passed" testListId="8c84fa94-04c1-424b-9868-57a2d4851a1d" relativeResultsDirectory="9acb8e57-9cba-4eeb-9878-c18991a5dd58" />
    <UnitTestResult executionId="ab042783-0266-4e3e-96fb-bbecccac8f41" testId="ffe5c770-9b99-42c0-ce21-7e50cccf4385" testName="UnitTests.Data.Repositories.GenericRepositoryTests.GenericRepositoryGetsAll(iterations: 2)" computerName="fv-az177-278" duration="00:00:00.0090000" startTime="2022-01-30T00:16:04.5278868+00:00" endTime="2022-01-30T00:16:04.5278868+00:00" testType="13cdc9d9-ddb5-4fa4-a97d-d965ccfc6d4b" outcome="Passed" testListId="8c84fa94-04c1-424b-9868-57a2d4851a1d" relativeResultsDirectory="ab042783-0266-4e3e-96fb-bbecccac8f41" />
    <UnitTestResult executionId="981e878d-12ac-4719-b3fb-5c3f328043e9" testId="8bbc68bc-7714-d990-1480-dfaedaafbd62" testName="UnitTests.EntensionMethodTests.IQueryable_GetPage_PagesProperly(count: 0, page: 0, pageSize: 0, expedtedPages: 0, expectedItems: 0, firstId: null, descending: False)" computerName="fv-az177-278" duration="00:00:00.0120000" startTime="2022-01-30T00:16:04.3846704+00:00" endTime="2022-01-30T00:16:04.3846704+00:00" testType="13cdc9d9-ddb5-4fa4-a97d-d965ccfc6d4b" outcome="Passed" testListId="8c84fa94-04c1-424b-9868-57a2d4851a1d" relativeResultsDirectory="981e878d-12ac-4719-b3fb-5c3f328043e9" />
    <UnitTestResult executionId="65ed3995-9358-4803-aee2-ed4886bbc3f1" testId="1017c6c1-9dd0-57dc-36e7-bb573d02562e" testName="UnitTests.Controllers.ItemControllerTests.GetItemsPage_GetsProperPages" computerName="fv-az177-278" duration="00:00:00.0110000" startTime="2022-01-30T00:16:01.9224048+00:00" endTime="2022-01-30T00:16:01.9224048+00:00" testType="13cdc9d9-ddb5-4fa4-a97d-d965ccfc6d4b" outcome="Passed" testListId="8c84fa94-04c1-424b-9868-57a2d4851a1d" relativeResultsDirectory="65ed3995-9358-4803-aee2-ed4886bbc3f1" />
    <UnitTestResult executionId="446af77a-c5f4-4352-b67d-2fbae2ab6aef" testId="1c164fbc-1ab1-9884-ccb8-9e84f4c977d0" testName="UnitTests.Services.ItemServiceTests.UpdateItem_NoName_Throws(name: &quot; &quot;)" computerName="fv-az177-278" duration="00:00:00.0010000" startTime="2022-01-30T00:16:01.8664237+00:00" endTime="2022-01-30T00:16:01.8664237+00:00" testType="13cdc9d9-ddb5-4fa4-a97d-d965ccfc6d4b" outcome="Passed" testListId="8c84fa94-04c1-424b-9868-57a2d4851a1d" relativeResultsDirectory="446af77a-c5f4-4352-b67d-2fbae2ab6aef" />
    <UnitTestResult executionId="dd052fda-0726-415f-a2b2-8e2550f4f1f0" testId="bae3532a-4a9e-c4ab-fc66-4dfa22d16170" testName="UnitTests.Controllers.ModuleApiControllerTests.HasUserInfo" computerName="fv-az177-278" duration="00:00:01.1160000" startTime="2022-01-30T00:16:01.7714010+00:00" endTime="2022-01-30T00:16:01.7714010+00:00" testType="13cdc9d9-ddb5-4fa4-a97d-d965ccfc6d4b" outcome="Passed" testListId="8c84fa94-04c1-424b-9868-57a2d4851a1d" relativeResultsDirectory="dd052fda-0726-415f-a2b2-8e2550f4f1f0" />
    <UnitTestResult executionId="53e2eaa4-e558-4eb6-97e8-c5b4048402e4" testId="e4f8faa7-d0ad-86e6-1579-7bd52372b4c3" testName="UnitTests.Data.Repositories.GenericRepositoryTests.GenericRepositoryConstructs" computerName="fv-az177-278" duration="00:00:00.0010000" startTime="2022-01-30T00:16:04.7178239+00:00" endTime="2022-01-30T00:16:04.7178239+00:00" testType="13cdc9d9-ddb5-4fa4-a97d-d965ccfc6d4b" outcome="Passed" testListId="8c84fa94-04c1-424b-9868-57a2d4851a1d" relativeResultsDirectory="53e2eaa4-e558-4eb6-97e8-c5b4048402e4" />
    <UnitTestResult executionId="3f46abf4-0442-4e17-96dd-e502f06d1412" testId="92b7b9f6-1294-7ea1-ffa3-91fba85074d4" testName="UnitTests.Services.ItemServiceTests.UpdateItem_NoName_Throws(name: &quot;  &quot;)" computerName="fv-az177-278" duration="00:00:00.0010000" startTime="2022-01-30T00:16:01.8674246+00:00" endTime="2022-01-30T00:16:01.8674246+00:00" testType="13cdc9d9-ddb5-4fa4-a97d-d965ccfc6d4b" outcome="Passed" testListId="8c84fa94-04c1-424b-9868-57a2d4851a1d" relativeResultsDirectory="3f46abf4-0442-4e17-96dd-e502f06d1412" />
    <UnitTestResult executionId="132c52b5-9afa-4aea-8d0e-e78c4e9754af" testId="a21637b0-54f8-4fa0-bc3b-95481a9fd90b" testName="UnitTests.Controllers.ModuleExceptionFilterAttributeTests.ArgumentException_BadRequest(exception: System.TimeoutException: Timed out, expectedStatusCode: RequestTimeout)" computerName="fv-az177-278" duration="00:00:00.0010000" startTime="2022-01-30T00:16:06.3662052+00:00" endTime="2022-01-30T00:16:06.3662052+00:00" testType="13cdc9d9-ddb5-4fa4-a97d-d965ccfc6d4b" outcome="Passed" testListId="8c84fa94-04c1-424b-9868-57a2d4851a1d" relativeResultsDirectory="132c52b5-9afa-4aea-8d0e-e78c4e9754af" />
    <UnitTestResult executionId="68530155-6478-4903-bd37-40f484f98878" testId="b76e01b1-6afe-f33b-c6a9-ea3347176509" testName="UnitTests.Services.ItemServiceTests.UpdateItem_NoName_Throws(name: null)" computerName="fv-az177-278" duration="00:00:00.0010000" startTime="2022-01-30T00:16:01.8654220+00:00" endTime="2022-01-30T00:16:01.8654220+00:00" testType="13cdc9d9-ddb5-4fa4-a97d-d965ccfc6d4b" outcome="Passed" testListId="8c84fa94-04c1-424b-9868-57a2d4851a1d" relativeResultsDirectory="68530155-6478-4903-bd37-40f484f98878" />
    <UnitTestResult executionId="76bc95e5-7922-428a-bda5-3fc72b262f9b" testId="61a8ccc9-c5b1-047b-3c97-f777ccc7d30b" testName="UnitTests.Controllers.ValidateModelAttributeTests.OnActionExecuting_Invalid_Works" computerName="fv-az177-278" duration="00:00:02.3890000" startTime="2022-01-30T00:16:08.7378011+00:00" endTime="2022-01-30T00:16:08.7378011+00:00" testType="13cdc9d9-ddb5-4fa4-a97d-d965ccfc6d4b" outcome="Passed" testListId="8c84fa94-04c1-424b-9868-57a2d4851a1d" relativeResultsDirectory="76bc95e5-7922-428a-bda5-3fc72b262f9b" />
    <UnitTestResult executionId="e5d2999b-9daa-4be3-89bc-ba1f43a260ef" testId="320e3c11-11d1-b3ef-0d2e-5e474f674ff1" testName="UnitTests.Controllers.ModuleApiControllerTests.CanEdit_DefaultsToFalse" computerName="fv-az177-278" duration="00:00:00.0050000" startTime="2022-01-30T00:16:01.7764352+00:00" endTime="2022-01-30T00:16:01.7764352+00:00" testType="13cdc9d9-ddb5-4fa4-a97d-d965ccfc6d4b" outcome="Passed" testListId="8c84fa94-04c1-424b-9868-57a2d4851a1d" relativeResultsDirectory="e5d2999b-9daa-4be3-89bc-ba1f43a260ef" />
    <UnitTestResult executionId="e74cb818-08b2-4f60-a612-97ce91d1c708" testId="aec60494-3c2e-8ec9-f948-da5bb2043983" testName="UnitTests.Controllers.ItemControllerTests.UserCanEdit_ReturnsBool(canEdit: True)" computerName="fv-az177-278" duration="00:00:00.0010000" startTime="2022-01-30T00:16:01.9044227+00:00" endTime="2022-01-30T00:16:01.9044227+00:00" testType="13cdc9d9-ddb5-4fa4-a97d-d965ccfc6d4b" outcome="Passed" testListId="8c84fa94-04c1-424b-9868-57a2d4851a1d" relativeResultsDirectory="e74cb818-08b2-4f60-a612-97ce91d1c708" />
    <UnitTestResult executionId="f6c47e1e-7923-48d7-af5d-de82db080ab0" testId="168fc980-36e3-101b-62b1-f5ab71e9fc0d" testName="UnitTests.Controllers.LocalizationControllerTests.GetLocalization_CallsLocalizationService" computerName="fv-az177-278" duration="00:00:00.0110000" startTime="2022-01-30T00:16:04.9345297+00:00" endTime="2022-01-30T00:16:04.9345297+00:00" testType="13cdc9d9-ddb5-4fa4-a97d-d965ccfc6d4b" outcome="Passed" testListId="8c84fa94-04c1-424b-9868-57a2d4851a1d" relativeResultsDirectory="f6c47e1e-7923-48d7-af5d-de82db080ab0" />
    <UnitTestResult executionId="19777469-e0e8-4ecb-8792-7ef2c1674d85" testId="95a0a379-a9bd-3d99-f720-e626260de7f6" testName="UnitTests.EntensionMethodTests.IQueryable_GetPage_PagesProperly(count: 101, page: 1, pageSize: 50, expedtedPages: 3, expectedItems: 50, firstId: 1, descending: False)" computerName="fv-az177-278" duration="00:00:00.0830000" startTime="2022-01-30T00:16:04.5268868+00:00" endTime="2022-01-30T00:16:04.5268868+00:00" testType="13cdc9d9-ddb5-4fa4-a97d-d965ccfc6d4b" outcome="Passed" testListId="8c84fa94-04c1-424b-9868-57a2d4851a1d" relativeResultsDirectory="19777469-e0e8-4ecb-8792-7ef2c1674d85" />
    <UnitTestResult executionId="53f09791-59a0-4b44-9441-fc4d909588e7" testId="d15ea2a7-9f9f-b92b-50fa-470898da705d" testName="UnitTests.Data.Repositories.GenericRepositoryTests.GenericRepositoryGetsAll(iterations: 3)" computerName="fv-az177-278" duration="00:00:00.0080000" startTime="2022-01-30T00:16:04.7108235+00:00" endTime="2022-01-30T00:16:04.7108235+00:00" testType="13cdc9d9-ddb5-4fa4-a97d-d965ccfc6d4b" outcome="Passed" testListId="8c84fa94-04c1-424b-9868-57a2d4851a1d" relativeResultsDirectory="53f09791-59a0-4b44-9441-fc4d909588e7" />
    <UnitTestResult executionId="be11c831-d3e5-4a69-8bc4-20d34d7df1bb" testId="9168bdef-a759-f4d6-b890-b643e17324cf" testName="UnitTests.Services.LoggingServiceTests.LogginService_TestableConstructorLogsErrorWithException" computerName="fv-az177-278" duration="00:00:00.0020000" startTime="2022-01-30T00:16:06.2358309+00:00" endTime="2022-01-30T00:16:06.2358309+00:00" testType="13cdc9d9-ddb5-4fa4-a97d-d965ccfc6d4b" outcome="Passed" testListId="8c84fa94-04c1-424b-9868-57a2d4851a1d" relativeResultsDirectory="be11c831-d3e5-4a69-8bc4-20d34d7df1bb" />
    <UnitTestResult executionId="363e7057-bb57-4ce9-a495-af801523ad32" testId="1a74e347-4470-5271-97ab-1ebaf8693270" testName="UnitTests.Controllers.ModuleExceptionFilterAttributeTests.SystemException_DoesNotExposeDetails" computerName="fv-az177-278" duration="00:00:00.0210000" startTime="2022-01-30T00:16:06.3876788+00:00" endTime="2022-01-30T00:16:06.3876788+00:00" testType="13cdc9d9-ddb5-4fa4-a97d-d965ccfc6d4b" outcome="Passed" testListId="8c84fa94-04c1-424b-9868-57a2d4851a1d" relativeResultsDirectory="363e7057-bb57-4ce9-a495-af801523ad32" />
    <UnitTestResult executionId="9958ca4a-bd53-4fba-a292-6004133e5807" testId="a21637b0-54f8-4fa0-bc3b-95481a9fd90b" testName="UnitTests.Controllers.ModuleExceptionFilterAttributeTests.ArgumentException_BadRequest(exception: System.ArgumentOutOfRangeException: Specified argument was out of the range of valid values.&#xD;&#xA;Parameter name: Out of range, expectedStatusCode: BadRequest)" computerName="fv-az177-278" duration="00:00:00.0010000" startTime="2022-01-30T00:16:06.3652060+00:00" endTime="2022-01-30T00:16:06.3652060+00:00" testType="13cdc9d9-ddb5-4fa4-a97d-d965ccfc6d4b" outcome="Passed" testListId="8c84fa94-04c1-424b-9868-57a2d4851a1d" relativeResultsDirectory="9958ca4a-bd53-4fba-a292-6004133e5807" />
    <UnitTestResult executionId="b258fce4-63d5-4347-806d-f8ac61199100" testId="d1c63cb7-1f9a-a8bf-a217-a4cbb4e5f73b" testName="UnitTests.Common.GlobalsTests.ModulePrefixIsValid" computerName="fv-az177-278" duration="00:00:00.0010000" startTime="2022-01-30T00:16:06.2368305+00:00" endTime="2022-01-30T00:16:06.2368305+00:00" testType="13cdc9d9-ddb5-4fa4-a97d-d965ccfc6d4b" outcome="Passed" testListId="8c84fa94-04c1-424b-9868-57a2d4851a1d" relativeResultsDirectory="b258fce4-63d5-4347-806d-f8ac61199100" />
    <UnitTestResult executionId="13626e29-1e3a-4591-96f9-b6860fb1eae6" testId="7e661283-b2b2-d632-266b-6af1f3374c08" testName="UnitTests.EntensionMethodTests.IQueryable_GetPage_PagesProperly(count: 21, page: 1, pageSize: 10, expedtedPages: 3, expectedItems: 10, firstId: 21, descending: True)" computerName="fv-az177-278" duration="00:00:00.2210000" startTime="2022-01-30T00:16:04.7238239+00:00" endTime="2022-01-30T00:16:04.7238239+00:00" testType="13cdc9d9-ddb5-4fa4-a97d-d965ccfc6d4b" outcome="Passed" testListId="8c84fa94-04c1-424b-9868-57a2d4851a1d" relativeResultsDirectory="13626e29-1e3a-4591-96f9-b6860fb1eae6" />
    <UnitTestResult executionId="50ff849e-a95e-4582-b382-c8526fe79ee8" testId="2d3a68b5-bf4c-0513-b733-5ed612794244" testName="UnitTests.EntensionMethodTests.IQueryable_GetPage_EmptyDoesNotThrow" computerName="fv-az177-278" duration="00:00:00.0600000" startTime="2022-01-30T00:16:04.8483913+00:00" endTime="2022-01-30T00:16:04.8483913+00:00" testType="13cdc9d9-ddb5-4fa4-a97d-d965ccfc6d4b" outcome="Passed" testListId="8c84fa94-04c1-424b-9868-57a2d4851a1d" relativeResultsDirectory="50ff849e-a95e-4582-b382-c8526fe79ee8" />
    <UnitTestResult executionId="263e29b7-0d69-4362-a588-7b036dae988d" testId="4bb697d7-9cb3-28c5-7c49-3e60c8ee823d" testName="UnitTests.EntensionMethodTests.IQueryable_GetPage_PagesProperly(count: 0, page: -1, pageSize: -1, expedtedPages: 0, expectedItems: 0, firstId: null, descending: False)" computerName="fv-az177-278" duration="00:00:00.0150000" startTime="2022-01-30T00:16:04.5308857+00:00" endTime="2022-01-30T00:16:04.5308857+00:00" testType="13cdc9d9-ddb5-4fa4-a97d-d965ccfc6d4b" outcome="Passed" testListId="8c84fa94-04c1-424b-9868-57a2d4851a1d" relativeResultsDirectory="263e29b7-0d69-4362-a588-7b036dae988d" />
    <UnitTestResult executionId="efbd426d-ef5d-4467-bbc5-384916ae3b87" testId="0bc54975-0bff-692e-a9b3-fc69f2c95a39" testName="UnitTests.Data.Repositories.GenericRepositoryTests.GenericRepositoryDeletes" computerName="fv-az177-278" duration="00:00:02.4240000" startTime="2022-01-30T00:16:04.3464321+00:00" endTime="2022-01-30T00:16:04.3464321+00:00" testType="13cdc9d9-ddb5-4fa4-a97d-d965ccfc6d4b" outcome="Passed" testListId="8c84fa94-04c1-424b-9868-57a2d4851a1d" relativeResultsDirectory="efbd426d-ef5d-4467-bbc5-384916ae3b87" />
    <UnitTestResult executionId="becb3b59-467a-458c-93f2-3e6b30d4ac17" testId="3cbfa5d3-e0f6-eff8-ed5c-556fa1f3e131" testName="UnitTests.Services.ItemServiceTests.UpdateItem_NoName_Throws(name: &quot;&quot;)" computerName="fv-az177-278" duration="00:00:00.0010000" startTime="2022-01-30T00:16:01.8684244+00:00" endTime="2022-01-30T00:16:01.8684244+00:00" testType="13cdc9d9-ddb5-4fa4-a97d-d965ccfc6d4b" outcome="Passed" testListId="8c84fa94-04c1-424b-9868-57a2d4851a1d" relativeResultsDirectory="becb3b59-467a-458c-93f2-3e6b30d4ac17" />
    <UnitTestResult executionId="db472729-84cb-40b3-ba24-425d7ab6d8a0" testId="986d7e6e-d04d-b204-b01c-fbb8f09c7774" testName="UnitTests.Controllers.ServiceRouteMapperTests.RegisterRoutes_RegistersAtLestOneRoute" computerName="fv-az177-278" duration="00:00:00.9720000" startTime="2022-01-30T00:16:01.5591902+00:00" endTime="2022-01-30T00:16:01.5591902+00:00" testType="13cdc9d9-ddb5-4fa4-a97d-d965ccfc6d4b" outcome="Passed" testListId="8c84fa94-04c1-424b-9868-57a2d4851a1d" relativeResultsDirectory="db472729-84cb-40b3-ba24-425d7ab6d8a0" />
    <UnitTestResult executionId="b5876ddd-23a2-47ca-82e6-6323dca0418a" testId="e55f1742-c16d-5086-2251-ad3372dd48f5" testName="UnitTests.Controllers.ValidateModelAttributeTests.OnActionExecuting_Valid_Works" computerName="fv-az177-278" duration="00:00:00.1120000" startTime="2022-01-30T00:16:06.3482048+00:00" endTime="2022-01-30T00:16:06.3482048+00:00" testType="13cdc9d9-ddb5-4fa4-a97d-d965ccfc6d4b" outcome="Passed" testListId="8c84fa94-04c1-424b-9868-57a2d4851a1d" relativeResultsDirectory="b5876ddd-23a2-47ca-82e6-6323dca0418a" />
    <UnitTestResult executionId="c0b37240-fe6b-4908-b79e-c68042e75465" testId="f5652070-1b22-f5a7-3f3f-68b37c9184a8" testName="UnitTests.Services.ItemServiceTests.CreateItem_NoItemThrows" computerName="fv-az177-278" duration="00:00:00.0010000" startTime="2022-01-30T00:16:01.8904217+00:00" endTime="2022-01-30T00:16:01.8904217+00:00" testType="13cdc9d9-ddb5-4fa4-a97d-d965ccfc6d4b" outcome="Passed" testListId="8c84fa94-04c1-424b-9868-57a2d4851a1d" relativeResultsDirectory="c0b37240-fe6b-4908-b79e-c68042e75465" />
    <UnitTestResult executionId="c56b76ec-097b-4a44-ab29-69a67dcb5516" testId="0f141a30-05bd-f4ed-a627-d40adca6b3ca" testName="UnitTests.Services.ItemServiceTests.GetItemsPage_GetsPages(page: 4, pageSize: 10, descending: False, expectedPages: 3, returnedPage: 3)" computerName="fv-az177-278" duration="00:00:00.0020000" startTime="2022-01-30T00:16:01.8504218+00:00" endTime="2022-01-30T00:16:01.8504218+00:00" testType="13cdc9d9-ddb5-4fa4-a97d-d965ccfc6d4b" outcome="Passed" testListId="8c84fa94-04c1-424b-9868-57a2d4851a1d" relativeResultsDirectory="c56b76ec-097b-4a44-ab29-69a67dcb5516" />
    <UnitTestResult executionId="623727b4-ffe7-47c8-9045-f67a3415d891" testId="392ed628-2028-c945-b97e-893658a1e82b" testName="UnitTests.Data.Entities.ItemTests.ItemPropertiesPersist(id: 1, name: &quot;Name1&quot;, description: &quot;Description1&quot;)" computerName="fv-az177-278" duration="00:00:00.0010000" startTime="2022-01-30T00:16:01.9369231+00:00" endTime="2022-01-30T00:16:01.9369231+00:00" testType="13cdc9d9-ddb5-4fa4-a97d-d965ccfc6d4b" outcome="Passed" testListId="8c84fa94-04c1-424b-9868-57a2d4851a1d" relativeResultsDirectory="623727b4-ffe7-47c8-9045-f67a3415d891" />
    <UnitTestResult executionId="2f377874-5bfd-4e13-bde1-5a95c2c31035" testId="130d9133-361f-a0da-f15e-423eb98947ac" testName="UnitTests.Services.ItemServiceTests.UpdateItem_Updates" computerName="fv-az177-278" duration="00:00:00.0280000" startTime="2022-01-30T00:16:01.8884229+00:00" endTime="2022-01-30T00:16:01.8884229+00:00" testType="13cdc9d9-ddb5-4fa4-a97d-d965ccfc6d4b" outcome="Passed" testListId="8c84fa94-04c1-424b-9868-57a2d4851a1d" relativeResultsDirectory="2f377874-5bfd-4e13-bde1-5a95c2c31035" />
    <UnitTestResult executionId="3a64b5aa-6071-4658-b75f-d0486d1a1065" testId="0ebf358f-9eac-9438-b418-9c6aa81a6377" testName="UnitTests.Data.Repositories.GenericRepositoryTests.Repository_Update_UsesuserId" computerName="fv-az177-278" duration="00:00:00.0190000" startTime="2022-01-30T00:16:04.3966700+00:00" endTime="2022-01-30T00:16:04.3966700+00:00" testType="13cdc9d9-ddb5-4fa4-a97d-d965ccfc6d4b" outcome="Passed" testListId="8c84fa94-04c1-424b-9868-57a2d4851a1d" relativeResultsDirectory="3a64b5aa-6071-4658-b75f-d0486d1a1065" />
    <UnitTestResult executionId="2455f2f7-ad6a-44f5-9196-fa620a29648f" testId="a21637b0-54f8-4fa0-bc3b-95481a9fd90b" testName="UnitTests.Controllers.ModuleExceptionFilterAttributeTests.ArgumentException_BadRequest(exception: System.ArgumentNullException: Value cannot be null.&#xD;&#xA;Parameter name: Null, expectedStatusCode: BadRequest)" computerName="fv-az177-278" duration="00:00:01.2190000" startTime="2022-01-30T00:16:06.3642037+00:00" endTime="2022-01-30T00:16:06.3642037+00:00" testType="13cdc9d9-ddb5-4fa4-a97d-d965ccfc6d4b" outcome="Passed" testListId="8c84fa94-04c1-424b-9868-57a2d4851a1d" relativeResultsDirectory="2455f2f7-ad6a-44f5-9196-fa620a29648f" />
    <UnitTestResult executionId="02535613-69fa-47c3-8383-4c41f1f3b0ba" testId="0247c7e7-7d1c-099b-2ac8-81a47ff2509a" testName="UnitTests.Controllers.ItemControllerTests.UserCanEdit_ReturnsBool(canEdit: False)" computerName="fv-az177-278" duration="00:00:00.0110000" startTime="2022-01-30T00:16:01.9034216+00:00" endTime="2022-01-30T00:16:01.9034216+00:00" testType="13cdc9d9-ddb5-4fa4-a97d-d965ccfc6d4b" outcome="Passed" testListId="8c84fa94-04c1-424b-9868-57a2d4851a1d" relativeResultsDirectory="02535613-69fa-47c3-8383-4c41f1f3b0ba" />
  </Results>
  <TestDefinitions>
    <UnitTest name="UnitTests.Controllers.ItemControllerTests.DeleteItem_Deletes(itemId: 1)" storage="d:\a\mymodule20220129\mymodule20220129\unittests\bin\unittests.dll" id="478b61ee-7d85-9dbe-985d-08c590f8666a">
      <Execution id="18dc036e-29d1-4da4-9057-74725736b83f" />
      <TestMethod codeBase="D:\a\MyModule20220129\MyModule20220129\UnitTests\bin\UnitTests.dll" adapterTypeName="executor://xunit/VsTestRunner2/net" className="UnitTests.Controllers.ItemControllerTests" name="DeleteItem_Deletes" />
    </UnitTest>
    <UnitTest name="UnitTests.EntensionMethodTests.IQueryable_IsOrdered_Works(ordered: True, descending: True, lastOrder: False)" storage="d:\a\mymodule20220129\mymodule20220129\unittests\bin\unittests.dll" id="6f0b47a1-9d18-a5d8-8dd1-c8f266712c15">
      <Execution id="9acb8e57-9cba-4eeb-9878-c18991a5dd58" />
      <TestMethod codeBase="D:\a\MyModule20220129\MyModule20220129\UnitTests\bin\UnitTests.dll" adapterTypeName="executor://xunit/VsTestRunner2/net" className="UnitTests.EntensionMethodTests" name="IQueryable_IsOrdered_Works" />
    </UnitTest>
    <UnitTest name="UnitTests.Controllers.ItemControllerTests.UserCanEdit_ReturnsBool(canEdit: False)" storage="d:\a\mymodule20220129\mymodule20220129\unittests\bin\unittests.dll" id="0247c7e7-7d1c-099b-2ac8-81a47ff2509a">
      <Execution id="02535613-69fa-47c3-8383-4c41f1f3b0ba" />
      <TestMethod codeBase="D:\a\MyModule20220129\MyModule20220129\UnitTests\bin\UnitTests.dll" adapterTypeName="executor://xunit/VsTestRunner2/net" className="UnitTests.Controllers.ItemControllerTests" name="UserCanEdit_ReturnsBool" />
    </UnitTest>
    <UnitTest name="UnitTests.EntensionMethodTests.IQueryable_GetPage_PagesProperly(count: 21, page: 1, pageSize: 10, expedtedPages: 3, expectedItems: 10, firstId: 21, descending: True)" storage="d:\a\mymodule20220129\mymodule20220129\unittests\bin\unittests.dll" id="7e661283-b2b2-d632-266b-6af1f3374c08">
      <Execution id="13626e29-1e3a-4591-96f9-b6860fb1eae6" />
      <TestMethod codeBase="D:\a\MyModule20220129\MyModule20220129\UnitTests\bin\UnitTests.dll" adapterTypeName="executor://xunit/VsTestRunner2/net" className="UnitTests.EntensionMethodTests" name="IQueryable_GetPage_PagesProperly" />
    </UnitTest>
    <UnitTest name="UnitTests.Controllers.LocalizationControllerTests.GetLocalization_CallsLocalizationService" storage="d:\a\mymodule20220129\mymodule20220129\unittests\bin\unittests.dll" id="168fc980-36e3-101b-62b1-f5ab71e9fc0d">
      <Execution id="f6c47e1e-7923-48d7-af5d-de82db080ab0" />
      <TestMethod codeBase="D:\a\MyModule20220129\MyModule20220129\UnitTests\bin\UnitTests.dll" adapterTypeName="executor://xunit/VsTestRunner2/net" className="UnitTests.Controllers.LocalizationControllerTests" name="GetLocalization_CallsLocalizationService" />
    </UnitTest>
    <UnitTest name="UnitTests.Data.ModuleDbContextTests.DefaultConstructorThrows" storage="d:\a\mymodule20220129\mymodule20220129\unittests\bin\unittests.dll" id="ac2a99ba-3563-74a9-7d4c-8e91a58cd097">
      <Execution id="cbe9457d-ecee-4fad-a036-0c01d0ee5fd8" />
      <TestMethod codeBase="D:\a\MyModule20220129\MyModule20220129\UnitTests\bin\UnitTests.dll" adapterTypeName="executor://xunit/VsTestRunner2/net" className="UnitTests.Data.ModuleDbContextTests" name="DefaultConstructorThrows" />
    </UnitTest>
    <UnitTest name="UnitTests.Controllers.ModuleApiControllerTests.CanEdit_DefaultsToFalse" storage="d:\a\mymodule20220129\mymodule20220129\unittests\bin\unittests.dll" id="320e3c11-11d1-b3ef-0d2e-5e474f674ff1">
      <Execution id="e5d2999b-9daa-4be3-89bc-ba1f43a260ef" />
      <TestMethod codeBase="D:\a\MyModule20220129\MyModule20220129\UnitTests\bin\UnitTests.dll" adapterTypeName="executor://xunit/VsTestRunner2/net" className="UnitTests.Controllers.ModuleApiControllerTests" name="CanEdit_DefaultsToFalse" />
    </UnitTest>
    <UnitTest name="UnitTests.Data.Repositories.GenericRepositoryTests.GenericRepositoryCreatesAndGetsById" storage="d:\a\mymodule20220129\mymodule20220129\unittests\bin\unittests.dll" id="e6e0a140-85e7-6935-6160-ab95ecfd3c8a">
      <Execution id="f4f22398-ba23-41a9-b33a-af9b2ba655eb" />
      <TestMethod codeBase="D:\a\MyModule20220129\MyModule20220129\UnitTests\bin\UnitTests.dll" adapterTypeName="executor://xunit/VsTestRunner2/net" className="UnitTests.Data.Repositories.GenericRepositoryTests" name="GenericRepositoryCreatesAndGetsById" />
    </UnitTest>
    <UnitTest name="UnitTests.Services.ItemServiceTests.GetItemsPage_GetsPages(page: 4, pageSize: 10, descending: False, expectedPages: 3, returnedPage: 3)" storage="d:\a\mymodule20220129\mymodule20220129\unittests\bin\unittests.dll" id="0f141a30-05bd-f4ed-a627-d40adca6b3ca">
      <Execution id="c56b76ec-097b-4a44-ab29-69a67dcb5516" />
      <TestMethod codeBase="D:\a\MyModule20220129\MyModule20220129\UnitTests\bin\UnitTests.dll" adapterTypeName="executor://xunit/VsTestRunner2/net" className="UnitTests.Services.ItemServiceTests" name="GetItemsPage_GetsPages" />
    </UnitTest>
    <UnitTest name="UnitTests.Services.ItemServiceTests.UpdateItem_NoName_Throws(name: &quot; &quot;)" storage="d:\a\mymodule20220129\mymodule20220129\unittests\bin\unittests.dll" id="1c164fbc-1ab1-9884-ccb8-9e84f4c977d0">
      <Execution id="446af77a-c5f4-4352-b67d-2fbae2ab6aef" />
      <TestMethod codeBase="D:\a\MyModule20220129\MyModule20220129\UnitTests\bin\UnitTests.dll" adapterTypeName="executor://xunit/VsTestRunner2/net" className="UnitTests.Services.ItemServiceTests" name="UpdateItem_NoName_Throws" />
    </UnitTest>
    <UnitTest name="UnitTests.EntensionMethodTests.IQueryable_IsOrdered_Works(ordered: False, descending: False, lastOrder: False)" storage="d:\a\mymodule20220129\mymodule20220129\unittests\bin\unittests.dll" id="2aef35a8-73ad-0c03-c8a4-2b5a1d37af8f">
      <Execution id="1fe7a4b7-b814-4a11-ba84-c0081c28efb0" />
      <TestMethod codeBase="D:\a\MyModule20220129\MyModule20220129\UnitTests\bin\UnitTests.dll" adapterTypeName="executor://xunit/VsTestRunner2/net" className="UnitTests.EntensionMethodTests" name="IQueryable_IsOrdered_Works" />
    </UnitTest>
    <UnitTest name="UnitTests.EntensionMethodTests.IQueryable_GetPage_PagesProperly(count: 101, page: 1, pageSize: 50, expedtedPages: 3, expectedItems: 50, firstId: 1, descending: False)" storage="d:\a\mymodule20220129\mymodule20220129\unittests\bin\unittests.dll" id="95a0a379-a9bd-3d99-f720-e626260de7f6">
      <Execution id="19777469-e0e8-4ecb-8792-7ef2c1674d85" />
      <TestMethod codeBase="D:\a\MyModule20220129\MyModule20220129\UnitTests\bin\UnitTests.dll" adapterTypeName="executor://xunit/VsTestRunner2/net" className="UnitTests.EntensionMethodTests" name="IQueryable_GetPage_PagesProperly" />
    </UnitTest>
    <UnitTest name="UnitTests.EntensionMethodTests.IQueryable_GetPage_PagesProperly(count: 0, page: -1, pageSize: -1, expedtedPages: 0, expectedItems: 0, firstId: null, descending: False)" storage="d:\a\mymodule20220129\mymodule20220129\unittests\bin\unittests.dll" id="4bb697d7-9cb3-28c5-7c49-3e60c8ee823d">
      <Execution id="263e29b7-0d69-4362-a588-7b036dae988d" />
      <TestMethod codeBase="D:\a\MyModule20220129\MyModule20220129\UnitTests\bin\UnitTests.dll" adapterTypeName="executor://xunit/VsTestRunner2/net" className="UnitTests.EntensionMethodTests" name="IQueryable_GetPage_PagesProperly" />
    </UnitTest>
    <UnitTest name="UnitTests.Data.Repositories.GenericRepositoryTests.Repository_Update_UsesuserId" storage="d:\a\mymodule20220129\mymodule20220129\unittests\bin\unittests.dll" id="0ebf358f-9eac-9438-b418-9c6aa81a6377">
      <Execution id="3a64b5aa-6071-4658-b75f-d0486d1a1065" />
      <TestMethod codeBase="D:\a\MyModule20220129\MyModule20220129\UnitTests\bin\UnitTests.dll" adapterTypeName="executor://xunit/VsTestRunner2/net" className="UnitTests.Data.Repositories.GenericRepositoryTests" name="Repository_Update_UsesuserId" />
    </UnitTest>
    <UnitTest name="UnitTests.Services.ItemServiceTests.CreateItem_Creates" storage="d:\a\mymodule20220129\mymodule20220129\unittests\bin\unittests.dll" id="a9198ad3-782e-a37c-0b5f-1330f5318f55">
      <Execution id="6b978012-dd06-4664-9de9-32b0b2a472a1" />
      <TestMethod codeBase="D:\a\MyModule20220129\MyModule20220129\UnitTests\bin\UnitTests.dll" adapterTypeName="executor://xunit/VsTestRunner2/net" className="UnitTests.Services.ItemServiceTests" name="CreateItem_Creates" />
    </UnitTest>
    <UnitTest name="UnitTests.Controllers.ValidateModelAttributeTests.OnActionExecuting_Invalid_Works" storage="d:\a\mymodule20220129\mymodule20220129\unittests\bin\unittests.dll" id="61a8ccc9-c5b1-047b-3c97-f777ccc7d30b">
      <Execution id="76bc95e5-7922-428a-bda5-3fc72b262f9b" />
      <TestMethod codeBase="D:\a\MyModule20220129\MyModule20220129\UnitTests\bin\UnitTests.dll" adapterTypeName="executor://xunit/VsTestRunner2/net" className="UnitTests.Controllers.ValidateModelAttributeTests" name="OnActionExecuting_Invalid_Works" />
    </UnitTest>
    <UnitTest name="UnitTests.EntensionMethodTests.IQueryable_IsOrdered_Works(ordered: False, descending: True, lastOrder: False)" storage="d:\a\mymodule20220129\mymodule20220129\unittests\bin\unittests.dll" id="b80893de-3e2d-6029-ec19-65c03fd119c3">
      <Execution id="eaf32667-13fb-46ea-bc65-2add3cfee4de" />
      <TestMethod codeBase="D:\a\MyModule20220129\MyModule20220129\UnitTests\bin\UnitTests.dll" adapterTypeName="executor://xunit/VsTestRunner2/net" className="UnitTests.EntensionMethodTests" name="IQueryable_IsOrdered_Works" />
    </UnitTest>
    <UnitTest name="UnitTests.Services.ItemServiceTests.GetItemsPage_GetsPages(page: 1, pageSize: 20, descending: False, expectedPages: 2, returnedPage: 1)" storage="d:\a\mymodule20220129\mymodule20220129\unittests\bin\unittests.dll" id="1b051fa0-d4cc-1b32-80bb-d56b714e3066">
      <Execution id="3a0cb781-8036-4331-957c-bfce8ba76c8a" />
      <TestMethod codeBase="D:\a\MyModule20220129\MyModule20220129\UnitTests\bin\UnitTests.dll" adapterTypeName="executor://xunit/VsTestRunner2/net" className="UnitTests.Services.ItemServiceTests" name="GetItemsPage_GetsPages" />
    </UnitTest>
    <UnitTest name="UnitTests.Data.Repositories.GenericRepositoryTests.GenericRepositoryGet" storage="d:\a\mymodule20220129\mymodule20220129\unittests\bin\unittests.dll" id="ad3412e8-5f64-2020-a5b6-bd4cca8c3b7d">
      <Execution id="c6257930-83b7-4e99-bb1e-6af710d6ddd9" />
      <TestMethod codeBase="D:\a\MyModule20220129\MyModule20220129\UnitTests\bin\UnitTests.dll" adapterTypeName="executor://xunit/VsTestRunner2/net" className="UnitTests.Data.Repositories.GenericRepositoryTests" name="GenericRepositoryGet" />
    </UnitTest>
    <UnitTest name="UnitTests.Services.LoggingServiceTests.LogginService_TestableConstructorLogsError" storage="d:\a\mymodule20220129\mymodule20220129\unittests\bin\unittests.dll" id="ac1c50bc-98fd-036f-fe0f-d46cb187f90e">
      <Execution id="f41aaf5d-e2dc-438a-bb79-a1bd6c7149d6" />
      <TestMethod codeBase="D:\a\MyModule20220129\MyModule20220129\UnitTests\bin\UnitTests.dll" adapterTypeName="executor://xunit/VsTestRunner2/net" className="UnitTests.Services.LoggingServiceTests" name="LogginService_TestableConstructorLogsError" />
    </UnitTest>
    <UnitTest name="UnitTests.Data.Repositories.GenericRepositoryTests.GenericRepositoryUpdate_ThrowsWithNullEntity" storage="d:\a\mymodule20220129\mymodule20220129\unittests\bin\unittests.dll" id="24cfa8b0-48c3-8aab-e4c2-88694c220e2c">
      <Execution id="1a4a3512-9a0c-4549-b271-12a21e637d19" />
      <TestMethod codeBase="D:\a\MyModule20220129\MyModule20220129\UnitTests\bin\UnitTests.dll" adapterTypeName="executor://xunit/VsTestRunner2/net" className="UnitTests.Data.Repositories.GenericRepositoryTests" name="GenericRepositoryUpdate_ThrowsWithNullEntity" />
    </UnitTest>
    <UnitTest name="UnitTests.Common.GlobalsTests.ModulePrefixIsValid" storage="d:\a\mymodule20220129\mymodule20220129\unittests\bin\unittests.dll" id="d1c63cb7-1f9a-a8bf-a217-a4cbb4e5f73b">
      <Execution id="b258fce4-63d5-4347-806d-f8ac61199100" />
      <TestMethod codeBase="D:\a\MyModule20220129\MyModule20220129\UnitTests\bin\UnitTests.dll" adapterTypeName="executor://xunit/VsTestRunner2/net" className="UnitTests.Common.GlobalsTests" name="ModulePrefixIsValid" />
    </UnitTest>
    <UnitTest name="UnitTests.Data.Repositories.GenericRepositoryTests.GenericRepositoryGetsAll(iterations: 3)" storage="d:\a\mymodule20220129\mymodule20220129\unittests\bin\unittests.dll" id="d15ea2a7-9f9f-b92b-50fa-470898da705d">
      <Execution id="53f09791-59a0-4b44-9441-fc4d909588e7" />
      <TestMethod codeBase="D:\a\MyModule20220129\MyModule20220129\UnitTests\bin\UnitTests.dll" adapterTypeName="executor://xunit/VsTestRunner2/net" className="UnitTests.Data.Repositories.GenericRepositoryTests" name="GenericRepositoryGetsAll" />
    </UnitTest>
    <UnitTest name="UnitTests.Data.Entities.ItemTests.ItemPropertiesPersist(id: 2, name: &quot;Name2&quot;, description: &quot;Description2&quot;)" storage="d:\a\mymodule20220129\mymodule20220129\unittests\bin\unittests.dll" id="96a18501-dea4-70b1-d572-baa1bb120da2">
      <Execution id="60c8f726-d5c7-4c0b-a366-3624534c83ad" />
      <TestMethod codeBase="D:\a\MyModule20220129\MyModule20220129\UnitTests\bin\UnitTests.dll" adapterTypeName="executor://xunit/VsTestRunner2/net" className="UnitTests.Data.Entities.ItemTests" name="ItemPropertiesPersist" />
    </UnitTest>
    <UnitTest name="UnitTests.Controllers.ServiceRouteMapperTests.RegisterRoutes_RegistersAtLestOneRoute" storage="d:\a\mymodule20220129\mymodule20220129\unittests\bin\unittests.dll" id="986d7e6e-d04d-b204-b01c-fbb8f09c7774">
      <Execution id="db472729-84cb-40b3-ba24-425d7ab6d8a0" />
      <TestMethod codeBase="D:\a\MyModule20220129\MyModule20220129\UnitTests\bin\UnitTests.dll" adapterTypeName="executor://xunit/VsTestRunner2/net" className="UnitTests.Controllers.ServiceRouteMapperTests" name="RegisterRoutes_RegistersAtLestOneRoute" />
    </UnitTest>
    <UnitTest name="UnitTests.Controllers.ModuleExceptionFilterAttributeTests.SystemException_DoesNotExposeDetails" storage="d:\a\mymodule20220129\mymodule20220129\unittests\bin\unittests.dll" id="1a74e347-4470-5271-97ab-1ebaf8693270">
      <Execution id="363e7057-bb57-4ce9-a495-af801523ad32" />
      <TestMethod codeBase="D:\a\MyModule20220129\MyModule20220129\UnitTests\bin\UnitTests.dll" adapterTypeName="executor://xunit/VsTestRunner2/net" className="UnitTests.Controllers.ModuleExceptionFilterAttributeTests" name="SystemException_DoesNotExposeDetails" />
    </UnitTest>
    <UnitTest name="UnitTests.EntensionMethodTests.IQueryable_GetPage_PagesProperly(count: 10, page: 1, pageSize: 10, expedtedPages: 1, expectedItems: 10, firstId: 1, descending: False)" storage="d:\a\mymodule20220129\mymodule20220129\unittests\bin\unittests.dll" id="9207202d-19b8-8eb5-74dc-6aa5d849467c">
      <Execution id="0793702a-bfc9-4216-8239-708467b9eb81" />
      <TestMethod codeBase="D:\a\MyModule20220129\MyModule20220129\UnitTests\bin\UnitTests.dll" adapterTypeName="executor://xunit/VsTestRunner2/net" className="UnitTests.EntensionMethodTests" name="IQueryable_GetPage_PagesProperly" />
    </UnitTest>
    <UnitTest name="UnitTests.Data.Repositories.GenericRepositoryTests.GenericRepositoryConstructs" storage="d:\a\mymodule20220129\mymodule20220129\unittests\bin\unittests.dll" id="e4f8faa7-d0ad-86e6-1579-7bd52372b4c3">
      <Execution id="53e2eaa4-e558-4eb6-97e8-c5b4048402e4" />
      <TestMethod codeBase="D:\a\MyModule20220129\MyModule20220129\UnitTests\bin\UnitTests.dll" adapterTypeName="executor://xunit/VsTestRunner2/net" className="UnitTests.Data.Repositories.GenericRepositoryTests" name="GenericRepositoryConstructs" />
    </UnitTest>
    <UnitTest name="UnitTests.Services.ItemServiceTests.UpdateItem_NoName_Throws(name: null)" storage="d:\a\mymodule20220129\mymodule20220129\unittests\bin\unittests.dll" id="b76e01b1-6afe-f33b-c6a9-ea3347176509">
      <Execution id="68530155-6478-4903-bd37-40f484f98878" />
      <TestMethod codeBase="D:\a\MyModule20220129\MyModule20220129\UnitTests\bin\UnitTests.dll" adapterTypeName="executor://xunit/VsTestRunner2/net" className="UnitTests.Services.ItemServiceTests" name="UpdateItem_NoName_Throws" />
    </UnitTest>
    <UnitTest name="UnitTests.Data.Repositories.GenericRepositoryTests.Repository_DeleteMissing_DoesNotThrow" storage="d:\a\mymodule20220129\mymodule20220129\unittests\bin\unittests.dll" id="f754f777-4449-23e8-f4ec-917f49117de2">
      <Execution id="d16c75d1-7ef1-4b44-803c-9a78e4bce73e" />
      <TestMethod codeBase="D:\a\MyModule20220129\MyModule20220129\UnitTests\bin\UnitTests.dll" adapterTypeName="executor://xunit/VsTestRunner2/net" className="UnitTests.Data.Repositories.GenericRepositoryTests" name="Repository_DeleteMissing_DoesNotThrow" />
    </UnitTest>
    <UnitTest name="UnitTests.EntensionMethodTests.IQueryable_IsOrdered_Works(ordered: True, descending: False, lastOrder: True)" storage="d:\a\mymodule20220129\mymodule20220129\unittests\bin\unittests.dll" id="3140ebc5-2430-06b3-4257-a6794b9b09ac">
      <Execution id="4f8ed847-c3e6-44ff-b656-d447d68d4568" />
      <TestMethod codeBase="D:\a\MyModule20220129\MyModule20220129\UnitTests\bin\UnitTests.dll" adapterTypeName="executor://xunit/VsTestRunner2/net" className="UnitTests.EntensionMethodTests" name="IQueryable_IsOrdered_Works" />
    </UnitTest>
    <UnitTest name="UnitTests.Services.ItemServiceTests.CreateItem_NoNameThrows" storage="d:\a\mymodule20220129\mymodule20220129\unittests\bin\unittests.dll" id="19b6234c-c2df-2304-54f9-54b0da4cd6ba">
      <Execution id="7f41d600-7ce8-44a7-a749-f363e29769da" />
      <TestMethod codeBase="D:\a\MyModule20220129\MyModule20220129\UnitTests\bin\UnitTests.dll" adapterTypeName="executor://xunit/VsTestRunner2/net" className="UnitTests.Services.ItemServiceTests" name="CreateItem_NoNameThrows" />
    </UnitTest>
    <UnitTest name="UnitTests.Services.ItemServiceTests.DeleteItem_Deletes" storage="d:\a\mymodule20220129\mymodule20220129\unittests\bin\unittests.dll" id="e6610648-e456-1c64-d2b1-7e1242b871a8">
      <Execution id="45b90872-7d5b-410b-87f9-cccd7214b720" />
      <TestMethod codeBase="D:\a\MyModule20220129\MyModule20220129\UnitTests\bin\UnitTests.dll" adapterTypeName="executor://xunit/VsTestRunner2/net" className="UnitTests.Services.ItemServiceTests" name="DeleteItem_Deletes" />
    </UnitTest>
    <UnitTest name="UnitTests.Data.Entities.ItemTests.ItemConstructsProperly" storage="d:\a\mymodule20220129\mymodule20220129\unittests\bin\unittests.dll" id="572fc310-4b67-9555-f147-153d39f2eb82">
      <Execution id="3d2210c6-2fd2-4e21-bff6-f397ab837351" />
      <TestMethod codeBase="D:\a\MyModule20220129\MyModule20220129\UnitTests\bin\UnitTests.dll" adapterTypeName="executor://xunit/VsTestRunner2/net" className="UnitTests.Data.Entities.ItemTests" name="ItemConstructsProperly" />
    </UnitTest>
    <UnitTest name="UnitTests.EntensionMethodTests.IQueryable_IsOrdered_Works(ordered: True, descending: True, lastOrder: True)" storage="d:\a\mymodule20220129\mymodule20220129\unittests\bin\unittests.dll" id="f46af852-6230-3d31-e31c-2959bffd491f">
      <Execution id="4c12ac71-39f4-401c-ab62-de2e722058ac" />
      <TestMethod codeBase="D:\a\MyModule20220129\MyModule20220129\UnitTests\bin\UnitTests.dll" adapterTypeName="executor://xunit/VsTestRunner2/net" className="UnitTests.EntensionMethodTests" name="IQueryable_IsOrdered_Works" />
    </UnitTest>
    <UnitTest name="UnitTests.Services.ItemServiceTests.GetItemsPage_GetsPages(page: 1, pageSize: 10, descending: False, expectedPages: 3, returnedPage: 1)" storage="d:\a\mymodule20220129\mymodule20220129\unittests\bin\unittests.dll" id="19223079-ea41-5691-855c-970af1a1e611">
      <Execution id="6e5119c2-21ef-4b43-8101-8f2ae9b684d4" />
      <TestMethod codeBase="D:\a\MyModule20220129\MyModule20220129\UnitTests\bin\UnitTests.dll" adapterTypeName="executor://xunit/VsTestRunner2/net" className="UnitTests.Services.ItemServiceTests" name="GetItemsPage_GetsPages" />
    </UnitTest>
    <UnitTest name="UnitTests.Services.LoggingServiceTests.LogginService_TestableConstructorLogsErrorWithException" storage="d:\a\mymodule20220129\mymodule20220129\unittests\bin\unittests.dll" id="9168bdef-a759-f4d6-b890-b643e17324cf">
      <Execution id="be11c831-d3e5-4a69-8bc4-20d34d7df1bb" />
      <TestMethod codeBase="D:\a\MyModule20220129\MyModule20220129\UnitTests\bin\UnitTests.dll" adapterTypeName="executor://xunit/VsTestRunner2/net" className="UnitTests.Services.LoggingServiceTests" name="LogginService_TestableConstructorLogsErrorWithException" />
    </UnitTest>
    <UnitTest name="UnitTests.Services.ItemServiceTests.UpdateItem_NoName_Throws(name: &quot;&quot;)" storage="d:\a\mymodule20220129\mymodule20220129\unittests\bin\unittests.dll" id="3cbfa5d3-e0f6-eff8-ed5c-556fa1f3e131">
      <Execution id="becb3b59-467a-458c-93f2-3e6b30d4ac17" />
      <TestMethod codeBase="D:\a\MyModule20220129\MyModule20220129\UnitTests\bin\UnitTests.dll" adapterTypeName="executor://xunit/VsTestRunner2/net" className="UnitTests.Services.ItemServiceTests" name="UpdateItem_NoName_Throws" />
    </UnitTest>
    <UnitTest name="UnitTests.EntensionMethodTests.IQueryable_GetPage_PagesProperly(count: 20, page: 2, pageSize: 10, expedtedPages: 2, expectedItems: 10, firstId: 11, descending: False)" storage="d:\a\mymodule20220129\mymodule20220129\unittests\bin\unittests.dll" id="2695f427-ed7b-9f97-5696-f97a7702128c">
      <Execution id="0922701a-d960-4fe6-89f7-f82887ded5ad" />
      <TestMethod codeBase="D:\a\MyModule20220129\MyModule20220129\UnitTests\bin\UnitTests.dll" adapterTypeName="executor://xunit/VsTestRunner2/net" className="UnitTests.EntensionMethodTests" name="IQueryable_GetPage_PagesProperly" />
    </UnitTest>
    <UnitTest name="UnitTests.EntensionMethodTests.IQueryable_IsOrdered_Works(ordered: False, descending: True, lastOrder: True)" storage="d:\a\mymodule20220129\mymodule20220129\unittests\bin\unittests.dll" id="d5b75914-a4f0-1327-0212-c8781f6dfe81">
      <Execution id="713f897f-b5b5-41a1-975d-d150ea43ce92" />
      <TestMethod codeBase="D:\a\MyModule20220129\MyModule20220129\UnitTests\bin\UnitTests.dll" adapterTypeName="executor://xunit/VsTestRunner2/net" className="UnitTests.EntensionMethodTests" name="IQueryable_IsOrdered_Works" />
    </UnitTest>
    <UnitTest name="UnitTests.Controllers.ItemControllerTests.UserCanEdit_ReturnsBool(canEdit: True)" storage="d:\a\mymodule20220129\mymodule20220129\unittests\bin\unittests.dll" id="aec60494-3c2e-8ec9-f948-da5bb2043983">
      <Execution id="e74cb818-08b2-4f60-a612-97ce91d1c708" />
      <TestMethod codeBase="D:\a\MyModule20220129\MyModule20220129\UnitTests\bin\UnitTests.dll" adapterTypeName="executor://xunit/VsTestRunner2/net" className="UnitTests.Controllers.ItemControllerTests" name="UserCanEdit_ReturnsBool" />
    </UnitTest>
    <UnitTest name="UnitTests.Services.ItemServiceTests.GetItemsPage_GetsPages(page: 0, pageSize: 0, descending: True, expectedPages: 30, returnedPage: 1)" storage="d:\a\mymodule20220129\mymodule20220129\unittests\bin\unittests.dll" id="0864c31d-6119-84d6-7f52-9d349dabbe84">
      <Execution id="50ea9cd9-17af-41b9-aae8-9ca6b9d9ff40" />
      <TestMethod codeBase="D:\a\MyModule20220129\MyModule20220129\UnitTests\bin\UnitTests.dll" adapterTypeName="executor://xunit/VsTestRunner2/net" className="UnitTests.Services.ItemServiceTests" name="GetItemsPage_GetsPages" />
    </UnitTest>
    <UnitTest name="UnitTests.EntensionMethodTests.IQueryable_GetPage_EmptyDoesNotThrow" storage="d:\a\mymodule20220129\mymodule20220129\unittests\bin\unittests.dll" id="2d3a68b5-bf4c-0513-b733-5ed612794244">
      <Execution id="50ff849e-a95e-4582-b382-c8526fe79ee8" />
      <TestMethod codeBase="D:\a\MyModule20220129\MyModule20220129\UnitTests\bin\UnitTests.dll" adapterTypeName="executor://xunit/VsTestRunner2/net" className="UnitTests.EntensionMethodTests" name="IQueryable_GetPage_EmptyDoesNotThrow" />
    </UnitTest>
    <UnitTest name="UnitTests.Controllers.ModuleApiControllerTests.HasUserInfo" storage="d:\a\mymodule20220129\mymodule20220129\unittests\bin\unittests.dll" id="bae3532a-4a9e-c4ab-fc66-4dfa22d16170">
      <Execution id="dd052fda-0726-415f-a2b2-8e2550f4f1f0" />
      <TestMethod codeBase="D:\a\MyModule20220129\MyModule20220129\UnitTests\bin\UnitTests.dll" adapterTypeName="executor://xunit/VsTestRunner2/net" className="UnitTests.Controllers.ModuleApiControllerTests" name="HasUserInfo" />
    </UnitTest>
    <UnitTest name="UnitTests.Services.ItemServiceTests.UpdateItem_NoName_Throws(name: &quot;  &quot;)" storage="d:\a\mymodule20220129\mymodule20220129\unittests\bin\unittests.dll" id="92b7b9f6-1294-7ea1-ffa3-91fba85074d4">
      <Execution id="3f46abf4-0442-4e17-96dd-e502f06d1412" />
      <TestMethod codeBase="D:\a\MyModule20220129\MyModule20220129\UnitTests\bin\UnitTests.dll" adapterTypeName="executor://xunit/VsTestRunner2/net" className="UnitTests.Services.ItemServiceTests" name="UpdateItem_NoName_Throws" />
    </UnitTest>
    <UnitTest name="UnitTests.Data.Repositories.GenericRepositoryTests.Repository_Create_DefaultAudit" storage="d:\a\mymodule20220129\mymodule20220129\unittests\bin\unittests.dll" id="ae39aa62-5ff2-56e7-d00e-ef116d711d51">
      <Execution id="56ffaabe-a466-4e92-9a0f-1d8ba1c63caf" />
      <TestMethod codeBase="D:\a\MyModule20220129\MyModule20220129\UnitTests\bin\UnitTests.dll" adapterTypeName="executor://xunit/VsTestRunner2/net" className="UnitTests.Data.Repositories.GenericRepositoryTests" name="Repository_Create_DefaultAudit" />
    </UnitTest>
    <UnitTest name="UnitTests.Controllers.ValidateModelAttributeTests.OnActionExecuting_Valid_Works" storage="d:\a\mymodule20220129\mymodule20220129\unittests\bin\unittests.dll" id="e55f1742-c16d-5086-2251-ad3372dd48f5">
      <Execution id="b5876ddd-23a2-47ca-82e6-6323dca0418a" />
      <TestMethod codeBase="D:\a\MyModule20220129\MyModule20220129\UnitTests\bin\UnitTests.dll" adapterTypeName="executor://xunit/VsTestRunner2/net" className="UnitTests.Controllers.ValidateModelAttributeTests" name="OnActionExecuting_Valid_Works" />
    </UnitTest>
    <UnitTest name="UnitTests.Services.LoggingServiceTests.LoggingService_DefaultConstructorExists" storage="d:\a\mymodule20220129\mymodule20220129\unittests\bin\unittests.dll" id="8ba31d1b-48e3-e04e-cff0-b927c63b4a19">
      <Execution id="32f14924-c725-47ff-a928-2f9ba07b4fe7" />
      <TestMethod codeBase="D:\a\MyModule20220129\MyModule20220129\UnitTests\bin\UnitTests.dll" adapterTypeName="executor://xunit/VsTestRunner2/net" className="UnitTests.Services.LoggingServiceTests" name="LoggingService_DefaultConstructorExists" />
    </UnitTest>
    <UnitTest name="UnitTests.Services.ItemServiceTests.UpdateItem_NullDto_Throws" storage="d:\a\mymodule20220129\mymodule20220129\unittests\bin\unittests.dll" id="263c08b1-704a-f3c2-309e-6dee831dbdc9">
      <Execution id="dfa8938b-7ed7-4086-8faa-a292fef2a24c" />
      <TestMethod codeBase="D:\a\MyModule20220129\MyModule20220129\UnitTests\bin\UnitTests.dll" adapterTypeName="executor://xunit/VsTestRunner2/net" className="UnitTests.Services.ItemServiceTests" name="UpdateItem_NullDto_Throws" />
    </UnitTest>
    <UnitTest name="UnitTests.Data.Repositories.GenericRepositoryTests.GenericRepositoryGetsAll(iterations: 1)" storage="d:\a\mymodule20220129\mymodule20220129\unittests\bin\unittests.dll" id="d16880d7-fb44-f209-43d9-ba2e0e1875de">
      <Execution id="225c51b0-4ceb-447d-b072-c82dea7041a4" />
      <TestMethod codeBase="D:\a\MyModule20220129\MyModule20220129\UnitTests\bin\UnitTests.dll" adapterTypeName="executor://xunit/VsTestRunner2/net" className="UnitTests.Data.Repositories.GenericRepositoryTests" name="GenericRepositoryGetsAll" />
    </UnitTest>
    <UnitTest name="UnitTests.EntensionMethodTests.IQueryable_IsOrdered_ThrowsWithNull" storage="d:\a\mymodule20220129\mymodule20220129\unittests\bin\unittests.dll" id="73fc5149-51d6-8241-9c9f-f48c28e448e3">
      <Execution id="20dc364d-adc3-409e-b55e-379dc321cf9e" />
      <TestMethod codeBase="D:\a\MyModule20220129\MyModule20220129\UnitTests\bin\UnitTests.dll" adapterTypeName="executor://xunit/VsTestRunner2/net" className="UnitTests.EntensionMethodTests" name="IQueryable_IsOrdered_ThrowsWithNull" />
    </UnitTest>
    <UnitTest name="UnitTests.Data.Repositories.GenericRepositoryTests.GenericRepositoryCreate_ThrowsWithNullEntity" storage="d:\a\mymodule20220129\mymodule20220129\unittests\bin\unittests.dll" id="36689490-09d4-917f-648a-70dcfcfede10">
      <Execution id="60114735-4b65-445b-8ab5-c3f800cdcff8" />
      <TestMethod codeBase="D:\a\MyModule20220129\MyModule20220129\UnitTests\bin\UnitTests.dll" adapterTypeName="executor://xunit/VsTestRunner2/net" className="UnitTests.Data.Repositories.GenericRepositoryTests" name="GenericRepositoryCreate_ThrowsWithNullEntity" />
    </UnitTest>
    <UnitTest name="UnitTests.Controllers.ItemControllerTests.CreateItem_Creates" storage="d:\a\mymodule20220129\mymodule20220129\unittests\bin\unittests.dll" id="588a2c1b-7788-beb2-ade0-06788d455d25">
      <Execution id="fbf082fc-a82d-4855-ac2a-393de0167fc1" />
      <TestMethod codeBase="D:\a\MyModule20220129\MyModule20220129\UnitTests\bin\UnitTests.dll" adapterTypeName="executor://xunit/VsTestRunner2/net" className="UnitTests.Controllers.ItemControllerTests" name="CreateItem_Creates" />
    </UnitTest>
    <UnitTest name="UnitTests.Controllers.ModuleApiControllerTests.CanEdit_Set_Throws" storage="d:\a\mymodule20220129\mymodule20220129\unittests\bin\unittests.dll" id="5f92ec4d-d570-0452-b891-d4cee75db9dd">
      <Execution id="378f88df-310f-4103-b70e-4a6928513eb2" />
      <TestMethod codeBase="D:\a\MyModule20220129\MyModule20220129\UnitTests\bin\UnitTests.dll" adapterTypeName="executor://xunit/VsTestRunner2/net" className="UnitTests.Controllers.ModuleApiControllerTests" name="CanEdit_Set_Throws" />
    </UnitTest>
    <UnitTest name="UnitTests.Data.Repositories.GenericRepositoryTests.Repository_Create_UsesUserId" storage="d:\a\mymodule20220129\mymodule20220129\unittests\bin\unittests.dll" id="e1c7f76f-6195-c844-23c0-304b47fbae66">
      <Execution id="33dee0ff-9d73-4b1e-ac07-8242abd40db4" />
      <TestMethod codeBase="D:\a\MyModule20220129\MyModule20220129\UnitTests\bin\UnitTests.dll" adapterTypeName="executor://xunit/VsTestRunner2/net" className="UnitTests.Data.Repositories.GenericRepositoryTests" name="Repository_Create_UsesUserId" />
    </UnitTest>
    <UnitTest name="UnitTests.Controllers.ModuleExceptionFilterAttributeTests.ArgumentException_BadRequest" storage="d:\a\mymodule20220129\mymodule20220129\unittests\bin\unittests.dll" id="a21637b0-54f8-4fa0-bc3b-95481a9fd90b">
      <Execution id="2455f2f7-ad6a-44f5-9196-fa620a29648f" />
      <TestMethod codeBase="D:\a\MyModule20220129\MyModule20220129\UnitTests\bin\UnitTests.dll" adapterTypeName="executor://xunit/VsTestRunner2/net" className="UnitTests.Controllers.ModuleExceptionFilterAttributeTests" name="ArgumentException_BadRequest" />
    </UnitTest>
    <UnitTest name="UnitTests.Controllers.ItemControllerTests.UpdateItem_Updates" storage="d:\a\mymodule20220129\mymodule20220129\unittests\bin\unittests.dll" id="315adde5-f36d-a74f-aa46-fb22a0f78cd9">
      <Execution id="27ba9bc0-ff0e-4efd-9680-895064181360" />
      <TestMethod codeBase="D:\a\MyModule20220129\MyModule20220129\UnitTests\bin\UnitTests.dll" adapterTypeName="executor://xunit/VsTestRunner2/net" className="UnitTests.Controllers.ItemControllerTests" name="UpdateItem_Updates" />
    </UnitTest>
    <UnitTest name="UnitTests.Controllers.ModuleExceptionFilterAttributeTests.NoException_DoesNothing" storage="d:\a\mymodule20220129\mymodule20220129\unittests\bin\unittests.dll" id="113f48ce-a6a3-c5df-7589-ba5a5fcb9c59">
      <Execution id="f6145cef-30f5-433d-a4be-78161fd6ca77" />
      <TestMethod codeBase="D:\a\MyModule20220129\MyModule20220129\UnitTests\bin\UnitTests.dll" adapterTypeName="executor://xunit/VsTestRunner2/net" className="UnitTests.Controllers.ModuleExceptionFilterAttributeTests" name="NoException_DoesNothing" />
    </UnitTest>
    <UnitTest name="UnitTests.Controllers.ItemControllerTests.GetItemsPage_GetsProperPages" storage="d:\a\mymodule20220129\mymodule20220129\unittests\bin\unittests.dll" id="1017c6c1-9dd0-57dc-36e7-bb573d02562e">
      <Execution id="65ed3995-9358-4803-aee2-ed4886bbc3f1" />
      <TestMethod codeBase="D:\a\MyModule20220129\MyModule20220129\UnitTests\bin\UnitTests.dll" adapterTypeName="executor://xunit/VsTestRunner2/net" className="UnitTests.Controllers.ItemControllerTests" name="GetItemsPage_GetsProperPages" />
    </UnitTest>
    <UnitTest name="UnitTests.Data.Repositories.GenericRepositoryTests.GenericRepositoryDeletes" storage="d:\a\mymodule20220129\mymodule20220129\unittests\bin\unittests.dll" id="0bc54975-0bff-692e-a9b3-fc69f2c95a39">
      <Execution id="efbd426d-ef5d-4467-bbc5-384916ae3b87" />
      <TestMethod codeBase="D:\a\MyModule20220129\MyModule20220129\UnitTests\bin\UnitTests.dll" adapterTypeName="executor://xunit/VsTestRunner2/net" className="UnitTests.Data.Repositories.GenericRepositoryTests" name="GenericRepositoryDeletes" />
    </UnitTest>
    <UnitTest name="UnitTests.Controllers.ItemControllerTests.DeleteItem_Deletes(itemId: 10)" storage="d:\a\mymodule20220129\mymodule20220129\unittests\bin\unittests.dll" id="d6094ca1-b65b-5133-f464-9f7d01f0d023">
      <Execution id="aefe998a-5ef5-4d46-b454-d5bdb55c8387" />
      <TestMethod codeBase="D:\a\MyModule20220129\MyModule20220129\UnitTests\bin\UnitTests.dll" adapterTypeName="executor://xunit/VsTestRunner2/net" className="UnitTests.Controllers.ItemControllerTests" name="DeleteItem_Deletes" />
    </UnitTest>
    <UnitTest name="UnitTests.Data.Repositories.GenericRepositoryTests.GenericRepositoryUpdates" storage="d:\a\mymodule20220129\mymodule20220129\unittests\bin\unittests.dll" id="70ede014-c412-e387-bb98-e95b3b42090d">
      <Execution id="20bb4835-8f4a-45f5-8dc7-f2b706e3dc30" />
      <TestMethod codeBase="D:\a\MyModule20220129\MyModule20220129\UnitTests\bin\UnitTests.dll" adapterTypeName="executor://xunit/VsTestRunner2/net" className="UnitTests.Data.Repositories.GenericRepositoryTests" name="GenericRepositoryUpdates" />
    </UnitTest>
    <UnitTest name="UnitTests.Services.ItemServiceTests.UpdateItem_Updates" storage="d:\a\mymodule20220129\mymodule20220129\unittests\bin\unittests.dll" id="130d9133-361f-a0da-f15e-423eb98947ac">
      <Execution id="2f377874-5bfd-4e13-bde1-5a95c2c31035" />
      <TestMethod codeBase="D:\a\MyModule20220129\MyModule20220129\UnitTests\bin\UnitTests.dll" adapterTypeName="executor://xunit/VsTestRunner2/net" className="UnitTests.Services.ItemServiceTests" name="UpdateItem_Updates" />
    </UnitTest>
    <UnitTest name="UnitTests.Data.Repositories.GenericRepositoryTests.Repository_Update_DefaultAudit" storage="d:\a\mymodule20220129\mymodule20220129\unittests\bin\unittests.dll" id="44b00d3a-bad7-aefd-141c-4a35b11463b2">
      <Execution id="53d923eb-6b00-4013-9ff7-9e2f89ecbb86" />
      <TestMethod codeBase="D:\a\MyModule20220129\MyModule20220129\UnitTests\bin\UnitTests.dll" adapterTypeName="executor://xunit/VsTestRunner2/net" className="UnitTests.Data.Repositories.GenericRepositoryTests" name="Repository_Update_DefaultAudit" />
    </UnitTest>
    <UnitTest name="UnitTests.Data.Repositories.GenericRepositoryTests.GenericRepositoryGetsAll(iterations: 2)" storage="d:\a\mymodule20220129\mymodule20220129\unittests\bin\unittests.dll" id="ffe5c770-9b99-42c0-ce21-7e50cccf4385">
      <Execution id="ab042783-0266-4e3e-96fb-bbecccac8f41" />
      <TestMethod codeBase="D:\a\MyModule20220129\MyModule20220129\UnitTests\bin\UnitTests.dll" adapterTypeName="executor://xunit/VsTestRunner2/net" className="UnitTests.Data.Repositories.GenericRepositoryTests" name="GenericRepositoryGetsAll" />
    </UnitTest>
    <UnitTest name="UnitTests.Data.Repositories.GenericRepositoryTests.GenericRepositoryGetsAll(iterations: 0)" storage="d:\a\mymodule20220129\mymodule20220129\unittests\bin\unittests.dll" id="4fe0dd0f-2fa0-9c42-e816-a6df28150b72">
      <Execution id="0184fb72-5dee-41f5-b595-a12ed8a51427" />
      <TestMethod codeBase="D:\a\MyModule20220129\MyModule20220129\UnitTests\bin\UnitTests.dll" adapterTypeName="executor://xunit/VsTestRunner2/net" className="UnitTests.Data.Repositories.GenericRepositoryTests" name="GenericRepositoryGetsAll" />
    </UnitTest>
    <UnitTest name="UnitTests.EntensionMethodTests.IQueryable_IsOrdered_Works(ordered: False, descending: False, lastOrder: True)" storage="d:\a\mymodule20220129\mymodule20220129\unittests\bin\unittests.dll" id="0dc5a512-bfd0-bc80-f676-16e6d961ec4d">
      <Execution id="18501acf-0c04-441c-a5a3-b602b92ada34" />
      <TestMethod codeBase="D:\a\MyModule20220129\MyModule20220129\UnitTests\bin\UnitTests.dll" adapterTypeName="executor://xunit/VsTestRunner2/net" className="UnitTests.EntensionMethodTests" name="IQueryable_IsOrdered_Works" />
    </UnitTest>
    <UnitTest name="UnitTests.EntensionMethodTests.IQueryable_GetPage_PagesProperly(count: 0, page: 0, pageSize: 0, expedtedPages: 0, expectedItems: 0, firstId: null, descending: False)" storage="d:\a\mymodule20220129\mymodule20220129\unittests\bin\unittests.dll" id="8bbc68bc-7714-d990-1480-dfaedaafbd62">
      <Execution id="981e878d-12ac-4719-b3fb-5c3f328043e9" />
      <TestMethod codeBase="D:\a\MyModule20220129\MyModule20220129\UnitTests\bin\UnitTests.dll" adapterTypeName="executor://xunit/VsTestRunner2/net" className="UnitTests.EntensionMethodTests" name="IQueryable_GetPage_PagesProperly" />
    </UnitTest>
    <UnitTest name="UnitTests.Services.ItemServiceTests.CreateItem_NoItemThrows" storage="d:\a\mymodule20220129\mymodule20220129\unittests\bin\unittests.dll" id="f5652070-1b22-f5a7-3f3f-68b37c9184a8">
      <Execution id="c0b37240-fe6b-4908-b79e-c68042e75465" />
      <TestMethod codeBase="D:\a\MyModule20220129\MyModule20220129\UnitTests\bin\UnitTests.dll" adapterTypeName="executor://xunit/VsTestRunner2/net" className="UnitTests.Services.ItemServiceTests" name="CreateItem_NoItemThrows" />
    </UnitTest>
    <UnitTest name="UnitTests.Data.Entities.ItemTests.ItemPropertiesPersist(id: 1, name: &quot;Name1&quot;, description: &quot;Description1&quot;)" storage="d:\a\mymodule20220129\mymodule20220129\unittests\bin\unittests.dll" id="392ed628-2028-c945-b97e-893658a1e82b">
      <Execution id="623727b4-ffe7-47c8-9045-f67a3415d891" />
      <TestMethod codeBase="D:\a\MyModule20220129\MyModule20220129\UnitTests\bin\UnitTests.dll" adapterTypeName="executor://xunit/VsTestRunner2/net" className="UnitTests.Data.Entities.ItemTests" name="ItemPropertiesPersist" />
    </UnitTest>
    <UnitTest name="UnitTests.EntensionMethodTests.IQueryable_IsOrdered_Works(ordered: True, descending: False, lastOrder: False)" storage="d:\a\mymodule20220129\mymodule20220129\unittests\bin\unittests.dll" id="b72028ed-e29e-ac6a-9e2e-bf700facee4e">
      <Execution id="413a2012-75c9-4c3a-b050-796111ed752c" />
      <TestMethod codeBase="D:\a\MyModule20220129\MyModule20220129\UnitTests\bin\UnitTests.dll" adapterTypeName="executor://xunit/VsTestRunner2/net" className="UnitTests.EntensionMethodTests" name="IQueryable_IsOrdered_Works" />
    </UnitTest>
  </TestDefinitions>
  <TestEntries>
    <TestEntry testId="f754f777-4449-23e8-f4ec-917f49117de2" executionId="d16c75d1-7ef1-4b44-803c-9a78e4bce73e" testListId="8c84fa94-04c1-424b-9868-57a2d4851a1d" />
    <TestEntry testId="0dc5a512-bfd0-bc80-f676-16e6d961ec4d" executionId="18501acf-0c04-441c-a5a3-b602b92ada34" testListId="8c84fa94-04c1-424b-9868-57a2d4851a1d" />
    <TestEntry testId="4fe0dd0f-2fa0-9c42-e816-a6df28150b72" executionId="0184fb72-5dee-41f5-b595-a12ed8a51427" testListId="8c84fa94-04c1-424b-9868-57a2d4851a1d" />
    <TestEntry testId="d6094ca1-b65b-5133-f464-9f7d01f0d023" executionId="aefe998a-5ef5-4d46-b454-d5bdb55c8387" testListId="8c84fa94-04c1-424b-9868-57a2d4851a1d" />
    <TestEntry testId="572fc310-4b67-9555-f147-153d39f2eb82" executionId="3d2210c6-2fd2-4e21-bff6-f397ab837351" testListId="8c84fa94-04c1-424b-9868-57a2d4851a1d" />
    <TestEntry testId="8ba31d1b-48e3-e04e-cff0-b927c63b4a19" executionId="32f14924-c725-47ff-a928-2f9ba07b4fe7" testListId="8c84fa94-04c1-424b-9868-57a2d4851a1d" />
    <TestEntry testId="2695f427-ed7b-9f97-5696-f97a7702128c" executionId="0922701a-d960-4fe6-89f7-f82887ded5ad" testListId="8c84fa94-04c1-424b-9868-57a2d4851a1d" />
    <TestEntry testId="478b61ee-7d85-9dbe-985d-08c590f8666a" executionId="18dc036e-29d1-4da4-9057-74725736b83f" testListId="8c84fa94-04c1-424b-9868-57a2d4851a1d" />
    <TestEntry testId="24cfa8b0-48c3-8aab-e4c2-88694c220e2c" executionId="1a4a3512-9a0c-4549-b271-12a21e637d19" testListId="8c84fa94-04c1-424b-9868-57a2d4851a1d" />
    <TestEntry testId="ae39aa62-5ff2-56e7-d00e-ef116d711d51" executionId="56ffaabe-a466-4e92-9a0f-1d8ba1c63caf" testListId="8c84fa94-04c1-424b-9868-57a2d4851a1d" />
    <TestEntry testId="ac1c50bc-98fd-036f-fe0f-d46cb187f90e" executionId="f41aaf5d-e2dc-438a-bb79-a1bd6c7149d6" testListId="8c84fa94-04c1-424b-9868-57a2d4851a1d" />
    <TestEntry testId="588a2c1b-7788-beb2-ade0-06788d455d25" executionId="fbf082fc-a82d-4855-ac2a-393de0167fc1" testListId="8c84fa94-04c1-424b-9868-57a2d4851a1d" />
    <TestEntry testId="e1c7f76f-6195-c844-23c0-304b47fbae66" executionId="33dee0ff-9d73-4b1e-ac07-8242abd40db4" testListId="8c84fa94-04c1-424b-9868-57a2d4851a1d" />
    <TestEntry testId="19223079-ea41-5691-855c-970af1a1e611" executionId="6e5119c2-21ef-4b43-8101-8f2ae9b684d4" testListId="8c84fa94-04c1-424b-9868-57a2d4851a1d" />
    <TestEntry testId="d5b75914-a4f0-1327-0212-c8781f6dfe81" executionId="713f897f-b5b5-41a1-975d-d150ea43ce92" testListId="8c84fa94-04c1-424b-9868-57a2d4851a1d" />
    <TestEntry testId="b80893de-3e2d-6029-ec19-65c03fd119c3" executionId="eaf32667-13fb-46ea-bc65-2add3cfee4de" testListId="8c84fa94-04c1-424b-9868-57a2d4851a1d" />
    <TestEntry testId="2aef35a8-73ad-0c03-c8a4-2b5a1d37af8f" executionId="1fe7a4b7-b814-4a11-ba84-c0081c28efb0" testListId="8c84fa94-04c1-424b-9868-57a2d4851a1d" />
    <TestEntry testId="9207202d-19b8-8eb5-74dc-6aa5d849467c" executionId="0793702a-bfc9-4216-8239-708467b9eb81" testListId="8c84fa94-04c1-424b-9868-57a2d4851a1d" />
    <TestEntry testId="d16880d7-fb44-f209-43d9-ba2e0e1875de" executionId="225c51b0-4ceb-447d-b072-c82dea7041a4" testListId="8c84fa94-04c1-424b-9868-57a2d4851a1d" />
    <TestEntry testId="0864c31d-6119-84d6-7f52-9d349dabbe84" executionId="50ea9cd9-17af-41b9-aae8-9ca6b9d9ff40" testListId="8c84fa94-04c1-424b-9868-57a2d4851a1d" />
    <TestEntry testId="e6e0a140-85e7-6935-6160-ab95ecfd3c8a" executionId="f4f22398-ba23-41a9-b33a-af9b2ba655eb" testListId="8c84fa94-04c1-424b-9868-57a2d4851a1d" />
    <TestEntry testId="96a18501-dea4-70b1-d572-baa1bb120da2" executionId="60c8f726-d5c7-4c0b-a366-3624534c83ad" testListId="8c84fa94-04c1-424b-9868-57a2d4851a1d" />
    <TestEntry testId="f46af852-6230-3d31-e31c-2959bffd491f" executionId="4c12ac71-39f4-401c-ab62-de2e722058ac" testListId="8c84fa94-04c1-424b-9868-57a2d4851a1d" />
    <TestEntry testId="ac2a99ba-3563-74a9-7d4c-8e91a58cd097" executionId="cbe9457d-ecee-4fad-a036-0c01d0ee5fd8" testListId="8c84fa94-04c1-424b-9868-57a2d4851a1d" />
    <TestEntry testId="ad3412e8-5f64-2020-a5b6-bd4cca8c3b7d" executionId="c6257930-83b7-4e99-bb1e-6af710d6ddd9" testListId="8c84fa94-04c1-424b-9868-57a2d4851a1d" />
    <TestEntry testId="19b6234c-c2df-2304-54f9-54b0da4cd6ba" executionId="7f41d600-7ce8-44a7-a749-f363e29769da" testListId="8c84fa94-04c1-424b-9868-57a2d4851a1d" />
    <TestEntry testId="a21637b0-54f8-4fa0-bc3b-95481a9fd90b" executionId="83db8c89-f21e-4a5c-ac5b-9c2e6c244c77" testListId="8c84fa94-04c1-424b-9868-57a2d4851a1d" />
    <TestEntry testId="44b00d3a-bad7-aefd-141c-4a35b11463b2" executionId="53d923eb-6b00-4013-9ff7-9e2f89ecbb86" testListId="8c84fa94-04c1-424b-9868-57a2d4851a1d" />
    <TestEntry testId="a21637b0-54f8-4fa0-bc3b-95481a9fd90b" executionId="aa5d70df-ec9a-4d06-823b-acb1a626494c" testListId="8c84fa94-04c1-424b-9868-57a2d4851a1d" />
    <TestEntry testId="315adde5-f36d-a74f-aa46-fb22a0f78cd9" executionId="27ba9bc0-ff0e-4efd-9680-895064181360" testListId="8c84fa94-04c1-424b-9868-57a2d4851a1d" />
    <TestEntry testId="70ede014-c412-e387-bb98-e95b3b42090d" executionId="20bb4835-8f4a-45f5-8dc7-f2b706e3dc30" testListId="8c84fa94-04c1-424b-9868-57a2d4851a1d" />
    <TestEntry testId="263c08b1-704a-f3c2-309e-6dee831dbdc9" executionId="dfa8938b-7ed7-4086-8faa-a292fef2a24c" testListId="8c84fa94-04c1-424b-9868-57a2d4851a1d" />
    <TestEntry testId="e6610648-e456-1c64-d2b1-7e1242b871a8" executionId="45b90872-7d5b-410b-87f9-cccd7214b720" testListId="8c84fa94-04c1-424b-9868-57a2d4851a1d" />
    <TestEntry testId="b72028ed-e29e-ac6a-9e2e-bf700facee4e" executionId="413a2012-75c9-4c3a-b050-796111ed752c" testListId="8c84fa94-04c1-424b-9868-57a2d4851a1d" />
    <TestEntry testId="1b051fa0-d4cc-1b32-80bb-d56b714e3066" executionId="3a0cb781-8036-4331-957c-bfce8ba76c8a" testListId="8c84fa94-04c1-424b-9868-57a2d4851a1d" />
    <TestEntry testId="73fc5149-51d6-8241-9c9f-f48c28e448e3" executionId="20dc364d-adc3-409e-b55e-379dc321cf9e" testListId="8c84fa94-04c1-424b-9868-57a2d4851a1d" />
    <TestEntry testId="5f92ec4d-d570-0452-b891-d4cee75db9dd" executionId="378f88df-310f-4103-b70e-4a6928513eb2" testListId="8c84fa94-04c1-424b-9868-57a2d4851a1d" />
    <TestEntry testId="a21637b0-54f8-4fa0-bc3b-95481a9fd90b" executionId="cf318a15-7654-45b5-b3a5-b581b53ab303" testListId="8c84fa94-04c1-424b-9868-57a2d4851a1d" />
    <TestEntry testId="36689490-09d4-917f-648a-70dcfcfede10" executionId="60114735-4b65-445b-8ab5-c3f800cdcff8" testListId="8c84fa94-04c1-424b-9868-57a2d4851a1d" />
    <TestEntry testId="3140ebc5-2430-06b3-4257-a6794b9b09ac" executionId="4f8ed847-c3e6-44ff-b656-d447d68d4568" testListId="8c84fa94-04c1-424b-9868-57a2d4851a1d" />
    <TestEntry testId="a9198ad3-782e-a37c-0b5f-1330f5318f55" executionId="6b978012-dd06-4664-9de9-32b0b2a472a1" testListId="8c84fa94-04c1-424b-9868-57a2d4851a1d" />
    <TestEntry testId="113f48ce-a6a3-c5df-7589-ba5a5fcb9c59" executionId="f6145cef-30f5-433d-a4be-78161fd6ca77" testListId="8c84fa94-04c1-424b-9868-57a2d4851a1d" />
    <TestEntry testId="6f0b47a1-9d18-a5d8-8dd1-c8f266712c15" executionId="9acb8e57-9cba-4eeb-9878-c18991a5dd58" testListId="8c84fa94-04c1-424b-9868-57a2d4851a1d" />
    <TestEntry testId="ffe5c770-9b99-42c0-ce21-7e50cccf4385" executionId="ab042783-0266-4e3e-96fb-bbecccac8f41" testListId="8c84fa94-04c1-424b-9868-57a2d4851a1d" />
    <TestEntry testId="8bbc68bc-7714-d990-1480-dfaedaafbd62" executionId="981e878d-12ac-4719-b3fb-5c3f328043e9" testListId="8c84fa94-04c1-424b-9868-57a2d4851a1d" />
    <TestEntry testId="1017c6c1-9dd0-57dc-36e7-bb573d02562e" executionId="65ed3995-9358-4803-aee2-ed4886bbc3f1" testListId="8c84fa94-04c1-424b-9868-57a2d4851a1d" />
    <TestEntry testId="1c164fbc-1ab1-9884-ccb8-9e84f4c977d0" executionId="446af77a-c5f4-4352-b67d-2fbae2ab6aef" testListId="8c84fa94-04c1-424b-9868-57a2d4851a1d" />
    <TestEntry testId="bae3532a-4a9e-c4ab-fc66-4dfa22d16170" executionId="dd052fda-0726-415f-a2b2-8e2550f4f1f0" testListId="8c84fa94-04c1-424b-9868-57a2d4851a1d" />
    <TestEntry testId="e4f8faa7-d0ad-86e6-1579-7bd52372b4c3" executionId="53e2eaa4-e558-4eb6-97e8-c5b4048402e4" testListId="8c84fa94-04c1-424b-9868-57a2d4851a1d" />
    <TestEntry testId="92b7b9f6-1294-7ea1-ffa3-91fba85074d4" executionId="3f46abf4-0442-4e17-96dd-e502f06d1412" testListId="8c84fa94-04c1-424b-9868-57a2d4851a1d" />
    <TestEntry testId="a21637b0-54f8-4fa0-bc3b-95481a9fd90b" executionId="132c52b5-9afa-4aea-8d0e-e78c4e9754af" testListId="8c84fa94-04c1-424b-9868-57a2d4851a1d" />
    <TestEntry testId="b76e01b1-6afe-f33b-c6a9-ea3347176509" executionId="68530155-6478-4903-bd37-40f484f98878" testListId="8c84fa94-04c1-424b-9868-57a2d4851a1d" />
    <TestEntry testId="61a8ccc9-c5b1-047b-3c97-f777ccc7d30b" executionId="76bc95e5-7922-428a-bda5-3fc72b262f9b" testListId="8c84fa94-04c1-424b-9868-57a2d4851a1d" />
    <TestEntry testId="320e3c11-11d1-b3ef-0d2e-5e474f674ff1" executionId="e5d2999b-9daa-4be3-89bc-ba1f43a260ef" testListId="8c84fa94-04c1-424b-9868-57a2d4851a1d" />
    <TestEntry testId="aec60494-3c2e-8ec9-f948-da5bb2043983" executionId="e74cb818-08b2-4f60-a612-97ce91d1c708" testListId="8c84fa94-04c1-424b-9868-57a2d4851a1d" />
    <TestEntry testId="168fc980-36e3-101b-62b1-f5ab71e9fc0d" executionId="f6c47e1e-7923-48d7-af5d-de82db080ab0" testListId="8c84fa94-04c1-424b-9868-57a2d4851a1d" />
    <TestEntry testId="95a0a379-a9bd-3d99-f720-e626260de7f6" executionId="19777469-e0e8-4ecb-8792-7ef2c1674d85" testListId="8c84fa94-04c1-424b-9868-57a2d4851a1d" />
    <TestEntry testId="d15ea2a7-9f9f-b92b-50fa-470898da705d" executionId="53f09791-59a0-4b44-9441-fc4d909588e7" testListId="8c84fa94-04c1-424b-9868-57a2d4851a1d" />
    <TestEntry testId="9168bdef-a759-f4d6-b890-b643e17324cf" executionId="be11c831-d3e5-4a69-8bc4-20d34d7df1bb" testListId="8c84fa94-04c1-424b-9868-57a2d4851a1d" />
    <TestEntry testId="1a74e347-4470-5271-97ab-1ebaf8693270" executionId="363e7057-bb57-4ce9-a495-af801523ad32" testListId="8c84fa94-04c1-424b-9868-57a2d4851a1d" />
    <TestEntry testId="a21637b0-54f8-4fa0-bc3b-95481a9fd90b" executionId="9958ca4a-bd53-4fba-a292-6004133e5807" testListId="8c84fa94-04c1-424b-9868-57a2d4851a1d" />
    <TestEntry testId="d1c63cb7-1f9a-a8bf-a217-a4cbb4e5f73b" executionId="b258fce4-63d5-4347-806d-f8ac61199100" testListId="8c84fa94-04c1-424b-9868-57a2d4851a1d" />
    <TestEntry testId="7e661283-b2b2-d632-266b-6af1f3374c08" executionId="13626e29-1e3a-4591-96f9-b6860fb1eae6" testListId="8c84fa94-04c1-424b-9868-57a2d4851a1d" />
    <TestEntry testId="2d3a68b5-bf4c-0513-b733-5ed612794244" executionId="50ff849e-a95e-4582-b382-c8526fe79ee8" testListId="8c84fa94-04c1-424b-9868-57a2d4851a1d" />
    <TestEntry testId="4bb697d7-9cb3-28c5-7c49-3e60c8ee823d" executionId="263e29b7-0d69-4362-a588-7b036dae988d" testListId="8c84fa94-04c1-424b-9868-57a2d4851a1d" />
    <TestEntry testId="0bc54975-0bff-692e-a9b3-fc69f2c95a39" executionId="efbd426d-ef5d-4467-bbc5-384916ae3b87" testListId="8c84fa94-04c1-424b-9868-57a2d4851a1d" />
    <TestEntry testId="3cbfa5d3-e0f6-eff8-ed5c-556fa1f3e131" executionId="becb3b59-467a-458c-93f2-3e6b30d4ac17" testListId="8c84fa94-04c1-424b-9868-57a2d4851a1d" />
    <TestEntry testId="986d7e6e-d04d-b204-b01c-fbb8f09c7774" executionId="db472729-84cb-40b3-ba24-425d7ab6d8a0" testListId="8c84fa94-04c1-424b-9868-57a2d4851a1d" />
    <TestEntry testId="e55f1742-c16d-5086-2251-ad3372dd48f5" executionId="b5876ddd-23a2-47ca-82e6-6323dca0418a" testListId="8c84fa94-04c1-424b-9868-57a2d4851a1d" />
    <TestEntry testId="f5652070-1b22-f5a7-3f3f-68b37c9184a8" executionId="c0b37240-fe6b-4908-b79e-c68042e75465" testListId="8c84fa94-04c1-424b-9868-57a2d4851a1d" />
    <TestEntry testId="0f141a30-05bd-f4ed-a627-d40adca6b3ca" executionId="c56b76ec-097b-4a44-ab29-69a67dcb5516" testListId="8c84fa94-04c1-424b-9868-57a2d4851a1d" />
    <TestEntry testId="392ed628-2028-c945-b97e-893658a1e82b" executionId="623727b4-ffe7-47c8-9045-f67a3415d891" testListId="8c84fa94-04c1-424b-9868-57a2d4851a1d" />
    <TestEntry testId="130d9133-361f-a0da-f15e-423eb98947ac" executionId="2f377874-5bfd-4e13-bde1-5a95c2c31035" testListId="8c84fa94-04c1-424b-9868-57a2d4851a1d" />
    <TestEntry testId="0ebf358f-9eac-9438-b418-9c6aa81a6377" executionId="3a64b5aa-6071-4658-b75f-d0486d1a1065" testListId="8c84fa94-04c1-424b-9868-57a2d4851a1d" />
    <TestEntry testId="a21637b0-54f8-4fa0-bc3b-95481a9fd90b" executionId="2455f2f7-ad6a-44f5-9196-fa620a29648f" testListId="8c84fa94-04c1-424b-9868-57a2d4851a1d" />
    <TestEntry testId="0247c7e7-7d1c-099b-2ac8-81a47ff2509a" executionId="02535613-69fa-47c3-8383-4c41f1f3b0ba" testListId="8c84fa94-04c1-424b-9868-57a2d4851a1d" />
  </TestEntries>
  <TestLists>
    <TestList name="Results Not in a List" id="8c84fa94-04c1-424b-9868-57a2d4851a1d" />
    <TestList name="All Loaded Results" id="19431567-8539-422a-85d7-44ee4e166bda" />
  </TestLists>
  <ResultSummary outcome="Completed">
    <Counters total="76" executed="76" passed="76" failed="0" error="0" timeout="0" aborted="0" inconclusive="0" passedButRunAborted="0" notRunnable="0" notExecuted="0" disconnected="0" warning="0" completed="0" inProgress="0" pending="0" />
    <Output>
      <StdOut>[xUnit.net 00:00:00.00] xUnit.net VSTest Adapter v2.4.3+1b45f5407b (32-bit Desktop .NET 4.0.30319.42000)&#xD;
[xUnit.net 00:00:02.24]   Discovering: UnitTests&#xD;
[xUnit.net 00:00:02.57]   Discovered:  UnitTests&#xD;
[xUnit.net 00:00:02.57]   Starting:    UnitTests&#xD;
[xUnit.net 00:00:10.82]   Finished:    UnitTests&#xD;
</StdOut>
    </Output>
  </ResultSummary>
</TestRun>