<?xml version="1.0" encoding="utf-8"?>
<TestRun id="e28fe60f-dc25-4ab2-98e5-5c02a8419d1d" name="runneradmin@fv-az177-278 2022-02-01 01:27:36" runUser="fv-az177-278\runneradmin" xmlns="http://microsoft.com/schemas/VisualStudio/TeamTest/2010">
  <Times creation="2022-02-01T01:27:36.7560623+00:00" queuing="2022-02-01T01:27:36.7560625+00:00" start="2022-02-01T01:27:32.7756800+00:00" finish="2022-02-01T01:27:42.7851927+00:00" />
  <TestSettings name="default" id="96a7b8f4-cb0f-4ed1-893a-0d86ba0f9284">
    <Deployment runDeploymentRoot="runneradmin_fv-az177-278_2022-02-01_01_27_36" />
  </TestSettings>
  <Results>
    <UnitTestResult executionId="cec0f0b2-d739-49f0-b6ed-d859c760926e" testId="c5867bfe-f023-3ae4-485c-eae070f2ace9" testName="UnitTests.Data.Repositories.GenericRepositoryTests.GetPage_Pages(page: 1, pageSize: 10, expectedItems: 10, expectedPages: 5)" computerName="fv-az177-278" duration="00:00:00.0350000" startTime="2022-02-01T01:27:40.3063875+00:00" endTime="2022-02-01T01:27:40.3063875+00:00" testType="13cdc9d9-ddb5-4fa4-a97d-d965ccfc6d4b" outcome="Passed" testListId="8c84fa94-04c1-424b-9868-57a2d4851a1d" relativeResultsDirectory="cec0f0b2-d739-49f0-b6ed-d859c760926e" />
    <UnitTestResult executionId="8beb6589-ccc6-4d3e-b4d6-724b87e471bb" testId="36689490-09d4-917f-648a-70dcfcfede10" testName="UnitTests.Data.Repositories.GenericRepositoryTests.GenericRepositoryCreate_ThrowsWithNullEntity" computerName="fv-az177-278" duration="00:00:00.0010000" startTime="2022-02-01T01:27:40.0075661+00:00" endTime="2022-02-01T01:27:40.0075661+00:00" testType="13cdc9d9-ddb5-4fa4-a97d-d965ccfc6d4b" outcome="Passed" testListId="8c84fa94-04c1-424b-9868-57a2d4851a1d" relativeResultsDirectory="8beb6589-ccc6-4d3e-b4d6-724b87e471bb" />
    <UnitTestResult executionId="c8a3a519-cc98-4e00-8096-8de8a6daf960" testId="ae39aa62-5ff2-56e7-d00e-ef116d711d51" testName="UnitTests.Data.Repositories.GenericRepositoryTests.Repository_Create_DefaultAudit" computerName="fv-az177-278" duration="00:00:00.0080000" startTime="2022-02-01T01:27:42.4424799+00:00" endTime="2022-02-01T01:27:42.4424799+00:00" testType="13cdc9d9-ddb5-4fa4-a97d-d965ccfc6d4b" outcome="Passed" testListId="8c84fa94-04c1-424b-9868-57a2d4851a1d" relativeResultsDirectory="c8a3a519-cc98-4e00-8096-8de8a6daf960" />
    <UnitTestResult executionId="c7f3bbe5-fd10-431a-9db7-47310b19f927" testId="92b7b9f6-1294-7ea1-ffa3-91fba85074d4" testName="UnitTests.Services.ItemServiceTests.UpdateItem_NoName_Throws(name: &quot;  &quot;)" computerName="fv-az177-278" duration="00:00:00.0010000" startTime="2022-02-01T01:27:36.7981791+00:00" endTime="2022-02-01T01:27:36.7981791+00:00" testType="13cdc9d9-ddb5-4fa4-a97d-d965ccfc6d4b" outcome="Passed" testListId="8c84fa94-04c1-424b-9868-57a2d4851a1d" relativeResultsDirectory="c7f3bbe5-fd10-431a-9db7-47310b19f927" />
    <UnitTestResult executionId="49bcb2fc-056f-4013-98d4-bac8e9264b24" testId="ac1c50bc-98fd-036f-fe0f-d46cb187f90e" testName="UnitTests.Services.LoggingServiceTests.LogginService_TestableConstructorLogsError" computerName="fv-az177-278" duration="00:00:00.0270000" startTime="2022-02-01T01:27:38.5592948+00:00" endTime="2022-02-01T01:27:38.5592948+00:00" testType="13cdc9d9-ddb5-4fa4-a97d-d965ccfc6d4b" outcome="Passed" testListId="8c84fa94-04c1-424b-9868-57a2d4851a1d" relativeResultsDirectory="49bcb2fc-056f-4013-98d4-bac8e9264b24" />
    <UnitTestResult executionId="5ba9b2e4-fc83-4a8d-8cde-3896a2e96489" testId="3cbfa5d3-e0f6-eff8-ed5c-556fa1f3e131" testName="UnitTests.Services.ItemServiceTests.UpdateItem_NoName_Throws(name: &quot;&quot;)" computerName="fv-az177-278" duration="00:00:00.0010000" startTime="2022-02-01T01:27:36.7991784+00:00" endTime="2022-02-01T01:27:36.7991784+00:00" testType="13cdc9d9-ddb5-4fa4-a97d-d965ccfc6d4b" outcome="Passed" testListId="8c84fa94-04c1-424b-9868-57a2d4851a1d" relativeResultsDirectory="5ba9b2e4-fc83-4a8d-8cde-3896a2e96489" />
    <UnitTestResult executionId="cf902679-4f1e-4d0d-bac5-81a683232068" testId="f5652070-1b22-f5a7-3f3f-68b37c9184a8" testName="UnitTests.Services.ItemServiceTests.CreateItem_NoItemThrows" computerName="fv-az177-278" duration="00:00:00.0010000" startTime="2022-02-01T01:27:36.8311816+00:00" endTime="2022-02-01T01:27:36.8311816+00:00" testType="13cdc9d9-ddb5-4fa4-a97d-d965ccfc6d4b" outcome="Passed" testListId="8c84fa94-04c1-424b-9868-57a2d4851a1d" relativeResultsDirectory="cf902679-4f1e-4d0d-bac5-81a683232068" />
    <UnitTestResult executionId="44f575c0-5f74-47d7-aa36-ae8006901a7f" testId="24cfa8b0-48c3-8aab-e4c2-88694c220e2c" testName="UnitTests.Data.Repositories.GenericRepositoryTests.GenericRepositoryUpdate_ThrowsWithNullEntity" computerName="fv-az177-278" duration="00:00:00.0010000" startTime="2022-02-01T01:27:42.4354770+00:00" endTime="2022-02-01T01:27:42.4354770+00:00" testType="13cdc9d9-ddb5-4fa4-a97d-d965ccfc6d4b" outcome="Passed" testListId="8c84fa94-04c1-424b-9868-57a2d4851a1d" relativeResultsDirectory="44f575c0-5f74-47d7-aa36-ae8006901a7f" />
    <UnitTestResult executionId="67b21d46-85fa-4f7a-b27b-bcffff9f26de" testId="44b00d3a-bad7-aefd-141c-4a35b11463b2" testName="UnitTests.Data.Repositories.GenericRepositoryTests.Repository_Update_DefaultAudit" computerName="fv-az177-278" duration="00:00:00.0110000" startTime="2022-02-01T01:27:42.4334791+00:00" endTime="2022-02-01T01:27:42.4334791+00:00" testType="13cdc9d9-ddb5-4fa4-a97d-d965ccfc6d4b" outcome="Passed" testListId="8c84fa94-04c1-424b-9868-57a2d4851a1d" relativeResultsDirectory="67b21d46-85fa-4f7a-b27b-bcffff9f26de" />
    <UnitTestResult executionId="ef12bffa-e989-49b1-907a-d42f6939e151" testId="d16880d7-fb44-f209-43d9-ba2e0e1875de" testName="UnitTests.Data.Repositories.GenericRepositoryTests.GenericRepositoryGetsAll(iterations: 1)" computerName="fv-az177-278" duration="00:00:00.0090000" startTime="2022-02-01T01:27:40.1276166+00:00" endTime="2022-02-01T01:27:40.1276166+00:00" testType="13cdc9d9-ddb5-4fa4-a97d-d965ccfc6d4b" outcome="Passed" testListId="8c84fa94-04c1-424b-9868-57a2d4851a1d" relativeResultsDirectory="ef12bffa-e989-49b1-907a-d42f6939e151" />
    <UnitTestResult executionId="9ef51427-38f0-4553-97d7-e29a89789bf0" testId="b6579d24-7c4e-c42d-2ead-85e0f30e0a64" testName="UnitTests.Common.Extensions.IQueryableExtensionsTests.Order_OrdersBothWays(descending: True, expected: [3, 2, 1])" computerName="fv-az177-278" duration="00:00:00.0520000" startTime="2022-02-01T01:27:36.7721786+00:00" endTime="2022-02-01T01:27:36.7721786+00:00" testType="13cdc9d9-ddb5-4fa4-a97d-d965ccfc6d4b" outcome="Passed" testListId="8c84fa94-04c1-424b-9868-57a2d4851a1d" relativeResultsDirectory="9ef51427-38f0-4553-97d7-e29a89789bf0" />
    <UnitTestResult executionId="8f4314ef-cebf-404a-b1be-bb9e10b42023" testId="bae3532a-4a9e-c4ab-fc66-4dfa22d16170" testName="UnitTests.Controllers.ModuleApiControllerTests.HasUserInfo" computerName="fv-az177-278" duration="00:00:00.0020000" startTime="2022-02-01T01:27:38.5192783+00:00" endTime="2022-02-01T01:27:38.5192783+00:00" testType="13cdc9d9-ddb5-4fa4-a97d-d965ccfc6d4b" outcome="Passed" testListId="8c84fa94-04c1-424b-9868-57a2d4851a1d" relativeResultsDirectory="8f4314ef-cebf-404a-b1be-bb9e10b42023" />
    <UnitTestResult executionId="b5ed1ff0-4d95-4924-9d81-98327631f81b" testId="ffe5c770-9b99-42c0-ce21-7e50cccf4385" testName="UnitTests.Data.Repositories.GenericRepositoryTests.GenericRepositoryGetsAll(iterations: 2)" computerName="fv-az177-278" duration="00:00:00.0280000" startTime="2022-02-01T01:27:40.1013565+00:00" endTime="2022-02-01T01:27:40.1013565+00:00" testType="13cdc9d9-ddb5-4fa4-a97d-d965ccfc6d4b" outcome="Passed" testListId="8c84fa94-04c1-424b-9868-57a2d4851a1d" relativeResultsDirectory="b5ed1ff0-4d95-4924-9d81-98327631f81b" />
    <UnitTestResult executionId="35f39863-40ee-479c-b07f-764a8ce5102a" testId="986d7e6e-d04d-b204-b01c-fbb8f09c7774" testName="UnitTests.Controllers.ServiceRouteMapperTests.RegisterRoutes_RegistersAtLestOneRoute" computerName="fv-az177-278" duration="00:00:00.0200000" startTime="2022-02-01T01:27:36.8687632+00:00" endTime="2022-02-01T01:27:36.8687632+00:00" testType="13cdc9d9-ddb5-4fa4-a97d-d965ccfc6d4b" outcome="Passed" testListId="8c84fa94-04c1-424b-9868-57a2d4851a1d" relativeResultsDirectory="35f39863-40ee-479c-b07f-764a8ce5102a" />
    <UnitTestResult executionId="10f118bc-ea58-43ef-b146-7aea8177101c" testId="3688eeeb-2a1a-6ffa-a193-543baf24437a" testName="UnitTests.Data.Repositories.GenericRepositoryTests.GetPage_Pages(page: 0, pageSize: 0, expectedItems: 1, expectedPages: 50)" computerName="fv-az177-278" duration="00:00:00.0960000" startTime="2022-02-01T01:27:40.2341295+00:00" endTime="2022-02-01T01:27:40.2341295+00:00" testType="13cdc9d9-ddb5-4fa4-a97d-d965ccfc6d4b" outcome="Passed" testListId="8c84fa94-04c1-424b-9868-57a2d4851a1d" relativeResultsDirectory="10f118bc-ea58-43ef-b146-7aea8177101c" />
    <UnitTestResult executionId="ac0ff15a-3cfd-4188-abf3-a99852c48ce1" testId="ad3412e8-5f64-2020-a5b6-bd4cca8c3b7d" testName="UnitTests.Data.Repositories.GenericRepositoryTests.GenericRepositoryGet" computerName="fv-az177-278" duration="00:00:00.1020000" startTime="2022-02-01T01:27:40.0055631+00:00" endTime="2022-02-01T01:27:40.0055631+00:00" testType="13cdc9d9-ddb5-4fa4-a97d-d965ccfc6d4b" outcome="Passed" testListId="8c84fa94-04c1-424b-9868-57a2d4851a1d" relativeResultsDirectory="ac0ff15a-3cfd-4188-abf3-a99852c48ce1" />
    <UnitTestResult executionId="2f4f3196-c990-415f-aca6-03cfcabb5d37" testId="588a2c1b-7788-beb2-ade0-06788d455d25" testName="UnitTests.Controllers.ItemControllerTests.CreateItem_Creates" computerName="fv-az177-278" duration="00:00:00.0420000" startTime="2022-02-01T01:27:36.4871913+00:00" endTime="2022-02-01T01:27:36.4871913+00:00" testType="13cdc9d9-ddb5-4fa4-a97d-d965ccfc6d4b" outcome="Passed" testListId="8c84fa94-04c1-424b-9868-57a2d4851a1d" relativeResultsDirectory="2f4f3196-c990-415f-aca6-03cfcabb5d37" />
    <UnitTestResult executionId="e595b34d-6961-44fb-8d5c-eaf8c30ce09d" testId="74c28fcf-aa9b-2bab-0ff6-cfa98a0ddf49" testName="UnitTests.Data.Repositories.GenericRepositoryTests.GetPage_Pages(page: 3, pageSize: 20, expectedItems: 10, expectedPages: 3)" computerName="fv-az177-278" duration="00:00:00.0370000" startTime="2022-02-01T01:27:40.2710358+00:00" endTime="2022-02-01T01:27:40.2710358+00:00" testType="13cdc9d9-ddb5-4fa4-a97d-d965ccfc6d4b" outcome="Passed" testListId="8c84fa94-04c1-424b-9868-57a2d4851a1d" relativeResultsDirectory="e595b34d-6961-44fb-8d5c-eaf8c30ce09d" />
    <UnitTestResult executionId="863f64f8-80b2-489e-9fe6-c5a4a7ff7d5d" testId="70ede014-c412-e387-bb98-e95b3b42090d" testName="UnitTests.Data.Repositories.GenericRepositoryTests.GenericRepositoryUpdates" computerName="fv-az177-278" duration="00:00:00.0420000" startTime="2022-02-01T01:27:40.0735789+00:00" endTime="2022-02-01T01:27:40.0735789+00:00" testType="13cdc9d9-ddb5-4fa4-a97d-d965ccfc6d4b" outcome="Passed" testListId="8c84fa94-04c1-424b-9868-57a2d4851a1d" relativeResultsDirectory="863f64f8-80b2-489e-9fe6-c5a4a7ff7d5d" />
    <UnitTestResult executionId="519b7f42-80c5-4d65-85a3-8f293037209a" testId="d1c63cb7-1f9a-a8bf-a217-a4cbb4e5f73b" testName="UnitTests.Common.GlobalsTests.ModulePrefixIsValid" computerName="fv-az177-278" duration="00:00:00.0010000" startTime="2022-02-01T01:27:36.8727636+00:00" endTime="2022-02-01T01:27:36.8727636+00:00" testType="13cdc9d9-ddb5-4fa4-a97d-d965ccfc6d4b" outcome="Passed" testListId="8c84fa94-04c1-424b-9868-57a2d4851a1d" relativeResultsDirectory="519b7f42-80c5-4d65-85a3-8f293037209a" />
    <UnitTestResult executionId="94dd2a8f-78bb-4376-9fb3-ce73149d8719" testId="a9198ad3-782e-a37c-0b5f-1330f5318f55" testName="UnitTests.Services.ItemServiceTests.CreateItem_Creates" computerName="fv-az177-278" duration="00:00:00.0160000" startTime="2022-02-01T01:27:36.8487639+00:00" endTime="2022-02-01T01:27:36.8487639+00:00" testType="13cdc9d9-ddb5-4fa4-a97d-d965ccfc6d4b" outcome="Passed" testListId="8c84fa94-04c1-424b-9868-57a2d4851a1d" relativeResultsDirectory="94dd2a8f-78bb-4376-9fb3-ce73149d8719" />
    <UnitTestResult executionId="b01f05c0-37de-42a6-9e6b-fbd872fc4e47" testId="248341cb-553e-e275-a8eb-499567f40929" testName="UnitTests.Common.Extensions.IQueryableExtensionsTests.Order_OrdersBothWays(descending: False, expected: [1, 2, 3])" computerName="fv-az177-278" duration="00:00:00.0020000" startTime="2022-02-01T01:27:36.7731781+00:00" endTime="2022-02-01T01:27:36.7731781+00:00" testType="13cdc9d9-ddb5-4fa4-a97d-d965ccfc6d4b" outcome="Passed" testListId="8c84fa94-04c1-424b-9868-57a2d4851a1d" relativeResultsDirectory="b01f05c0-37de-42a6-9e6b-fbd872fc4e47" />
    <UnitTestResult executionId="c0cae1cc-8d7f-4fa4-b7b9-b35ed460cfec" testId="5f92ec4d-d570-0452-b891-d4cee75db9dd" testName="UnitTests.Controllers.ModuleApiControllerTests.CanEdit_Set_Throws" computerName="fv-az177-278" duration="00:00:00.0020000" startTime="2022-02-01T01:27:38.5165702+00:00" endTime="2022-02-01T01:27:38.5165702+00:00" testType="13cdc9d9-ddb5-4fa4-a97d-d965ccfc6d4b" outcome="Passed" testListId="8c84fa94-04c1-424b-9868-57a2d4851a1d" relativeResultsDirectory="c0cae1cc-8d7f-4fa4-b7b9-b35ed460cfec" />
    <UnitTestResult executionId="13baf4b8-6538-41c7-893b-bcf82e5d5529" testId="f754f777-4449-23e8-f4ec-917f49117de2" testName="UnitTests.Data.Repositories.GenericRepositoryTests.Repository_DeleteMissing_DoesNotThrow" computerName="fv-az177-278" duration="00:00:00.0100000" startTime="2022-02-01T01:27:40.1366155+00:00" endTime="2022-02-01T01:27:40.1366155+00:00" testType="13cdc9d9-ddb5-4fa4-a97d-d965ccfc6d4b" outcome="Passed" testListId="8c84fa94-04c1-424b-9868-57a2d4851a1d" relativeResultsDirectory="13baf4b8-6538-41c7-893b-bcf82e5d5529" />
    <UnitTestResult executionId="7972682d-dbd6-4d6f-9bda-6f05b3a70b94" testId="392ed628-2028-c945-b97e-893658a1e82b" testName="UnitTests.Data.Entities.ItemTests.ItemPropertiesPersist(id: 1, name: &quot;Name1&quot;, description: &quot;Description1&quot;)" computerName="fv-az177-278" duration="00:00:00.0010000" startTime="2022-02-01T01:27:36.7761773+00:00" endTime="2022-02-01T01:27:36.7761773+00:00" testType="13cdc9d9-ddb5-4fa4-a97d-d965ccfc6d4b" outcome="Passed" testListId="8c84fa94-04c1-424b-9868-57a2d4851a1d" relativeResultsDirectory="7972682d-dbd6-4d6f-9bda-6f05b3a70b94" />
    <UnitTestResult executionId="31cbbc13-c1c1-4196-95b9-97ca29586584" testId="96a18501-dea4-70b1-d572-baa1bb120da2" testName="UnitTests.Data.Entities.ItemTests.ItemPropertiesPersist(id: 2, name: &quot;Name2&quot;, description: &quot;Description2&quot;)" computerName="fv-az177-278" duration="00:00:00.0010000" startTime="2022-02-01T01:27:36.7781774+00:00" endTime="2022-02-01T01:27:36.7781774+00:00" testType="13cdc9d9-ddb5-4fa4-a97d-d965ccfc6d4b" outcome="Passed" testListId="8c84fa94-04c1-424b-9868-57a2d4851a1d" relativeResultsDirectory="31cbbc13-c1c1-4196-95b9-97ca29586584" />
    <UnitTestResult executionId="3e61e824-4ec5-4108-b6bc-7c694ffeab45" testId="a21637b0-54f8-4fa0-bc3b-95481a9fd90b" testName="UnitTests.Controllers.ModuleExceptionFilterAttributeTests.ArgumentException_BadRequest(exception: System.ArgumentOutOfRangeException: Specified argument was out of the range of valid values.&#xD;&#xA;Parameter name: Out of range, expectedStatusCode: BadRequest)" computerName="fv-az177-278" duration="00:00:00.0430000" startTime="2022-02-01T01:27:36.7428119+00:00" endTime="2022-02-01T01:27:36.7428119+00:00" testType="13cdc9d9-ddb5-4fa4-a97d-d965ccfc6d4b" outcome="Passed" testListId="8c84fa94-04c1-424b-9868-57a2d4851a1d" relativeResultsDirectory="3e61e824-4ec5-4108-b6bc-7c694ffeab45" />
    <UnitTestResult executionId="ba0ce087-b71c-43e1-9d3f-b7c009a51c7b" testId="113f48ce-a6a3-c5df-7589-ba5a5fcb9c59" testName="UnitTests.Controllers.ModuleExceptionFilterAttributeTests.NoException_DoesNothing" computerName="fv-az177-278" duration="00:00:00.0010000" startTime="2022-02-01T01:27:36.7468123+00:00" endTime="2022-02-01T01:27:36.7468123+00:00" testType="13cdc9d9-ddb5-4fa4-a97d-d965ccfc6d4b" outcome="Passed" testListId="8c84fa94-04c1-424b-9868-57a2d4851a1d" relativeResultsDirectory="ba0ce087-b71c-43e1-9d3f-b7c009a51c7b" />
    <UnitTestResult executionId="50707c65-6271-4fea-b46c-468998c4f226" testId="aec60494-3c2e-8ec9-f948-da5bb2043983" testName="UnitTests.Controllers.ItemControllerTests.UserCanEdit_ReturnsBool(canEdit: True)" computerName="fv-az177-278" duration="00:00:00.0010000" startTime="2022-02-01T01:27:36.4467307+00:00" endTime="2022-02-01T01:27:36.4467307+00:00" testType="13cdc9d9-ddb5-4fa4-a97d-d965ccfc6d4b" outcome="Passed" testListId="8c84fa94-04c1-424b-9868-57a2d4851a1d" relativeResultsDirectory="50707c65-6271-4fea-b46c-468998c4f226" />
    <UnitTestResult executionId="167a5e86-7013-46cf-95ba-ab243ab2343a" testId="9168bdef-a759-f4d6-b890-b643e17324cf" testName="UnitTests.Services.LoggingServiceTests.LogginService_TestableConstructorLogsErrorWithException" computerName="fv-az177-278" duration="00:00:00.0020000" startTime="2022-02-01T01:27:38.5602973+00:00" endTime="2022-02-01T01:27:38.5602973+00:00" testType="13cdc9d9-ddb5-4fa4-a97d-d965ccfc6d4b" outcome="Passed" testListId="8c84fa94-04c1-424b-9868-57a2d4851a1d" relativeResultsDirectory="167a5e86-7013-46cf-95ba-ab243ab2343a" />
    <UnitTestResult executionId="233fe02e-4dd1-48c3-b871-31643669c7ad" testId="8ba31d1b-48e3-e04e-cff0-b927c63b4a19" testName="UnitTests.Services.LoggingServiceTests.LoggingService_DefaultConstructorExists" computerName="fv-az177-278" duration="00:00:00.0010000" startTime="2022-02-01T01:27:38.5332922+00:00" endTime="2022-02-01T01:27:38.5332922+00:00" testType="13cdc9d9-ddb5-4fa4-a97d-d965ccfc6d4b" outcome="Passed" testListId="8c84fa94-04c1-424b-9868-57a2d4851a1d" relativeResultsDirectory="233fe02e-4dd1-48c3-b871-31643669c7ad" />
    <UnitTestResult executionId="0d9b0392-3fbb-4881-85b3-4b3ace93121d" testId="130d9133-361f-a0da-f15e-423eb98947ac" testName="UnitTests.Services.ItemServiceTests.UpdateItem_Updates" computerName="fv-az177-278" duration="00:00:00.0280000" startTime="2022-02-01T01:27:36.8301813+00:00" endTime="2022-02-01T01:27:36.8301813+00:00" testType="13cdc9d9-ddb5-4fa4-a97d-d965ccfc6d4b" outcome="Passed" testListId="8c84fa94-04c1-424b-9868-57a2d4851a1d" relativeResultsDirectory="0d9b0392-3fbb-4881-85b3-4b3ace93121d" />
    <UnitTestResult executionId="4bfbbb03-69da-410f-ae85-e3227894b1cf" testId="b76e01b1-6afe-f33b-c6a9-ea3347176509" testName="UnitTests.Services.ItemServiceTests.UpdateItem_NoName_Throws(name: null)" computerName="fv-az177-278" duration="00:00:00.0010000" startTime="2022-02-01T01:27:36.7931796+00:00" endTime="2022-02-01T01:27:36.7931796+00:00" testType="13cdc9d9-ddb5-4fa4-a97d-d965ccfc6d4b" outcome="Passed" testListId="8c84fa94-04c1-424b-9868-57a2d4851a1d" relativeResultsDirectory="4bfbbb03-69da-410f-ae85-e3227894b1cf" />
    <UnitTestResult executionId="25379eab-13af-4a93-a847-7a9e1e8eda1b" testId="0bc54975-0bff-692e-a9b3-fc69f2c95a39" testName="UnitTests.Data.Repositories.GenericRepositoryTests.GenericRepositoryDeletes" computerName="fv-az177-278" duration="00:00:03.1040000" startTime="2022-02-01T01:27:39.8939365+00:00" endTime="2022-02-01T01:27:39.8939365+00:00" testType="13cdc9d9-ddb5-4fa4-a97d-d965ccfc6d4b" outcome="Passed" testListId="8c84fa94-04c1-424b-9868-57a2d4851a1d" relativeResultsDirectory="25379eab-13af-4a93-a847-7a9e1e8eda1b" />
    <UnitTestResult executionId="af595955-821a-4468-90da-24d4b12e3d5e" testId="e4f8faa7-d0ad-86e6-1579-7bd52372b4c3" testName="UnitTests.Data.Repositories.GenericRepositoryTests.GenericRepositoryConstructs" computerName="fv-az177-278" duration="00:00:00.0010000" startTime="2022-02-01T01:27:40.1386170+00:00" endTime="2022-02-01T01:27:40.1386170+00:00" testType="13cdc9d9-ddb5-4fa4-a97d-d965ccfc6d4b" outcome="Passed" testListId="8c84fa94-04c1-424b-9868-57a2d4851a1d" relativeResultsDirectory="af595955-821a-4468-90da-24d4b12e3d5e" />
    <UnitTestResult executionId="4494e6c3-0671-4295-bf69-6b3f72acd67d" testId="99806ad3-88f0-7495-8b3e-3799a4bbb6aa" testName="UnitTests.Services.ItemServiceTests.GetItemsPage_GetsPages(descending: False)" computerName="fv-az177-278" duration="00:00:00.0080000" startTime="2022-02-01T01:27:36.8011791+00:00" endTime="2022-02-01T01:27:36.8011791+00:00" testType="13cdc9d9-ddb5-4fa4-a97d-d965ccfc6d4b" outcome="Passed" testListId="8c84fa94-04c1-424b-9868-57a2d4851a1d" relativeResultsDirectory="4494e6c3-0671-4295-bf69-6b3f72acd67d" />
    <UnitTestResult executionId="771f29c6-9bd0-49a6-8e71-dd3b15f2bc44" testId="a21637b0-54f8-4fa0-bc3b-95481a9fd90b" testName="UnitTests.Controllers.ModuleExceptionFilterAttributeTests.ArgumentException_BadRequest(exception: System.NotImplementedException: Not Implemented, expectedStatusCode: NotImplemented)" computerName="fv-az177-278" duration="00:00:00.0010000" startTime="2022-02-01T01:27:36.7448100+00:00" endTime="2022-02-01T01:27:36.7448100+00:00" testType="13cdc9d9-ddb5-4fa4-a97d-d965ccfc6d4b" outcome="Passed" testListId="8c84fa94-04c1-424b-9868-57a2d4851a1d" relativeResultsDirectory="771f29c6-9bd0-49a6-8e71-dd3b15f2bc44" />
    <UnitTestResult executionId="5cc13b80-5d69-4764-88b6-56824f1febd8" testId="d6094ca1-b65b-5133-f464-9f7d01f0d023" testName="UnitTests.Controllers.ItemControllerTests.DeleteItem_Deletes(itemId: 10)" computerName="fv-az177-278" duration="00:00:00.0020000" startTime="2022-02-01T01:27:36.7128086+00:00" endTime="2022-02-01T01:27:36.7128086+00:00" testType="13cdc9d9-ddb5-4fa4-a97d-d965ccfc6d4b" outcome="Passed" testListId="8c84fa94-04c1-424b-9868-57a2d4851a1d" relativeResultsDirectory="5cc13b80-5d69-4764-88b6-56824f1febd8" />
    <UnitTestResult executionId="7a054082-11a0-49f7-82d2-796c6dcaf900" testId="d15ea2a7-9f9f-b92b-50fa-470898da705d" testName="UnitTests.Data.Repositories.GenericRepositoryTests.GenericRepositoryGetsAll(iterations: 3)" computerName="fv-az177-278" duration="00:00:00.0090000" startTime="2022-02-01T01:27:40.1180302+00:00" endTime="2022-02-01T01:27:40.1180302+00:00" testType="13cdc9d9-ddb5-4fa4-a97d-d965ccfc6d4b" outcome="Passed" testListId="8c84fa94-04c1-424b-9868-57a2d4851a1d" relativeResultsDirectory="7a054082-11a0-49f7-82d2-796c6dcaf900" />
    <UnitTestResult executionId="ed637103-56d3-4a46-8c4c-2ebf6ce097a4" testId="a21637b0-54f8-4fa0-bc3b-95481a9fd90b" testName="UnitTests.Controllers.ModuleExceptionFilterAttributeTests.ArgumentException_BadRequest(exception: System.ArgumentException: Argument, expectedStatusCode: BadRequest)" computerName="fv-az177-278" duration="00:00:00.0010000" startTime="2022-02-01T01:27:36.7438111+00:00" endTime="2022-02-01T01:27:36.7438111+00:00" testType="13cdc9d9-ddb5-4fa4-a97d-d965ccfc6d4b" outcome="Passed" testListId="8c84fa94-04c1-424b-9868-57a2d4851a1d" relativeResultsDirectory="ed637103-56d3-4a46-8c4c-2ebf6ce097a4" />
    <UnitTestResult executionId="3e5cfb08-77a7-4d83-98ee-6e1d76221bcb" testId="478b61ee-7d85-9dbe-985d-08c590f8666a" testName="UnitTests.Controllers.ItemControllerTests.DeleteItem_Deletes(itemId: 1)" computerName="fv-az177-278" duration="00:00:00.0010000" startTime="2022-02-01T01:27:36.7148088+00:00" endTime="2022-02-01T01:27:36.7148088+00:00" testType="13cdc9d9-ddb5-4fa4-a97d-d965ccfc6d4b" outcome="Passed" testListId="8c84fa94-04c1-424b-9868-57a2d4851a1d" relativeResultsDirectory="3e5cfb08-77a7-4d83-98ee-6e1d76221bcb" />
    <UnitTestResult executionId="75e54712-380e-468c-979b-97d2423668c4" testId="320e3c11-11d1-b3ef-0d2e-5e474f674ff1" testName="UnitTests.Controllers.ModuleApiControllerTests.CanEdit_DefaultsToFalse" computerName="fv-az177-278" duration="00:00:00.0020000" startTime="2022-02-01T01:27:38.5212913+00:00" endTime="2022-02-01T01:27:38.5212913+00:00" testType="13cdc9d9-ddb5-4fa4-a97d-d965ccfc6d4b" outcome="Passed" testListId="8c84fa94-04c1-424b-9868-57a2d4851a1d" relativeResultsDirectory="75e54712-380e-468c-979b-97d2423668c4" />
    <UnitTestResult executionId="6d524738-5a0f-4b12-80a2-692a3ebd3310" testId="e55f1742-c16d-5086-2251-ad3372dd48f5" testName="UnitTests.Controllers.ValidateModelAttributeTests.OnActionExecuting_Valid_Works" computerName="fv-az177-278" duration="00:00:00.0040000" startTime="2022-02-01T01:27:36.8747636+00:00" endTime="2022-02-01T01:27:36.8747636+00:00" testType="13cdc9d9-ddb5-4fa4-a97d-d965ccfc6d4b" outcome="Passed" testListId="8c84fa94-04c1-424b-9868-57a2d4851a1d" relativeResultsDirectory="6d524738-5a0f-4b12-80a2-692a3ebd3310" />
    <UnitTestResult executionId="e9f901c4-c235-4b97-ad62-3709e71b04d4" testId="263c08b1-704a-f3c2-309e-6dee831dbdc9" testName="UnitTests.Services.ItemServiceTests.UpdateItem_NullDto_Throws" computerName="fv-az177-278" duration="00:00:00.0210000" startTime="2022-02-01T01:27:36.7891781+00:00" endTime="2022-02-01T01:27:36.7891781+00:00" testType="13cdc9d9-ddb5-4fa4-a97d-d965ccfc6d4b" outcome="Passed" testListId="8c84fa94-04c1-424b-9868-57a2d4851a1d" relativeResultsDirectory="e9f901c4-c235-4b97-ad62-3709e71b04d4" />
    <UnitTestResult executionId="6969f7dd-ff1b-44a5-9bbe-236aad5a679c" testId="ac2a99ba-3563-74a9-7d4c-8e91a58cd097" testName="UnitTests.Data.ModuleDbContextTests.DefaultConstructorThrows" computerName="fv-az177-278" duration="00:00:00.5550000" startTime="2022-02-01T01:27:36.0200084+00:00" endTime="2022-02-01T01:27:36.0200084+00:00" testType="13cdc9d9-ddb5-4fa4-a97d-d965ccfc6d4b" outcome="Passed" testListId="8c84fa94-04c1-424b-9868-57a2d4851a1d" relativeResultsDirectory="6969f7dd-ff1b-44a5-9bbe-236aad5a679c" />
    <UnitTestResult executionId="52930e29-3b0a-42cb-9c4b-bc40c5a291fe" testId="66df824b-3f38-0b36-d4ca-d3bcae9fe012" testName="UnitTests.Services.ItemServiceTests.GetItemsPage_GetsPages(descending: True)" computerName="fv-az177-278" duration="00:00:00.0010000" startTime="2022-02-01T01:27:36.8031783+00:00" endTime="2022-02-01T01:27:36.8031783+00:00" testType="13cdc9d9-ddb5-4fa4-a97d-d965ccfc6d4b" outcome="Passed" testListId="8c84fa94-04c1-424b-9868-57a2d4851a1d" relativeResultsDirectory="52930e29-3b0a-42cb-9c4b-bc40c5a291fe" />
    <UnitTestResult executionId="86408bb8-ba70-49c8-aaf8-f93f8e56b42d" testId="315adde5-f36d-a74f-aa46-fb22a0f78cd9" testName="UnitTests.Controllers.ItemControllerTests.UpdateItem_Updates" computerName="fv-az177-278" duration="00:00:00.1840000" startTime="2022-02-01T01:27:36.7108076+00:00" endTime="2022-02-01T01:27:36.7108076+00:00" testType="13cdc9d9-ddb5-4fa4-a97d-d965ccfc6d4b" outcome="Passed" testListId="8c84fa94-04c1-424b-9868-57a2d4851a1d" relativeResultsDirectory="86408bb8-ba70-49c8-aaf8-f93f8e56b42d" />
    <UnitTestResult executionId="f18e200a-ce39-4baf-93a9-a984c2376301" testId="4fe0dd0f-2fa0-9c42-e816-a6df28150b72" testName="UnitTests.Data.Repositories.GenericRepositoryTests.GenericRepositoryGetsAll(iterations: 0)" computerName="fv-az177-278" duration="00:00:00.0070000" startTime="2022-02-01T01:27:40.1090295+00:00" endTime="2022-02-01T01:27:40.1090295+00:00" testType="13cdc9d9-ddb5-4fa4-a97d-d965ccfc6d4b" outcome="Passed" testListId="8c84fa94-04c1-424b-9868-57a2d4851a1d" relativeResultsDirectory="f18e200a-ce39-4baf-93a9-a984c2376301" />
    <UnitTestResult executionId="00e35298-45f2-4fa6-a074-c621873fa0bb" testId="1c164fbc-1ab1-9884-ccb8-9e84f4c977d0" testName="UnitTests.Services.ItemServiceTests.UpdateItem_NoName_Throws(name: &quot; &quot;)" computerName="fv-az177-278" duration="00:00:00.0010000" startTime="2022-02-01T01:27:36.7941792+00:00" endTime="2022-02-01T01:27:36.7941792+00:00" testType="13cdc9d9-ddb5-4fa4-a97d-d965ccfc6d4b" outcome="Passed" testListId="8c84fa94-04c1-424b-9868-57a2d4851a1d" relativeResultsDirectory="00e35298-45f2-4fa6-a074-c621873fa0bb" />
    <UnitTestResult executionId="2f1908f7-18b8-485c-ac67-58c75363ba4c" testId="19b6234c-c2df-2304-54f9-54b0da4cd6ba" testName="UnitTests.Services.ItemServiceTests.CreateItem_NoNameThrows" computerName="fv-az177-278" duration="00:00:00.0020000" startTime="2022-02-01T01:27:36.7911784+00:00" endTime="2022-02-01T01:27:36.7911784+00:00" testType="13cdc9d9-ddb5-4fa4-a97d-d965ccfc6d4b" outcome="Passed" testListId="8c84fa94-04c1-424b-9868-57a2d4851a1d" relativeResultsDirectory="2f1908f7-18b8-485c-ac67-58c75363ba4c" />
    <UnitTestResult executionId="5e6940e3-d13d-4d9d-b7fc-fc4637bcdbd9" testId="a21637b0-54f8-4fa0-bc3b-95481a9fd90b" testName="UnitTests.Controllers.ModuleExceptionFilterAttributeTests.ArgumentException_BadRequest(exception: System.UnauthorizedAccessException: Unauthorized, expectedStatusCode: Unauthorized)" computerName="fv-az177-278" duration="00:00:00.0010000" startTime="2022-02-01T01:27:36.7458087+00:00" endTime="2022-02-01T01:27:36.7458087+00:00" testType="13cdc9d9-ddb5-4fa4-a97d-d965ccfc6d4b" outcome="Passed" testListId="8c84fa94-04c1-424b-9868-57a2d4851a1d" relativeResultsDirectory="5e6940e3-d13d-4d9d-b7fc-fc4637bcdbd9" />
    <UnitTestResult executionId="974af997-45c7-4faa-b60d-81e236b895c1" testId="a21637b0-54f8-4fa0-bc3b-95481a9fd90b" testName="UnitTests.Controllers.ModuleExceptionFilterAttributeTests.ArgumentException_BadRequest(exception: System.TimeoutException: Timed out, expectedStatusCode: RequestTimeout)" computerName="fv-az177-278" duration="00:00:00.0010000" startTime="2022-02-01T01:27:36.7448100+00:00" endTime="2022-02-01T01:27:36.7448100+00:00" testType="13cdc9d9-ddb5-4fa4-a97d-d965ccfc6d4b" outcome="Passed" testListId="8c84fa94-04c1-424b-9868-57a2d4851a1d" relativeResultsDirectory="974af997-45c7-4faa-b60d-81e236b895c1" />
    <UnitTestResult executionId="95d1bfa5-82f6-4067-ae42-4af3005c1e96" testId="0ebf358f-9eac-9438-b418-9c6aa81a6377" testName="UnitTests.Data.Repositories.GenericRepositoryTests.Repository_Update_UsesuserId" computerName="fv-az177-278" duration="00:00:00.0240000" startTime="2022-02-01T01:27:40.0306991+00:00" endTime="2022-02-01T01:27:40.0306991+00:00" testType="13cdc9d9-ddb5-4fa4-a97d-d965ccfc6d4b" outcome="Passed" testListId="8c84fa94-04c1-424b-9868-57a2d4851a1d" relativeResultsDirectory="95d1bfa5-82f6-4067-ae42-4af3005c1e96" />
    <UnitTestResult executionId="de2cda01-4bec-4c15-9ace-cf83e41d2cae" testId="572fc310-4b67-9555-f147-153d39f2eb82" testName="UnitTests.Data.Entities.ItemTests.ItemConstructsProperly" computerName="fv-az177-278" duration="00:00:00.0010000" startTime="2022-02-01T01:27:36.7791769+00:00" endTime="2022-02-01T01:27:36.7791769+00:00" testType="13cdc9d9-ddb5-4fa4-a97d-d965ccfc6d4b" outcome="Passed" testListId="8c84fa94-04c1-424b-9868-57a2d4851a1d" relativeResultsDirectory="de2cda01-4bec-4c15-9ace-cf83e41d2cae" />
    <UnitTestResult executionId="c4759557-ad9b-42cf-9877-7185c8f42df7" testId="61a8ccc9-c5b1-047b-3c97-f777ccc7d30b" testName="UnitTests.Controllers.ValidateModelAttributeTests.OnActionExecuting_Invalid_Works" computerName="fv-az177-278" duration="00:00:01.6410000" startTime="2022-02-01T01:27:38.5145684+00:00" endTime="2022-02-01T01:27:38.5145684+00:00" testType="13cdc9d9-ddb5-4fa4-a97d-d965ccfc6d4b" outcome="Passed" testListId="8c84fa94-04c1-424b-9868-57a2d4851a1d" relativeResultsDirectory="c4759557-ad9b-42cf-9877-7185c8f42df7" />
    <UnitTestResult executionId="41cd2bfc-94f6-4e0d-90eb-9c94c597c9de" testId="e1c7f76f-6195-c844-23c0-304b47fbae66" testName="UnitTests.Data.Repositories.GenericRepositoryTests.Repository_Create_UsesUserId" computerName="fv-az177-278" duration="00:00:00.0090000" startTime="2022-02-01T01:27:39.9029380+00:00" endTime="2022-02-01T01:27:39.9029380+00:00" testType="13cdc9d9-ddb5-4fa4-a97d-d965ccfc6d4b" outcome="Passed" testListId="8c84fa94-04c1-424b-9868-57a2d4851a1d" relativeResultsDirectory="41cd2bfc-94f6-4e0d-90eb-9c94c597c9de" />
    <UnitTestResult executionId="93cfe765-29ff-4431-b42e-e3fc78f4730e" testId="1a74e347-4470-5271-97ab-1ebaf8693270" testName="UnitTests.Controllers.ModuleExceptionFilterAttributeTests.SystemException_DoesNotExposeDetails" computerName="fv-az177-278" duration="00:00:00.0440000" startTime="2022-02-01T01:27:36.7861789+00:00" endTime="2022-02-01T01:27:36.7861789+00:00" testType="13cdc9d9-ddb5-4fa4-a97d-d965ccfc6d4b" outcome="Passed" testListId="8c84fa94-04c1-424b-9868-57a2d4851a1d" relativeResultsDirectory="93cfe765-29ff-4431-b42e-e3fc78f4730e" />
    <UnitTestResult executionId="83147910-ece2-495f-a656-a9c4818578d3" testId="168fc980-36e3-101b-62b1-f5ab71e9fc0d" testName="UnitTests.Controllers.LocalizationControllerTests.GetLocalization_CallsLocalizationService" computerName="fv-az177-278" duration="00:00:00.0090000" startTime="2022-02-01T01:27:38.5312914+00:00" endTime="2022-02-01T01:27:38.5312914+00:00" testType="13cdc9d9-ddb5-4fa4-a97d-d965ccfc6d4b" outcome="Passed" testListId="8c84fa94-04c1-424b-9868-57a2d4851a1d" relativeResultsDirectory="83147910-ece2-495f-a656-a9c4818578d3" />
    <UnitTestResult executionId="40c52af4-d795-42a0-8572-d114676a6599" testId="a21637b0-54f8-4fa0-bc3b-95481a9fd90b" testName="UnitTests.Controllers.ModuleExceptionFilterAttributeTests.ArgumentException_BadRequest(exception: System.ArgumentNullException: Value cannot be null.&#xD;&#xA;Parameter name: Null, expectedStatusCode: BadRequest)" computerName="fv-az177-278" duration="00:00:01.1740000" startTime="2022-02-01T01:27:36.6997359+00:00" endTime="2022-02-01T01:27:36.6997359+00:00" testType="13cdc9d9-ddb5-4fa4-a97d-d965ccfc6d4b" outcome="Passed" testListId="8c84fa94-04c1-424b-9868-57a2d4851a1d" relativeResultsDirectory="40c52af4-d795-42a0-8572-d114676a6599" />
    <UnitTestResult executionId="6cf97f4e-f433-4971-85d2-29158dad2e45" testId="d6cab32e-cf28-1ba8-73a6-76c46cb62c4a" testName="UnitTests.Data.Repositories.GenericRepositoryTests.Pages_With_Related_Entities" computerName="fv-az177-278" duration="00:00:02.1160000" startTime="2022-02-01T01:27:42.4219712+00:00" endTime="2022-02-01T01:27:42.4219712+00:00" testType="13cdc9d9-ddb5-4fa4-a97d-d965ccfc6d4b" outcome="Passed" testListId="8c84fa94-04c1-424b-9868-57a2d4851a1d" relativeResultsDirectory="6cf97f4e-f433-4971-85d2-29158dad2e45" />
    <UnitTestResult executionId="775706ff-4925-4e8c-8a87-671854ab494f" testId="e6610648-e456-1c64-d2b1-7e1242b871a8" testName="UnitTests.Services.ItemServiceTests.DeleteItem_Deletes" computerName="fv-az177-278" duration="00:00:00.0010000" startTime="2022-02-01T01:27:36.8331806+00:00" endTime="2022-02-01T01:27:36.8331806+00:00" testType="13cdc9d9-ddb5-4fa4-a97d-d965ccfc6d4b" outcome="Passed" testListId="8c84fa94-04c1-424b-9868-57a2d4851a1d" relativeResultsDirectory="775706ff-4925-4e8c-8a87-671854ab494f" />
    <UnitTestResult executionId="86066168-a36b-4db9-bf22-52f16ded88dc" testId="0247c7e7-7d1c-099b-2ac8-81a47ff2509a" testName="UnitTests.Controllers.ItemControllerTests.UserCanEdit_ReturnsBool(canEdit: False)" computerName="fv-az177-278" duration="00:00:00.4220000" startTime="2022-02-01T01:27:36.4447265+00:00" endTime="2022-02-01T01:27:36.4447265+00:00" testType="13cdc9d9-ddb5-4fa4-a97d-d965ccfc6d4b" outcome="Passed" testListId="8c84fa94-04c1-424b-9868-57a2d4851a1d" relativeResultsDirectory="86066168-a36b-4db9-bf22-52f16ded88dc" />
    <UnitTestResult executionId="47efe535-d9bb-4708-9416-0272fee12aef" testId="e6e0a140-85e7-6935-6160-ab95ecfd3c8a" testName="UnitTests.Data.Repositories.GenericRepositoryTests.GenericRepositoryCreatesAndGetsById" computerName="fv-az177-278" duration="00:00:00.0450000" startTime="2022-02-01T01:27:42.4874052+00:00" endTime="2022-02-01T01:27:42.4874052+00:00" testType="13cdc9d9-ddb5-4fa4-a97d-d965ccfc6d4b" outcome="Passed" testListId="8c84fa94-04c1-424b-9868-57a2d4851a1d" relativeResultsDirectory="47efe535-d9bb-4708-9416-0272fee12aef" />
    <UnitTestResult executionId="7a9ed15e-f113-4b82-8976-8343b6fb0f84" testId="1017c6c1-9dd0-57dc-36e7-bb573d02562e" testName="UnitTests.Controllers.ItemControllerTests.GetItemsPage_GetsProperPages" computerName="fv-az177-278" duration="00:00:00.0390000" startTime="2022-02-01T01:27:36.5758313+00:00" endTime="2022-02-01T01:27:36.5758313+00:00" testType="13cdc9d9-ddb5-4fa4-a97d-d965ccfc6d4b" outcome="Passed" testListId="8c84fa94-04c1-424b-9868-57a2d4851a1d" relativeResultsDirectory="7a9ed15e-f113-4b82-8976-8343b6fb0f84" />
  </Results>
  <TestDefinitions>
    <UnitTest name="UnitTests.Controllers.ItemControllerTests.DeleteItem_Deletes(itemId: 1)" storage="d:\a\mymodule20220129\mymodule20220129\unittests\bin\unittests.dll" id="478b61ee-7d85-9dbe-985d-08c590f8666a">
      <Execution id="3e5cfb08-77a7-4d83-98ee-6e1d76221bcb" />
      <TestMethod codeBase="D:\a\MyModule20220129\MyModule20220129\UnitTests\bin\UnitTests.dll" adapterTypeName="executor://xunit/VsTestRunner2/net" className="UnitTests.Controllers.ItemControllerTests" name="DeleteItem_Deletes" />
    </UnitTest>
    <UnitTest name="UnitTests.Common.Extensions.IQueryableExtensionsTests.Order_OrdersBothWays(descending: True, expected: [3, 2, 1])" storage="d:\a\mymodule20220129\mymodule20220129\unittests\bin\unittests.dll" id="b6579d24-7c4e-c42d-2ead-85e0f30e0a64">
      <Execution id="9ef51427-38f0-4553-97d7-e29a89789bf0" />
      <TestMethod codeBase="D:\a\MyModule20220129\MyModule20220129\UnitTests\bin\UnitTests.dll" adapterTypeName="executor://xunit/VsTestRunner2/net" className="UnitTests.Common.Extensions.IQueryableExtensionsTests" name="Order_OrdersBothWays" />
    </UnitTest>
    <UnitTest name="UnitTests.Controllers.ItemControllerTests.UserCanEdit_ReturnsBool(canEdit: False)" storage="d:\a\mymodule20220129\mymodule20220129\unittests\bin\unittests.dll" id="0247c7e7-7d1c-099b-2ac8-81a47ff2509a">
      <Execution id="86066168-a36b-4db9-bf22-52f16ded88dc" />
      <TestMethod codeBase="D:\a\MyModule20220129\MyModule20220129\UnitTests\bin\UnitTests.dll" adapterTypeName="executor://xunit/VsTestRunner2/net" className="UnitTests.Controllers.ItemControllerTests" name="UserCanEdit_ReturnsBool" />
    </UnitTest>
    <UnitTest name="UnitTests.Controllers.LocalizationControllerTests.GetLocalization_CallsLocalizationService" storage="d:\a\mymodule20220129\mymodule20220129\unittests\bin\unittests.dll" id="168fc980-36e3-101b-62b1-f5ab71e9fc0d">
      <Execution id="83147910-ece2-495f-a656-a9c4818578d3" />
      <TestMethod codeBase="D:\a\MyModule20220129\MyModule20220129\UnitTests\bin\UnitTests.dll" adapterTypeName="executor://xunit/VsTestRunner2/net" className="UnitTests.Controllers.LocalizationControllerTests" name="GetLocalization_CallsLocalizationService" />
    </UnitTest>
    <UnitTest name="UnitTests.Data.ModuleDbContextTests.DefaultConstructorThrows" storage="d:\a\mymodule20220129\mymodule20220129\unittests\bin\unittests.dll" id="ac2a99ba-3563-74a9-7d4c-8e91a58cd097">
      <Execution id="6969f7dd-ff1b-44a5-9bbe-236aad5a679c" />
      <TestMethod codeBase="D:\a\MyModule20220129\MyModule20220129\UnitTests\bin\UnitTests.dll" adapterTypeName="executor://xunit/VsTestRunner2/net" className="UnitTests.Data.ModuleDbContextTests" name="DefaultConstructorThrows" />
    </UnitTest>
    <UnitTest name="UnitTests.Controllers.ModuleApiControllerTests.CanEdit_DefaultsToFalse" storage="d:\a\mymodule20220129\mymodule20220129\unittests\bin\unittests.dll" id="320e3c11-11d1-b3ef-0d2e-5e474f674ff1">
      <Execution id="75e54712-380e-468c-979b-97d2423668c4" />
      <TestMethod codeBase="D:\a\MyModule20220129\MyModule20220129\UnitTests\bin\UnitTests.dll" adapterTypeName="executor://xunit/VsTestRunner2/net" className="UnitTests.Controllers.ModuleApiControllerTests" name="CanEdit_DefaultsToFalse" />
    </UnitTest>
    <UnitTest name="UnitTests.Data.Repositories.GenericRepositoryTests.GenericRepositoryCreatesAndGetsById" storage="d:\a\mymodule20220129\mymodule20220129\unittests\bin\unittests.dll" id="e6e0a140-85e7-6935-6160-ab95ecfd3c8a">
      <Execution id="47efe535-d9bb-4708-9416-0272fee12aef" />
      <TestMethod codeBase="D:\a\MyModule20220129\MyModule20220129\UnitTests\bin\UnitTests.dll" adapterTypeName="executor://xunit/VsTestRunner2/net" className="UnitTests.Data.Repositories.GenericRepositoryTests" name="GenericRepositoryCreatesAndGetsById" />
    </UnitTest>
    <UnitTest name="UnitTests.Services.ItemServiceTests.GetItemsPage_GetsPages(descending: True)" storage="d:\a\mymodule20220129\mymodule20220129\unittests\bin\unittests.dll" id="66df824b-3f38-0b36-d4ca-d3bcae9fe012">
      <Execution id="52930e29-3b0a-42cb-9c4b-bc40c5a291fe" />
      <TestMethod codeBase="D:\a\MyModule20220129\MyModule20220129\UnitTests\bin\UnitTests.dll" adapterTypeName="executor://xunit/VsTestRunner2/net" className="UnitTests.Services.ItemServiceTests" name="GetItemsPage_GetsPages" />
    </UnitTest>
    <UnitTest name="UnitTests.Services.ItemServiceTests.UpdateItem_NoName_Throws(name: &quot; &quot;)" storage="d:\a\mymodule20220129\mymodule20220129\unittests\bin\unittests.dll" id="1c164fbc-1ab1-9884-ccb8-9e84f4c977d0">
      <Execution id="00e35298-45f2-4fa6-a074-c621873fa0bb" />
      <TestMethod codeBase="D:\a\MyModule20220129\MyModule20220129\UnitTests\bin\UnitTests.dll" adapterTypeName="executor://xunit/VsTestRunner2/net" className="UnitTests.Services.ItemServiceTests" name="UpdateItem_NoName_Throws" />
    </UnitTest>
    <UnitTest name="UnitTests.Services.ItemServiceTests.GetItemsPage_GetsPages(descending: False)" storage="d:\a\mymodule20220129\mymodule20220129\unittests\bin\unittests.dll" id="99806ad3-88f0-7495-8b3e-3799a4bbb6aa">
      <Execution id="4494e6c3-0671-4295-bf69-6b3f72acd67d" />
      <TestMethod codeBase="D:\a\MyModule20220129\MyModule20220129\UnitTests\bin\UnitTests.dll" adapterTypeName="executor://xunit/VsTestRunner2/net" className="UnitTests.Services.ItemServiceTests" name="GetItemsPage_GetsPages" />
    </UnitTest>
    <UnitTest name="UnitTests.Data.Repositories.GenericRepositoryTests.Repository_Update_UsesuserId" storage="d:\a\mymodule20220129\mymodule20220129\unittests\bin\unittests.dll" id="0ebf358f-9eac-9438-b418-9c6aa81a6377">
      <Execution id="95d1bfa5-82f6-4067-ae42-4af3005c1e96" />
      <TestMethod codeBase="D:\a\MyModule20220129\MyModule20220129\UnitTests\bin\UnitTests.dll" adapterTypeName="executor://xunit/VsTestRunner2/net" className="UnitTests.Data.Repositories.GenericRepositoryTests" name="Repository_Update_UsesuserId" />
    </UnitTest>
    <UnitTest name="UnitTests.Services.ItemServiceTests.CreateItem_Creates" storage="d:\a\mymodule20220129\mymodule20220129\unittests\bin\unittests.dll" id="a9198ad3-782e-a37c-0b5f-1330f5318f55">
      <Execution id="94dd2a8f-78bb-4376-9fb3-ce73149d8719" />
      <TestMethod codeBase="D:\a\MyModule20220129\MyModule20220129\UnitTests\bin\UnitTests.dll" adapterTypeName="executor://xunit/VsTestRunner2/net" className="UnitTests.Services.ItemServiceTests" name="CreateItem_Creates" />
    </UnitTest>
    <UnitTest name="UnitTests.Controllers.ValidateModelAttributeTests.OnActionExecuting_Invalid_Works" storage="d:\a\mymodule20220129\mymodule20220129\unittests\bin\unittests.dll" id="61a8ccc9-c5b1-047b-3c97-f777ccc7d30b">
      <Execution id="c4759557-ad9b-42cf-9877-7185c8f42df7" />
      <TestMethod codeBase="D:\a\MyModule20220129\MyModule20220129\UnitTests\bin\UnitTests.dll" adapterTypeName="executor://xunit/VsTestRunner2/net" className="UnitTests.Controllers.ValidateModelAttributeTests" name="OnActionExecuting_Invalid_Works" />
    </UnitTest>
    <UnitTest name="UnitTests.Data.Repositories.GenericRepositoryTests.GenericRepositoryGet" storage="d:\a\mymodule20220129\mymodule20220129\unittests\bin\unittests.dll" id="ad3412e8-5f64-2020-a5b6-bd4cca8c3b7d">
      <Execution id="ac0ff15a-3cfd-4188-abf3-a99852c48ce1" />
      <TestMethod codeBase="D:\a\MyModule20220129\MyModule20220129\UnitTests\bin\UnitTests.dll" adapterTypeName="executor://xunit/VsTestRunner2/net" className="UnitTests.Data.Repositories.GenericRepositoryTests" name="GenericRepositoryGet" />
    </UnitTest>
    <UnitTest name="UnitTests.Data.Repositories.GenericRepositoryTests.GenericRepositoryUpdate_ThrowsWithNullEntity" storage="d:\a\mymodule20220129\mymodule20220129\unittests\bin\unittests.dll" id="24cfa8b0-48c3-8aab-e4c2-88694c220e2c">
      <Execution id="44f575c0-5f74-47d7-aa36-ae8006901a7f" />
      <TestMethod codeBase="D:\a\MyModule20220129\MyModule20220129\UnitTests\bin\UnitTests.dll" adapterTypeName="executor://xunit/VsTestRunner2/net" className="UnitTests.Data.Repositories.GenericRepositoryTests" name="GenericRepositoryUpdate_ThrowsWithNullEntity" />
    </UnitTest>
    <UnitTest name="UnitTests.Data.Repositories.GenericRepositoryTests.Pages_With_Related_Entities" storage="d:\a\mymodule20220129\mymodule20220129\unittests\bin\unittests.dll" id="d6cab32e-cf28-1ba8-73a6-76c46cb62c4a">
      <Execution id="6cf97f4e-f433-4971-85d2-29158dad2e45" />
      <TestMethod codeBase="D:\a\MyModule20220129\MyModule20220129\UnitTests\bin\UnitTests.dll" adapterTypeName="executor://xunit/VsTestRunner2/net" className="UnitTests.Data.Repositories.GenericRepositoryTests" name="Pages_With_Related_Entities" />
    </UnitTest>
    <UnitTest name="UnitTests.Services.LoggingServiceTests.LogginService_TestableConstructorLogsError" storage="d:\a\mymodule20220129\mymodule20220129\unittests\bin\unittests.dll" id="ac1c50bc-98fd-036f-fe0f-d46cb187f90e">
      <Execution id="49bcb2fc-056f-4013-98d4-bac8e9264b24" />
      <TestMethod codeBase="D:\a\MyModule20220129\MyModule20220129\UnitTests\bin\UnitTests.dll" adapterTypeName="executor://xunit/VsTestRunner2/net" className="UnitTests.Services.LoggingServiceTests" name="LogginService_TestableConstructorLogsError" />
    </UnitTest>
    <UnitTest name="UnitTests.Data.Repositories.GenericRepositoryTests.GenericRepositoryGetsAll(iterations: 3)" storage="d:\a\mymodule20220129\mymodule20220129\unittests\bin\unittests.dll" id="d15ea2a7-9f9f-b92b-50fa-470898da705d">
      <Execution id="7a054082-11a0-49f7-82d2-796c6dcaf900" />
      <TestMethod codeBase="D:\a\MyModule20220129\MyModule20220129\UnitTests\bin\UnitTests.dll" adapterTypeName="executor://xunit/VsTestRunner2/net" className="UnitTests.Data.Repositories.GenericRepositoryTests" name="GenericRepositoryGetsAll" />
    </UnitTest>
    <UnitTest name="UnitTests.Common.GlobalsTests.ModulePrefixIsValid" storage="d:\a\mymodule20220129\mymodule20220129\unittests\bin\unittests.dll" id="d1c63cb7-1f9a-a8bf-a217-a4cbb4e5f73b">
      <Execution id="519b7f42-80c5-4d65-85a3-8f293037209a" />
      <TestMethod codeBase="D:\a\MyModule20220129\MyModule20220129\UnitTests\bin\UnitTests.dll" adapterTypeName="executor://xunit/VsTestRunner2/net" className="UnitTests.Common.GlobalsTests" name="ModulePrefixIsValid" />
    </UnitTest>
    <UnitTest name="UnitTests.Data.Entities.ItemTests.ItemPropertiesPersist(id: 2, name: &quot;Name2&quot;, description: &quot;Description2&quot;)" storage="d:\a\mymodule20220129\mymodule20220129\unittests\bin\unittests.dll" id="96a18501-dea4-70b1-d572-baa1bb120da2">
      <Execution id="31cbbc13-c1c1-4196-95b9-97ca29586584" />
      <TestMethod codeBase="D:\a\MyModule20220129\MyModule20220129\UnitTests\bin\UnitTests.dll" adapterTypeName="executor://xunit/VsTestRunner2/net" className="UnitTests.Data.Entities.ItemTests" name="ItemPropertiesPersist" />
    </UnitTest>
    <UnitTest name="UnitTests.Controllers.ServiceRouteMapperTests.RegisterRoutes_RegistersAtLestOneRoute" storage="d:\a\mymodule20220129\mymodule20220129\unittests\bin\unittests.dll" id="986d7e6e-d04d-b204-b01c-fbb8f09c7774">
      <Execution id="35f39863-40ee-479c-b07f-764a8ce5102a" />
      <TestMethod codeBase="D:\a\MyModule20220129\MyModule20220129\UnitTests\bin\UnitTests.dll" adapterTypeName="executor://xunit/VsTestRunner2/net" className="UnitTests.Controllers.ServiceRouteMapperTests" name="RegisterRoutes_RegistersAtLestOneRoute" />
    </UnitTest>
    <UnitTest name="UnitTests.Controllers.ModuleExceptionFilterAttributeTests.SystemException_DoesNotExposeDetails" storage="d:\a\mymodule20220129\mymodule20220129\unittests\bin\unittests.dll" id="1a74e347-4470-5271-97ab-1ebaf8693270">
      <Execution id="93cfe765-29ff-4431-b42e-e3fc78f4730e" />
      <TestMethod codeBase="D:\a\MyModule20220129\MyModule20220129\UnitTests\bin\UnitTests.dll" adapterTypeName="executor://xunit/VsTestRunner2/net" className="UnitTests.Controllers.ModuleExceptionFilterAttributeTests" name="SystemException_DoesNotExposeDetails" />
    </UnitTest>
    <UnitTest name="UnitTests.Data.Repositories.GenericRepositoryTests.GenericRepositoryConstructs" storage="d:\a\mymodule20220129\mymodule20220129\unittests\bin\unittests.dll" id="e4f8faa7-d0ad-86e6-1579-7bd52372b4c3">
      <Execution id="af595955-821a-4468-90da-24d4b12e3d5e" />
      <TestMethod codeBase="D:\a\MyModule20220129\MyModule20220129\UnitTests\bin\UnitTests.dll" adapterTypeName="executor://xunit/VsTestRunner2/net" className="UnitTests.Data.Repositories.GenericRepositoryTests" name="GenericRepositoryConstructs" />
    </UnitTest>
    <UnitTest name="UnitTests.Data.Repositories.GenericRepositoryTests.Repository_DeleteMissing_DoesNotThrow" storage="d:\a\mymodule20220129\mymodule20220129\unittests\bin\unittests.dll" id="f754f777-4449-23e8-f4ec-917f49117de2">
      <Execution id="13baf4b8-6538-41c7-893b-bcf82e5d5529" />
      <TestMethod codeBase="D:\a\MyModule20220129\MyModule20220129\UnitTests\bin\UnitTests.dll" adapterTypeName="executor://xunit/VsTestRunner2/net" className="UnitTests.Data.Repositories.GenericRepositoryTests" name="Repository_DeleteMissing_DoesNotThrow" />
    </UnitTest>
    <UnitTest name="UnitTests.Services.ItemServiceTests.UpdateItem_NoName_Throws(name: null)" storage="d:\a\mymodule20220129\mymodule20220129\unittests\bin\unittests.dll" id="b76e01b1-6afe-f33b-c6a9-ea3347176509">
      <Execution id="4bfbbb03-69da-410f-ae85-e3227894b1cf" />
      <TestMethod codeBase="D:\a\MyModule20220129\MyModule20220129\UnitTests\bin\UnitTests.dll" adapterTypeName="executor://xunit/VsTestRunner2/net" className="UnitTests.Services.ItemServiceTests" name="UpdateItem_NoName_Throws" />
    </UnitTest>
    <UnitTest name="UnitTests.Services.ItemServiceTests.CreateItem_NoNameThrows" storage="d:\a\mymodule20220129\mymodule20220129\unittests\bin\unittests.dll" id="19b6234c-c2df-2304-54f9-54b0da4cd6ba">
      <Execution id="2f1908f7-18b8-485c-ac67-58c75363ba4c" />
      <TestMethod codeBase="D:\a\MyModule20220129\MyModule20220129\UnitTests\bin\UnitTests.dll" adapterTypeName="executor://xunit/VsTestRunner2/net" className="UnitTests.Services.ItemServiceTests" name="CreateItem_NoNameThrows" />
    </UnitTest>
    <UnitTest name="UnitTests.Services.ItemServiceTests.DeleteItem_Deletes" storage="d:\a\mymodule20220129\mymodule20220129\unittests\bin\unittests.dll" id="e6610648-e456-1c64-d2b1-7e1242b871a8">
      <Execution id="775706ff-4925-4e8c-8a87-671854ab494f" />
      <TestMethod codeBase="D:\a\MyModule20220129\MyModule20220129\UnitTests\bin\UnitTests.dll" adapterTypeName="executor://xunit/VsTestRunner2/net" className="UnitTests.Services.ItemServiceTests" name="DeleteItem_Deletes" />
    </UnitTest>
    <UnitTest name="UnitTests.Data.Entities.ItemTests.ItemConstructsProperly" storage="d:\a\mymodule20220129\mymodule20220129\unittests\bin\unittests.dll" id="572fc310-4b67-9555-f147-153d39f2eb82">
      <Execution id="de2cda01-4bec-4c15-9ace-cf83e41d2cae" />
      <TestMethod codeBase="D:\a\MyModule20220129\MyModule20220129\UnitTests\bin\UnitTests.dll" adapterTypeName="executor://xunit/VsTestRunner2/net" className="UnitTests.Data.Entities.ItemTests" name="ItemConstructsProperly" />
    </UnitTest>
    <UnitTest name="UnitTests.Services.ItemServiceTests.UpdateItem_NoName_Throws(name: &quot;&quot;)" storage="d:\a\mymodule20220129\mymodule20220129\unittests\bin\unittests.dll" id="3cbfa5d3-e0f6-eff8-ed5c-556fa1f3e131">
      <Execution id="5ba9b2e4-fc83-4a8d-8cde-3896a2e96489" />
      <TestMethod codeBase="D:\a\MyModule20220129\MyModule20220129\UnitTests\bin\UnitTests.dll" adapterTypeName="executor://xunit/VsTestRunner2/net" className="UnitTests.Services.ItemServiceTests" name="UpdateItem_NoName_Throws" />
    </UnitTest>
    <UnitTest name="UnitTests.Services.LoggingServiceTests.LogginService_TestableConstructorLogsErrorWithException" storage="d:\a\mymodule20220129\mymodule20220129\unittests\bin\unittests.dll" id="9168bdef-a759-f4d6-b890-b643e17324cf">
      <Execution id="167a5e86-7013-46cf-95ba-ab243ab2343a" />
      <TestMethod codeBase="D:\a\MyModule20220129\MyModule20220129\UnitTests\bin\UnitTests.dll" adapterTypeName="executor://xunit/VsTestRunner2/net" className="UnitTests.Services.LoggingServiceTests" name="LogginService_TestableConstructorLogsErrorWithException" />
    </UnitTest>
    <UnitTest name="UnitTests.Controllers.ItemControllerTests.UserCanEdit_ReturnsBool(canEdit: True)" storage="d:\a\mymodule20220129\mymodule20220129\unittests\bin\unittests.dll" id="aec60494-3c2e-8ec9-f948-da5bb2043983">
      <Execution id="50707c65-6271-4fea-b46c-468998c4f226" />
      <TestMethod codeBase="D:\a\MyModule20220129\MyModule20220129\UnitTests\bin\UnitTests.dll" adapterTypeName="executor://xunit/VsTestRunner2/net" className="UnitTests.Controllers.ItemControllerTests" name="UserCanEdit_ReturnsBool" />
    </UnitTest>
    <UnitTest name="UnitTests.Controllers.ModuleApiControllerTests.HasUserInfo" storage="d:\a\mymodule20220129\mymodule20220129\unittests\bin\unittests.dll" id="bae3532a-4a9e-c4ab-fc66-4dfa22d16170">
      <Execution id="8f4314ef-cebf-404a-b1be-bb9e10b42023" />
      <TestMethod codeBase="D:\a\MyModule20220129\MyModule20220129\UnitTests\bin\UnitTests.dll" adapterTypeName="executor://xunit/VsTestRunner2/net" className="UnitTests.Controllers.ModuleApiControllerTests" name="HasUserInfo" />
    </UnitTest>
    <UnitTest name="UnitTests.Services.ItemServiceTests.UpdateItem_NoName_Throws(name: &quot;  &quot;)" storage="d:\a\mymodule20220129\mymodule20220129\unittests\bin\unittests.dll" id="92b7b9f6-1294-7ea1-ffa3-91fba85074d4">
      <Execution id="c7f3bbe5-fd10-431a-9db7-47310b19f927" />
      <TestMethod codeBase="D:\a\MyModule20220129\MyModule20220129\UnitTests\bin\UnitTests.dll" adapterTypeName="executor://xunit/VsTestRunner2/net" className="UnitTests.Services.ItemServiceTests" name="UpdateItem_NoName_Throws" />
    </UnitTest>
    <UnitTest name="UnitTests.Data.Repositories.GenericRepositoryTests.Repository_Create_DefaultAudit" storage="d:\a\mymodule20220129\mymodule20220129\unittests\bin\unittests.dll" id="ae39aa62-5ff2-56e7-d00e-ef116d711d51">
      <Execution id="c8a3a519-cc98-4e00-8096-8de8a6daf960" />
      <TestMethod codeBase="D:\a\MyModule20220129\MyModule20220129\UnitTests\bin\UnitTests.dll" adapterTypeName="executor://xunit/VsTestRunner2/net" className="UnitTests.Data.Repositories.GenericRepositoryTests" name="Repository_Create_DefaultAudit" />
    </UnitTest>
    <UnitTest name="UnitTests.Controllers.ValidateModelAttributeTests.OnActionExecuting_Valid_Works" storage="d:\a\mymodule20220129\mymodule20220129\unittests\bin\unittests.dll" id="e55f1742-c16d-5086-2251-ad3372dd48f5">
      <Execution id="6d524738-5a0f-4b12-80a2-692a3ebd3310" />
      <TestMethod codeBase="D:\a\MyModule20220129\MyModule20220129\UnitTests\bin\UnitTests.dll" adapterTypeName="executor://xunit/VsTestRunner2/net" className="UnitTests.Controllers.ValidateModelAttributeTests" name="OnActionExecuting_Valid_Works" />
    </UnitTest>
    <UnitTest name="UnitTests.Data.Repositories.GenericRepositoryTests.GenericRepositoryGetsAll(iterations: 1)" storage="d:\a\mymodule20220129\mymodule20220129\unittests\bin\unittests.dll" id="d16880d7-fb44-f209-43d9-ba2e0e1875de">
      <Execution id="ef12bffa-e989-49b1-907a-d42f6939e151" />
      <TestMethod codeBase="D:\a\MyModule20220129\MyModule20220129\UnitTests\bin\UnitTests.dll" adapterTypeName="executor://xunit/VsTestRunner2/net" className="UnitTests.Data.Repositories.GenericRepositoryTests" name="GenericRepositoryGetsAll" />
    </UnitTest>
    <UnitTest name="UnitTests.Services.ItemServiceTests.UpdateItem_NullDto_Throws" storage="d:\a\mymodule20220129\mymodule20220129\unittests\bin\unittests.dll" id="263c08b1-704a-f3c2-309e-6dee831dbdc9">
      <Execution id="e9f901c4-c235-4b97-ad62-3709e71b04d4" />
      <TestMethod codeBase="D:\a\MyModule20220129\MyModule20220129\UnitTests\bin\UnitTests.dll" adapterTypeName="executor://xunit/VsTestRunner2/net" className="UnitTests.Services.ItemServiceTests" name="UpdateItem_NullDto_Throws" />
    </UnitTest>
    <UnitTest name="UnitTests.Services.LoggingServiceTests.LoggingService_DefaultConstructorExists" storage="d:\a\mymodule20220129\mymodule20220129\unittests\bin\unittests.dll" id="8ba31d1b-48e3-e04e-cff0-b927c63b4a19">
      <Execution id="233fe02e-4dd1-48c3-b871-31643669c7ad" />
      <TestMethod codeBase="D:\a\MyModule20220129\MyModule20220129\UnitTests\bin\UnitTests.dll" adapterTypeName="executor://xunit/VsTestRunner2/net" className="UnitTests.Services.LoggingServiceTests" name="LoggingService_DefaultConstructorExists" />
    </UnitTest>
    <UnitTest name="UnitTests.Data.Repositories.GenericRepositoryTests.GenericRepositoryCreate_ThrowsWithNullEntity" storage="d:\a\mymodule20220129\mymodule20220129\unittests\bin\unittests.dll" id="36689490-09d4-917f-648a-70dcfcfede10">
      <Execution id="8beb6589-ccc6-4d3e-b4d6-724b87e471bb" />
      <TestMethod codeBase="D:\a\MyModule20220129\MyModule20220129\UnitTests\bin\UnitTests.dll" adapterTypeName="executor://xunit/VsTestRunner2/net" className="UnitTests.Data.Repositories.GenericRepositoryTests" name="GenericRepositoryCreate_ThrowsWithNullEntity" />
    </UnitTest>
    <UnitTest name="UnitTests.Controllers.ItemControllerTests.CreateItem_Creates" storage="d:\a\mymodule20220129\mymodule20220129\unittests\bin\unittests.dll" id="588a2c1b-7788-beb2-ade0-06788d455d25">
      <Execution id="2f4f3196-c990-415f-aca6-03cfcabb5d37" />
      <TestMethod codeBase="D:\a\MyModule20220129\MyModule20220129\UnitTests\bin\UnitTests.dll" adapterTypeName="executor://xunit/VsTestRunner2/net" className="UnitTests.Controllers.ItemControllerTests" name="CreateItem_Creates" />
    </UnitTest>
    <UnitTest name="UnitTests.Controllers.ModuleApiControllerTests.CanEdit_Set_Throws" storage="d:\a\mymodule20220129\mymodule20220129\unittests\bin\unittests.dll" id="5f92ec4d-d570-0452-b891-d4cee75db9dd">
      <Execution id="c0cae1cc-8d7f-4fa4-b7b9-b35ed460cfec" />
      <TestMethod codeBase="D:\a\MyModule20220129\MyModule20220129\UnitTests\bin\UnitTests.dll" adapterTypeName="executor://xunit/VsTestRunner2/net" className="UnitTests.Controllers.ModuleApiControllerTests" name="CanEdit_Set_Throws" />
    </UnitTest>
    <UnitTest name="UnitTests.Data.Repositories.GenericRepositoryTests.Repository_Create_UsesUserId" storage="d:\a\mymodule20220129\mymodule20220129\unittests\bin\unittests.dll" id="e1c7f76f-6195-c844-23c0-304b47fbae66">
      <Execution id="41cd2bfc-94f6-4e0d-90eb-9c94c597c9de" />
      <TestMethod codeBase="D:\a\MyModule20220129\MyModule20220129\UnitTests\bin\UnitTests.dll" adapterTypeName="executor://xunit/VsTestRunner2/net" className="UnitTests.Data.Repositories.GenericRepositoryTests" name="Repository_Create_UsesUserId" />
    </UnitTest>
    <UnitTest name="UnitTests.Controllers.ItemControllerTests.UpdateItem_Updates" storage="d:\a\mymodule20220129\mymodule20220129\unittests\bin\unittests.dll" id="315adde5-f36d-a74f-aa46-fb22a0f78cd9">
      <Execution id="86408bb8-ba70-49c8-aaf8-f93f8e56b42d" />
      <TestMethod codeBase="D:\a\MyModule20220129\MyModule20220129\UnitTests\bin\UnitTests.dll" adapterTypeName="executor://xunit/VsTestRunner2/net" className="UnitTests.Controllers.ItemControllerTests" name="UpdateItem_Updates" />
    </UnitTest>
    <UnitTest name="UnitTests.Controllers.ModuleExceptionFilterAttributeTests.ArgumentException_BadRequest" storage="d:\a\mymodule20220129\mymodule20220129\unittests\bin\unittests.dll" id="a21637b0-54f8-4fa0-bc3b-95481a9fd90b">
      <Execution id="40c52af4-d795-42a0-8572-d114676a6599" />
      <TestMethod codeBase="D:\a\MyModule20220129\MyModule20220129\UnitTests\bin\UnitTests.dll" adapterTypeName="executor://xunit/VsTestRunner2/net" className="UnitTests.Controllers.ModuleExceptionFilterAttributeTests" name="ArgumentException_BadRequest" />
    </UnitTest>
    <UnitTest name="UnitTests.Data.Repositories.GenericRepositoryTests.GetPage_Pages(page: 3, pageSize: 20, expectedItems: 10, expectedPages: 3)" storage="d:\a\mymodule20220129\mymodule20220129\unittests\bin\unittests.dll" id="74c28fcf-aa9b-2bab-0ff6-cfa98a0ddf49">
      <Execution id="e595b34d-6961-44fb-8d5c-eaf8c30ce09d" />
      <TestMethod codeBase="D:\a\MyModule20220129\MyModule20220129\UnitTests\bin\UnitTests.dll" adapterTypeName="executor://xunit/VsTestRunner2/net" className="UnitTests.Data.Repositories.GenericRepositoryTests" name="GetPage_Pages" />
    </UnitTest>
    <UnitTest name="UnitTests.Controllers.ModuleExceptionFilterAttributeTests.NoException_DoesNothing" storage="d:\a\mymodule20220129\mymodule20220129\unittests\bin\unittests.dll" id="113f48ce-a6a3-c5df-7589-ba5a5fcb9c59">
      <Execution id="ba0ce087-b71c-43e1-9d3f-b7c009a51c7b" />
      <TestMethod codeBase="D:\a\MyModule20220129\MyModule20220129\UnitTests\bin\UnitTests.dll" adapterTypeName="executor://xunit/VsTestRunner2/net" className="UnitTests.Controllers.ModuleExceptionFilterAttributeTests" name="NoException_DoesNothing" />
    </UnitTest>
    <UnitTest name="UnitTests.Controllers.ItemControllerTests.GetItemsPage_GetsProperPages" storage="d:\a\mymodule20220129\mymodule20220129\unittests\bin\unittests.dll" id="1017c6c1-9dd0-57dc-36e7-bb573d02562e">
      <Execution id="7a9ed15e-f113-4b82-8976-8343b6fb0f84" />
      <TestMethod codeBase="D:\a\MyModule20220129\MyModule20220129\UnitTests\bin\UnitTests.dll" adapterTypeName="executor://xunit/VsTestRunner2/net" className="UnitTests.Controllers.ItemControllerTests" name="GetItemsPage_GetsProperPages" />
    </UnitTest>
    <UnitTest name="UnitTests.Data.Repositories.GenericRepositoryTests.GenericRepositoryDeletes" storage="d:\a\mymodule20220129\mymodule20220129\unittests\bin\unittests.dll" id="0bc54975-0bff-692e-a9b3-fc69f2c95a39">
      <Execution id="25379eab-13af-4a93-a847-7a9e1e8eda1b" />
      <TestMethod codeBase="D:\a\MyModule20220129\MyModule20220129\UnitTests\bin\UnitTests.dll" adapterTypeName="executor://xunit/VsTestRunner2/net" className="UnitTests.Data.Repositories.GenericRepositoryTests" name="GenericRepositoryDeletes" />
    </UnitTest>
    <UnitTest name="UnitTests.Data.Repositories.GenericRepositoryTests.GenericRepositoryUpdates" storage="d:\a\mymodule20220129\mymodule20220129\unittests\bin\unittests.dll" id="70ede014-c412-e387-bb98-e95b3b42090d">
      <Execution id="863f64f8-80b2-489e-9fe6-c5a4a7ff7d5d" />
      <TestMethod codeBase="D:\a\MyModule20220129\MyModule20220129\UnitTests\bin\UnitTests.dll" adapterTypeName="executor://xunit/VsTestRunner2/net" className="UnitTests.Data.Repositories.GenericRepositoryTests" name="GenericRepositoryUpdates" />
    </UnitTest>
    <UnitTest name="UnitTests.Controllers.ItemControllerTests.DeleteItem_Deletes(itemId: 10)" storage="d:\a\mymodule20220129\mymodule20220129\unittests\bin\unittests.dll" id="d6094ca1-b65b-5133-f464-9f7d01f0d023">
      <Execution id="5cc13b80-5d69-4764-88b6-56824f1febd8" />
      <TestMethod codeBase="D:\a\MyModule20220129\MyModule20220129\UnitTests\bin\UnitTests.dll" adapterTypeName="executor://xunit/VsTestRunner2/net" className="UnitTests.Controllers.ItemControllerTests" name="DeleteItem_Deletes" />
    </UnitTest>
    <UnitTest name="UnitTests.Data.Repositories.GenericRepositoryTests.Repository_Update_DefaultAudit" storage="d:\a\mymodule20220129\mymodule20220129\unittests\bin\unittests.dll" id="44b00d3a-bad7-aefd-141c-4a35b11463b2">
      <Execution id="67b21d46-85fa-4f7a-b27b-bcffff9f26de" />
      <TestMethod codeBase="D:\a\MyModule20220129\MyModule20220129\UnitTests\bin\UnitTests.dll" adapterTypeName="executor://xunit/VsTestRunner2/net" className="UnitTests.Data.Repositories.GenericRepositoryTests" name="Repository_Update_DefaultAudit" />
    </UnitTest>
    <UnitTest name="UnitTests.Services.ItemServiceTests.UpdateItem_Updates" storage="d:\a\mymodule20220129\mymodule20220129\unittests\bin\unittests.dll" id="130d9133-361f-a0da-f15e-423eb98947ac">
      <Execution id="0d9b0392-3fbb-4881-85b3-4b3ace93121d" />
      <TestMethod codeBase="D:\a\MyModule20220129\MyModule20220129\UnitTests\bin\UnitTests.dll" adapterTypeName="executor://xunit/VsTestRunner2/net" className="UnitTests.Services.ItemServiceTests" name="UpdateItem_Updates" />
    </UnitTest>
    <UnitTest name="UnitTests.Data.Repositories.GenericRepositoryTests.GenericRepositoryGetsAll(iterations: 2)" storage="d:\a\mymodule20220129\mymodule20220129\unittests\bin\unittests.dll" id="ffe5c770-9b99-42c0-ce21-7e50cccf4385">
      <Execution id="b5ed1ff0-4d95-4924-9d81-98327631f81b" />
      <TestMethod codeBase="D:\a\MyModule20220129\MyModule20220129\UnitTests\bin\UnitTests.dll" adapterTypeName="executor://xunit/VsTestRunner2/net" className="UnitTests.Data.Repositories.GenericRepositoryTests" name="GenericRepositoryGetsAll" />
    </UnitTest>
    <UnitTest name="UnitTests.Data.Repositories.GenericRepositoryTests.GenericRepositoryGetsAll(iterations: 0)" storage="d:\a\mymodule20220129\mymodule20220129\unittests\bin\unittests.dll" id="4fe0dd0f-2fa0-9c42-e816-a6df28150b72">
      <Execution id="f18e200a-ce39-4baf-93a9-a984c2376301" />
      <TestMethod codeBase="D:\a\MyModule20220129\MyModule20220129\UnitTests\bin\UnitTests.dll" adapterTypeName="executor://xunit/VsTestRunner2/net" className="UnitTests.Data.Repositories.GenericRepositoryTests" name="GenericRepositoryGetsAll" />
    </UnitTest>
    <UnitTest name="UnitTests.Data.Repositories.GenericRepositoryTests.GetPage_Pages(page: 1, pageSize: 10, expectedItems: 10, expectedPages: 5)" storage="d:\a\mymodule20220129\mymodule20220129\unittests\bin\unittests.dll" id="c5867bfe-f023-3ae4-485c-eae070f2ace9">
      <Execution id="cec0f0b2-d739-49f0-b6ed-d859c760926e" />
      <TestMethod codeBase="D:\a\MyModule20220129\MyModule20220129\UnitTests\bin\UnitTests.dll" adapterTypeName="executor://xunit/VsTestRunner2/net" className="UnitTests.Data.Repositories.GenericRepositoryTests" name="GetPage_Pages" />
    </UnitTest>
    <UnitTest name="UnitTests.Common.Extensions.IQueryableExtensionsTests.Order_OrdersBothWays(descending: False, expected: [1, 2, 3])" storage="d:\a\mymodule20220129\mymodule20220129\unittests\bin\unittests.dll" id="248341cb-553e-e275-a8eb-499567f40929">
      <Execution id="b01f05c0-37de-42a6-9e6b-fbd872fc4e47" />
      <TestMethod codeBase="D:\a\MyModule20220129\MyModule20220129\UnitTests\bin\UnitTests.dll" adapterTypeName="executor://xunit/VsTestRunner2/net" className="UnitTests.Common.Extensions.IQueryableExtensionsTests" name="Order_OrdersBothWays" />
    </UnitTest>
    <UnitTest name="UnitTests.Data.Repositories.GenericRepositoryTests.GetPage_Pages(page: 0, pageSize: 0, expectedItems: 1, expectedPages: 50)" storage="d:\a\mymodule20220129\mymodule20220129\unittests\bin\unittests.dll" id="3688eeeb-2a1a-6ffa-a193-543baf24437a">
      <Execution id="10f118bc-ea58-43ef-b146-7aea8177101c" />
      <TestMethod codeBase="D:\a\MyModule20220129\MyModule20220129\UnitTests\bin\UnitTests.dll" adapterTypeName="executor://xunit/VsTestRunner2/net" className="UnitTests.Data.Repositories.GenericRepositoryTests" name="GetPage_Pages" />
    </UnitTest>
    <UnitTest name="UnitTests.Services.ItemServiceTests.CreateItem_NoItemThrows" storage="d:\a\mymodule20220129\mymodule20220129\unittests\bin\unittests.dll" id="f5652070-1b22-f5a7-3f3f-68b37c9184a8">
      <Execution id="cf902679-4f1e-4d0d-bac5-81a683232068" />
      <TestMethod codeBase="D:\a\MyModule20220129\MyModule20220129\UnitTests\bin\UnitTests.dll" adapterTypeName="executor://xunit/VsTestRunner2/net" className="UnitTests.Services.ItemServiceTests" name="CreateItem_NoItemThrows" />
    </UnitTest>
    <UnitTest name="UnitTests.Data.Entities.ItemTests.ItemPropertiesPersist(id: 1, name: &quot;Name1&quot;, description: &quot;Description1&quot;)" storage="d:\a\mymodule20220129\mymodule20220129\unittests\bin\unittests.dll" id="392ed628-2028-c945-b97e-893658a1e82b">
      <Execution id="7972682d-dbd6-4d6f-9bda-6f05b3a70b94" />
      <TestMethod codeBase="D:\a\MyModule20220129\MyModule20220129\UnitTests\bin\UnitTests.dll" adapterTypeName="executor://xunit/VsTestRunner2/net" className="UnitTests.Data.Entities.ItemTests" name="ItemPropertiesPersist" />
    </UnitTest>
  </TestDefinitions>
  <TestEntries>
    <TestEntry testId="c5867bfe-f023-3ae4-485c-eae070f2ace9" executionId="cec0f0b2-d739-49f0-b6ed-d859c760926e" testListId="8c84fa94-04c1-424b-9868-57a2d4851a1d" />
    <TestEntry testId="36689490-09d4-917f-648a-70dcfcfede10" executionId="8beb6589-ccc6-4d3e-b4d6-724b87e471bb" testListId="8c84fa94-04c1-424b-9868-57a2d4851a1d" />
    <TestEntry testId="ae39aa62-5ff2-56e7-d00e-ef116d711d51" executionId="c8a3a519-cc98-4e00-8096-8de8a6daf960" testListId="8c84fa94-04c1-424b-9868-57a2d4851a1d" />
    <TestEntry testId="92b7b9f6-1294-7ea1-ffa3-91fba85074d4" executionId="c7f3bbe5-fd10-431a-9db7-47310b19f927" testListId="8c84fa94-04c1-424b-9868-57a2d4851a1d" />
    <TestEntry testId="ac1c50bc-98fd-036f-fe0f-d46cb187f90e" executionId="49bcb2fc-056f-4013-98d4-bac8e9264b24" testListId="8c84fa94-04c1-424b-9868-57a2d4851a1d" />
    <TestEntry testId="3cbfa5d3-e0f6-eff8-ed5c-556fa1f3e131" executionId="5ba9b2e4-fc83-4a8d-8cde-3896a2e96489" testListId="8c84fa94-04c1-424b-9868-57a2d4851a1d" />
    <TestEntry testId="f5652070-1b22-f5a7-3f3f-68b37c9184a8" executionId="cf902679-4f1e-4d0d-bac5-81a683232068" testListId="8c84fa94-04c1-424b-9868-57a2d4851a1d" />
    <TestEntry testId="24cfa8b0-48c3-8aab-e4c2-88694c220e2c" executionId="44f575c0-5f74-47d7-aa36-ae8006901a7f" testListId="8c84fa94-04c1-424b-9868-57a2d4851a1d" />
    <TestEntry testId="44b00d3a-bad7-aefd-141c-4a35b11463b2" executionId="67b21d46-85fa-4f7a-b27b-bcffff9f26de" testListId="8c84fa94-04c1-424b-9868-57a2d4851a1d" />
    <TestEntry testId="d16880d7-fb44-f209-43d9-ba2e0e1875de" executionId="ef12bffa-e989-49b1-907a-d42f6939e151" testListId="8c84fa94-04c1-424b-9868-57a2d4851a1d" />
    <TestEntry testId="b6579d24-7c4e-c42d-2ead-85e0f30e0a64" executionId="9ef51427-38f0-4553-97d7-e29a89789bf0" testListId="8c84fa94-04c1-424b-9868-57a2d4851a1d" />
    <TestEntry testId="bae3532a-4a9e-c4ab-fc66-4dfa22d16170" executionId="8f4314ef-cebf-404a-b1be-bb9e10b42023" testListId="8c84fa94-04c1-424b-9868-57a2d4851a1d" />
    <TestEntry testId="ffe5c770-9b99-42c0-ce21-7e50cccf4385" executionId="b5ed1ff0-4d95-4924-9d81-98327631f81b" testListId="8c84fa94-04c1-424b-9868-57a2d4851a1d" />
    <TestEntry testId="986d7e6e-d04d-b204-b01c-fbb8f09c7774" executionId="35f39863-40ee-479c-b07f-764a8ce5102a" testListId="8c84fa94-04c1-424b-9868-57a2d4851a1d" />
    <TestEntry testId="3688eeeb-2a1a-6ffa-a193-543baf24437a" executionId="10f118bc-ea58-43ef-b146-7aea8177101c" testListId="8c84fa94-04c1-424b-9868-57a2d4851a1d" />
    <TestEntry testId="ad3412e8-5f64-2020-a5b6-bd4cca8c3b7d" executionId="ac0ff15a-3cfd-4188-abf3-a99852c48ce1" testListId="8c84fa94-04c1-424b-9868-57a2d4851a1d" />
    <TestEntry testId="588a2c1b-7788-beb2-ade0-06788d455d25" executionId="2f4f3196-c990-415f-aca6-03cfcabb5d37" testListId="8c84fa94-04c1-424b-9868-57a2d4851a1d" />
    <TestEntry testId="74c28fcf-aa9b-2bab-0ff6-cfa98a0ddf49" executionId="e595b34d-6961-44fb-8d5c-eaf8c30ce09d" testListId="8c84fa94-04c1-424b-9868-57a2d4851a1d" />
    <TestEntry testId="70ede014-c412-e387-bb98-e95b3b42090d" executionId="863f64f8-80b2-489e-9fe6-c5a4a7ff7d5d" testListId="8c84fa94-04c1-424b-9868-57a2d4851a1d" />
    <TestEntry testId="d1c63cb7-1f9a-a8bf-a217-a4cbb4e5f73b" executionId="519b7f42-80c5-4d65-85a3-8f293037209a" testListId="8c84fa94-04c1-424b-9868-57a2d4851a1d" />
    <TestEntry testId="a9198ad3-782e-a37c-0b5f-1330f5318f55" executionId="94dd2a8f-78bb-4376-9fb3-ce73149d8719" testListId="8c84fa94-04c1-424b-9868-57a2d4851a1d" />
    <TestEntry testId="248341cb-553e-e275-a8eb-499567f40929" executionId="b01f05c0-37de-42a6-9e6b-fbd872fc4e47" testListId="8c84fa94-04c1-424b-9868-57a2d4851a1d" />
    <TestEntry testId="5f92ec4d-d570-0452-b891-d4cee75db9dd" executionId="c0cae1cc-8d7f-4fa4-b7b9-b35ed460cfec" testListId="8c84fa94-04c1-424b-9868-57a2d4851a1d" />
    <TestEntry testId="f754f777-4449-23e8-f4ec-917f49117de2" executionId="13baf4b8-6538-41c7-893b-bcf82e5d5529" testListId="8c84fa94-04c1-424b-9868-57a2d4851a1d" />
    <TestEntry testId="392ed628-2028-c945-b97e-893658a1e82b" executionId="7972682d-dbd6-4d6f-9bda-6f05b3a70b94" testListId="8c84fa94-04c1-424b-9868-57a2d4851a1d" />
    <TestEntry testId="96a18501-dea4-70b1-d572-baa1bb120da2" executionId="31cbbc13-c1c1-4196-95b9-97ca29586584" testListId="8c84fa94-04c1-424b-9868-57a2d4851a1d" />
    <TestEntry testId="a21637b0-54f8-4fa0-bc3b-95481a9fd90b" executionId="3e61e824-4ec5-4108-b6bc-7c694ffeab45" testListId="8c84fa94-04c1-424b-9868-57a2d4851a1d" />
    <TestEntry testId="113f48ce-a6a3-c5df-7589-ba5a5fcb9c59" executionId="ba0ce087-b71c-43e1-9d3f-b7c009a51c7b" testListId="8c84fa94-04c1-424b-9868-57a2d4851a1d" />
    <TestEntry testId="aec60494-3c2e-8ec9-f948-da5bb2043983" executionId="50707c65-6271-4fea-b46c-468998c4f226" testListId="8c84fa94-04c1-424b-9868-57a2d4851a1d" />
    <TestEntry testId="9168bdef-a759-f4d6-b890-b643e17324cf" executionId="167a5e86-7013-46cf-95ba-ab243ab2343a" testListId="8c84fa94-04c1-424b-9868-57a2d4851a1d" />
    <TestEntry testId="8ba31d1b-48e3-e04e-cff0-b927c63b4a19" executionId="233fe02e-4dd1-48c3-b871-31643669c7ad" testListId="8c84fa94-04c1-424b-9868-57a2d4851a1d" />
    <TestEntry testId="130d9133-361f-a0da-f15e-423eb98947ac" executionId="0d9b0392-3fbb-4881-85b3-4b3ace93121d" testListId="8c84fa94-04c1-424b-9868-57a2d4851a1d" />
    <TestEntry testId="b76e01b1-6afe-f33b-c6a9-ea3347176509" executionId="4bfbbb03-69da-410f-ae85-e3227894b1cf" testListId="8c84fa94-04c1-424b-9868-57a2d4851a1d" />
    <TestEntry testId="0bc54975-0bff-692e-a9b3-fc69f2c95a39" executionId="25379eab-13af-4a93-a847-7a9e1e8eda1b" testListId="8c84fa94-04c1-424b-9868-57a2d4851a1d" />
    <TestEntry testId="e4f8faa7-d0ad-86e6-1579-7bd52372b4c3" executionId="af595955-821a-4468-90da-24d4b12e3d5e" testListId="8c84fa94-04c1-424b-9868-57a2d4851a1d" />
    <TestEntry testId="99806ad3-88f0-7495-8b3e-3799a4bbb6aa" executionId="4494e6c3-0671-4295-bf69-6b3f72acd67d" testListId="8c84fa94-04c1-424b-9868-57a2d4851a1d" />
    <TestEntry testId="a21637b0-54f8-4fa0-bc3b-95481a9fd90b" executionId="771f29c6-9bd0-49a6-8e71-dd3b15f2bc44" testListId="8c84fa94-04c1-424b-9868-57a2d4851a1d" />
    <TestEntry testId="d6094ca1-b65b-5133-f464-9f7d01f0d023" executionId="5cc13b80-5d69-4764-88b6-56824f1febd8" testListId="8c84fa94-04c1-424b-9868-57a2d4851a1d" />
    <TestEntry testId="d15ea2a7-9f9f-b92b-50fa-470898da705d" executionId="7a054082-11a0-49f7-82d2-796c6dcaf900" testListId="8c84fa94-04c1-424b-9868-57a2d4851a1d" />
    <TestEntry testId="a21637b0-54f8-4fa0-bc3b-95481a9fd90b" executionId="ed637103-56d3-4a46-8c4c-2ebf6ce097a4" testListId="8c84fa94-04c1-424b-9868-57a2d4851a1d" />
    <TestEntry testId="478b61ee-7d85-9dbe-985d-08c590f8666a" executionId="3e5cfb08-77a7-4d83-98ee-6e1d76221bcb" testListId="8c84fa94-04c1-424b-9868-57a2d4851a1d" />
    <TestEntry testId="320e3c11-11d1-b3ef-0d2e-5e474f674ff1" executionId="75e54712-380e-468c-979b-97d2423668c4" testListId="8c84fa94-04c1-424b-9868-57a2d4851a1d" />
    <TestEntry testId="e55f1742-c16d-5086-2251-ad3372dd48f5" executionId="6d524738-5a0f-4b12-80a2-692a3ebd3310" testListId="8c84fa94-04c1-424b-9868-57a2d4851a1d" />
    <TestEntry testId="263c08b1-704a-f3c2-309e-6dee831dbdc9" executionId="e9f901c4-c235-4b97-ad62-3709e71b04d4" testListId="8c84fa94-04c1-424b-9868-57a2d4851a1d" />
    <TestEntry testId="ac2a99ba-3563-74a9-7d4c-8e91a58cd097" executionId="6969f7dd-ff1b-44a5-9bbe-236aad5a679c" testListId="8c84fa94-04c1-424b-9868-57a2d4851a1d" />
    <TestEntry testId="66df824b-3f38-0b36-d4ca-d3bcae9fe012" executionId="52930e29-3b0a-42cb-9c4b-bc40c5a291fe" testListId="8c84fa94-04c1-424b-9868-57a2d4851a1d" />
    <TestEntry testId="315adde5-f36d-a74f-aa46-fb22a0f78cd9" executionId="86408bb8-ba70-49c8-aaf8-f93f8e56b42d" testListId="8c84fa94-04c1-424b-9868-57a2d4851a1d" />
    <TestEntry testId="4fe0dd0f-2fa0-9c42-e816-a6df28150b72" executionId="f18e200a-ce39-4baf-93a9-a984c2376301" testListId="8c84fa94-04c1-424b-9868-57a2d4851a1d" />
    <TestEntry testId="1c164fbc-1ab1-9884-ccb8-9e84f4c977d0" executionId="00e35298-45f2-4fa6-a074-c621873fa0bb" testListId="8c84fa94-04c1-424b-9868-57a2d4851a1d" />
    <TestEntry testId="19b6234c-c2df-2304-54f9-54b0da4cd6ba" executionId="2f1908f7-18b8-485c-ac67-58c75363ba4c" testListId="8c84fa94-04c1-424b-9868-57a2d4851a1d" />
    <TestEntry testId="a21637b0-54f8-4fa0-bc3b-95481a9fd90b" executionId="5e6940e3-d13d-4d9d-b7fc-fc4637bcdbd9" testListId="8c84fa94-04c1-424b-9868-57a2d4851a1d" />
    <TestEntry testId="a21637b0-54f8-4fa0-bc3b-95481a9fd90b" executionId="974af997-45c7-4faa-b60d-81e236b895c1" testListId="8c84fa94-04c1-424b-9868-57a2d4851a1d" />
    <TestEntry testId="0ebf358f-9eac-9438-b418-9c6aa81a6377" executionId="95d1bfa5-82f6-4067-ae42-4af3005c1e96" testListId="8c84fa94-04c1-424b-9868-57a2d4851a1d" />
    <TestEntry testId="572fc310-4b67-9555-f147-153d39f2eb82" executionId="de2cda01-4bec-4c15-9ace-cf83e41d2cae" testListId="8c84fa94-04c1-424b-9868-57a2d4851a1d" />
    <TestEntry testId="61a8ccc9-c5b1-047b-3c97-f777ccc7d30b" executionId="c4759557-ad9b-42cf-9877-7185c8f42df7" testListId="8c84fa94-04c1-424b-9868-57a2d4851a1d" />
    <TestEntry testId="e1c7f76f-6195-c844-23c0-304b47fbae66" executionId="41cd2bfc-94f6-4e0d-90eb-9c94c597c9de" testListId="8c84fa94-04c1-424b-9868-57a2d4851a1d" />
    <TestEntry testId="1a74e347-4470-5271-97ab-1ebaf8693270" executionId="93cfe765-29ff-4431-b42e-e3fc78f4730e" testListId="8c84fa94-04c1-424b-9868-57a2d4851a1d" />
    <TestEntry testId="168fc980-36e3-101b-62b1-f5ab71e9fc0d" executionId="83147910-ece2-495f-a656-a9c4818578d3" testListId="8c84fa94-04c1-424b-9868-57a2d4851a1d" />
    <TestEntry testId="a21637b0-54f8-4fa0-bc3b-95481a9fd90b" executionId="40c52af4-d795-42a0-8572-d114676a6599" testListId="8c84fa94-04c1-424b-9868-57a2d4851a1d" />
    <TestEntry testId="d6cab32e-cf28-1ba8-73a6-76c46cb62c4a" executionId="6cf97f4e-f433-4971-85d2-29158dad2e45" testListId="8c84fa94-04c1-424b-9868-57a2d4851a1d" />
    <TestEntry testId="e6610648-e456-1c64-d2b1-7e1242b871a8" executionId="775706ff-4925-4e8c-8a87-671854ab494f" testListId="8c84fa94-04c1-424b-9868-57a2d4851a1d" />
    <TestEntry testId="0247c7e7-7d1c-099b-2ac8-81a47ff2509a" executionId="86066168-a36b-4db9-bf22-52f16ded88dc" testListId="8c84fa94-04c1-424b-9868-57a2d4851a1d" />
    <TestEntry testId="e6e0a140-85e7-6935-6160-ab95ecfd3c8a" executionId="47efe535-d9bb-4708-9416-0272fee12aef" testListId="8c84fa94-04c1-424b-9868-57a2d4851a1d" />
    <TestEntry testId="1017c6c1-9dd0-57dc-36e7-bb573d02562e" executionId="7a9ed15e-f113-4b82-8976-8343b6fb0f84" testListId="8c84fa94-04c1-424b-9868-57a2d4851a1d" />
  </TestEntries>
  <TestLists>
    <TestList name="Results Not in a List" id="8c84fa94-04c1-424b-9868-57a2d4851a1d" />
    <TestList name="All Loaded Results" id="19431567-8539-422a-85d7-44ee4e166bda" />
  </TestLists>
  <ResultSummary outcome="Completed">
    <Counters total="64" executed="64" passed="64" failed="0" error="0" timeout="0" aborted="0" inconclusive="0" passedButRunAborted="0" notRunnable="0" notExecuted="0" disconnected="0" warning="0" completed="0" inProgress="0" pending="0" />
    <Output>
      <StdOut>[xUnit.net 00:00:00.00] xUnit.net VSTest Adapter v2.4.3+1b45f5407b (32-bit Desktop .NET 4.0.30319.42000)&#xD;
[xUnit.net 00:00:01.51]   Discovering: UnitTests&#xD;
[xUnit.net 00:00:01.86]   Discovered:  UnitTests&#xD;
[xUnit.net 00:00:01.86]   Starting:    UnitTests&#xD;
[xUnit.net 00:00:09.00]   Finished:    UnitTests&#xD;
</StdOut>
    </Output>
  </ResultSummary>
</TestRun>