<?xml version="1.0" encoding="utf-8"?>
<TestRun id="6d768795-ee8c-425e-8d5f-01440816f30e" name="runneradmin@fv-az177-278 2022-02-01 06:19:28" runUser="fv-az177-278\runneradmin" xmlns="http://microsoft.com/schemas/VisualStudio/TeamTest/2010">
  <Times creation="2022-02-01T06:19:28.5584879+00:00" queuing="2022-02-01T06:19:28.5584881+00:00" start="2022-02-01T06:18:42.7465506+00:00" finish="2022-02-01T06:19:39.1644005+00:00" />
  <TestSettings name="default" id="14b601e3-30e9-47e1-bc44-42cbac1aef18">
    <Deployment runDeploymentRoot="runneradmin_fv-az177-278_2022-02-01_06_19_28" />
  </TestSettings>
  <Results>
    <UnitTestResult executionId="72046a99-3777-4b3a-91ef-b87837a003f6" testId="b2691cfb-5962-80d6-34ac-12efb31ff88e" testName="IntegrationTests.Controllers.ItemControllerTests.DeleteItem_Deletes" computerName="fv-az177-278" duration="00:00:00.1280000" startTime="2022-02-01T06:19:38.5192344+00:00" endTime="2022-02-01T06:19:38.5192344+00:00" testType="13cdc9d9-ddb5-4fa4-a97d-d965ccfc6d4b" outcome="Passed" testListId="8c84fa94-04c1-424b-9868-57a2d4851a1d" relativeResultsDirectory="72046a99-3777-4b3a-91ef-b87837a003f6" />
    <UnitTestResult executionId="fbe91f39-1199-4b85-9afd-d84161540023" testId="6274cd22-d848-61dd-8233-d29a2f361a38" testName="IntegrationTests.Controllers.ItemControllerTests.GetItemsPage_Query_Filters(query: &quot;Name 1&quot;, expectedResults: 12)" computerName="fv-az177-278" duration="00:00:00.0440000" startTime="2022-02-01T06:19:37.1737762+00:00" endTime="2022-02-01T06:19:37.1737762+00:00" testType="13cdc9d9-ddb5-4fa4-a97d-d965ccfc6d4b" outcome="Passed" testListId="8c84fa94-04c1-424b-9868-57a2d4851a1d" relativeResultsDirectory="fbe91f39-1199-4b85-9afd-d84161540023" />
    <UnitTestResult executionId="30671c6d-2f6c-496e-bef0-2baa3a79a97f" testId="74f30272-fd7f-9b4e-507d-1c94cc60bb29" testName="IntegrationTests.Controllers.ItemControllerTests.GetItemsPage_Query_Filters(query: &quot;1&quot;, expectedResults: 20)" computerName="fv-az177-278" duration="00:00:00.0500000" startTime="2022-02-01T06:19:37.1307016+00:00" endTime="2022-02-01T06:19:37.1307016+00:00" testType="13cdc9d9-ddb5-4fa4-a97d-d965ccfc6d4b" outcome="Passed" testListId="8c84fa94-04c1-424b-9868-57a2d4851a1d" relativeResultsDirectory="30671c6d-2f6c-496e-bef0-2baa3a79a97f" />
    <UnitTestResult executionId="8881c7c3-ce0a-4813-9589-3d4d14507f2f" testId="69a7a014-6241-5f0a-e55d-960890e56595" testName="IntegrationTests.Controllers.ServiceRouteMapperTests.RegisterRoutes_RegistersAtLestOneRoute" computerName="fv-az177-278" duration="00:00:07.9120000" startTime="2022-02-01T06:19:27.7795276+00:00" endTime="2022-02-01T06:19:27.7795276+00:00" testType="13cdc9d9-ddb5-4fa4-a97d-d965ccfc6d4b" outcome="Passed" testListId="8c84fa94-04c1-424b-9868-57a2d4851a1d" relativeResultsDirectory="8881c7c3-ce0a-4813-9589-3d4d14507f2f" />
    <UnitTestResult executionId="6f5c5302-659f-40ce-96bb-5a97a0b46b57" testId="31a1a77c-5b35-2c19-9bdc-0ee23e06e8f3" testName="IntegrationTests.Controllers.ItemControllerTests.GetItemsPage_GetsProperPages(amount: 10, expectedPages: 1)" computerName="fv-az177-278" duration="00:00:00.0930000" startTime="2022-02-01T06:19:38.2246924+00:00" endTime="2022-02-01T06:19:38.2246924+00:00" testType="13cdc9d9-ddb5-4fa4-a97d-d965ccfc6d4b" outcome="Passed" testListId="8c84fa94-04c1-424b-9868-57a2d4851a1d" relativeResultsDirectory="6f5c5302-659f-40ce-96bb-5a97a0b46b57" />
    <UnitTestResult executionId="4efdff97-75ca-461b-8ed6-fcf8a66b379b" testId="9609bc3b-2435-1be2-e2f3-2c6b217c770c" testName="IntegrationTests.Controllers.ItemControllerTests.GetItemsPage_Query_Filters(query: &quot;Missing&quot;, expectedResults: 0)" computerName="fv-az177-278" duration="00:00:00.0440000" startTime="2022-02-01T06:19:37.2181267+00:00" endTime="2022-02-01T06:19:37.2181267+00:00" testType="13cdc9d9-ddb5-4fa4-a97d-d965ccfc6d4b" outcome="Passed" testListId="8c84fa94-04c1-424b-9868-57a2d4851a1d" relativeResultsDirectory="4efdff97-75ca-461b-8ed6-fcf8a66b379b" />
    <UnitTestResult executionId="80900393-c9de-4014-88f0-66024b9732dc" testId="945f4fce-c15e-e09c-9dbf-5879cde58a78" testName="IntegrationTests.Controllers.ItemControllerTests.GetItemsPage_Page0_DefaultsToPage1" computerName="fv-az177-278" duration="00:00:00.0210000" startTime="2022-02-01T06:19:38.3902412+00:00" endTime="2022-02-01T06:19:38.3902412+00:00" testType="13cdc9d9-ddb5-4fa4-a97d-d965ccfc6d4b" outcome="Passed" testListId="8c84fa94-04c1-424b-9868-57a2d4851a1d" relativeResultsDirectory="80900393-c9de-4014-88f0-66024b9732dc" />
    <UnitTestResult executionId="aae386bb-5bec-4012-b4e0-59f579090d97" testId="1450a0ab-3596-66d8-8d08-6506bbe1f61b" testName="IntegrationTests.Controllers.ItemControllerTests.GetItemsPage_50Items_GetsProperly" computerName="fv-az177-278" duration="00:00:00.5880000" startTime="2022-02-01T06:19:37.9762687+00:00" endTime="2022-02-01T06:19:37.9762687+00:00" testType="13cdc9d9-ddb5-4fa4-a97d-d965ccfc6d4b" outcome="Passed" testListId="8c84fa94-04c1-424b-9868-57a2d4851a1d" relativeResultsDirectory="aae386bb-5bec-4012-b4e0-59f579090d97" />
    <UnitTestResult executionId="94f580b2-015f-4ff7-b1b8-710e2f044068" testId="64ce4809-e3f8-8d8e-c808-2938f18aa4d4" testName="IntegrationTests.Controllers.ItemControllerTests.GetItemsPage_Query_Filters(query: &quot;Name 2&quot;, expectedResults: 11)" computerName="fv-az177-278" duration="00:00:00.0400000" startTime="2022-02-01T06:19:37.3040479+00:00" endTime="2022-02-01T06:19:37.3040479+00:00" testType="13cdc9d9-ddb5-4fa4-a97d-d965ccfc6d4b" outcome="Passed" testListId="8c84fa94-04c1-424b-9868-57a2d4851a1d" relativeResultsDirectory="94f580b2-015f-4ff7-b1b8-710e2f044068" />
    <UnitTestResult executionId="a0484321-4f91-4957-9f37-e173d8c0a319" testId="4fd078d7-61ec-6e3f-be79-cf322012a0cd" testName="IntegrationTests.Controllers.ItemControllerTests.GetItemsPage_SortsAscending" computerName="fv-az177-278" duration="00:00:17.3150000" startTime="2022-02-01T06:19:37.0197287+00:00" endTime="2022-02-01T06:19:37.0197287+00:00" testType="13cdc9d9-ddb5-4fa4-a97d-d965ccfc6d4b" outcome="Passed" testListId="8c84fa94-04c1-424b-9868-57a2d4851a1d" relativeResultsDirectory="a0484321-4f91-4957-9f37-e173d8c0a319" />
    <UnitTestResult executionId="23241d17-d8ca-4ff1-86b7-bb6e1e223451" testId="35a21cfd-ad2b-b819-14e0-5151fe414a07" testName="IntegrationTests.Controllers.ItemControllerTests.GetItemsPage_GetsProperPages(amount: 101, expectedPages: 11)" computerName="fv-az177-278" duration="00:00:00.0430000" startTime="2022-02-01T06:19:38.2881489+00:00" endTime="2022-02-01T06:19:38.2881489+00:00" testType="13cdc9d9-ddb5-4fa4-a97d-d965ccfc6d4b" outcome="Passed" testListId="8c84fa94-04c1-424b-9868-57a2d4851a1d" relativeResultsDirectory="23241d17-d8ca-4ff1-86b7-bb6e1e223451" />
    <UnitTestResult executionId="58eacff7-806d-4d29-bf55-a3ed26124af1" testId="0a429b0b-08a8-36a6-5969-3c31a35cc366" testName="IntegrationTests.Controllers.ItemControllerTests.GetItemsPage_GetsProperPages(amount: 9, expectedPages: 1)" computerName="fv-az177-278" duration="00:00:00.0200000" startTime="2022-02-01T06:19:38.2442574+00:00" endTime="2022-02-01T06:19:38.2442574+00:00" testType="13cdc9d9-ddb5-4fa4-a97d-d965ccfc6d4b" outcome="Passed" testListId="8c84fa94-04c1-424b-9868-57a2d4851a1d" relativeResultsDirectory="58eacff7-806d-4d29-bf55-a3ed26124af1" />
    <UnitTestResult executionId="80d9df28-26b8-4e7e-ae09-c4fac2f2e350" testId="b5a2bbb3-e25b-0d71-cef7-0187c592a682" testName="IntegrationTests.Controllers.ItemControllerTests.GetItemsPage_Query_Filters(query: &quot;Name 100&quot;, expectedResults: 1)" computerName="fv-az177-278" duration="00:00:00.0450000" startTime="2022-02-01T06:19:37.2631252+00:00" endTime="2022-02-01T06:19:37.2631252+00:00" testType="13cdc9d9-ddb5-4fa4-a97d-d965ccfc6d4b" outcome="Passed" testListId="8c84fa94-04c1-424b-9868-57a2d4851a1d" relativeResultsDirectory="80d9df28-26b8-4e7e-ae09-c4fac2f2e350" />
    <UnitTestResult executionId="54be568e-08e0-40a5-be4b-576902a529a8" testId="c6abb489-2666-fd84-85be-69873a4c76cc" testName="IntegrationTests.Controllers.ItemControllerTests.CreateItem_Creates(name: &quot;name1&quot;, description: &quot;description1&quot;)" computerName="fv-az177-278" duration="00:00:00.0070000" startTime="2022-02-01T06:19:37.3880479+00:00" endTime="2022-02-01T06:19:37.3880479+00:00" testType="13cdc9d9-ddb5-4fa4-a97d-d965ccfc6d4b" outcome="Passed" testListId="8c84fa94-04c1-424b-9868-57a2d4851a1d" relativeResultsDirectory="54be568e-08e0-40a5-be4b-576902a529a8" />
    <UnitTestResult executionId="b735bf88-4ff0-48cd-8119-68a235af6228" testId="1ec97a71-0b29-f7c5-72ce-8cf48efa2e36" testName="IntegrationTests.Controllers.ItemControllerTests.CreateItem_Creates(name: &quot;name2&quot;, description: &quot;description2&quot;)" computerName="fv-az177-278" duration="00:00:00.0330000" startTime="2022-02-01T06:19:37.3810478+00:00" endTime="2022-02-01T06:19:37.3810478+00:00" testType="13cdc9d9-ddb5-4fa4-a97d-d965ccfc6d4b" outcome="Passed" testListId="8c84fa94-04c1-424b-9868-57a2d4851a1d" relativeResultsDirectory="b735bf88-4ff0-48cd-8119-68a235af6228" />
    <UnitTestResult executionId="ab650ae2-e4e2-4eaa-bb07-941ab30b4fcd" testId="75b07048-5201-d631-649a-c012e65b7444" testName="IntegrationTests.Controllers.ItemControllerTests.GetItemsPage_Query_Filters(query: &quot;Name 10&quot;, expectedResults: 2)" computerName="fv-az177-278" duration="00:00:00.0440000" startTime="2022-02-01T06:19:37.3480490+00:00" endTime="2022-02-01T06:19:37.3480490+00:00" testType="13cdc9d9-ddb5-4fa4-a97d-d965ccfc6d4b" outcome="Passed" testListId="8c84fa94-04c1-424b-9868-57a2d4851a1d" relativeResultsDirectory="ab650ae2-e4e2-4eaa-bb07-941ab30b4fcd" />
    <UnitTestResult executionId="acffec99-e958-4b64-b926-cfad9baf7b46" testId="3b96b54e-967c-6e8f-1ced-4ff4d8370be3" testName="IntegrationTests.Controllers.ItemControllerTests.GetItemsPage_Query_Filters(query: &quot;&quot;, expectedResults: 100)" computerName="fv-az177-278" duration="00:00:00.0600000" startTime="2022-02-01T06:19:37.0799337+00:00" endTime="2022-02-01T06:19:37.0799337+00:00" testType="13cdc9d9-ddb5-4fa4-a97d-d965ccfc6d4b" outcome="Passed" testListId="8c84fa94-04c1-424b-9868-57a2d4851a1d" relativeResultsDirectory="acffec99-e958-4b64-b926-cfad9baf7b46" />
    <UnitTestResult executionId="2d965175-f6f6-4625-b6ac-09684f75ba11" testId="2f8521ee-e0ca-eac4-b453-aa86236fc9b9" testName="IntegrationTests.Controllers.ItemControllerTests.GetItemsPage_SortsDescending" computerName="fv-az177-278" duration="00:00:00.0190000" startTime="2022-02-01T06:19:38.5589759+00:00" endTime="2022-02-01T06:19:38.5589759+00:00" testType="13cdc9d9-ddb5-4fa4-a97d-d965ccfc6d4b" outcome="Passed" testListId="8c84fa94-04c1-424b-9868-57a2d4851a1d" relativeResultsDirectory="2d965175-f6f6-4625-b6ac-09684f75ba11" />
    <UnitTestResult executionId="d5938d65-ff6b-4fa5-9c7a-f6ccaf557fa1" testId="fe1c9811-4463-ef95-5296-cdd71ab090b8" testName="IntegrationTests.Controllers.ItemControllerTests.DeleteItem_DeletesMissingItem" computerName="fv-az177-278" duration="00:00:00.0170000" startTime="2022-02-01T06:19:38.5920500+00:00" endTime="2022-02-01T06:19:38.5920500+00:00" testType="13cdc9d9-ddb5-4fa4-a97d-d965ccfc6d4b" outcome="Passed" testListId="8c84fa94-04c1-424b-9868-57a2d4851a1d" relativeResultsDirectory="d5938d65-ff6b-4fa5-9c7a-f6ccaf557fa1" />
    <UnitTestResult executionId="b2295cab-717c-4dc5-a983-3e8d1937ceb4" testId="eb8cb345-7707-0e07-1566-f6a04ceb2670" testName="IntegrationTests.Controllers.ItemControllerTests.CanEdit_Defaults_To_False" computerName="fv-az177-278" duration="00:00:00.0870000" startTime="2022-02-01T06:19:38.0633141+00:00" endTime="2022-02-01T06:19:38.0633141+00:00" testType="13cdc9d9-ddb5-4fa4-a97d-d965ccfc6d4b" outcome="Passed" testListId="8c84fa94-04c1-424b-9868-57a2d4851a1d" relativeResultsDirectory="b2295cab-717c-4dc5-a983-3e8d1937ceb4" />
    <UnitTestResult executionId="7e070c99-16fc-4440-9b71-be39221a87f4" testId="c6d15831-7dbe-24e6-d39b-4f317a873a34" testName="IntegrationTests.Controllers.ItemControllerTests.GetItemsPage_GetsProperPages(amount: 1, expectedPages: 1)" computerName="fv-az177-278" duration="00:00:00.0330000" startTime="2022-02-01T06:19:38.0955649+00:00" endTime="2022-02-01T06:19:38.0955649+00:00" testType="13cdc9d9-ddb5-4fa4-a97d-d965ccfc6d4b" outcome="Passed" testListId="8c84fa94-04c1-424b-9868-57a2d4851a1d" relativeResultsDirectory="7e070c99-16fc-4440-9b71-be39221a87f4" />
    <UnitTestResult executionId="a0d205b7-d2dd-46c1-9f8d-e0294bb4d752" testId="06f0962d-466b-0634-113e-f3863f9b599c" testName="IntegrationTests.Controllers.ItemControllerTests.GetItemsPage_GetsProperPages(amount: 99, expectedPages: 10)" computerName="fv-az177-278" duration="00:00:00.0360000" startTime="2022-02-01T06:19:38.2024849+00:00" endTime="2022-02-01T06:19:38.2024849+00:00" testType="13cdc9d9-ddb5-4fa4-a97d-d965ccfc6d4b" outcome="Passed" testListId="8c84fa94-04c1-424b-9868-57a2d4851a1d" relativeResultsDirectory="a0d205b7-d2dd-46c1-9f8d-e0294bb4d752" />
    <UnitTestResult executionId="4d1ed443-8d7f-4596-a493-aea6d387aa4e" testId="d18898e3-6995-0d27-8e53-1ced81186e2d" testName="IntegrationTests.Controllers.ItemControllerTests.GetItemsPage_PageSize0_DefaultsTo1" computerName="fv-az177-278" duration="00:00:00.0210000" startTime="2022-02-01T06:19:38.5399768+00:00" endTime="2022-02-01T06:19:38.5399768+00:00" testType="13cdc9d9-ddb5-4fa4-a97d-d965ccfc6d4b" outcome="Passed" testListId="8c84fa94-04c1-424b-9868-57a2d4851a1d" relativeResultsDirectory="4d1ed443-8d7f-4596-a493-aea6d387aa4e" />
    <UnitTestResult executionId="4749bf3b-c82b-4af6-87c6-e1c643b35e74" testId="43169439-e722-3696-654b-e380ed8f351d" testName="IntegrationTests.Controllers.ItemControllerTests.EditItem_Saves" computerName="fv-az177-278" duration="00:00:00.0810000" startTime="2022-02-01T06:19:38.3692411+00:00" endTime="2022-02-01T06:19:38.3692411+00:00" testType="13cdc9d9-ddb5-4fa4-a97d-d965ccfc6d4b" outcome="Passed" testListId="8c84fa94-04c1-424b-9868-57a2d4851a1d" relativeResultsDirectory="4749bf3b-c82b-4af6-87c6-e1c643b35e74" />
  </Results>
  <TestDefinitions>
    <UnitTest name="IntegrationTests.Controllers.ItemControllerTests.GetItemsPage_Query_Filters(query: &quot;Name 10&quot;, expectedResults: 2)" storage="d:\a\mymodule20220129\mymodule20220129\integrationtests\bin\integrationtests.dll" id="75b07048-5201-d631-649a-c012e65b7444">
      <Execution id="ab650ae2-e4e2-4eaa-bb07-941ab30b4fcd" />
      <TestMethod codeBase="D:\a\MyModule20220129\MyModule20220129\IntegrationTests\bin\IntegrationTests.dll" adapterTypeName="executor://xunit/VsTestRunner2/net" className="IntegrationTests.Controllers.ItemControllerTests" name="GetItemsPage_Query_Filters" />
    </UnitTest>
    <UnitTest name="IntegrationTests.Controllers.ItemControllerTests.GetItemsPage_Query_Filters(query: &quot;1&quot;, expectedResults: 20)" storage="d:\a\mymodule20220129\mymodule20220129\integrationtests\bin\integrationtests.dll" id="74f30272-fd7f-9b4e-507d-1c94cc60bb29">
      <Execution id="30671c6d-2f6c-496e-bef0-2baa3a79a97f" />
      <TestMethod codeBase="D:\a\MyModule20220129\MyModule20220129\IntegrationTests\bin\IntegrationTests.dll" adapterTypeName="executor://xunit/VsTestRunner2/net" className="IntegrationTests.Controllers.ItemControllerTests" name="GetItemsPage_Query_Filters" />
    </UnitTest>
    <UnitTest name="IntegrationTests.Controllers.ItemControllerTests.GetItemsPage_GetsProperPages(amount: 99, expectedPages: 10)" storage="d:\a\mymodule20220129\mymodule20220129\integrationtests\bin\integrationtests.dll" id="06f0962d-466b-0634-113e-f3863f9b599c">
      <Execution id="a0d205b7-d2dd-46c1-9f8d-e0294bb4d752" />
      <TestMethod codeBase="D:\a\MyModule20220129\MyModule20220129\IntegrationTests\bin\IntegrationTests.dll" adapterTypeName="executor://xunit/VsTestRunner2/net" className="IntegrationTests.Controllers.ItemControllerTests" name="GetItemsPage_GetsProperPages" />
    </UnitTest>
    <UnitTest name="IntegrationTests.Controllers.ItemControllerTests.DeleteItem_DeletesMissingItem" storage="d:\a\mymodule20220129\mymodule20220129\integrationtests\bin\integrationtests.dll" id="fe1c9811-4463-ef95-5296-cdd71ab090b8">
      <Execution id="d5938d65-ff6b-4fa5-9c7a-f6ccaf557fa1" />
      <TestMethod codeBase="D:\a\MyModule20220129\MyModule20220129\IntegrationTests\bin\IntegrationTests.dll" adapterTypeName="executor://xunit/VsTestRunner2/net" className="IntegrationTests.Controllers.ItemControllerTests" name="DeleteItem_DeletesMissingItem" />
    </UnitTest>
    <UnitTest name="IntegrationTests.Controllers.ItemControllerTests.EditItem_Saves" storage="d:\a\mymodule20220129\mymodule20220129\integrationtests\bin\integrationtests.dll" id="43169439-e722-3696-654b-e380ed8f351d">
      <Execution id="4749bf3b-c82b-4af6-87c6-e1c643b35e74" />
      <TestMethod codeBase="D:\a\MyModule20220129\MyModule20220129\IntegrationTests\bin\IntegrationTests.dll" adapterTypeName="executor://xunit/VsTestRunner2/net" className="IntegrationTests.Controllers.ItemControllerTests" name="EditItem_Saves" />
    </UnitTest>
    <UnitTest name="IntegrationTests.Controllers.ItemControllerTests.CreateItem_Creates(name: &quot;name1&quot;, description: &quot;description1&quot;)" storage="d:\a\mymodule20220129\mymodule20220129\integrationtests\bin\integrationtests.dll" id="c6abb489-2666-fd84-85be-69873a4c76cc">
      <Execution id="54be568e-08e0-40a5-be4b-576902a529a8" />
      <TestMethod codeBase="D:\a\MyModule20220129\MyModule20220129\IntegrationTests\bin\IntegrationTests.dll" adapterTypeName="executor://xunit/VsTestRunner2/net" className="IntegrationTests.Controllers.ItemControllerTests" name="CreateItem_Creates" />
    </UnitTest>
    <UnitTest name="IntegrationTests.Controllers.ItemControllerTests.GetItemsPage_Query_Filters(query: &quot;&quot;, expectedResults: 100)" storage="d:\a\mymodule20220129\mymodule20220129\integrationtests\bin\integrationtests.dll" id="3b96b54e-967c-6e8f-1ced-4ff4d8370be3">
      <Execution id="acffec99-e958-4b64-b926-cfad9baf7b46" />
      <TestMethod codeBase="D:\a\MyModule20220129\MyModule20220129\IntegrationTests\bin\IntegrationTests.dll" adapterTypeName="executor://xunit/VsTestRunner2/net" className="IntegrationTests.Controllers.ItemControllerTests" name="GetItemsPage_Query_Filters" />
    </UnitTest>
    <UnitTest name="IntegrationTests.Controllers.ItemControllerTests.GetItemsPage_SortsDescending" storage="d:\a\mymodule20220129\mymodule20220129\integrationtests\bin\integrationtests.dll" id="2f8521ee-e0ca-eac4-b453-aa86236fc9b9">
      <Execution id="2d965175-f6f6-4625-b6ac-09684f75ba11" />
      <TestMethod codeBase="D:\a\MyModule20220129\MyModule20220129\IntegrationTests\bin\IntegrationTests.dll" adapterTypeName="executor://xunit/VsTestRunner2/net" className="IntegrationTests.Controllers.ItemControllerTests" name="GetItemsPage_SortsDescending" />
    </UnitTest>
    <UnitTest name="IntegrationTests.Controllers.ItemControllerTests.GetItemsPage_Page0_DefaultsToPage1" storage="d:\a\mymodule20220129\mymodule20220129\integrationtests\bin\integrationtests.dll" id="945f4fce-c15e-e09c-9dbf-5879cde58a78">
      <Execution id="80900393-c9de-4014-88f0-66024b9732dc" />
      <TestMethod codeBase="D:\a\MyModule20220129\MyModule20220129\IntegrationTests\bin\IntegrationTests.dll" adapterTypeName="executor://xunit/VsTestRunner2/net" className="IntegrationTests.Controllers.ItemControllerTests" name="GetItemsPage_Page0_DefaultsToPage1" />
    </UnitTest>
    <UnitTest name="IntegrationTests.Controllers.ItemControllerTests.GetItemsPage_50Items_GetsProperly" storage="d:\a\mymodule20220129\mymodule20220129\integrationtests\bin\integrationtests.dll" id="1450a0ab-3596-66d8-8d08-6506bbe1f61b">
      <Execution id="aae386bb-5bec-4012-b4e0-59f579090d97" />
      <TestMethod codeBase="D:\a\MyModule20220129\MyModule20220129\IntegrationTests\bin\IntegrationTests.dll" adapterTypeName="executor://xunit/VsTestRunner2/net" className="IntegrationTests.Controllers.ItemControllerTests" name="GetItemsPage_50Items_GetsProperly" />
    </UnitTest>
    <UnitTest name="IntegrationTests.Controllers.ItemControllerTests.GetItemsPage_GetsProperPages(amount: 101, expectedPages: 11)" storage="d:\a\mymodule20220129\mymodule20220129\integrationtests\bin\integrationtests.dll" id="35a21cfd-ad2b-b819-14e0-5151fe414a07">
      <Execution id="23241d17-d8ca-4ff1-86b7-bb6e1e223451" />
      <TestMethod codeBase="D:\a\MyModule20220129\MyModule20220129\IntegrationTests\bin\IntegrationTests.dll" adapterTypeName="executor://xunit/VsTestRunner2/net" className="IntegrationTests.Controllers.ItemControllerTests" name="GetItemsPage_GetsProperPages" />
    </UnitTest>
    <UnitTest name="IntegrationTests.Controllers.ItemControllerTests.GetItemsPage_GetsProperPages(amount: 1, expectedPages: 1)" storage="d:\a\mymodule20220129\mymodule20220129\integrationtests\bin\integrationtests.dll" id="c6d15831-7dbe-24e6-d39b-4f317a873a34">
      <Execution id="7e070c99-16fc-4440-9b71-be39221a87f4" />
      <TestMethod codeBase="D:\a\MyModule20220129\MyModule20220129\IntegrationTests\bin\IntegrationTests.dll" adapterTypeName="executor://xunit/VsTestRunner2/net" className="IntegrationTests.Controllers.ItemControllerTests" name="GetItemsPage_GetsProperPages" />
    </UnitTest>
    <UnitTest name="IntegrationTests.Controllers.ItemControllerTests.CreateItem_Creates(name: &quot;name2&quot;, description: &quot;description2&quot;)" storage="d:\a\mymodule20220129\mymodule20220129\integrationtests\bin\integrationtests.dll" id="1ec97a71-0b29-f7c5-72ce-8cf48efa2e36">
      <Execution id="b735bf88-4ff0-48cd-8119-68a235af6228" />
      <TestMethod codeBase="D:\a\MyModule20220129\MyModule20220129\IntegrationTests\bin\IntegrationTests.dll" adapterTypeName="executor://xunit/VsTestRunner2/net" className="IntegrationTests.Controllers.ItemControllerTests" name="CreateItem_Creates" />
    </UnitTest>
    <UnitTest name="IntegrationTests.Controllers.ItemControllerTests.GetItemsPage_SortsAscending" storage="d:\a\mymodule20220129\mymodule20220129\integrationtests\bin\integrationtests.dll" id="4fd078d7-61ec-6e3f-be79-cf322012a0cd">
      <Execution id="a0484321-4f91-4957-9f37-e173d8c0a319" />
      <TestMethod codeBase="D:\a\MyModule20220129\MyModule20220129\IntegrationTests\bin\IntegrationTests.dll" adapterTypeName="executor://xunit/VsTestRunner2/net" className="IntegrationTests.Controllers.ItemControllerTests" name="GetItemsPage_SortsAscending" />
    </UnitTest>
    <UnitTest name="IntegrationTests.Controllers.ItemControllerTests.GetItemsPage_PageSize0_DefaultsTo1" storage="d:\a\mymodule20220129\mymodule20220129\integrationtests\bin\integrationtests.dll" id="d18898e3-6995-0d27-8e53-1ced81186e2d">
      <Execution id="4d1ed443-8d7f-4596-a493-aea6d387aa4e" />
      <TestMethod codeBase="D:\a\MyModule20220129\MyModule20220129\IntegrationTests\bin\IntegrationTests.dll" adapterTypeName="executor://xunit/VsTestRunner2/net" className="IntegrationTests.Controllers.ItemControllerTests" name="GetItemsPage_PageSize0_DefaultsTo1" />
    </UnitTest>
    <UnitTest name="IntegrationTests.Controllers.ItemControllerTests.GetItemsPage_GetsProperPages(amount: 9, expectedPages: 1)" storage="d:\a\mymodule20220129\mymodule20220129\integrationtests\bin\integrationtests.dll" id="0a429b0b-08a8-36a6-5969-3c31a35cc366">
      <Execution id="58eacff7-806d-4d29-bf55-a3ed26124af1" />
      <TestMethod codeBase="D:\a\MyModule20220129\MyModule20220129\IntegrationTests\bin\IntegrationTests.dll" adapterTypeName="executor://xunit/VsTestRunner2/net" className="IntegrationTests.Controllers.ItemControllerTests" name="GetItemsPage_GetsProperPages" />
    </UnitTest>
    <UnitTest name="IntegrationTests.Controllers.ItemControllerTests.GetItemsPage_GetsProperPages(amount: 10, expectedPages: 1)" storage="d:\a\mymodule20220129\mymodule20220129\integrationtests\bin\integrationtests.dll" id="31a1a77c-5b35-2c19-9bdc-0ee23e06e8f3">
      <Execution id="6f5c5302-659f-40ce-96bb-5a97a0b46b57" />
      <TestMethod codeBase="D:\a\MyModule20220129\MyModule20220129\IntegrationTests\bin\IntegrationTests.dll" adapterTypeName="executor://xunit/VsTestRunner2/net" className="IntegrationTests.Controllers.ItemControllerTests" name="GetItemsPage_GetsProperPages" />
    </UnitTest>
    <UnitTest name="IntegrationTests.Controllers.ItemControllerTests.GetItemsPage_Query_Filters(query: &quot;Missing&quot;, expectedResults: 0)" storage="d:\a\mymodule20220129\mymodule20220129\integrationtests\bin\integrationtests.dll" id="9609bc3b-2435-1be2-e2f3-2c6b217c770c">
      <Execution id="4efdff97-75ca-461b-8ed6-fcf8a66b379b" />
      <TestMethod codeBase="D:\a\MyModule20220129\MyModule20220129\IntegrationTests\bin\IntegrationTests.dll" adapterTypeName="executor://xunit/VsTestRunner2/net" className="IntegrationTests.Controllers.ItemControllerTests" name="GetItemsPage_Query_Filters" />
    </UnitTest>
    <UnitTest name="IntegrationTests.Controllers.ItemControllerTests.DeleteItem_Deletes" storage="d:\a\mymodule20220129\mymodule20220129\integrationtests\bin\integrationtests.dll" id="b2691cfb-5962-80d6-34ac-12efb31ff88e">
      <Execution id="72046a99-3777-4b3a-91ef-b87837a003f6" />
      <TestMethod codeBase="D:\a\MyModule20220129\MyModule20220129\IntegrationTests\bin\IntegrationTests.dll" adapterTypeName="executor://xunit/VsTestRunner2/net" className="IntegrationTests.Controllers.ItemControllerTests" name="DeleteItem_Deletes" />
    </UnitTest>
    <UnitTest name="IntegrationTests.Controllers.ItemControllerTests.GetItemsPage_Query_Filters(query: &quot;Name 2&quot;, expectedResults: 11)" storage="d:\a\mymodule20220129\mymodule20220129\integrationtests\bin\integrationtests.dll" id="64ce4809-e3f8-8d8e-c808-2938f18aa4d4">
      <Execution id="94f580b2-015f-4ff7-b1b8-710e2f044068" />
      <TestMethod codeBase="D:\a\MyModule20220129\MyModule20220129\IntegrationTests\bin\IntegrationTests.dll" adapterTypeName="executor://xunit/VsTestRunner2/net" className="IntegrationTests.Controllers.ItemControllerTests" name="GetItemsPage_Query_Filters" />
    </UnitTest>
    <UnitTest name="IntegrationTests.Controllers.ItemControllerTests.GetItemsPage_Query_Filters(query: &quot;Name 100&quot;, expectedResults: 1)" storage="d:\a\mymodule20220129\mymodule20220129\integrationtests\bin\integrationtests.dll" id="b5a2bbb3-e25b-0d71-cef7-0187c592a682">
      <Execution id="80d9df28-26b8-4e7e-ae09-c4fac2f2e350" />
      <TestMethod codeBase="D:\a\MyModule20220129\MyModule20220129\IntegrationTests\bin\IntegrationTests.dll" adapterTypeName="executor://xunit/VsTestRunner2/net" className="IntegrationTests.Controllers.ItemControllerTests" name="GetItemsPage_Query_Filters" />
    </UnitTest>
    <UnitTest name="IntegrationTests.Controllers.ServiceRouteMapperTests.RegisterRoutes_RegistersAtLestOneRoute" storage="d:\a\mymodule20220129\mymodule20220129\integrationtests\bin\integrationtests.dll" id="69a7a014-6241-5f0a-e55d-960890e56595">
      <Execution id="8881c7c3-ce0a-4813-9589-3d4d14507f2f" />
      <TestMethod codeBase="D:\a\MyModule20220129\MyModule20220129\IntegrationTests\bin\IntegrationTests.dll" adapterTypeName="executor://xunit/VsTestRunner2/net" className="IntegrationTests.Controllers.ServiceRouteMapperTests" name="RegisterRoutes_RegistersAtLestOneRoute" />
    </UnitTest>
    <UnitTest name="IntegrationTests.Controllers.ItemControllerTests.GetItemsPage_Query_Filters(query: &quot;Name 1&quot;, expectedResults: 12)" storage="d:\a\mymodule20220129\mymodule20220129\integrationtests\bin\integrationtests.dll" id="6274cd22-d848-61dd-8233-d29a2f361a38">
      <Execution id="fbe91f39-1199-4b85-9afd-d84161540023" />
      <TestMethod codeBase="D:\a\MyModule20220129\MyModule20220129\IntegrationTests\bin\IntegrationTests.dll" adapterTypeName="executor://xunit/VsTestRunner2/net" className="IntegrationTests.Controllers.ItemControllerTests" name="GetItemsPage_Query_Filters" />
    </UnitTest>
    <UnitTest name="IntegrationTests.Controllers.ItemControllerTests.CanEdit_Defaults_To_False" storage="d:\a\mymodule20220129\mymodule20220129\integrationtests\bin\integrationtests.dll" id="eb8cb345-7707-0e07-1566-f6a04ceb2670">
      <Execution id="b2295cab-717c-4dc5-a983-3e8d1937ceb4" />
      <TestMethod codeBase="D:\a\MyModule20220129\MyModule20220129\IntegrationTests\bin\IntegrationTests.dll" adapterTypeName="executor://xunit/VsTestRunner2/net" className="IntegrationTests.Controllers.ItemControllerTests" name="CanEdit_Defaults_To_False" />
    </UnitTest>
  </TestDefinitions>
  <TestEntries>
    <TestEntry testId="b2691cfb-5962-80d6-34ac-12efb31ff88e" executionId="72046a99-3777-4b3a-91ef-b87837a003f6" testListId="8c84fa94-04c1-424b-9868-57a2d4851a1d" />
    <TestEntry testId="6274cd22-d848-61dd-8233-d29a2f361a38" executionId="fbe91f39-1199-4b85-9afd-d84161540023" testListId="8c84fa94-04c1-424b-9868-57a2d4851a1d" />
    <TestEntry testId="74f30272-fd7f-9b4e-507d-1c94cc60bb29" executionId="30671c6d-2f6c-496e-bef0-2baa3a79a97f" testListId="8c84fa94-04c1-424b-9868-57a2d4851a1d" />
    <TestEntry testId="69a7a014-6241-5f0a-e55d-960890e56595" executionId="8881c7c3-ce0a-4813-9589-3d4d14507f2f" testListId="8c84fa94-04c1-424b-9868-57a2d4851a1d" />
    <TestEntry testId="31a1a77c-5b35-2c19-9bdc-0ee23e06e8f3" executionId="6f5c5302-659f-40ce-96bb-5a97a0b46b57" testListId="8c84fa94-04c1-424b-9868-57a2d4851a1d" />
    <TestEntry testId="9609bc3b-2435-1be2-e2f3-2c6b217c770c" executionId="4efdff97-75ca-461b-8ed6-fcf8a66b379b" testListId="8c84fa94-04c1-424b-9868-57a2d4851a1d" />
    <TestEntry testId="945f4fce-c15e-e09c-9dbf-5879cde58a78" executionId="80900393-c9de-4014-88f0-66024b9732dc" testListId="8c84fa94-04c1-424b-9868-57a2d4851a1d" />
    <TestEntry testId="1450a0ab-3596-66d8-8d08-6506bbe1f61b" executionId="aae386bb-5bec-4012-b4e0-59f579090d97" testListId="8c84fa94-04c1-424b-9868-57a2d4851a1d" />
    <TestEntry testId="64ce4809-e3f8-8d8e-c808-2938f18aa4d4" executionId="94f580b2-015f-4ff7-b1b8-710e2f044068" testListId="8c84fa94-04c1-424b-9868-57a2d4851a1d" />
    <TestEntry testId="4fd078d7-61ec-6e3f-be79-cf322012a0cd" executionId="a0484321-4f91-4957-9f37-e173d8c0a319" testListId="8c84fa94-04c1-424b-9868-57a2d4851a1d" />
    <TestEntry testId="35a21cfd-ad2b-b819-14e0-5151fe414a07" executionId="23241d17-d8ca-4ff1-86b7-bb6e1e223451" testListId="8c84fa94-04c1-424b-9868-57a2d4851a1d" />
    <TestEntry testId="0a429b0b-08a8-36a6-5969-3c31a35cc366" executionId="58eacff7-806d-4d29-bf55-a3ed26124af1" testListId="8c84fa94-04c1-424b-9868-57a2d4851a1d" />
    <TestEntry testId="b5a2bbb3-e25b-0d71-cef7-0187c592a682" executionId="80d9df28-26b8-4e7e-ae09-c4fac2f2e350" testListId="8c84fa94-04c1-424b-9868-57a2d4851a1d" />
    <TestEntry testId="c6abb489-2666-fd84-85be-69873a4c76cc" executionId="54be568e-08e0-40a5-be4b-576902a529a8" testListId="8c84fa94-04c1-424b-9868-57a2d4851a1d" />
    <TestEntry testId="1ec97a71-0b29-f7c5-72ce-8cf48efa2e36" executionId="b735bf88-4ff0-48cd-8119-68a235af6228" testListId="8c84fa94-04c1-424b-9868-57a2d4851a1d" />
    <TestEntry testId="75b07048-5201-d631-649a-c012e65b7444" executionId="ab650ae2-e4e2-4eaa-bb07-941ab30b4fcd" testListId="8c84fa94-04c1-424b-9868-57a2d4851a1d" />
    <TestEntry testId="3b96b54e-967c-6e8f-1ced-4ff4d8370be3" executionId="acffec99-e958-4b64-b926-cfad9baf7b46" testListId="8c84fa94-04c1-424b-9868-57a2d4851a1d" />
    <TestEntry testId="2f8521ee-e0ca-eac4-b453-aa86236fc9b9" executionId="2d965175-f6f6-4625-b6ac-09684f75ba11" testListId="8c84fa94-04c1-424b-9868-57a2d4851a1d" />
    <TestEntry testId="fe1c9811-4463-ef95-5296-cdd71ab090b8" executionId="d5938d65-ff6b-4fa5-9c7a-f6ccaf557fa1" testListId="8c84fa94-04c1-424b-9868-57a2d4851a1d" />
    <TestEntry testId="eb8cb345-7707-0e07-1566-f6a04ceb2670" executionId="b2295cab-717c-4dc5-a983-3e8d1937ceb4" testListId="8c84fa94-04c1-424b-9868-57a2d4851a1d" />
    <TestEntry testId="c6d15831-7dbe-24e6-d39b-4f317a873a34" executionId="7e070c99-16fc-4440-9b71-be39221a87f4" testListId="8c84fa94-04c1-424b-9868-57a2d4851a1d" />
    <TestEntry testId="06f0962d-466b-0634-113e-f3863f9b599c" executionId="a0d205b7-d2dd-46c1-9f8d-e0294bb4d752" testListId="8c84fa94-04c1-424b-9868-57a2d4851a1d" />
    <TestEntry testId="d18898e3-6995-0d27-8e53-1ced81186e2d" executionId="4d1ed443-8d7f-4596-a493-aea6d387aa4e" testListId="8c84fa94-04c1-424b-9868-57a2d4851a1d" />
    <TestEntry testId="43169439-e722-3696-654b-e380ed8f351d" executionId="4749bf3b-c82b-4af6-87c6-e1c643b35e74" testListId="8c84fa94-04c1-424b-9868-57a2d4851a1d" />
  </TestEntries>
  <TestLists>
    <TestList name="Results Not in a List" id="8c84fa94-04c1-424b-9868-57a2d4851a1d" />
    <TestList name="All Loaded Results" id="19431567-8539-422a-85d7-44ee4e166bda" />
  </TestLists>
  <ResultSummary outcome="Completed">
    <Counters total="24" executed="24" passed="24" failed="0" error="0" timeout="0" aborted="0" inconclusive="0" passedButRunAborted="0" notRunnable="0" notExecuted="0" disconnected="0" warning="0" completed="0" inProgress="0" pending="0" />
    <Output>
      <StdOut>[xUnit.net 00:00:00.19] xUnit.net VSTest Adapter v2.4.3+1b45f5407b (32-bit Desktop .NET 4.0.30319.42000)&#xD;
[xUnit.net 00:00:05.28]   Discovering: IntegrationTests&#xD;
[xUnit.net 00:00:06.85]   Discovered:  IntegrationTests&#xD;
[xUnit.net 00:00:06.86]   Starting:    IntegrationTests&#xD;
[xUnit.net 00:00:26.48]   Finished:    IntegrationTests&#xD;
</StdOut>
    </Output>
  </ResultSummary>
</TestRun>