<?xml version="1.0" encoding="utf-8"?>
<TestRun id="afb6dcd0-f6dc-42ea-995a-6959ba6f0539" name="runneradmin@fv-az177-278 2022-02-02 01:59:55" runUser="fv-az177-278\runneradmin" xmlns="http://microsoft.com/schemas/VisualStudio/TeamTest/2010">
  <Times creation="2022-02-02T01:59:55.6860706+00:00" queuing="2022-02-02T01:59:55.6860707+00:00" start="2022-02-02T01:59:06.9981426+00:00" finish="2022-02-02T02:00:09.2100633+00:00" />
  <TestSettings name="default" id="8c8d32a2-06ed-4b3a-9802-05b0a0dbf170">
    <Deployment runDeploymentRoot="runneradmin_fv-az177-278_2022-02-02_01_59_55" />
  </TestSettings>
  <Results>
    <UnitTestResult executionId="adf32c32-5405-46a1-b329-264b7d6e2adf" testId="06f0962d-466b-0634-113e-f3863f9b599c" testName="IntegrationTests.Controllers.ItemControllerTests.GetItemsPage_GetsProperPages(amount: 99, expectedPages: 10)" computerName="fv-az177-278" duration="00:00:00.0370000" startTime="2022-02-02T02:00:07.5996103+00:00" endTime="2022-02-02T02:00:07.5996103+00:00" testType="13cdc9d9-ddb5-4fa4-a97d-d965ccfc6d4b" outcome="Passed" testListId="8c84fa94-04c1-424b-9868-57a2d4851a1d" relativeResultsDirectory="adf32c32-5405-46a1-b329-264b7d6e2adf" />
    <UnitTestResult executionId="bbc79f40-52d5-4b4a-83fb-c15fa46f0fda" testId="1ec97a71-0b29-f7c5-72ce-8cf48efa2e36" testName="IntegrationTests.Controllers.ItemControllerTests.CreateItem_Creates(name: &quot;name2&quot;, description: &quot;description2&quot;)" computerName="fv-az177-278" duration="00:00:00.0300000" startTime="2022-02-02T02:00:07.3220674+00:00" endTime="2022-02-02T02:00:07.3220674+00:00" testType="13cdc9d9-ddb5-4fa4-a97d-d965ccfc6d4b" outcome="Passed" testListId="8c84fa94-04c1-424b-9868-57a2d4851a1d" relativeResultsDirectory="bbc79f40-52d5-4b4a-83fb-c15fa46f0fda" />
    <UnitTestResult executionId="b7a8aefe-1d9e-43e1-94e5-476e5c37536a" testId="4fd078d7-61ec-6e3f-be79-cf322012a0cd" testName="IntegrationTests.Controllers.ItemControllerTests.GetItemsPage_SortsAscending" computerName="fv-az177-278" duration="00:00:20.5320000" startTime="2022-02-02T02:00:07.0069349+00:00" endTime="2022-02-02T02:00:07.0069349+00:00" testType="13cdc9d9-ddb5-4fa4-a97d-d965ccfc6d4b" outcome="Passed" testListId="8c84fa94-04c1-424b-9868-57a2d4851a1d" relativeResultsDirectory="b7a8aefe-1d9e-43e1-94e5-476e5c37536a" />
    <UnitTestResult executionId="cd7e41e5-6059-4f0d-9d94-4e9be05d2a06" testId="6274cd22-d848-61dd-8233-d29a2f361a38" testName="IntegrationTests.Controllers.ItemControllerTests.GetItemsPage_Query_Filters(query: &quot;Name 1&quot;, expectedResults: 12)" computerName="fv-az177-278" duration="00:00:00.0390000" startTime="2022-02-02T02:00:07.1397519+00:00" endTime="2022-02-02T02:00:07.1397519+00:00" testType="13cdc9d9-ddb5-4fa4-a97d-d965ccfc6d4b" outcome="Passed" testListId="8c84fa94-04c1-424b-9868-57a2d4851a1d" relativeResultsDirectory="cd7e41e5-6059-4f0d-9d94-4e9be05d2a06" />
    <UnitTestResult executionId="d74b5e27-b3a7-4cbc-aea6-59f6d5a0dee2" testId="75b07048-5201-d631-649a-c012e65b7444" testName="IntegrationTests.Controllers.ItemControllerTests.GetItemsPage_Query_Filters(query: &quot;Name 10&quot;, expectedResults: 2)" computerName="fv-az177-278" duration="00:00:00.0390000" startTime="2022-02-02T02:00:07.2927491+00:00" endTime="2022-02-02T02:00:07.2927491+00:00" testType="13cdc9d9-ddb5-4fa4-a97d-d965ccfc6d4b" outcome="Passed" testListId="8c84fa94-04c1-424b-9868-57a2d4851a1d" relativeResultsDirectory="d74b5e27-b3a7-4cbc-aea6-59f6d5a0dee2" />
    <UnitTestResult executionId="df3d5353-1900-44c0-afb0-a9813aabf693" testId="43169439-e722-3696-654b-e380ed8f351d" testName="IntegrationTests.Controllers.ItemControllerTests.EditItem_Saves" computerName="fv-az177-278" duration="00:00:00.5670000" startTime="2022-02-02T02:00:08.2377296+00:00" endTime="2022-02-02T02:00:08.2377296+00:00" testType="13cdc9d9-ddb5-4fa4-a97d-d965ccfc6d4b" outcome="Passed" testListId="8c84fa94-04c1-424b-9868-57a2d4851a1d" relativeResultsDirectory="df3d5353-1900-44c0-afb0-a9813aabf693" />
    <UnitTestResult executionId="7ffc0294-86de-431b-8cf3-53618f65e637" testId="b2691cfb-5962-80d6-34ac-12efb31ff88e" testName="IntegrationTests.Controllers.ItemControllerTests.DeleteItem_Deletes" computerName="fv-az177-278" duration="00:00:00.1060000" startTime="2022-02-02T02:00:08.3737492+00:00" endTime="2022-02-02T02:00:08.3737492+00:00" testType="13cdc9d9-ddb5-4fa4-a97d-d965ccfc6d4b" outcome="Passed" testListId="8c84fa94-04c1-424b-9868-57a2d4851a1d" relativeResultsDirectory="7ffc0294-86de-431b-8cf3-53618f65e637" />
    <UnitTestResult executionId="017ccfeb-0082-4d84-b19d-d29014b5dd1f" testId="c6d15831-7dbe-24e6-d39b-4f317a873a34" testName="IntegrationTests.Controllers.ItemControllerTests.GetItemsPage_GetsProperPages(amount: 1, expectedPages: 1)" computerName="fv-az177-278" duration="00:00:00.0220000" startTime="2022-02-02T02:00:07.5616471+00:00" endTime="2022-02-02T02:00:07.5616471+00:00" testType="13cdc9d9-ddb5-4fa4-a97d-d965ccfc6d4b" outcome="Passed" testListId="8c84fa94-04c1-424b-9868-57a2d4851a1d" relativeResultsDirectory="017ccfeb-0082-4d84-b19d-d29014b5dd1f" />
    <UnitTestResult executionId="15c111f3-e8e0-454b-bb9f-4b3b1856ba9f" testId="0a429b0b-08a8-36a6-5969-3c31a35cc366" testName="IntegrationTests.Controllers.ItemControllerTests.GetItemsPage_GetsProperPages(amount: 9, expectedPages: 1)" computerName="fv-az177-278" duration="00:00:00.0170000" startTime="2022-02-02T02:00:07.6336108+00:00" endTime="2022-02-02T02:00:07.6336108+00:00" testType="13cdc9d9-ddb5-4fa4-a97d-d965ccfc6d4b" outcome="Passed" testListId="8c84fa94-04c1-424b-9868-57a2d4851a1d" relativeResultsDirectory="15c111f3-e8e0-454b-bb9f-4b3b1856ba9f" />
    <UnitTestResult executionId="8f8e7137-93a5-4af0-a025-84b33acc5335" testId="31a1a77c-5b35-2c19-9bdc-0ee23e06e8f3" testName="IntegrationTests.Controllers.ItemControllerTests.GetItemsPage_GetsProperPages(amount: 10, expectedPages: 1)" computerName="fv-az177-278" duration="00:00:00.0170000" startTime="2022-02-02T02:00:07.6166106+00:00" endTime="2022-02-02T02:00:07.6166106+00:00" testType="13cdc9d9-ddb5-4fa4-a97d-d965ccfc6d4b" outcome="Passed" testListId="8c84fa94-04c1-424b-9868-57a2d4851a1d" relativeResultsDirectory="8f8e7137-93a5-4af0-a025-84b33acc5335" />
    <UnitTestResult executionId="6f3b001e-5919-429a-9da7-8bf3b2695c69" testId="d18898e3-6995-0d27-8e53-1ced81186e2d" testName="IntegrationTests.Controllers.ItemControllerTests.GetItemsPage_PageSize0_DefaultsTo1" computerName="fv-az177-278" duration="00:00:00.0220000" startTime="2022-02-02T02:00:08.3957340+00:00" endTime="2022-02-02T02:00:08.3957340+00:00" testType="13cdc9d9-ddb5-4fa4-a97d-d965ccfc6d4b" outcome="Passed" testListId="8c84fa94-04c1-424b-9868-57a2d4851a1d" relativeResultsDirectory="6f3b001e-5919-429a-9da7-8bf3b2695c69" />
    <UnitTestResult executionId="84bd4019-6108-4f83-b736-c15a5bbe28e6" testId="eb8cb345-7707-0e07-1566-f6a04ceb2670" testName="IntegrationTests.Controllers.ItemControllerTests.CanEdit_Defaults_To_False" computerName="fv-az177-278" duration="00:00:00.1160000" startTime="2022-02-02T02:00:07.5406101+00:00" endTime="2022-02-02T02:00:07.5406101+00:00" testType="13cdc9d9-ddb5-4fa4-a97d-d965ccfc6d4b" outcome="Passed" testListId="8c84fa94-04c1-424b-9868-57a2d4851a1d" relativeResultsDirectory="84bd4019-6108-4f83-b736-c15a5bbe28e6" />
    <UnitTestResult executionId="42e4b057-727e-4d55-9335-b2c1eecf417d" testId="74f30272-fd7f-9b4e-507d-1c94cc60bb29" testName="IntegrationTests.Controllers.ItemControllerTests.GetItemsPage_Query_Filters(query: &quot;1&quot;, expectedResults: 20)" computerName="fv-az177-278" duration="00:00:00.0450000" startTime="2022-02-02T02:00:07.1004548+00:00" endTime="2022-02-02T02:00:07.1004548+00:00" testType="13cdc9d9-ddb5-4fa4-a97d-d965ccfc6d4b" outcome="Passed" testListId="8c84fa94-04c1-424b-9868-57a2d4851a1d" relativeResultsDirectory="42e4b057-727e-4d55-9335-b2c1eecf417d" />
    <UnitTestResult executionId="13847c4a-e08e-4d86-9168-b17b58ffcf70" testId="64ce4809-e3f8-8d8e-c808-2938f18aa4d4" testName="IntegrationTests.Controllers.ItemControllerTests.GetItemsPage_Query_Filters(query: &quot;Name 2&quot;, expectedResults: 11)" computerName="fv-az177-278" duration="00:00:00.0330000" startTime="2022-02-02T02:00:07.2537161+00:00" endTime="2022-02-02T02:00:07.2537161+00:00" testType="13cdc9d9-ddb5-4fa4-a97d-d965ccfc6d4b" outcome="Passed" testListId="8c84fa94-04c1-424b-9868-57a2d4851a1d" relativeResultsDirectory="13847c4a-e08e-4d86-9168-b17b58ffcf70" />
    <UnitTestResult executionId="eb15a3b0-e073-422b-98b2-0affc8ad3b08" testId="69a7a014-6241-5f0a-e55d-960890e56595" testName="IntegrationTests.Controllers.ServiceRouteMapperTests.RegisterRoutes_RegistersAtLestOneRoute" computerName="fv-az177-278" duration="00:00:08.3580000" startTime="2022-02-02T01:59:55.0036886+00:00" endTime="2022-02-02T01:59:55.0036886+00:00" testType="13cdc9d9-ddb5-4fa4-a97d-d965ccfc6d4b" outcome="Passed" testListId="8c84fa94-04c1-424b-9868-57a2d4851a1d" relativeResultsDirectory="eb15a3b0-e073-422b-98b2-0affc8ad3b08" />
    <UnitTestResult executionId="1718e073-24f2-4580-ad97-5784ddf11f95" testId="c6abb489-2666-fd84-85be-69873a4c76cc" testName="IntegrationTests.Controllers.ItemControllerTests.CreateItem_Creates(name: &quot;name1&quot;, description: &quot;description1&quot;)" computerName="fv-az177-278" duration="00:00:00.0060000" startTime="2022-02-02T02:00:07.3280700+00:00" endTime="2022-02-02T02:00:07.3280700+00:00" testType="13cdc9d9-ddb5-4fa4-a97d-d965ccfc6d4b" outcome="Passed" testListId="8c84fa94-04c1-424b-9868-57a2d4851a1d" relativeResultsDirectory="1718e073-24f2-4580-ad97-5784ddf11f95" />
    <UnitTestResult executionId="f6b5075d-0e20-4de4-a96b-f41ce95136ce" testId="1450a0ab-3596-66d8-8d08-6506bbe1f61b" testName="IntegrationTests.Controllers.ItemControllerTests.GetItemsPage_50Items_GetsProperly" computerName="fv-az177-278" duration="00:00:00.0960000" startTime="2022-02-02T02:00:07.4236393+00:00" endTime="2022-02-02T02:00:07.4236393+00:00" testType="13cdc9d9-ddb5-4fa4-a97d-d965ccfc6d4b" outcome="Passed" testListId="8c84fa94-04c1-424b-9868-57a2d4851a1d" relativeResultsDirectory="f6b5075d-0e20-4de4-a96b-f41ce95136ce" />
    <UnitTestResult executionId="e0aaaab0-049c-48d3-aa2e-74a227f1a8e0" testId="fe1c9811-4463-ef95-5296-cdd71ab090b8" testName="IntegrationTests.Controllers.ItemControllerTests.DeleteItem_DeletesMissingItem" computerName="fv-az177-278" duration="00:00:00.0110000" startTime="2022-02-02T02:00:08.4254920+00:00" endTime="2022-02-02T02:00:08.4254920+00:00" testType="13cdc9d9-ddb5-4fa4-a97d-d965ccfc6d4b" outcome="Passed" testListId="8c84fa94-04c1-424b-9868-57a2d4851a1d" relativeResultsDirectory="e0aaaab0-049c-48d3-aa2e-74a227f1a8e0" />
    <UnitTestResult executionId="31a3977a-b2a6-4e50-bb93-dab50bc312fb" testId="35a21cfd-ad2b-b819-14e0-5151fe414a07" testName="IntegrationTests.Controllers.ItemControllerTests.GetItemsPage_GetsProperPages(amount: 101, expectedPages: 11)" computerName="fv-az177-278" duration="00:00:00.0370000" startTime="2022-02-02T02:00:07.6706113+00:00" endTime="2022-02-02T02:00:07.6706113+00:00" testType="13cdc9d9-ddb5-4fa4-a97d-d965ccfc6d4b" outcome="Passed" testListId="8c84fa94-04c1-424b-9868-57a2d4851a1d" relativeResultsDirectory="31a3977a-b2a6-4e50-bb93-dab50bc312fb" />
    <UnitTestResult executionId="7e1be8b3-83e0-4929-8be6-744fdb51522f" testId="3b96b54e-967c-6e8f-1ced-4ff4d8370be3" testName="IntegrationTests.Controllers.ItemControllerTests.GetItemsPage_Query_Filters(query: &quot;&quot;, expectedResults: 100)" computerName="fv-az177-278" duration="00:00:00.0490000" startTime="2022-02-02T02:00:07.0559504+00:00" endTime="2022-02-02T02:00:07.0559504+00:00" testType="13cdc9d9-ddb5-4fa4-a97d-d965ccfc6d4b" outcome="Passed" testListId="8c84fa94-04c1-424b-9868-57a2d4851a1d" relativeResultsDirectory="7e1be8b3-83e0-4929-8be6-744fdb51522f" />
    <UnitTestResult executionId="42a712fc-94d5-485c-9e4b-8315e02d1483" testId="9609bc3b-2435-1be2-e2f3-2c6b217c770c" testName="IntegrationTests.Controllers.ItemControllerTests.GetItemsPage_Query_Filters(query: &quot;Missing&quot;, expectedResults: 0)" computerName="fv-az177-278" duration="00:00:00.0410000" startTime="2022-02-02T02:00:07.1806728+00:00" endTime="2022-02-02T02:00:07.1806728+00:00" testType="13cdc9d9-ddb5-4fa4-a97d-d965ccfc6d4b" outcome="Passed" testListId="8c84fa94-04c1-424b-9868-57a2d4851a1d" relativeResultsDirectory="42a712fc-94d5-485c-9e4b-8315e02d1483" />
    <UnitTestResult executionId="6748b1c8-8ff3-4d7f-8da3-c51de0e6fc1e" testId="b5a2bbb3-e25b-0d71-cef7-0187c592a682" testName="IntegrationTests.Controllers.ItemControllerTests.GetItemsPage_Query_Filters(query: &quot;Name 100&quot;, expectedResults: 1)" computerName="fv-az177-278" duration="00:00:00.0390000" startTime="2022-02-02T02:00:07.2197938+00:00" endTime="2022-02-02T02:00:07.2197938+00:00" testType="13cdc9d9-ddb5-4fa4-a97d-d965ccfc6d4b" outcome="Passed" testListId="8c84fa94-04c1-424b-9868-57a2d4851a1d" relativeResultsDirectory="6748b1c8-8ff3-4d7f-8da3-c51de0e6fc1e" />
    <UnitTestResult executionId="f1f8c8ff-7613-4d69-b847-df4a94b08cb2" testId="2f8521ee-e0ca-eac4-b453-aa86236fc9b9" testName="IntegrationTests.Controllers.ItemControllerTests.GetItemsPage_SortsDescending" computerName="fv-az177-278" duration="00:00:00.0190000" startTime="2022-02-02T02:00:08.4144923+00:00" endTime="2022-02-02T02:00:08.4144923+00:00" testType="13cdc9d9-ddb5-4fa4-a97d-d965ccfc6d4b" outcome="Passed" testListId="8c84fa94-04c1-424b-9868-57a2d4851a1d" relativeResultsDirectory="f1f8c8ff-7613-4d69-b847-df4a94b08cb2" />
    <UnitTestResult executionId="33cfa075-0492-4627-9abb-175449512b6e" testId="945f4fce-c15e-e09c-9dbf-5879cde58a78" testName="IntegrationTests.Controllers.ItemControllerTests.GetItemsPage_Page0_DefaultsToPage1" computerName="fv-az177-278" duration="00:00:00.0310000" startTime="2022-02-02T02:00:08.2683172+00:00" endTime="2022-02-02T02:00:08.2683172+00:00" testType="13cdc9d9-ddb5-4fa4-a97d-d965ccfc6d4b" outcome="Passed" testListId="8c84fa94-04c1-424b-9868-57a2d4851a1d" relativeResultsDirectory="33cfa075-0492-4627-9abb-175449512b6e" />
  </Results>
  <TestDefinitions>
    <UnitTest name="IntegrationTests.Controllers.ItemControllerTests.GetItemsPage_Query_Filters(query: &quot;Name 10&quot;, expectedResults: 2)" storage="d:\a\mymodule20220129\mymodule20220129\integrationtests\bin\integrationtests.dll" id="75b07048-5201-d631-649a-c012e65b7444">
      <Execution id="d74b5e27-b3a7-4cbc-aea6-59f6d5a0dee2" />
      <TestMethod codeBase="D:\a\MyModule20220129\MyModule20220129\IntegrationTests\bin\IntegrationTests.dll" adapterTypeName="executor://xunit/VsTestRunner2/net" className="IntegrationTests.Controllers.ItemControllerTests" name="GetItemsPage_Query_Filters" />
    </UnitTest>
    <UnitTest name="IntegrationTests.Controllers.ItemControllerTests.GetItemsPage_Query_Filters(query: &quot;1&quot;, expectedResults: 20)" storage="d:\a\mymodule20220129\mymodule20220129\integrationtests\bin\integrationtests.dll" id="74f30272-fd7f-9b4e-507d-1c94cc60bb29">
      <Execution id="42e4b057-727e-4d55-9335-b2c1eecf417d" />
      <TestMethod codeBase="D:\a\MyModule20220129\MyModule20220129\IntegrationTests\bin\IntegrationTests.dll" adapterTypeName="executor://xunit/VsTestRunner2/net" className="IntegrationTests.Controllers.ItemControllerTests" name="GetItemsPage_Query_Filters" />
    </UnitTest>
    <UnitTest name="IntegrationTests.Controllers.ItemControllerTests.GetItemsPage_GetsProperPages(amount: 99, expectedPages: 10)" storage="d:\a\mymodule20220129\mymodule20220129\integrationtests\bin\integrationtests.dll" id="06f0962d-466b-0634-113e-f3863f9b599c">
      <Execution id="adf32c32-5405-46a1-b329-264b7d6e2adf" />
      <TestMethod codeBase="D:\a\MyModule20220129\MyModule20220129\IntegrationTests\bin\IntegrationTests.dll" adapterTypeName="executor://xunit/VsTestRunner2/net" className="IntegrationTests.Controllers.ItemControllerTests" name="GetItemsPage_GetsProperPages" />
    </UnitTest>
    <UnitTest name="IntegrationTests.Controllers.ItemControllerTests.DeleteItem_DeletesMissingItem" storage="d:\a\mymodule20220129\mymodule20220129\integrationtests\bin\integrationtests.dll" id="fe1c9811-4463-ef95-5296-cdd71ab090b8">
      <Execution id="e0aaaab0-049c-48d3-aa2e-74a227f1a8e0" />
      <TestMethod codeBase="D:\a\MyModule20220129\MyModule20220129\IntegrationTests\bin\IntegrationTests.dll" adapterTypeName="executor://xunit/VsTestRunner2/net" className="IntegrationTests.Controllers.ItemControllerTests" name="DeleteItem_DeletesMissingItem" />
    </UnitTest>
    <UnitTest name="IntegrationTests.Controllers.ItemControllerTests.EditItem_Saves" storage="d:\a\mymodule20220129\mymodule20220129\integrationtests\bin\integrationtests.dll" id="43169439-e722-3696-654b-e380ed8f351d">
      <Execution id="df3d5353-1900-44c0-afb0-a9813aabf693" />
      <TestMethod codeBase="D:\a\MyModule20220129\MyModule20220129\IntegrationTests\bin\IntegrationTests.dll" adapterTypeName="executor://xunit/VsTestRunner2/net" className="IntegrationTests.Controllers.ItemControllerTests" name="EditItem_Saves" />
    </UnitTest>
    <UnitTest name="IntegrationTests.Controllers.ItemControllerTests.CreateItem_Creates(name: &quot;name1&quot;, description: &quot;description1&quot;)" storage="d:\a\mymodule20220129\mymodule20220129\integrationtests\bin\integrationtests.dll" id="c6abb489-2666-fd84-85be-69873a4c76cc">
      <Execution id="1718e073-24f2-4580-ad97-5784ddf11f95" />
      <TestMethod codeBase="D:\a\MyModule20220129\MyModule20220129\IntegrationTests\bin\IntegrationTests.dll" adapterTypeName="executor://xunit/VsTestRunner2/net" className="IntegrationTests.Controllers.ItemControllerTests" name="CreateItem_Creates" />
    </UnitTest>
    <UnitTest name="IntegrationTests.Controllers.ItemControllerTests.GetItemsPage_Query_Filters(query: &quot;&quot;, expectedResults: 100)" storage="d:\a\mymodule20220129\mymodule20220129\integrationtests\bin\integrationtests.dll" id="3b96b54e-967c-6e8f-1ced-4ff4d8370be3">
      <Execution id="7e1be8b3-83e0-4929-8be6-744fdb51522f" />
      <TestMethod codeBase="D:\a\MyModule20220129\MyModule20220129\IntegrationTests\bin\IntegrationTests.dll" adapterTypeName="executor://xunit/VsTestRunner2/net" className="IntegrationTests.Controllers.ItemControllerTests" name="GetItemsPage_Query_Filters" />
    </UnitTest>
    <UnitTest name="IntegrationTests.Controllers.ItemControllerTests.GetItemsPage_SortsDescending" storage="d:\a\mymodule20220129\mymodule20220129\integrationtests\bin\integrationtests.dll" id="2f8521ee-e0ca-eac4-b453-aa86236fc9b9">
      <Execution id="f1f8c8ff-7613-4d69-b847-df4a94b08cb2" />
      <TestMethod codeBase="D:\a\MyModule20220129\MyModule20220129\IntegrationTests\bin\IntegrationTests.dll" adapterTypeName="executor://xunit/VsTestRunner2/net" className="IntegrationTests.Controllers.ItemControllerTests" name="GetItemsPage_SortsDescending" />
    </UnitTest>
    <UnitTest name="IntegrationTests.Controllers.ItemControllerTests.GetItemsPage_Page0_DefaultsToPage1" storage="d:\a\mymodule20220129\mymodule20220129\integrationtests\bin\integrationtests.dll" id="945f4fce-c15e-e09c-9dbf-5879cde58a78">
      <Execution id="33cfa075-0492-4627-9abb-175449512b6e" />
      <TestMethod codeBase="D:\a\MyModule20220129\MyModule20220129\IntegrationTests\bin\IntegrationTests.dll" adapterTypeName="executor://xunit/VsTestRunner2/net" className="IntegrationTests.Controllers.ItemControllerTests" name="GetItemsPage_Page0_DefaultsToPage1" />
    </UnitTest>
    <UnitTest name="IntegrationTests.Controllers.ItemControllerTests.GetItemsPage_50Items_GetsProperly" storage="d:\a\mymodule20220129\mymodule20220129\integrationtests\bin\integrationtests.dll" id="1450a0ab-3596-66d8-8d08-6506bbe1f61b">
      <Execution id="f6b5075d-0e20-4de4-a96b-f41ce95136ce" />
      <TestMethod codeBase="D:\a\MyModule20220129\MyModule20220129\IntegrationTests\bin\IntegrationTests.dll" adapterTypeName="executor://xunit/VsTestRunner2/net" className="IntegrationTests.Controllers.ItemControllerTests" name="GetItemsPage_50Items_GetsProperly" />
    </UnitTest>
    <UnitTest name="IntegrationTests.Controllers.ItemControllerTests.GetItemsPage_GetsProperPages(amount: 101, expectedPages: 11)" storage="d:\a\mymodule20220129\mymodule20220129\integrationtests\bin\integrationtests.dll" id="35a21cfd-ad2b-b819-14e0-5151fe414a07">
      <Execution id="31a3977a-b2a6-4e50-bb93-dab50bc312fb" />
      <TestMethod codeBase="D:\a\MyModule20220129\MyModule20220129\IntegrationTests\bin\IntegrationTests.dll" adapterTypeName="executor://xunit/VsTestRunner2/net" className="IntegrationTests.Controllers.ItemControllerTests" name="GetItemsPage_GetsProperPages" />
    </UnitTest>
    <UnitTest name="IntegrationTests.Controllers.ItemControllerTests.GetItemsPage_GetsProperPages(amount: 1, expectedPages: 1)" storage="d:\a\mymodule20220129\mymodule20220129\integrationtests\bin\integrationtests.dll" id="c6d15831-7dbe-24e6-d39b-4f317a873a34">
      <Execution id="017ccfeb-0082-4d84-b19d-d29014b5dd1f" />
      <TestMethod codeBase="D:\a\MyModule20220129\MyModule20220129\IntegrationTests\bin\IntegrationTests.dll" adapterTypeName="executor://xunit/VsTestRunner2/net" className="IntegrationTests.Controllers.ItemControllerTests" name="GetItemsPage_GetsProperPages" />
    </UnitTest>
    <UnitTest name="IntegrationTests.Controllers.ItemControllerTests.CreateItem_Creates(name: &quot;name2&quot;, description: &quot;description2&quot;)" storage="d:\a\mymodule20220129\mymodule20220129\integrationtests\bin\integrationtests.dll" id="1ec97a71-0b29-f7c5-72ce-8cf48efa2e36">
      <Execution id="bbc79f40-52d5-4b4a-83fb-c15fa46f0fda" />
      <TestMethod codeBase="D:\a\MyModule20220129\MyModule20220129\IntegrationTests\bin\IntegrationTests.dll" adapterTypeName="executor://xunit/VsTestRunner2/net" className="IntegrationTests.Controllers.ItemControllerTests" name="CreateItem_Creates" />
    </UnitTest>
    <UnitTest name="IntegrationTests.Controllers.ItemControllerTests.GetItemsPage_SortsAscending" storage="d:\a\mymodule20220129\mymodule20220129\integrationtests\bin\integrationtests.dll" id="4fd078d7-61ec-6e3f-be79-cf322012a0cd">
      <Execution id="b7a8aefe-1d9e-43e1-94e5-476e5c37536a" />
      <TestMethod codeBase="D:\a\MyModule20220129\MyModule20220129\IntegrationTests\bin\IntegrationTests.dll" adapterTypeName="executor://xunit/VsTestRunner2/net" className="IntegrationTests.Controllers.ItemControllerTests" name="GetItemsPage_SortsAscending" />
    </UnitTest>
    <UnitTest name="IntegrationTests.Controllers.ItemControllerTests.GetItemsPage_PageSize0_DefaultsTo1" storage="d:\a\mymodule20220129\mymodule20220129\integrationtests\bin\integrationtests.dll" id="d18898e3-6995-0d27-8e53-1ced81186e2d">
      <Execution id="6f3b001e-5919-429a-9da7-8bf3b2695c69" />
      <TestMethod codeBase="D:\a\MyModule20220129\MyModule20220129\IntegrationTests\bin\IntegrationTests.dll" adapterTypeName="executor://xunit/VsTestRunner2/net" className="IntegrationTests.Controllers.ItemControllerTests" name="GetItemsPage_PageSize0_DefaultsTo1" />
    </UnitTest>
    <UnitTest name="IntegrationTests.Controllers.ItemControllerTests.GetItemsPage_GetsProperPages(amount: 9, expectedPages: 1)" storage="d:\a\mymodule20220129\mymodule20220129\integrationtests\bin\integrationtests.dll" id="0a429b0b-08a8-36a6-5969-3c31a35cc366">
      <Execution id="15c111f3-e8e0-454b-bb9f-4b3b1856ba9f" />
      <TestMethod codeBase="D:\a\MyModule20220129\MyModule20220129\IntegrationTests\bin\IntegrationTests.dll" adapterTypeName="executor://xunit/VsTestRunner2/net" className="IntegrationTests.Controllers.ItemControllerTests" name="GetItemsPage_GetsProperPages" />
    </UnitTest>
    <UnitTest name="IntegrationTests.Controllers.ItemControllerTests.GetItemsPage_GetsProperPages(amount: 10, expectedPages: 1)" storage="d:\a\mymodule20220129\mymodule20220129\integrationtests\bin\integrationtests.dll" id="31a1a77c-5b35-2c19-9bdc-0ee23e06e8f3">
      <Execution id="8f8e7137-93a5-4af0-a025-84b33acc5335" />
      <TestMethod codeBase="D:\a\MyModule20220129\MyModule20220129\IntegrationTests\bin\IntegrationTests.dll" adapterTypeName="executor://xunit/VsTestRunner2/net" className="IntegrationTests.Controllers.ItemControllerTests" name="GetItemsPage_GetsProperPages" />
    </UnitTest>
    <UnitTest name="IntegrationTests.Controllers.ItemControllerTests.GetItemsPage_Query_Filters(query: &quot;Missing&quot;, expectedResults: 0)" storage="d:\a\mymodule20220129\mymodule20220129\integrationtests\bin\integrationtests.dll" id="9609bc3b-2435-1be2-e2f3-2c6b217c770c">
      <Execution id="42a712fc-94d5-485c-9e4b-8315e02d1483" />
      <TestMethod codeBase="D:\a\MyModule20220129\MyModule20220129\IntegrationTests\bin\IntegrationTests.dll" adapterTypeName="executor://xunit/VsTestRunner2/net" className="IntegrationTests.Controllers.ItemControllerTests" name="GetItemsPage_Query_Filters" />
    </UnitTest>
    <UnitTest name="IntegrationTests.Controllers.ItemControllerTests.DeleteItem_Deletes" storage="d:\a\mymodule20220129\mymodule20220129\integrationtests\bin\integrationtests.dll" id="b2691cfb-5962-80d6-34ac-12efb31ff88e">
      <Execution id="7ffc0294-86de-431b-8cf3-53618f65e637" />
      <TestMethod codeBase="D:\a\MyModule20220129\MyModule20220129\IntegrationTests\bin\IntegrationTests.dll" adapterTypeName="executor://xunit/VsTestRunner2/net" className="IntegrationTests.Controllers.ItemControllerTests" name="DeleteItem_Deletes" />
    </UnitTest>
    <UnitTest name="IntegrationTests.Controllers.ItemControllerTests.GetItemsPage_Query_Filters(query: &quot;Name 2&quot;, expectedResults: 11)" storage="d:\a\mymodule20220129\mymodule20220129\integrationtests\bin\integrationtests.dll" id="64ce4809-e3f8-8d8e-c808-2938f18aa4d4">
      <Execution id="13847c4a-e08e-4d86-9168-b17b58ffcf70" />
      <TestMethod codeBase="D:\a\MyModule20220129\MyModule20220129\IntegrationTests\bin\IntegrationTests.dll" adapterTypeName="executor://xunit/VsTestRunner2/net" className="IntegrationTests.Controllers.ItemControllerTests" name="GetItemsPage_Query_Filters" />
    </UnitTest>
    <UnitTest name="IntegrationTests.Controllers.ItemControllerTests.GetItemsPage_Query_Filters(query: &quot;Name 100&quot;, expectedResults: 1)" storage="d:\a\mymodule20220129\mymodule20220129\integrationtests\bin\integrationtests.dll" id="b5a2bbb3-e25b-0d71-cef7-0187c592a682">
      <Execution id="6748b1c8-8ff3-4d7f-8da3-c51de0e6fc1e" />
      <TestMethod codeBase="D:\a\MyModule20220129\MyModule20220129\IntegrationTests\bin\IntegrationTests.dll" adapterTypeName="executor://xunit/VsTestRunner2/net" className="IntegrationTests.Controllers.ItemControllerTests" name="GetItemsPage_Query_Filters" />
    </UnitTest>
    <UnitTest name="IntegrationTests.Controllers.ServiceRouteMapperTests.RegisterRoutes_RegistersAtLestOneRoute" storage="d:\a\mymodule20220129\mymodule20220129\integrationtests\bin\integrationtests.dll" id="69a7a014-6241-5f0a-e55d-960890e56595">
      <Execution id="eb15a3b0-e073-422b-98b2-0affc8ad3b08" />
      <TestMethod codeBase="D:\a\MyModule20220129\MyModule20220129\IntegrationTests\bin\IntegrationTests.dll" adapterTypeName="executor://xunit/VsTestRunner2/net" className="IntegrationTests.Controllers.ServiceRouteMapperTests" name="RegisterRoutes_RegistersAtLestOneRoute" />
    </UnitTest>
    <UnitTest name="IntegrationTests.Controllers.ItemControllerTests.GetItemsPage_Query_Filters(query: &quot;Name 1&quot;, expectedResults: 12)" storage="d:\a\mymodule20220129\mymodule20220129\integrationtests\bin\integrationtests.dll" id="6274cd22-d848-61dd-8233-d29a2f361a38">
      <Execution id="cd7e41e5-6059-4f0d-9d94-4e9be05d2a06" />
      <TestMethod codeBase="D:\a\MyModule20220129\MyModule20220129\IntegrationTests\bin\IntegrationTests.dll" adapterTypeName="executor://xunit/VsTestRunner2/net" className="IntegrationTests.Controllers.ItemControllerTests" name="GetItemsPage_Query_Filters" />
    </UnitTest>
    <UnitTest name="IntegrationTests.Controllers.ItemControllerTests.CanEdit_Defaults_To_False" storage="d:\a\mymodule20220129\mymodule20220129\integrationtests\bin\integrationtests.dll" id="eb8cb345-7707-0e07-1566-f6a04ceb2670">
      <Execution id="84bd4019-6108-4f83-b736-c15a5bbe28e6" />
      <TestMethod codeBase="D:\a\MyModule20220129\MyModule20220129\IntegrationTests\bin\IntegrationTests.dll" adapterTypeName="executor://xunit/VsTestRunner2/net" className="IntegrationTests.Controllers.ItemControllerTests" name="CanEdit_Defaults_To_False" />
    </UnitTest>
  </TestDefinitions>
  <TestEntries>
    <TestEntry testId="06f0962d-466b-0634-113e-f3863f9b599c" executionId="adf32c32-5405-46a1-b329-264b7d6e2adf" testListId="8c84fa94-04c1-424b-9868-57a2d4851a1d" />
    <TestEntry testId="1ec97a71-0b29-f7c5-72ce-8cf48efa2e36" executionId="bbc79f40-52d5-4b4a-83fb-c15fa46f0fda" testListId="8c84fa94-04c1-424b-9868-57a2d4851a1d" />
    <TestEntry testId="4fd078d7-61ec-6e3f-be79-cf322012a0cd" executionId="b7a8aefe-1d9e-43e1-94e5-476e5c37536a" testListId="8c84fa94-04c1-424b-9868-57a2d4851a1d" />
    <TestEntry testId="6274cd22-d848-61dd-8233-d29a2f361a38" executionId="cd7e41e5-6059-4f0d-9d94-4e9be05d2a06" testListId="8c84fa94-04c1-424b-9868-57a2d4851a1d" />
    <TestEntry testId="75b07048-5201-d631-649a-c012e65b7444" executionId="d74b5e27-b3a7-4cbc-aea6-59f6d5a0dee2" testListId="8c84fa94-04c1-424b-9868-57a2d4851a1d" />
    <TestEntry testId="43169439-e722-3696-654b-e380ed8f351d" executionId="df3d5353-1900-44c0-afb0-a9813aabf693" testListId="8c84fa94-04c1-424b-9868-57a2d4851a1d" />
    <TestEntry testId="b2691cfb-5962-80d6-34ac-12efb31ff88e" executionId="7ffc0294-86de-431b-8cf3-53618f65e637" testListId="8c84fa94-04c1-424b-9868-57a2d4851a1d" />
    <TestEntry testId="c6d15831-7dbe-24e6-d39b-4f317a873a34" executionId="017ccfeb-0082-4d84-b19d-d29014b5dd1f" testListId="8c84fa94-04c1-424b-9868-57a2d4851a1d" />
    <TestEntry testId="0a429b0b-08a8-36a6-5969-3c31a35cc366" executionId="15c111f3-e8e0-454b-bb9f-4b3b1856ba9f" testListId="8c84fa94-04c1-424b-9868-57a2d4851a1d" />
    <TestEntry testId="31a1a77c-5b35-2c19-9bdc-0ee23e06e8f3" executionId="8f8e7137-93a5-4af0-a025-84b33acc5335" testListId="8c84fa94-04c1-424b-9868-57a2d4851a1d" />
    <TestEntry testId="d18898e3-6995-0d27-8e53-1ced81186e2d" executionId="6f3b001e-5919-429a-9da7-8bf3b2695c69" testListId="8c84fa94-04c1-424b-9868-57a2d4851a1d" />
    <TestEntry testId="eb8cb345-7707-0e07-1566-f6a04ceb2670" executionId="84bd4019-6108-4f83-b736-c15a5bbe28e6" testListId="8c84fa94-04c1-424b-9868-57a2d4851a1d" />
    <TestEntry testId="74f30272-fd7f-9b4e-507d-1c94cc60bb29" executionId="42e4b057-727e-4d55-9335-b2c1eecf417d" testListId="8c84fa94-04c1-424b-9868-57a2d4851a1d" />
    <TestEntry testId="64ce4809-e3f8-8d8e-c808-2938f18aa4d4" executionId="13847c4a-e08e-4d86-9168-b17b58ffcf70" testListId="8c84fa94-04c1-424b-9868-57a2d4851a1d" />
    <TestEntry testId="69a7a014-6241-5f0a-e55d-960890e56595" executionId="eb15a3b0-e073-422b-98b2-0affc8ad3b08" testListId="8c84fa94-04c1-424b-9868-57a2d4851a1d" />
    <TestEntry testId="c6abb489-2666-fd84-85be-69873a4c76cc" executionId="1718e073-24f2-4580-ad97-5784ddf11f95" testListId="8c84fa94-04c1-424b-9868-57a2d4851a1d" />
    <TestEntry testId="1450a0ab-3596-66d8-8d08-6506bbe1f61b" executionId="f6b5075d-0e20-4de4-a96b-f41ce95136ce" testListId="8c84fa94-04c1-424b-9868-57a2d4851a1d" />
    <TestEntry testId="fe1c9811-4463-ef95-5296-cdd71ab090b8" executionId="e0aaaab0-049c-48d3-aa2e-74a227f1a8e0" testListId="8c84fa94-04c1-424b-9868-57a2d4851a1d" />
    <TestEntry testId="35a21cfd-ad2b-b819-14e0-5151fe414a07" executionId="31a3977a-b2a6-4e50-bb93-dab50bc312fb" testListId="8c84fa94-04c1-424b-9868-57a2d4851a1d" />
    <TestEntry testId="3b96b54e-967c-6e8f-1ced-4ff4d8370be3" executionId="7e1be8b3-83e0-4929-8be6-744fdb51522f" testListId="8c84fa94-04c1-424b-9868-57a2d4851a1d" />
    <TestEntry testId="9609bc3b-2435-1be2-e2f3-2c6b217c770c" executionId="42a712fc-94d5-485c-9e4b-8315e02d1483" testListId="8c84fa94-04c1-424b-9868-57a2d4851a1d" />
    <TestEntry testId="b5a2bbb3-e25b-0d71-cef7-0187c592a682" executionId="6748b1c8-8ff3-4d7f-8da3-c51de0e6fc1e" testListId="8c84fa94-04c1-424b-9868-57a2d4851a1d" />
    <TestEntry testId="2f8521ee-e0ca-eac4-b453-aa86236fc9b9" executionId="f1f8c8ff-7613-4d69-b847-df4a94b08cb2" testListId="8c84fa94-04c1-424b-9868-57a2d4851a1d" />
    <TestEntry testId="945f4fce-c15e-e09c-9dbf-5879cde58a78" executionId="33cfa075-0492-4627-9abb-175449512b6e" testListId="8c84fa94-04c1-424b-9868-57a2d4851a1d" />
  </TestEntries>
  <TestLists>
    <TestList name="Results Not in a List" id="8c84fa94-04c1-424b-9868-57a2d4851a1d" />
    <TestList name="All Loaded Results" id="19431567-8539-422a-85d7-44ee4e166bda" />
  </TestLists>
  <ResultSummary outcome="Completed">
    <Counters total="24" executed="24" passed="24" failed="0" error="0" timeout="0" aborted="0" inconclusive="0" passedButRunAborted="0" notRunnable="0" notExecuted="0" disconnected="0" warning="0" completed="0" inProgress="0" pending="0" />
    <Output>
      <StdOut>[xUnit.net 00:00:00.26] xUnit.net VSTest Adapter v2.4.3+1b45f5407b (32-bit Desktop .NET 4.0.30319.42000)&#xD;
[xUnit.net 00:00:06.67]   Discovering: IntegrationTests&#xD;
[xUnit.net 00:00:08.80]   Discovered:  IntegrationTests&#xD;
[xUnit.net 00:00:08.81]   Starting:    IntegrationTests&#xD;
[xUnit.net 00:00:31.79]   Finished:    IntegrationTests&#xD;
</StdOut>
    </Output>
  </ResultSummary>
</TestRun>