<?xml version="1.0" encoding="utf-8"?>
<TestRun id="5dd3643a-d23f-453b-ad16-8e4868a9cbfc" name="runneradmin@fv-az177-278 2022-01-30 06:18:41" runUser="fv-az177-278\runneradmin" xmlns="http://microsoft.com/schemas/VisualStudio/TeamTest/2010">
  <Times creation="2022-01-30T06:18:41.6773584+00:00" queuing="2022-01-30T06:18:41.6773585+00:00" start="2022-01-30T06:18:13.4526725+00:00" finish="2022-01-30T06:18:47.8996886+00:00" />
  <TestSettings name="default" id="52aae183-4f3d-4004-b96e-7c6e51ae71d8">
    <Deployment runDeploymentRoot="runneradmin_fv-az177-278_2022-01-30_06_18_41" />
  </TestSettings>
  <Results>
    <UnitTestResult executionId="dc2ad8ac-7228-4a22-96a5-c15e52d6f086" testId="c6abb489-2666-fd84-85be-69873a4c76cc" testName="IntegrationTests.Controllers.ItemControllerTests.CreateItem_Creates(name: &quot;name1&quot;, description: &quot;description1&quot;)" computerName="fv-az177-278" duration="00:00:00.0050000" startTime="2022-01-30T06:18:47.2094025+00:00" endTime="2022-01-30T06:18:47.2094025+00:00" testType="13cdc9d9-ddb5-4fa4-a97d-d965ccfc6d4b" outcome="Passed" testListId="8c84fa94-04c1-424b-9868-57a2d4851a1d" relativeResultsDirectory="dc2ad8ac-7228-4a22-96a5-c15e52d6f086" />
    <UnitTestResult executionId="c60d7c93-8587-4524-945a-9e0c58c0c509" testId="b2691cfb-5962-80d6-34ac-12efb31ff88e" testName="IntegrationTests.Controllers.ItemControllerTests.DeleteItem_Deletes" computerName="fv-az177-278" duration="00:00:00.0590000" startTime="2022-01-30T06:18:47.4914876+00:00" endTime="2022-01-30T06:18:47.4914876+00:00" testType="13cdc9d9-ddb5-4fa4-a97d-d965ccfc6d4b" outcome="Passed" testListId="8c84fa94-04c1-424b-9868-57a2d4851a1d" relativeResultsDirectory="c60d7c93-8587-4524-945a-9e0c58c0c509" />
    <UnitTestResult executionId="089d7eb0-21ee-491e-8772-c00f92a4a5bd" testId="06f0962d-466b-0634-113e-f3863f9b599c" testName="IntegrationTests.Controllers.ItemControllerTests.GetItemsPage_GetsProperPages(amount: 99, expectedPages: 10)" computerName="fv-az177-278" duration="00:00:00.0300000" startTime="2022-01-30T06:18:47.3074061+00:00" endTime="2022-01-30T06:18:47.3074061+00:00" testType="13cdc9d9-ddb5-4fa4-a97d-d965ccfc6d4b" outcome="Passed" testListId="8c84fa94-04c1-424b-9868-57a2d4851a1d" relativeResultsDirectory="089d7eb0-21ee-491e-8772-c00f92a4a5bd" />
    <UnitTestResult executionId="23e424de-82e8-44b6-a4bb-1418e446a9ce" testId="3b96b54e-967c-6e8f-1ced-4ff4d8370be3" testName="IntegrationTests.Controllers.ItemControllerTests.GetItemsPage_Query_Filters(query: &quot;&quot;, expectedResults: 100)" computerName="fv-az177-278" duration="00:00:00.0420000" startTime="2022-01-30T06:18:46.9299186+00:00" endTime="2022-01-30T06:18:46.9299186+00:00" testType="13cdc9d9-ddb5-4fa4-a97d-d965ccfc6d4b" outcome="Passed" testListId="8c84fa94-04c1-424b-9868-57a2d4851a1d" relativeResultsDirectory="23e424de-82e8-44b6-a4bb-1418e446a9ce" />
    <UnitTestResult executionId="bd5e2b16-8247-45a2-965a-92bdacac0f52" testId="69a7a014-6241-5f0a-e55d-960890e56595" testName="IntegrationTests.Controllers.ServiceRouteMapperTests.RegisterRoutes_RegistersAtLestOneRoute" computerName="fv-az177-278" duration="00:00:03.6890000" startTime="2022-01-30T06:18:40.7316011+00:00" endTime="2022-01-30T06:18:40.7316011+00:00" testType="13cdc9d9-ddb5-4fa4-a97d-d965ccfc6d4b" outcome="Passed" testListId="8c84fa94-04c1-424b-9868-57a2d4851a1d" relativeResultsDirectory="bd5e2b16-8247-45a2-965a-92bdacac0f52" />
    <UnitTestResult executionId="927dd3aa-08e3-4c14-816d-059fa77c9d14" testId="64ce4809-e3f8-8d8e-c808-2938f18aa4d4" testName="IntegrationTests.Controllers.ItemControllerTests.GetItemsPage_Query_Filters(query: &quot;Name 2&quot;, expectedResults: 11)" computerName="fv-az177-278" duration="00:00:00.0340000" startTime="2022-01-30T06:18:47.1644047+00:00" endTime="2022-01-30T06:18:47.1644047+00:00" testType="13cdc9d9-ddb5-4fa4-a97d-d965ccfc6d4b" outcome="Passed" testListId="8c84fa94-04c1-424b-9868-57a2d4851a1d" relativeResultsDirectory="927dd3aa-08e3-4c14-816d-059fa77c9d14" />
    <UnitTestResult executionId="b32e9a35-a7d3-4d8f-b9cb-59a61ae0d54e" testId="eb8cb345-7707-0e07-1566-f6a04ceb2670" testName="IntegrationTests.Controllers.ItemControllerTests.CanEdit_Defaults_To_False" computerName="fv-az177-278" duration="00:00:00.0240000" startTime="2022-01-30T06:18:47.2644051+00:00" endTime="2022-01-30T06:18:47.2644051+00:00" testType="13cdc9d9-ddb5-4fa4-a97d-d965ccfc6d4b" outcome="Passed" testListId="8c84fa94-04c1-424b-9868-57a2d4851a1d" relativeResultsDirectory="b32e9a35-a7d3-4d8f-b9cb-59a61ae0d54e" />
    <UnitTestResult executionId="30bd3a0a-5b70-4e75-872c-3cee869613c5" testId="1450a0ab-3596-66d8-8d08-6506bbe1f61b" testName="IntegrationTests.Controllers.ItemControllerTests.GetItemsPage_50Items_GetsProperly" computerName="fv-az177-278" duration="00:00:00.0300000" startTime="2022-01-30T06:18:47.2394042+00:00" endTime="2022-01-30T06:18:47.2394042+00:00" testType="13cdc9d9-ddb5-4fa4-a97d-d965ccfc6d4b" outcome="Passed" testListId="8c84fa94-04c1-424b-9868-57a2d4851a1d" relativeResultsDirectory="30bd3a0a-5b70-4e75-872c-3cee869613c5" />
    <UnitTestResult executionId="67aa2305-e953-46f3-87eb-75d726d43374" testId="75b07048-5201-d631-649a-c012e65b7444" testName="IntegrationTests.Controllers.ItemControllerTests.GetItemsPage_Query_Filters(query: &quot;Name 10&quot;, expectedResults: 2)" computerName="fv-az177-278" duration="00:00:00.0320000" startTime="2022-01-30T06:18:47.1964038+00:00" endTime="2022-01-30T06:18:47.1964038+00:00" testType="13cdc9d9-ddb5-4fa4-a97d-d965ccfc6d4b" outcome="Passed" testListId="8c84fa94-04c1-424b-9868-57a2d4851a1d" relativeResultsDirectory="67aa2305-e953-46f3-87eb-75d726d43374" />
    <UnitTestResult executionId="4074f413-96cc-41eb-97c1-1ec53e35a59e" testId="b5a2bbb3-e25b-0d71-cef7-0187c592a682" testName="IntegrationTests.Controllers.ItemControllerTests.GetItemsPage_Query_Filters(query: &quot;Name 100&quot;, expectedResults: 1)" computerName="fv-az177-278" duration="00:00:00.0280000" startTime="2022-01-30T06:18:47.1294033+00:00" endTime="2022-01-30T06:18:47.1294033+00:00" testType="13cdc9d9-ddb5-4fa4-a97d-d965ccfc6d4b" outcome="Passed" testListId="8c84fa94-04c1-424b-9868-57a2d4851a1d" relativeResultsDirectory="4074f413-96cc-41eb-97c1-1ec53e35a59e" />
    <UnitTestResult executionId="b54aebfe-00c4-4833-a05a-74783495986b" testId="6274cd22-d848-61dd-8233-d29a2f361a38" testName="IntegrationTests.Controllers.ItemControllerTests.GetItemsPage_Query_Filters(query: &quot;Name 1&quot;, expectedResults: 12)" computerName="fv-az177-278" duration="00:00:00.0380000" startTime="2022-01-30T06:18:47.0654019+00:00" endTime="2022-01-30T06:18:47.0654019+00:00" testType="13cdc9d9-ddb5-4fa4-a97d-d965ccfc6d4b" outcome="Passed" testListId="8c84fa94-04c1-424b-9868-57a2d4851a1d" relativeResultsDirectory="b54aebfe-00c4-4833-a05a-74783495986b" />
    <UnitTestResult executionId="5c2bc751-8cdb-43fd-8536-0c06682fe4ce" testId="d18898e3-6995-0d27-8e53-1ced81186e2d" testName="IntegrationTests.Controllers.ItemControllerTests.GetItemsPage_PageSize0_DefaultsTo1" computerName="fv-az177-278" duration="00:00:00.0110000" startTime="2022-01-30T06:18:47.5014856+00:00" endTime="2022-01-30T06:18:47.5014856+00:00" testType="13cdc9d9-ddb5-4fa4-a97d-d965ccfc6d4b" outcome="Passed" testListId="8c84fa94-04c1-424b-9868-57a2d4851a1d" relativeResultsDirectory="5c2bc751-8cdb-43fd-8536-0c06682fe4ce" />
    <UnitTestResult executionId="ef5c01b6-8b17-4818-a54b-697b77a0357b" testId="c6d15831-7dbe-24e6-d39b-4f317a873a34" testName="IntegrationTests.Controllers.ItemControllerTests.GetItemsPage_GetsProperPages(amount: 1, expectedPages: 1)" computerName="fv-az177-278" duration="00:00:00.0130000" startTime="2022-01-30T06:18:47.2774038+00:00" endTime="2022-01-30T06:18:47.2774038+00:00" testType="13cdc9d9-ddb5-4fa4-a97d-d965ccfc6d4b" outcome="Passed" testListId="8c84fa94-04c1-424b-9868-57a2d4851a1d" relativeResultsDirectory="ef5c01b6-8b17-4818-a54b-697b77a0357b" />
    <UnitTestResult executionId="e480636a-39bf-421b-a3db-4f850a596a22" testId="1ec97a71-0b29-f7c5-72ce-8cf48efa2e36" testName="IntegrationTests.Controllers.ItemControllerTests.CreateItem_Creates(name: &quot;name2&quot;, description: &quot;description2&quot;)" computerName="fv-az177-278" duration="00:00:00.0080000" startTime="2022-01-30T06:18:47.2044016+00:00" endTime="2022-01-30T06:18:47.2044016+00:00" testType="13cdc9d9-ddb5-4fa4-a97d-d965ccfc6d4b" outcome="Passed" testListId="8c84fa94-04c1-424b-9868-57a2d4851a1d" relativeResultsDirectory="e480636a-39bf-421b-a3db-4f850a596a22" />
    <UnitTestResult executionId="0c74510c-6832-4ed5-9672-d038791c35e5" testId="31a1a77c-5b35-2c19-9bdc-0ee23e06e8f3" testName="IntegrationTests.Controllers.ItemControllerTests.GetItemsPage_GetsProperPages(amount: 10, expectedPages: 1)" computerName="fv-az177-278" duration="00:00:00.0110000" startTime="2022-01-30T06:18:47.3184082+00:00" endTime="2022-01-30T06:18:47.3184082+00:00" testType="13cdc9d9-ddb5-4fa4-a97d-d965ccfc6d4b" outcome="Passed" testListId="8c84fa94-04c1-424b-9868-57a2d4851a1d" relativeResultsDirectory="0c74510c-6832-4ed5-9672-d038791c35e5" />
    <UnitTestResult executionId="f7e3813d-6236-4ff1-9cc1-5ca45f768fdc" testId="fe1c9811-4463-ef95-5296-cdd71ab090b8" testName="IntegrationTests.Controllers.ItemControllerTests.DeleteItem_DeletesMissingItem" computerName="fv-az177-278" duration="00:00:00.0100000" startTime="2022-01-30T06:18:47.5254850+00:00" endTime="2022-01-30T06:18:47.5254850+00:00" testType="13cdc9d9-ddb5-4fa4-a97d-d965ccfc6d4b" outcome="Passed" testListId="8c84fa94-04c1-424b-9868-57a2d4851a1d" relativeResultsDirectory="f7e3813d-6236-4ff1-9cc1-5ca45f768fdc" />
    <UnitTestResult executionId="2f0371c6-0fe4-4791-8589-00d07f881df3" testId="2f8521ee-e0ca-eac4-b453-aa86236fc9b9" testName="IntegrationTests.Controllers.ItemControllerTests.GetItemsPage_SortsDescending" computerName="fv-az177-278" duration="00:00:00.0130000" startTime="2022-01-30T06:18:47.5154875+00:00" endTime="2022-01-30T06:18:47.5154875+00:00" testType="13cdc9d9-ddb5-4fa4-a97d-d965ccfc6d4b" outcome="Passed" testListId="8c84fa94-04c1-424b-9868-57a2d4851a1d" relativeResultsDirectory="2f0371c6-0fe4-4791-8589-00d07f881df3" />
    <UnitTestResult executionId="37178963-8fa4-40f1-81af-811d863a265d" testId="35a21cfd-ad2b-b819-14e0-5151fe414a07" testName="IntegrationTests.Controllers.ItemControllerTests.GetItemsPage_GetsProperPages(amount: 101, expectedPages: 11)" computerName="fv-az177-278" duration="00:00:00.0230000" startTime="2022-01-30T06:18:47.3574071+00:00" endTime="2022-01-30T06:18:47.3574071+00:00" testType="13cdc9d9-ddb5-4fa4-a97d-d965ccfc6d4b" outcome="Passed" testListId="8c84fa94-04c1-424b-9868-57a2d4851a1d" relativeResultsDirectory="37178963-8fa4-40f1-81af-811d863a265d" />
    <UnitTestResult executionId="e6c777cc-69a6-443a-b63b-a9241b47cf3c" testId="9609bc3b-2435-1be2-e2f3-2c6b217c770c" testName="IntegrationTests.Controllers.ItemControllerTests.GetItemsPage_Query_Filters(query: &quot;Missing&quot;, expectedResults: 0)" computerName="fv-az177-278" duration="00:00:00.0360000" startTime="2022-01-30T06:18:47.1014036+00:00" endTime="2022-01-30T06:18:47.1014036+00:00" testType="13cdc9d9-ddb5-4fa4-a97d-d965ccfc6d4b" outcome="Passed" testListId="8c84fa94-04c1-424b-9868-57a2d4851a1d" relativeResultsDirectory="e6c777cc-69a6-443a-b63b-a9241b47cf3c" />
    <UnitTestResult executionId="68697fc4-101b-4426-a342-f4738452ed45" testId="945f4fce-c15e-e09c-9dbf-5879cde58a78" testName="IntegrationTests.Controllers.ItemControllerTests.GetItemsPage_Page0_DefaultsToPage1" computerName="fv-az177-278" duration="00:00:00.0100000" startTime="2022-01-30T06:18:47.4284093+00:00" endTime="2022-01-30T06:18:47.4284093+00:00" testType="13cdc9d9-ddb5-4fa4-a97d-d965ccfc6d4b" outcome="Passed" testListId="8c84fa94-04c1-424b-9868-57a2d4851a1d" relativeResultsDirectory="68697fc4-101b-4426-a342-f4738452ed45" />
    <UnitTestResult executionId="79f10c36-a1e6-4ee9-8134-0e291d2ca1f4" testId="43169439-e722-3696-654b-e380ed8f351d" testName="IntegrationTests.Controllers.ItemControllerTests.EditItem_Saves" computerName="fv-az177-278" duration="00:00:00.0580000" startTime="2022-01-30T06:18:47.4164101+00:00" endTime="2022-01-30T06:18:47.4164101+00:00" testType="13cdc9d9-ddb5-4fa4-a97d-d965ccfc6d4b" outcome="Passed" testListId="8c84fa94-04c1-424b-9868-57a2d4851a1d" relativeResultsDirectory="79f10c36-a1e6-4ee9-8134-0e291d2ca1f4" />
    <UnitTestResult executionId="7db585a4-f6ea-4cfb-b2e3-29825db2f0da" testId="0a429b0b-08a8-36a6-5969-3c31a35cc366" testName="IntegrationTests.Controllers.ItemControllerTests.GetItemsPage_GetsProperPages(amount: 9, expectedPages: 1)" computerName="fv-az177-278" duration="00:00:00.0160000" startTime="2022-01-30T06:18:47.3344082+00:00" endTime="2022-01-30T06:18:47.3344082+00:00" testType="13cdc9d9-ddb5-4fa4-a97d-d965ccfc6d4b" outcome="Passed" testListId="8c84fa94-04c1-424b-9868-57a2d4851a1d" relativeResultsDirectory="7db585a4-f6ea-4cfb-b2e3-29825db2f0da" />
    <UnitTestResult executionId="02ad86f0-36a3-4c80-bb87-d0c81e416d0c" testId="74f30272-fd7f-9b4e-507d-1c94cc60bb29" testName="IntegrationTests.Controllers.ItemControllerTests.GetItemsPage_Query_Filters(query: &quot;1&quot;, expectedResults: 20)" computerName="fv-az177-278" duration="00:00:00.0970000" startTime="2022-01-30T06:18:47.0274028+00:00" endTime="2022-01-30T06:18:47.0274028+00:00" testType="13cdc9d9-ddb5-4fa4-a97d-d965ccfc6d4b" outcome="Passed" testListId="8c84fa94-04c1-424b-9868-57a2d4851a1d" relativeResultsDirectory="02ad86f0-36a3-4c80-bb87-d0c81e416d0c" />
    <UnitTestResult executionId="98a70537-48a4-4165-a3c6-a37695461ac1" testId="4fd078d7-61ec-6e3f-be79-cf322012a0cd" testName="IntegrationTests.Controllers.ItemControllerTests.GetItemsPage_SortsAscending" computerName="fv-az177-278" duration="00:00:09.9380000" startTime="2022-01-30T06:18:46.8886505+00:00" endTime="2022-01-30T06:18:46.8886505+00:00" testType="13cdc9d9-ddb5-4fa4-a97d-d965ccfc6d4b" outcome="Passed" testListId="8c84fa94-04c1-424b-9868-57a2d4851a1d" relativeResultsDirectory="98a70537-48a4-4165-a3c6-a37695461ac1" />
  </Results>
  <TestDefinitions>
    <UnitTest name="IntegrationTests.Controllers.ItemControllerTests.GetItemsPage_Query_Filters(query: &quot;Name 10&quot;, expectedResults: 2)" storage="d:\a\mymodule20220129\mymodule20220129\integrationtests\bin\integrationtests.dll" id="75b07048-5201-d631-649a-c012e65b7444">
      <Execution id="67aa2305-e953-46f3-87eb-75d726d43374" />
      <TestMethod codeBase="D:\a\MyModule20220129\MyModule20220129\IntegrationTests\bin\IntegrationTests.dll" adapterTypeName="executor://xunit/VsTestRunner2/net" className="IntegrationTests.Controllers.ItemControllerTests" name="GetItemsPage_Query_Filters" />
    </UnitTest>
    <UnitTest name="IntegrationTests.Controllers.ItemControllerTests.GetItemsPage_Query_Filters(query: &quot;1&quot;, expectedResults: 20)" storage="d:\a\mymodule20220129\mymodule20220129\integrationtests\bin\integrationtests.dll" id="74f30272-fd7f-9b4e-507d-1c94cc60bb29">
      <Execution id="02ad86f0-36a3-4c80-bb87-d0c81e416d0c" />
      <TestMethod codeBase="D:\a\MyModule20220129\MyModule20220129\IntegrationTests\bin\IntegrationTests.dll" adapterTypeName="executor://xunit/VsTestRunner2/net" className="IntegrationTests.Controllers.ItemControllerTests" name="GetItemsPage_Query_Filters" />
    </UnitTest>
    <UnitTest name="IntegrationTests.Controllers.ItemControllerTests.GetItemsPage_GetsProperPages(amount: 99, expectedPages: 10)" storage="d:\a\mymodule20220129\mymodule20220129\integrationtests\bin\integrationtests.dll" id="06f0962d-466b-0634-113e-f3863f9b599c">
      <Execution id="089d7eb0-21ee-491e-8772-c00f92a4a5bd" />
      <TestMethod codeBase="D:\a\MyModule20220129\MyModule20220129\IntegrationTests\bin\IntegrationTests.dll" adapterTypeName="executor://xunit/VsTestRunner2/net" className="IntegrationTests.Controllers.ItemControllerTests" name="GetItemsPage_GetsProperPages" />
    </UnitTest>
    <UnitTest name="IntegrationTests.Controllers.ItemControllerTests.DeleteItem_DeletesMissingItem" storage="d:\a\mymodule20220129\mymodule20220129\integrationtests\bin\integrationtests.dll" id="fe1c9811-4463-ef95-5296-cdd71ab090b8">
      <Execution id="f7e3813d-6236-4ff1-9cc1-5ca45f768fdc" />
      <TestMethod codeBase="D:\a\MyModule20220129\MyModule20220129\IntegrationTests\bin\IntegrationTests.dll" adapterTypeName="executor://xunit/VsTestRunner2/net" className="IntegrationTests.Controllers.ItemControllerTests" name="DeleteItem_DeletesMissingItem" />
    </UnitTest>
    <UnitTest name="IntegrationTests.Controllers.ItemControllerTests.EditItem_Saves" storage="d:\a\mymodule20220129\mymodule20220129\integrationtests\bin\integrationtests.dll" id="43169439-e722-3696-654b-e380ed8f351d">
      <Execution id="79f10c36-a1e6-4ee9-8134-0e291d2ca1f4" />
      <TestMethod codeBase="D:\a\MyModule20220129\MyModule20220129\IntegrationTests\bin\IntegrationTests.dll" adapterTypeName="executor://xunit/VsTestRunner2/net" className="IntegrationTests.Controllers.ItemControllerTests" name="EditItem_Saves" />
    </UnitTest>
    <UnitTest name="IntegrationTests.Controllers.ItemControllerTests.CreateItem_Creates(name: &quot;name1&quot;, description: &quot;description1&quot;)" storage="d:\a\mymodule20220129\mymodule20220129\integrationtests\bin\integrationtests.dll" id="c6abb489-2666-fd84-85be-69873a4c76cc">
      <Execution id="dc2ad8ac-7228-4a22-96a5-c15e52d6f086" />
      <TestMethod codeBase="D:\a\MyModule20220129\MyModule20220129\IntegrationTests\bin\IntegrationTests.dll" adapterTypeName="executor://xunit/VsTestRunner2/net" className="IntegrationTests.Controllers.ItemControllerTests" name="CreateItem_Creates" />
    </UnitTest>
    <UnitTest name="IntegrationTests.Controllers.ItemControllerTests.GetItemsPage_Query_Filters(query: &quot;&quot;, expectedResults: 100)" storage="d:\a\mymodule20220129\mymodule20220129\integrationtests\bin\integrationtests.dll" id="3b96b54e-967c-6e8f-1ced-4ff4d8370be3">
      <Execution id="23e424de-82e8-44b6-a4bb-1418e446a9ce" />
      <TestMethod codeBase="D:\a\MyModule20220129\MyModule20220129\IntegrationTests\bin\IntegrationTests.dll" adapterTypeName="executor://xunit/VsTestRunner2/net" className="IntegrationTests.Controllers.ItemControllerTests" name="GetItemsPage_Query_Filters" />
    </UnitTest>
    <UnitTest name="IntegrationTests.Controllers.ItemControllerTests.GetItemsPage_SortsDescending" storage="d:\a\mymodule20220129\mymodule20220129\integrationtests\bin\integrationtests.dll" id="2f8521ee-e0ca-eac4-b453-aa86236fc9b9">
      <Execution id="2f0371c6-0fe4-4791-8589-00d07f881df3" />
      <TestMethod codeBase="D:\a\MyModule20220129\MyModule20220129\IntegrationTests\bin\IntegrationTests.dll" adapterTypeName="executor://xunit/VsTestRunner2/net" className="IntegrationTests.Controllers.ItemControllerTests" name="GetItemsPage_SortsDescending" />
    </UnitTest>
    <UnitTest name="IntegrationTests.Controllers.ItemControllerTests.GetItemsPage_Page0_DefaultsToPage1" storage="d:\a\mymodule20220129\mymodule20220129\integrationtests\bin\integrationtests.dll" id="945f4fce-c15e-e09c-9dbf-5879cde58a78">
      <Execution id="68697fc4-101b-4426-a342-f4738452ed45" />
      <TestMethod codeBase="D:\a\MyModule20220129\MyModule20220129\IntegrationTests\bin\IntegrationTests.dll" adapterTypeName="executor://xunit/VsTestRunner2/net" className="IntegrationTests.Controllers.ItemControllerTests" name="GetItemsPage_Page0_DefaultsToPage1" />
    </UnitTest>
    <UnitTest name="IntegrationTests.Controllers.ItemControllerTests.GetItemsPage_50Items_GetsProperly" storage="d:\a\mymodule20220129\mymodule20220129\integrationtests\bin\integrationtests.dll" id="1450a0ab-3596-66d8-8d08-6506bbe1f61b">
      <Execution id="30bd3a0a-5b70-4e75-872c-3cee869613c5" />
      <TestMethod codeBase="D:\a\MyModule20220129\MyModule20220129\IntegrationTests\bin\IntegrationTests.dll" adapterTypeName="executor://xunit/VsTestRunner2/net" className="IntegrationTests.Controllers.ItemControllerTests" name="GetItemsPage_50Items_GetsProperly" />
    </UnitTest>
    <UnitTest name="IntegrationTests.Controllers.ItemControllerTests.GetItemsPage_GetsProperPages(amount: 101, expectedPages: 11)" storage="d:\a\mymodule20220129\mymodule20220129\integrationtests\bin\integrationtests.dll" id="35a21cfd-ad2b-b819-14e0-5151fe414a07">
      <Execution id="37178963-8fa4-40f1-81af-811d863a265d" />
      <TestMethod codeBase="D:\a\MyModule20220129\MyModule20220129\IntegrationTests\bin\IntegrationTests.dll" adapterTypeName="executor://xunit/VsTestRunner2/net" className="IntegrationTests.Controllers.ItemControllerTests" name="GetItemsPage_GetsProperPages" />
    </UnitTest>
    <UnitTest name="IntegrationTests.Controllers.ItemControllerTests.GetItemsPage_GetsProperPages(amount: 1, expectedPages: 1)" storage="d:\a\mymodule20220129\mymodule20220129\integrationtests\bin\integrationtests.dll" id="c6d15831-7dbe-24e6-d39b-4f317a873a34">
      <Execution id="ef5c01b6-8b17-4818-a54b-697b77a0357b" />
      <TestMethod codeBase="D:\a\MyModule20220129\MyModule20220129\IntegrationTests\bin\IntegrationTests.dll" adapterTypeName="executor://xunit/VsTestRunner2/net" className="IntegrationTests.Controllers.ItemControllerTests" name="GetItemsPage_GetsProperPages" />
    </UnitTest>
    <UnitTest name="IntegrationTests.Controllers.ItemControllerTests.CreateItem_Creates(name: &quot;name2&quot;, description: &quot;description2&quot;)" storage="d:\a\mymodule20220129\mymodule20220129\integrationtests\bin\integrationtests.dll" id="1ec97a71-0b29-f7c5-72ce-8cf48efa2e36">
      <Execution id="e480636a-39bf-421b-a3db-4f850a596a22" />
      <TestMethod codeBase="D:\a\MyModule20220129\MyModule20220129\IntegrationTests\bin\IntegrationTests.dll" adapterTypeName="executor://xunit/VsTestRunner2/net" className="IntegrationTests.Controllers.ItemControllerTests" name="CreateItem_Creates" />
    </UnitTest>
    <UnitTest name="IntegrationTests.Controllers.ItemControllerTests.GetItemsPage_SortsAscending" storage="d:\a\mymodule20220129\mymodule20220129\integrationtests\bin\integrationtests.dll" id="4fd078d7-61ec-6e3f-be79-cf322012a0cd">
      <Execution id="98a70537-48a4-4165-a3c6-a37695461ac1" />
      <TestMethod codeBase="D:\a\MyModule20220129\MyModule20220129\IntegrationTests\bin\IntegrationTests.dll" adapterTypeName="executor://xunit/VsTestRunner2/net" className="IntegrationTests.Controllers.ItemControllerTests" name="GetItemsPage_SortsAscending" />
    </UnitTest>
    <UnitTest name="IntegrationTests.Controllers.ItemControllerTests.GetItemsPage_PageSize0_DefaultsTo1" storage="d:\a\mymodule20220129\mymodule20220129\integrationtests\bin\integrationtests.dll" id="d18898e3-6995-0d27-8e53-1ced81186e2d">
      <Execution id="5c2bc751-8cdb-43fd-8536-0c06682fe4ce" />
      <TestMethod codeBase="D:\a\MyModule20220129\MyModule20220129\IntegrationTests\bin\IntegrationTests.dll" adapterTypeName="executor://xunit/VsTestRunner2/net" className="IntegrationTests.Controllers.ItemControllerTests" name="GetItemsPage_PageSize0_DefaultsTo1" />
    </UnitTest>
    <UnitTest name="IntegrationTests.Controllers.ItemControllerTests.GetItemsPage_GetsProperPages(amount: 9, expectedPages: 1)" storage="d:\a\mymodule20220129\mymodule20220129\integrationtests\bin\integrationtests.dll" id="0a429b0b-08a8-36a6-5969-3c31a35cc366">
      <Execution id="7db585a4-f6ea-4cfb-b2e3-29825db2f0da" />
      <TestMethod codeBase="D:\a\MyModule20220129\MyModule20220129\IntegrationTests\bin\IntegrationTests.dll" adapterTypeName="executor://xunit/VsTestRunner2/net" className="IntegrationTests.Controllers.ItemControllerTests" name="GetItemsPage_GetsProperPages" />
    </UnitTest>
    <UnitTest name="IntegrationTests.Controllers.ItemControllerTests.GetItemsPage_GetsProperPages(amount: 10, expectedPages: 1)" storage="d:\a\mymodule20220129\mymodule20220129\integrationtests\bin\integrationtests.dll" id="31a1a77c-5b35-2c19-9bdc-0ee23e06e8f3">
      <Execution id="0c74510c-6832-4ed5-9672-d038791c35e5" />
      <TestMethod codeBase="D:\a\MyModule20220129\MyModule20220129\IntegrationTests\bin\IntegrationTests.dll" adapterTypeName="executor://xunit/VsTestRunner2/net" className="IntegrationTests.Controllers.ItemControllerTests" name="GetItemsPage_GetsProperPages" />
    </UnitTest>
    <UnitTest name="IntegrationTests.Controllers.ItemControllerTests.GetItemsPage_Query_Filters(query: &quot;Missing&quot;, expectedResults: 0)" storage="d:\a\mymodule20220129\mymodule20220129\integrationtests\bin\integrationtests.dll" id="9609bc3b-2435-1be2-e2f3-2c6b217c770c">
      <Execution id="e6c777cc-69a6-443a-b63b-a9241b47cf3c" />
      <TestMethod codeBase="D:\a\MyModule20220129\MyModule20220129\IntegrationTests\bin\IntegrationTests.dll" adapterTypeName="executor://xunit/VsTestRunner2/net" className="IntegrationTests.Controllers.ItemControllerTests" name="GetItemsPage_Query_Filters" />
    </UnitTest>
    <UnitTest name="IntegrationTests.Controllers.ItemControllerTests.DeleteItem_Deletes" storage="d:\a\mymodule20220129\mymodule20220129\integrationtests\bin\integrationtests.dll" id="b2691cfb-5962-80d6-34ac-12efb31ff88e">
      <Execution id="c60d7c93-8587-4524-945a-9e0c58c0c509" />
      <TestMethod codeBase="D:\a\MyModule20220129\MyModule20220129\IntegrationTests\bin\IntegrationTests.dll" adapterTypeName="executor://xunit/VsTestRunner2/net" className="IntegrationTests.Controllers.ItemControllerTests" name="DeleteItem_Deletes" />
    </UnitTest>
    <UnitTest name="IntegrationTests.Controllers.ItemControllerTests.GetItemsPage_Query_Filters(query: &quot;Name 2&quot;, expectedResults: 11)" storage="d:\a\mymodule20220129\mymodule20220129\integrationtests\bin\integrationtests.dll" id="64ce4809-e3f8-8d8e-c808-2938f18aa4d4">
      <Execution id="927dd3aa-08e3-4c14-816d-059fa77c9d14" />
      <TestMethod codeBase="D:\a\MyModule20220129\MyModule20220129\IntegrationTests\bin\IntegrationTests.dll" adapterTypeName="executor://xunit/VsTestRunner2/net" className="IntegrationTests.Controllers.ItemControllerTests" name="GetItemsPage_Query_Filters" />
    </UnitTest>
    <UnitTest name="IntegrationTests.Controllers.ItemControllerTests.GetItemsPage_Query_Filters(query: &quot;Name 100&quot;, expectedResults: 1)" storage="d:\a\mymodule20220129\mymodule20220129\integrationtests\bin\integrationtests.dll" id="b5a2bbb3-e25b-0d71-cef7-0187c592a682">
      <Execution id="4074f413-96cc-41eb-97c1-1ec53e35a59e" />
      <TestMethod codeBase="D:\a\MyModule20220129\MyModule20220129\IntegrationTests\bin\IntegrationTests.dll" adapterTypeName="executor://xunit/VsTestRunner2/net" className="IntegrationTests.Controllers.ItemControllerTests" name="GetItemsPage_Query_Filters" />
    </UnitTest>
    <UnitTest name="IntegrationTests.Controllers.ServiceRouteMapperTests.RegisterRoutes_RegistersAtLestOneRoute" storage="d:\a\mymodule20220129\mymodule20220129\integrationtests\bin\integrationtests.dll" id="69a7a014-6241-5f0a-e55d-960890e56595">
      <Execution id="bd5e2b16-8247-45a2-965a-92bdacac0f52" />
      <TestMethod codeBase="D:\a\MyModule20220129\MyModule20220129\IntegrationTests\bin\IntegrationTests.dll" adapterTypeName="executor://xunit/VsTestRunner2/net" className="IntegrationTests.Controllers.ServiceRouteMapperTests" name="RegisterRoutes_RegistersAtLestOneRoute" />
    </UnitTest>
    <UnitTest name="IntegrationTests.Controllers.ItemControllerTests.GetItemsPage_Query_Filters(query: &quot;Name 1&quot;, expectedResults: 12)" storage="d:\a\mymodule20220129\mymodule20220129\integrationtests\bin\integrationtests.dll" id="6274cd22-d848-61dd-8233-d29a2f361a38">
      <Execution id="b54aebfe-00c4-4833-a05a-74783495986b" />
      <TestMethod codeBase="D:\a\MyModule20220129\MyModule20220129\IntegrationTests\bin\IntegrationTests.dll" adapterTypeName="executor://xunit/VsTestRunner2/net" className="IntegrationTests.Controllers.ItemControllerTests" name="GetItemsPage_Query_Filters" />
    </UnitTest>
    <UnitTest name="IntegrationTests.Controllers.ItemControllerTests.CanEdit_Defaults_To_False" storage="d:\a\mymodule20220129\mymodule20220129\integrationtests\bin\integrationtests.dll" id="eb8cb345-7707-0e07-1566-f6a04ceb2670">
      <Execution id="b32e9a35-a7d3-4d8f-b9cb-59a61ae0d54e" />
      <TestMethod codeBase="D:\a\MyModule20220129\MyModule20220129\IntegrationTests\bin\IntegrationTests.dll" adapterTypeName="executor://xunit/VsTestRunner2/net" className="IntegrationTests.Controllers.ItemControllerTests" name="CanEdit_Defaults_To_False" />
    </UnitTest>
  </TestDefinitions>
  <TestEntries>
    <TestEntry testId="c6abb489-2666-fd84-85be-69873a4c76cc" executionId="dc2ad8ac-7228-4a22-96a5-c15e52d6f086" testListId="8c84fa94-04c1-424b-9868-57a2d4851a1d" />
    <TestEntry testId="b2691cfb-5962-80d6-34ac-12efb31ff88e" executionId="c60d7c93-8587-4524-945a-9e0c58c0c509" testListId="8c84fa94-04c1-424b-9868-57a2d4851a1d" />
    <TestEntry testId="06f0962d-466b-0634-113e-f3863f9b599c" executionId="089d7eb0-21ee-491e-8772-c00f92a4a5bd" testListId="8c84fa94-04c1-424b-9868-57a2d4851a1d" />
    <TestEntry testId="3b96b54e-967c-6e8f-1ced-4ff4d8370be3" executionId="23e424de-82e8-44b6-a4bb-1418e446a9ce" testListId="8c84fa94-04c1-424b-9868-57a2d4851a1d" />
    <TestEntry testId="69a7a014-6241-5f0a-e55d-960890e56595" executionId="bd5e2b16-8247-45a2-965a-92bdacac0f52" testListId="8c84fa94-04c1-424b-9868-57a2d4851a1d" />
    <TestEntry testId="64ce4809-e3f8-8d8e-c808-2938f18aa4d4" executionId="927dd3aa-08e3-4c14-816d-059fa77c9d14" testListId="8c84fa94-04c1-424b-9868-57a2d4851a1d" />
    <TestEntry testId="eb8cb345-7707-0e07-1566-f6a04ceb2670" executionId="b32e9a35-a7d3-4d8f-b9cb-59a61ae0d54e" testListId="8c84fa94-04c1-424b-9868-57a2d4851a1d" />
    <TestEntry testId="1450a0ab-3596-66d8-8d08-6506bbe1f61b" executionId="30bd3a0a-5b70-4e75-872c-3cee869613c5" testListId="8c84fa94-04c1-424b-9868-57a2d4851a1d" />
    <TestEntry testId="75b07048-5201-d631-649a-c012e65b7444" executionId="67aa2305-e953-46f3-87eb-75d726d43374" testListId="8c84fa94-04c1-424b-9868-57a2d4851a1d" />
    <TestEntry testId="b5a2bbb3-e25b-0d71-cef7-0187c592a682" executionId="4074f413-96cc-41eb-97c1-1ec53e35a59e" testListId="8c84fa94-04c1-424b-9868-57a2d4851a1d" />
    <TestEntry testId="6274cd22-d848-61dd-8233-d29a2f361a38" executionId="b54aebfe-00c4-4833-a05a-74783495986b" testListId="8c84fa94-04c1-424b-9868-57a2d4851a1d" />
    <TestEntry testId="d18898e3-6995-0d27-8e53-1ced81186e2d" executionId="5c2bc751-8cdb-43fd-8536-0c06682fe4ce" testListId="8c84fa94-04c1-424b-9868-57a2d4851a1d" />
    <TestEntry testId="c6d15831-7dbe-24e6-d39b-4f317a873a34" executionId="ef5c01b6-8b17-4818-a54b-697b77a0357b" testListId="8c84fa94-04c1-424b-9868-57a2d4851a1d" />
    <TestEntry testId="1ec97a71-0b29-f7c5-72ce-8cf48efa2e36" executionId="e480636a-39bf-421b-a3db-4f850a596a22" testListId="8c84fa94-04c1-424b-9868-57a2d4851a1d" />
    <TestEntry testId="31a1a77c-5b35-2c19-9bdc-0ee23e06e8f3" executionId="0c74510c-6832-4ed5-9672-d038791c35e5" testListId="8c84fa94-04c1-424b-9868-57a2d4851a1d" />
    <TestEntry testId="fe1c9811-4463-ef95-5296-cdd71ab090b8" executionId="f7e3813d-6236-4ff1-9cc1-5ca45f768fdc" testListId="8c84fa94-04c1-424b-9868-57a2d4851a1d" />
    <TestEntry testId="2f8521ee-e0ca-eac4-b453-aa86236fc9b9" executionId="2f0371c6-0fe4-4791-8589-00d07f881df3" testListId="8c84fa94-04c1-424b-9868-57a2d4851a1d" />
    <TestEntry testId="35a21cfd-ad2b-b819-14e0-5151fe414a07" executionId="37178963-8fa4-40f1-81af-811d863a265d" testListId="8c84fa94-04c1-424b-9868-57a2d4851a1d" />
    <TestEntry testId="9609bc3b-2435-1be2-e2f3-2c6b217c770c" executionId="e6c777cc-69a6-443a-b63b-a9241b47cf3c" testListId="8c84fa94-04c1-424b-9868-57a2d4851a1d" />
    <TestEntry testId="945f4fce-c15e-e09c-9dbf-5879cde58a78" executionId="68697fc4-101b-4426-a342-f4738452ed45" testListId="8c84fa94-04c1-424b-9868-57a2d4851a1d" />
    <TestEntry testId="43169439-e722-3696-654b-e380ed8f351d" executionId="79f10c36-a1e6-4ee9-8134-0e291d2ca1f4" testListId="8c84fa94-04c1-424b-9868-57a2d4851a1d" />
    <TestEntry testId="0a429b0b-08a8-36a6-5969-3c31a35cc366" executionId="7db585a4-f6ea-4cfb-b2e3-29825db2f0da" testListId="8c84fa94-04c1-424b-9868-57a2d4851a1d" />
    <TestEntry testId="74f30272-fd7f-9b4e-507d-1c94cc60bb29" executionId="02ad86f0-36a3-4c80-bb87-d0c81e416d0c" testListId="8c84fa94-04c1-424b-9868-57a2d4851a1d" />
    <TestEntry testId="4fd078d7-61ec-6e3f-be79-cf322012a0cd" executionId="98a70537-48a4-4165-a3c6-a37695461ac1" testListId="8c84fa94-04c1-424b-9868-57a2d4851a1d" />
  </TestEntries>
  <TestLists>
    <TestList name="Results Not in a List" id="8c84fa94-04c1-424b-9868-57a2d4851a1d" />
    <TestList name="All Loaded Results" id="19431567-8539-422a-85d7-44ee4e166bda" />
  </TestLists>
  <ResultSummary outcome="Completed">
    <Counters total="24" executed="24" passed="24" failed="0" error="0" timeout="0" aborted="0" inconclusive="0" passedButRunAborted="0" notRunnable="0" notExecuted="0" disconnected="0" warning="0" completed="0" inProgress="0" pending="0" />
    <Output>
      <StdOut>[xUnit.net 00:00:00.20] xUnit.net VSTest Adapter v2.4.3+1b45f5407b (32-bit Desktop .NET 4.0.30319.42000)&#xD;
[xUnit.net 00:00:03.52]   Discovering: IntegrationTests&#xD;
[xUnit.net 00:00:04.86]   Discovered:  IntegrationTests&#xD;
[xUnit.net 00:00:04.87]   Starting:    IntegrationTests&#xD;
[xUnit.net 00:00:15.91]   Finished:    IntegrationTests&#xD;
</StdOut>
    </Output>
  </ResultSummary>
</TestRun>