<?xml version="1.0" encoding="utf-8"?>
<TestRun id="26195164-89e7-43bc-a610-9fbac5c63276" name="runneradmin@fv-az177-278 2022-02-01 06:00:32" runUser="fv-az177-278\runneradmin" xmlns="http://microsoft.com/schemas/VisualStudio/TeamTest/2010">
  <Times creation="2022-02-01T06:00:32.1296659+00:00" queuing="2022-02-01T06:00:32.1296661+00:00" start="2022-02-01T06:00:00.7250086+00:00" finish="2022-02-01T06:00:39.9647180+00:00" />
  <TestSettings name="default" id="3617796d-522a-4f4f-b101-690333600ae3">
    <Deployment runDeploymentRoot="runneradmin_fv-az177-278_2022-02-01_06_00_32" />
  </TestSettings>
  <Results>
    <UnitTestResult executionId="79c4ac7d-37da-470f-9d18-9ecc28b95134" testId="1ec97a71-0b29-f7c5-72ce-8cf48efa2e36" testName="IntegrationTests.Controllers.ItemControllerTests.CreateItem_Creates(name: &quot;name2&quot;, description: &quot;description2&quot;)" computerName="fv-az177-278" duration="00:00:00.0300000" startTime="2022-02-01T06:00:38.8919029+00:00" endTime="2022-02-01T06:00:38.8919029+00:00" testType="13cdc9d9-ddb5-4fa4-a97d-d965ccfc6d4b" outcome="Passed" testListId="8c84fa94-04c1-424b-9868-57a2d4851a1d" relativeResultsDirectory="79c4ac7d-37da-470f-9d18-9ecc28b95134" />
    <UnitTestResult executionId="a950c01d-4fa1-4a6a-9618-53740ee2b377" testId="64ce4809-e3f8-8d8e-c808-2938f18aa4d4" testName="IntegrationTests.Controllers.ItemControllerTests.GetItemsPage_Query_Filters(query: &quot;Name 2&quot;, expectedResults: 11)" computerName="fv-az177-278" duration="00:00:00.0350000" startTime="2022-02-01T06:00:38.8215742+00:00" endTime="2022-02-01T06:00:38.8215742+00:00" testType="13cdc9d9-ddb5-4fa4-a97d-d965ccfc6d4b" outcome="Passed" testListId="8c84fa94-04c1-424b-9868-57a2d4851a1d" relativeResultsDirectory="a950c01d-4fa1-4a6a-9618-53740ee2b377" />
    <UnitTestResult executionId="adbbbf18-0590-4045-b94c-603de67aab0c" testId="4fd078d7-61ec-6e3f-be79-cf322012a0cd" testName="IntegrationTests.Controllers.ItemControllerTests.GetItemsPage_SortsAscending" computerName="fv-az177-278" duration="00:00:11.6570000" startTime="2022-02-01T06:00:38.5575936+00:00" endTime="2022-02-01T06:00:38.5575936+00:00" testType="13cdc9d9-ddb5-4fa4-a97d-d965ccfc6d4b" outcome="Passed" testListId="8c84fa94-04c1-424b-9868-57a2d4851a1d" relativeResultsDirectory="adbbbf18-0590-4045-b94c-603de67aab0c" />
    <UnitTestResult executionId="27477f92-3f3d-4c82-9866-b1cee73fdd9b" testId="d18898e3-6995-0d27-8e53-1ced81186e2d" testName="IntegrationTests.Controllers.ItemControllerTests.GetItemsPage_PageSize0_DefaultsTo1" computerName="fv-az177-278" duration="00:00:00.0200000" startTime="2022-02-01T06:00:39.4031557+00:00" endTime="2022-02-01T06:00:39.4031557+00:00" testType="13cdc9d9-ddb5-4fa4-a97d-d965ccfc6d4b" outcome="Passed" testListId="8c84fa94-04c1-424b-9868-57a2d4851a1d" relativeResultsDirectory="27477f92-3f3d-4c82-9866-b1cee73fdd9b" />
    <UnitTestResult executionId="1bf6ed9c-bf2a-49c4-8fda-d08c7757fb6d" testId="43169439-e722-3696-654b-e380ed8f351d" testName="IntegrationTests.Controllers.ItemControllerTests.EditItem_Saves" computerName="fv-az177-278" duration="00:00:00.0730000" startTime="2022-02-01T06:00:39.2611835+00:00" endTime="2022-02-01T06:00:39.2611835+00:00" testType="13cdc9d9-ddb5-4fa4-a97d-d965ccfc6d4b" outcome="Passed" testListId="8c84fa94-04c1-424b-9868-57a2d4851a1d" relativeResultsDirectory="1bf6ed9c-bf2a-49c4-8fda-d08c7757fb6d" />
    <UnitTestResult executionId="028c926f-e9fe-40a2-90fb-130d9afb0788" testId="35a21cfd-ad2b-b819-14e0-5151fe414a07" testName="IntegrationTests.Controllers.ItemControllerTests.GetItemsPage_GetsProperPages(amount: 101, expectedPages: 11)" computerName="fv-az177-278" duration="00:00:00.0410000" startTime="2022-02-01T06:00:39.1884480+00:00" endTime="2022-02-01T06:00:39.1884480+00:00" testType="13cdc9d9-ddb5-4fa4-a97d-d965ccfc6d4b" outcome="Passed" testListId="8c84fa94-04c1-424b-9868-57a2d4851a1d" relativeResultsDirectory="028c926f-e9fe-40a2-90fb-130d9afb0788" />
    <UnitTestResult executionId="ea942f89-6bfa-42b7-9b06-23688921c1a3" testId="b2691cfb-5962-80d6-34ac-12efb31ff88e" testName="IntegrationTests.Controllers.ItemControllerTests.DeleteItem_Deletes" computerName="fv-az177-278" duration="00:00:00.1020000" startTime="2022-02-01T06:00:39.3829690+00:00" endTime="2022-02-01T06:00:39.3829690+00:00" testType="13cdc9d9-ddb5-4fa4-a97d-d965ccfc6d4b" outcome="Passed" testListId="8c84fa94-04c1-424b-9868-57a2d4851a1d" relativeResultsDirectory="ea942f89-6bfa-42b7-9b06-23688921c1a3" />
    <UnitTestResult executionId="0d33efd1-d624-4f62-ab33-a858a2f6ebec" testId="6274cd22-d848-61dd-8233-d29a2f361a38" testName="IntegrationTests.Controllers.ItemControllerTests.GetItemsPage_Query_Filters(query: &quot;Name 1&quot;, expectedResults: 12)" computerName="fv-az177-278" duration="00:00:00.0420000" startTime="2022-02-01T06:00:38.7030944+00:00" endTime="2022-02-01T06:00:38.7030944+00:00" testType="13cdc9d9-ddb5-4fa4-a97d-d965ccfc6d4b" outcome="Passed" testListId="8c84fa94-04c1-424b-9868-57a2d4851a1d" relativeResultsDirectory="0d33efd1-d624-4f62-ab33-a858a2f6ebec" />
    <UnitTestResult executionId="a3895a6c-cc98-481b-917a-b61f03a19e30" testId="2f8521ee-e0ca-eac4-b453-aa86236fc9b9" testName="IntegrationTests.Controllers.ItemControllerTests.GetItemsPage_SortsDescending" computerName="fv-az177-278" duration="00:00:00.0190000" startTime="2022-02-01T06:00:39.4221559+00:00" endTime="2022-02-01T06:00:39.4221559+00:00" testType="13cdc9d9-ddb5-4fa4-a97d-d965ccfc6d4b" outcome="Passed" testListId="8c84fa94-04c1-424b-9868-57a2d4851a1d" relativeResultsDirectory="a3895a6c-cc98-481b-917a-b61f03a19e30" />
    <UnitTestResult executionId="65cf5304-2eec-4fd7-bf8f-45d1fee69841" testId="b5a2bbb3-e25b-0d71-cef7-0187c592a682" testName="IntegrationTests.Controllers.ItemControllerTests.GetItemsPage_Query_Filters(query: &quot;Name 100&quot;, expectedResults: 1)" computerName="fv-az177-278" duration="00:00:00.0420000" startTime="2022-02-01T06:00:38.7874268+00:00" endTime="2022-02-01T06:00:38.7874268+00:00" testType="13cdc9d9-ddb5-4fa4-a97d-d965ccfc6d4b" outcome="Passed" testListId="8c84fa94-04c1-424b-9868-57a2d4851a1d" relativeResultsDirectory="65cf5304-2eec-4fd7-bf8f-45d1fee69841" />
    <UnitTestResult executionId="e8c1058c-6bfe-43c1-9f44-6efecb499f36" testId="c6abb489-2666-fd84-85be-69873a4c76cc" testName="IntegrationTests.Controllers.ItemControllerTests.CreateItem_Creates(name: &quot;name1&quot;, description: &quot;description1&quot;)" computerName="fv-az177-278" duration="00:00:00.0060000" startTime="2022-02-01T06:00:38.8978994+00:00" endTime="2022-02-01T06:00:38.8978994+00:00" testType="13cdc9d9-ddb5-4fa4-a97d-d965ccfc6d4b" outcome="Passed" testListId="8c84fa94-04c1-424b-9868-57a2d4851a1d" relativeResultsDirectory="e8c1058c-6bfe-43c1-9f44-6efecb499f36" />
    <UnitTestResult executionId="67a2bf57-0647-4c84-b2fa-8af68ef3a1cc" testId="75b07048-5201-d631-649a-c012e65b7444" testName="IntegrationTests.Controllers.ItemControllerTests.GetItemsPage_Query_Filters(query: &quot;Name 10&quot;, expectedResults: 2)" computerName="fv-az177-278" duration="00:00:00.0400000" startTime="2022-02-01T06:00:38.8621176+00:00" endTime="2022-02-01T06:00:38.8621176+00:00" testType="13cdc9d9-ddb5-4fa4-a97d-d965ccfc6d4b" outcome="Passed" testListId="8c84fa94-04c1-424b-9868-57a2d4851a1d" relativeResultsDirectory="67a2bf57-0647-4c84-b2fa-8af68ef3a1cc" />
    <UnitTestResult executionId="232c11a6-814d-4b81-a619-11e6d76a1659" testId="945f4fce-c15e-e09c-9dbf-5879cde58a78" testName="IntegrationTests.Controllers.ItemControllerTests.GetItemsPage_Page0_DefaultsToPage1" computerName="fv-az177-278" duration="00:00:00.0190000" startTime="2022-02-01T06:00:39.2801957+00:00" endTime="2022-02-01T06:00:39.2801957+00:00" testType="13cdc9d9-ddb5-4fa4-a97d-d965ccfc6d4b" outcome="Passed" testListId="8c84fa94-04c1-424b-9868-57a2d4851a1d" relativeResultsDirectory="232c11a6-814d-4b81-a619-11e6d76a1659" />
    <UnitTestResult executionId="bca6e2e3-e443-433b-af45-52b73fc08b47" testId="06f0962d-466b-0634-113e-f3863f9b599c" testName="IntegrationTests.Controllers.ItemControllerTests.GetItemsPage_GetsProperPages(amount: 99, expectedPages: 10)" computerName="fv-az177-278" duration="00:00:00.0340000" startTime="2022-02-01T06:00:39.1075063+00:00" endTime="2022-02-01T06:00:39.1075063+00:00" testType="13cdc9d9-ddb5-4fa4-a97d-d965ccfc6d4b" outcome="Passed" testListId="8c84fa94-04c1-424b-9868-57a2d4851a1d" relativeResultsDirectory="bca6e2e3-e443-433b-af45-52b73fc08b47" />
    <UnitTestResult executionId="8de81645-8fb6-4fab-af12-6b002efe9631" testId="0a429b0b-08a8-36a6-5969-3c31a35cc366" testName="IntegrationTests.Controllers.ItemControllerTests.GetItemsPage_GetsProperPages(amount: 9, expectedPages: 1)" computerName="fv-az177-278" duration="00:00:00.0190000" startTime="2022-02-01T06:00:39.1467584+00:00" endTime="2022-02-01T06:00:39.1467584+00:00" testType="13cdc9d9-ddb5-4fa4-a97d-d965ccfc6d4b" outcome="Passed" testListId="8c84fa94-04c1-424b-9868-57a2d4851a1d" relativeResultsDirectory="8de81645-8fb6-4fab-af12-6b002efe9631" />
    <UnitTestResult executionId="1100963d-d242-413e-a704-db809bdff347" testId="31a1a77c-5b35-2c19-9bdc-0ee23e06e8f3" testName="IntegrationTests.Controllers.ItemControllerTests.GetItemsPage_GetsProperPages(amount: 10, expectedPages: 1)" computerName="fv-az177-278" duration="00:00:00.0270000" startTime="2022-02-01T06:00:39.1280945+00:00" endTime="2022-02-01T06:00:39.1280945+00:00" testType="13cdc9d9-ddb5-4fa4-a97d-d965ccfc6d4b" outcome="Passed" testListId="8c84fa94-04c1-424b-9868-57a2d4851a1d" relativeResultsDirectory="1100963d-d242-413e-a704-db809bdff347" />
    <UnitTestResult executionId="bce06e8f-2ca0-4b93-a2e2-98863a91be51" testId="3b96b54e-967c-6e8f-1ced-4ff4d8370be3" testName="IntegrationTests.Controllers.ItemControllerTests.GetItemsPage_Query_Filters(query: &quot;&quot;, expectedResults: 100)" computerName="fv-az177-278" duration="00:00:00.0550000" startTime="2022-02-01T06:00:38.6133168+00:00" endTime="2022-02-01T06:00:38.6133168+00:00" testType="13cdc9d9-ddb5-4fa4-a97d-d965ccfc6d4b" outcome="Passed" testListId="8c84fa94-04c1-424b-9868-57a2d4851a1d" relativeResultsDirectory="bce06e8f-2ca0-4b93-a2e2-98863a91be51" />
    <UnitTestResult executionId="d453ba0d-79bd-4741-87d2-e59b2d6552a1" testId="fe1c9811-4463-ef95-5296-cdd71ab090b8" testName="IntegrationTests.Controllers.ItemControllerTests.DeleteItem_DeletesMissingItem" computerName="fv-az177-278" duration="00:00:00.0160000" startTime="2022-02-01T06:00:39.4717821+00:00" endTime="2022-02-01T06:00:39.4717821+00:00" testType="13cdc9d9-ddb5-4fa4-a97d-d965ccfc6d4b" outcome="Passed" testListId="8c84fa94-04c1-424b-9868-57a2d4851a1d" relativeResultsDirectory="d453ba0d-79bd-4741-87d2-e59b2d6552a1" />
    <UnitTestResult executionId="9979a50b-2e04-414b-9d62-3306d79eb687" testId="74f30272-fd7f-9b4e-507d-1c94cc60bb29" testName="IntegrationTests.Controllers.ItemControllerTests.GetItemsPage_Query_Filters(query: &quot;1&quot;, expectedResults: 20)" computerName="fv-az177-278" duration="00:00:00.0470000" startTime="2022-02-01T06:00:38.6600014+00:00" endTime="2022-02-01T06:00:38.6600014+00:00" testType="13cdc9d9-ddb5-4fa4-a97d-d965ccfc6d4b" outcome="Passed" testListId="8c84fa94-04c1-424b-9868-57a2d4851a1d" relativeResultsDirectory="9979a50b-2e04-414b-9d62-3306d79eb687" />
    <UnitTestResult executionId="0ea47385-aa4f-4339-9df5-b706331cc04f" testId="c6d15831-7dbe-24e6-d39b-4f317a873a34" testName="IntegrationTests.Controllers.ItemControllerTests.GetItemsPage_GetsProperPages(amount: 1, expectedPages: 1)" computerName="fv-az177-278" duration="00:00:00.0340000" startTime="2022-02-01T06:00:39.0674755+00:00" endTime="2022-02-01T06:00:39.0674755+00:00" testType="13cdc9d9-ddb5-4fa4-a97d-d965ccfc6d4b" outcome="Passed" testListId="8c84fa94-04c1-424b-9868-57a2d4851a1d" relativeResultsDirectory="0ea47385-aa4f-4339-9df5-b706331cc04f" />
    <UnitTestResult executionId="a4a4774a-9e1e-4853-829b-efb6afcb1cc9" testId="eb8cb345-7707-0e07-1566-f6a04ceb2670" testName="IntegrationTests.Controllers.ItemControllerTests.CanEdit_Defaults_To_False" computerName="fv-az177-278" duration="00:00:00.0490000" startTime="2022-02-01T06:00:39.0328746+00:00" endTime="2022-02-01T06:00:39.0328746+00:00" testType="13cdc9d9-ddb5-4fa4-a97d-d965ccfc6d4b" outcome="Passed" testListId="8c84fa94-04c1-424b-9868-57a2d4851a1d" relativeResultsDirectory="a4a4774a-9e1e-4853-829b-efb6afcb1cc9" />
    <UnitTestResult executionId="385acce5-3de8-4e06-ad57-3f03c6c431a0" testId="1450a0ab-3596-66d8-8d08-6506bbe1f61b" testName="IntegrationTests.Controllers.ItemControllerTests.GetItemsPage_50Items_GetsProperly" computerName="fv-az177-278" duration="00:00:00.0860000" startTime="2022-02-01T06:00:38.9842746+00:00" endTime="2022-02-01T06:00:38.9842746+00:00" testType="13cdc9d9-ddb5-4fa4-a97d-d965ccfc6d4b" outcome="Passed" testListId="8c84fa94-04c1-424b-9868-57a2d4851a1d" relativeResultsDirectory="385acce5-3de8-4e06-ad57-3f03c6c431a0" />
    <UnitTestResult executionId="79090d05-72e9-4c11-8531-4282a254dc41" testId="9609bc3b-2435-1be2-e2f3-2c6b217c770c" testName="IntegrationTests.Controllers.ItemControllerTests.GetItemsPage_Query_Filters(query: &quot;Missing&quot;, expectedResults: 0)" computerName="fv-az177-278" duration="00:00:00.0430000" startTime="2022-02-01T06:00:38.7447108+00:00" endTime="2022-02-01T06:00:38.7447108+00:00" testType="13cdc9d9-ddb5-4fa4-a97d-d965ccfc6d4b" outcome="Passed" testListId="8c84fa94-04c1-424b-9868-57a2d4851a1d" relativeResultsDirectory="79090d05-72e9-4c11-8531-4282a254dc41" />
    <UnitTestResult executionId="0bbb839d-6074-4518-ba02-124db5f9e12a" testId="69a7a014-6241-5f0a-e55d-960890e56595" testName="IntegrationTests.Controllers.ServiceRouteMapperTests.RegisterRoutes_RegistersAtLestOneRoute" computerName="fv-az177-278" duration="00:00:04.7520000" startTime="2022-02-01T06:00:31.7995097+00:00" endTime="2022-02-01T06:00:31.7995097+00:00" testType="13cdc9d9-ddb5-4fa4-a97d-d965ccfc6d4b" outcome="Passed" testListId="8c84fa94-04c1-424b-9868-57a2d4851a1d" relativeResultsDirectory="0bbb839d-6074-4518-ba02-124db5f9e12a" />
  </Results>
  <TestDefinitions>
    <UnitTest name="IntegrationTests.Controllers.ItemControllerTests.GetItemsPage_Query_Filters(query: &quot;Name 10&quot;, expectedResults: 2)" storage="d:\a\mymodule20220129\mymodule20220129\integrationtests\bin\integrationtests.dll" id="75b07048-5201-d631-649a-c012e65b7444">
      <Execution id="67a2bf57-0647-4c84-b2fa-8af68ef3a1cc" />
      <TestMethod codeBase="D:\a\MyModule20220129\MyModule20220129\IntegrationTests\bin\IntegrationTests.dll" adapterTypeName="executor://xunit/VsTestRunner2/net" className="IntegrationTests.Controllers.ItemControllerTests" name="GetItemsPage_Query_Filters" />
    </UnitTest>
    <UnitTest name="IntegrationTests.Controllers.ItemControllerTests.GetItemsPage_Query_Filters(query: &quot;1&quot;, expectedResults: 20)" storage="d:\a\mymodule20220129\mymodule20220129\integrationtests\bin\integrationtests.dll" id="74f30272-fd7f-9b4e-507d-1c94cc60bb29">
      <Execution id="9979a50b-2e04-414b-9d62-3306d79eb687" />
      <TestMethod codeBase="D:\a\MyModule20220129\MyModule20220129\IntegrationTests\bin\IntegrationTests.dll" adapterTypeName="executor://xunit/VsTestRunner2/net" className="IntegrationTests.Controllers.ItemControllerTests" name="GetItemsPage_Query_Filters" />
    </UnitTest>
    <UnitTest name="IntegrationTests.Controllers.ItemControllerTests.GetItemsPage_GetsProperPages(amount: 99, expectedPages: 10)" storage="d:\a\mymodule20220129\mymodule20220129\integrationtests\bin\integrationtests.dll" id="06f0962d-466b-0634-113e-f3863f9b599c">
      <Execution id="bca6e2e3-e443-433b-af45-52b73fc08b47" />
      <TestMethod codeBase="D:\a\MyModule20220129\MyModule20220129\IntegrationTests\bin\IntegrationTests.dll" adapterTypeName="executor://xunit/VsTestRunner2/net" className="IntegrationTests.Controllers.ItemControllerTests" name="GetItemsPage_GetsProperPages" />
    </UnitTest>
    <UnitTest name="IntegrationTests.Controllers.ItemControllerTests.DeleteItem_DeletesMissingItem" storage="d:\a\mymodule20220129\mymodule20220129\integrationtests\bin\integrationtests.dll" id="fe1c9811-4463-ef95-5296-cdd71ab090b8">
      <Execution id="d453ba0d-79bd-4741-87d2-e59b2d6552a1" />
      <TestMethod codeBase="D:\a\MyModule20220129\MyModule20220129\IntegrationTests\bin\IntegrationTests.dll" adapterTypeName="executor://xunit/VsTestRunner2/net" className="IntegrationTests.Controllers.ItemControllerTests" name="DeleteItem_DeletesMissingItem" />
    </UnitTest>
    <UnitTest name="IntegrationTests.Controllers.ItemControllerTests.EditItem_Saves" storage="d:\a\mymodule20220129\mymodule20220129\integrationtests\bin\integrationtests.dll" id="43169439-e722-3696-654b-e380ed8f351d">
      <Execution id="1bf6ed9c-bf2a-49c4-8fda-d08c7757fb6d" />
      <TestMethod codeBase="D:\a\MyModule20220129\MyModule20220129\IntegrationTests\bin\IntegrationTests.dll" adapterTypeName="executor://xunit/VsTestRunner2/net" className="IntegrationTests.Controllers.ItemControllerTests" name="EditItem_Saves" />
    </UnitTest>
    <UnitTest name="IntegrationTests.Controllers.ItemControllerTests.CreateItem_Creates(name: &quot;name1&quot;, description: &quot;description1&quot;)" storage="d:\a\mymodule20220129\mymodule20220129\integrationtests\bin\integrationtests.dll" id="c6abb489-2666-fd84-85be-69873a4c76cc">
      <Execution id="e8c1058c-6bfe-43c1-9f44-6efecb499f36" />
      <TestMethod codeBase="D:\a\MyModule20220129\MyModule20220129\IntegrationTests\bin\IntegrationTests.dll" adapterTypeName="executor://xunit/VsTestRunner2/net" className="IntegrationTests.Controllers.ItemControllerTests" name="CreateItem_Creates" />
    </UnitTest>
    <UnitTest name="IntegrationTests.Controllers.ItemControllerTests.GetItemsPage_Query_Filters(query: &quot;&quot;, expectedResults: 100)" storage="d:\a\mymodule20220129\mymodule20220129\integrationtests\bin\integrationtests.dll" id="3b96b54e-967c-6e8f-1ced-4ff4d8370be3">
      <Execution id="bce06e8f-2ca0-4b93-a2e2-98863a91be51" />
      <TestMethod codeBase="D:\a\MyModule20220129\MyModule20220129\IntegrationTests\bin\IntegrationTests.dll" adapterTypeName="executor://xunit/VsTestRunner2/net" className="IntegrationTests.Controllers.ItemControllerTests" name="GetItemsPage_Query_Filters" />
    </UnitTest>
    <UnitTest name="IntegrationTests.Controllers.ItemControllerTests.GetItemsPage_SortsDescending" storage="d:\a\mymodule20220129\mymodule20220129\integrationtests\bin\integrationtests.dll" id="2f8521ee-e0ca-eac4-b453-aa86236fc9b9">
      <Execution id="a3895a6c-cc98-481b-917a-b61f03a19e30" />
      <TestMethod codeBase="D:\a\MyModule20220129\MyModule20220129\IntegrationTests\bin\IntegrationTests.dll" adapterTypeName="executor://xunit/VsTestRunner2/net" className="IntegrationTests.Controllers.ItemControllerTests" name="GetItemsPage_SortsDescending" />
    </UnitTest>
    <UnitTest name="IntegrationTests.Controllers.ItemControllerTests.GetItemsPage_Page0_DefaultsToPage1" storage="d:\a\mymodule20220129\mymodule20220129\integrationtests\bin\integrationtests.dll" id="945f4fce-c15e-e09c-9dbf-5879cde58a78">
      <Execution id="232c11a6-814d-4b81-a619-11e6d76a1659" />
      <TestMethod codeBase="D:\a\MyModule20220129\MyModule20220129\IntegrationTests\bin\IntegrationTests.dll" adapterTypeName="executor://xunit/VsTestRunner2/net" className="IntegrationTests.Controllers.ItemControllerTests" name="GetItemsPage_Page0_DefaultsToPage1" />
    </UnitTest>
    <UnitTest name="IntegrationTests.Controllers.ItemControllerTests.GetItemsPage_50Items_GetsProperly" storage="d:\a\mymodule20220129\mymodule20220129\integrationtests\bin\integrationtests.dll" id="1450a0ab-3596-66d8-8d08-6506bbe1f61b">
      <Execution id="385acce5-3de8-4e06-ad57-3f03c6c431a0" />
      <TestMethod codeBase="D:\a\MyModule20220129\MyModule20220129\IntegrationTests\bin\IntegrationTests.dll" adapterTypeName="executor://xunit/VsTestRunner2/net" className="IntegrationTests.Controllers.ItemControllerTests" name="GetItemsPage_50Items_GetsProperly" />
    </UnitTest>
    <UnitTest name="IntegrationTests.Controllers.ItemControllerTests.GetItemsPage_GetsProperPages(amount: 101, expectedPages: 11)" storage="d:\a\mymodule20220129\mymodule20220129\integrationtests\bin\integrationtests.dll" id="35a21cfd-ad2b-b819-14e0-5151fe414a07">
      <Execution id="028c926f-e9fe-40a2-90fb-130d9afb0788" />
      <TestMethod codeBase="D:\a\MyModule20220129\MyModule20220129\IntegrationTests\bin\IntegrationTests.dll" adapterTypeName="executor://xunit/VsTestRunner2/net" className="IntegrationTests.Controllers.ItemControllerTests" name="GetItemsPage_GetsProperPages" />
    </UnitTest>
    <UnitTest name="IntegrationTests.Controllers.ItemControllerTests.GetItemsPage_GetsProperPages(amount: 1, expectedPages: 1)" storage="d:\a\mymodule20220129\mymodule20220129\integrationtests\bin\integrationtests.dll" id="c6d15831-7dbe-24e6-d39b-4f317a873a34">
      <Execution id="0ea47385-aa4f-4339-9df5-b706331cc04f" />
      <TestMethod codeBase="D:\a\MyModule20220129\MyModule20220129\IntegrationTests\bin\IntegrationTests.dll" adapterTypeName="executor://xunit/VsTestRunner2/net" className="IntegrationTests.Controllers.ItemControllerTests" name="GetItemsPage_GetsProperPages" />
    </UnitTest>
    <UnitTest name="IntegrationTests.Controllers.ItemControllerTests.CreateItem_Creates(name: &quot;name2&quot;, description: &quot;description2&quot;)" storage="d:\a\mymodule20220129\mymodule20220129\integrationtests\bin\integrationtests.dll" id="1ec97a71-0b29-f7c5-72ce-8cf48efa2e36">
      <Execution id="79c4ac7d-37da-470f-9d18-9ecc28b95134" />
      <TestMethod codeBase="D:\a\MyModule20220129\MyModule20220129\IntegrationTests\bin\IntegrationTests.dll" adapterTypeName="executor://xunit/VsTestRunner2/net" className="IntegrationTests.Controllers.ItemControllerTests" name="CreateItem_Creates" />
    </UnitTest>
    <UnitTest name="IntegrationTests.Controllers.ItemControllerTests.GetItemsPage_SortsAscending" storage="d:\a\mymodule20220129\mymodule20220129\integrationtests\bin\integrationtests.dll" id="4fd078d7-61ec-6e3f-be79-cf322012a0cd">
      <Execution id="adbbbf18-0590-4045-b94c-603de67aab0c" />
      <TestMethod codeBase="D:\a\MyModule20220129\MyModule20220129\IntegrationTests\bin\IntegrationTests.dll" adapterTypeName="executor://xunit/VsTestRunner2/net" className="IntegrationTests.Controllers.ItemControllerTests" name="GetItemsPage_SortsAscending" />
    </UnitTest>
    <UnitTest name="IntegrationTests.Controllers.ItemControllerTests.GetItemsPage_PageSize0_DefaultsTo1" storage="d:\a\mymodule20220129\mymodule20220129\integrationtests\bin\integrationtests.dll" id="d18898e3-6995-0d27-8e53-1ced81186e2d">
      <Execution id="27477f92-3f3d-4c82-9866-b1cee73fdd9b" />
      <TestMethod codeBase="D:\a\MyModule20220129\MyModule20220129\IntegrationTests\bin\IntegrationTests.dll" adapterTypeName="executor://xunit/VsTestRunner2/net" className="IntegrationTests.Controllers.ItemControllerTests" name="GetItemsPage_PageSize0_DefaultsTo1" />
    </UnitTest>
    <UnitTest name="IntegrationTests.Controllers.ItemControllerTests.GetItemsPage_GetsProperPages(amount: 9, expectedPages: 1)" storage="d:\a\mymodule20220129\mymodule20220129\integrationtests\bin\integrationtests.dll" id="0a429b0b-08a8-36a6-5969-3c31a35cc366">
      <Execution id="8de81645-8fb6-4fab-af12-6b002efe9631" />
      <TestMethod codeBase="D:\a\MyModule20220129\MyModule20220129\IntegrationTests\bin\IntegrationTests.dll" adapterTypeName="executor://xunit/VsTestRunner2/net" className="IntegrationTests.Controllers.ItemControllerTests" name="GetItemsPage_GetsProperPages" />
    </UnitTest>
    <UnitTest name="IntegrationTests.Controllers.ItemControllerTests.GetItemsPage_GetsProperPages(amount: 10, expectedPages: 1)" storage="d:\a\mymodule20220129\mymodule20220129\integrationtests\bin\integrationtests.dll" id="31a1a77c-5b35-2c19-9bdc-0ee23e06e8f3">
      <Execution id="1100963d-d242-413e-a704-db809bdff347" />
      <TestMethod codeBase="D:\a\MyModule20220129\MyModule20220129\IntegrationTests\bin\IntegrationTests.dll" adapterTypeName="executor://xunit/VsTestRunner2/net" className="IntegrationTests.Controllers.ItemControllerTests" name="GetItemsPage_GetsProperPages" />
    </UnitTest>
    <UnitTest name="IntegrationTests.Controllers.ItemControllerTests.GetItemsPage_Query_Filters(query: &quot;Missing&quot;, expectedResults: 0)" storage="d:\a\mymodule20220129\mymodule20220129\integrationtests\bin\integrationtests.dll" id="9609bc3b-2435-1be2-e2f3-2c6b217c770c">
      <Execution id="79090d05-72e9-4c11-8531-4282a254dc41" />
      <TestMethod codeBase="D:\a\MyModule20220129\MyModule20220129\IntegrationTests\bin\IntegrationTests.dll" adapterTypeName="executor://xunit/VsTestRunner2/net" className="IntegrationTests.Controllers.ItemControllerTests" name="GetItemsPage_Query_Filters" />
    </UnitTest>
    <UnitTest name="IntegrationTests.Controllers.ItemControllerTests.DeleteItem_Deletes" storage="d:\a\mymodule20220129\mymodule20220129\integrationtests\bin\integrationtests.dll" id="b2691cfb-5962-80d6-34ac-12efb31ff88e">
      <Execution id="ea942f89-6bfa-42b7-9b06-23688921c1a3" />
      <TestMethod codeBase="D:\a\MyModule20220129\MyModule20220129\IntegrationTests\bin\IntegrationTests.dll" adapterTypeName="executor://xunit/VsTestRunner2/net" className="IntegrationTests.Controllers.ItemControllerTests" name="DeleteItem_Deletes" />
    </UnitTest>
    <UnitTest name="IntegrationTests.Controllers.ItemControllerTests.GetItemsPage_Query_Filters(query: &quot;Name 2&quot;, expectedResults: 11)" storage="d:\a\mymodule20220129\mymodule20220129\integrationtests\bin\integrationtests.dll" id="64ce4809-e3f8-8d8e-c808-2938f18aa4d4">
      <Execution id="a950c01d-4fa1-4a6a-9618-53740ee2b377" />
      <TestMethod codeBase="D:\a\MyModule20220129\MyModule20220129\IntegrationTests\bin\IntegrationTests.dll" adapterTypeName="executor://xunit/VsTestRunner2/net" className="IntegrationTests.Controllers.ItemControllerTests" name="GetItemsPage_Query_Filters" />
    </UnitTest>
    <UnitTest name="IntegrationTests.Controllers.ItemControllerTests.GetItemsPage_Query_Filters(query: &quot;Name 100&quot;, expectedResults: 1)" storage="d:\a\mymodule20220129\mymodule20220129\integrationtests\bin\integrationtests.dll" id="b5a2bbb3-e25b-0d71-cef7-0187c592a682">
      <Execution id="65cf5304-2eec-4fd7-bf8f-45d1fee69841" />
      <TestMethod codeBase="D:\a\MyModule20220129\MyModule20220129\IntegrationTests\bin\IntegrationTests.dll" adapterTypeName="executor://xunit/VsTestRunner2/net" className="IntegrationTests.Controllers.ItemControllerTests" name="GetItemsPage_Query_Filters" />
    </UnitTest>
    <UnitTest name="IntegrationTests.Controllers.ServiceRouteMapperTests.RegisterRoutes_RegistersAtLestOneRoute" storage="d:\a\mymodule20220129\mymodule20220129\integrationtests\bin\integrationtests.dll" id="69a7a014-6241-5f0a-e55d-960890e56595">
      <Execution id="0bbb839d-6074-4518-ba02-124db5f9e12a" />
      <TestMethod codeBase="D:\a\MyModule20220129\MyModule20220129\IntegrationTests\bin\IntegrationTests.dll" adapterTypeName="executor://xunit/VsTestRunner2/net" className="IntegrationTests.Controllers.ServiceRouteMapperTests" name="RegisterRoutes_RegistersAtLestOneRoute" />
    </UnitTest>
    <UnitTest name="IntegrationTests.Controllers.ItemControllerTests.GetItemsPage_Query_Filters(query: &quot;Name 1&quot;, expectedResults: 12)" storage="d:\a\mymodule20220129\mymodule20220129\integrationtests\bin\integrationtests.dll" id="6274cd22-d848-61dd-8233-d29a2f361a38">
      <Execution id="0d33efd1-d624-4f62-ab33-a858a2f6ebec" />
      <TestMethod codeBase="D:\a\MyModule20220129\MyModule20220129\IntegrationTests\bin\IntegrationTests.dll" adapterTypeName="executor://xunit/VsTestRunner2/net" className="IntegrationTests.Controllers.ItemControllerTests" name="GetItemsPage_Query_Filters" />
    </UnitTest>
    <UnitTest name="IntegrationTests.Controllers.ItemControllerTests.CanEdit_Defaults_To_False" storage="d:\a\mymodule20220129\mymodule20220129\integrationtests\bin\integrationtests.dll" id="eb8cb345-7707-0e07-1566-f6a04ceb2670">
      <Execution id="a4a4774a-9e1e-4853-829b-efb6afcb1cc9" />
      <TestMethod codeBase="D:\a\MyModule20220129\MyModule20220129\IntegrationTests\bin\IntegrationTests.dll" adapterTypeName="executor://xunit/VsTestRunner2/net" className="IntegrationTests.Controllers.ItemControllerTests" name="CanEdit_Defaults_To_False" />
    </UnitTest>
  </TestDefinitions>
  <TestEntries>
    <TestEntry testId="1ec97a71-0b29-f7c5-72ce-8cf48efa2e36" executionId="79c4ac7d-37da-470f-9d18-9ecc28b95134" testListId="8c84fa94-04c1-424b-9868-57a2d4851a1d" />
    <TestEntry testId="64ce4809-e3f8-8d8e-c808-2938f18aa4d4" executionId="a950c01d-4fa1-4a6a-9618-53740ee2b377" testListId="8c84fa94-04c1-424b-9868-57a2d4851a1d" />
    <TestEntry testId="4fd078d7-61ec-6e3f-be79-cf322012a0cd" executionId="adbbbf18-0590-4045-b94c-603de67aab0c" testListId="8c84fa94-04c1-424b-9868-57a2d4851a1d" />
    <TestEntry testId="d18898e3-6995-0d27-8e53-1ced81186e2d" executionId="27477f92-3f3d-4c82-9866-b1cee73fdd9b" testListId="8c84fa94-04c1-424b-9868-57a2d4851a1d" />
    <TestEntry testId="43169439-e722-3696-654b-e380ed8f351d" executionId="1bf6ed9c-bf2a-49c4-8fda-d08c7757fb6d" testListId="8c84fa94-04c1-424b-9868-57a2d4851a1d" />
    <TestEntry testId="35a21cfd-ad2b-b819-14e0-5151fe414a07" executionId="028c926f-e9fe-40a2-90fb-130d9afb0788" testListId="8c84fa94-04c1-424b-9868-57a2d4851a1d" />
    <TestEntry testId="b2691cfb-5962-80d6-34ac-12efb31ff88e" executionId="ea942f89-6bfa-42b7-9b06-23688921c1a3" testListId="8c84fa94-04c1-424b-9868-57a2d4851a1d" />
    <TestEntry testId="6274cd22-d848-61dd-8233-d29a2f361a38" executionId="0d33efd1-d624-4f62-ab33-a858a2f6ebec" testListId="8c84fa94-04c1-424b-9868-57a2d4851a1d" />
    <TestEntry testId="2f8521ee-e0ca-eac4-b453-aa86236fc9b9" executionId="a3895a6c-cc98-481b-917a-b61f03a19e30" testListId="8c84fa94-04c1-424b-9868-57a2d4851a1d" />
    <TestEntry testId="b5a2bbb3-e25b-0d71-cef7-0187c592a682" executionId="65cf5304-2eec-4fd7-bf8f-45d1fee69841" testListId="8c84fa94-04c1-424b-9868-57a2d4851a1d" />
    <TestEntry testId="c6abb489-2666-fd84-85be-69873a4c76cc" executionId="e8c1058c-6bfe-43c1-9f44-6efecb499f36" testListId="8c84fa94-04c1-424b-9868-57a2d4851a1d" />
    <TestEntry testId="75b07048-5201-d631-649a-c012e65b7444" executionId="67a2bf57-0647-4c84-b2fa-8af68ef3a1cc" testListId="8c84fa94-04c1-424b-9868-57a2d4851a1d" />
    <TestEntry testId="945f4fce-c15e-e09c-9dbf-5879cde58a78" executionId="232c11a6-814d-4b81-a619-11e6d76a1659" testListId="8c84fa94-04c1-424b-9868-57a2d4851a1d" />
    <TestEntry testId="06f0962d-466b-0634-113e-f3863f9b599c" executionId="bca6e2e3-e443-433b-af45-52b73fc08b47" testListId="8c84fa94-04c1-424b-9868-57a2d4851a1d" />
    <TestEntry testId="0a429b0b-08a8-36a6-5969-3c31a35cc366" executionId="8de81645-8fb6-4fab-af12-6b002efe9631" testListId="8c84fa94-04c1-424b-9868-57a2d4851a1d" />
    <TestEntry testId="31a1a77c-5b35-2c19-9bdc-0ee23e06e8f3" executionId="1100963d-d242-413e-a704-db809bdff347" testListId="8c84fa94-04c1-424b-9868-57a2d4851a1d" />
    <TestEntry testId="3b96b54e-967c-6e8f-1ced-4ff4d8370be3" executionId="bce06e8f-2ca0-4b93-a2e2-98863a91be51" testListId="8c84fa94-04c1-424b-9868-57a2d4851a1d" />
    <TestEntry testId="fe1c9811-4463-ef95-5296-cdd71ab090b8" executionId="d453ba0d-79bd-4741-87d2-e59b2d6552a1" testListId="8c84fa94-04c1-424b-9868-57a2d4851a1d" />
    <TestEntry testId="74f30272-fd7f-9b4e-507d-1c94cc60bb29" executionId="9979a50b-2e04-414b-9d62-3306d79eb687" testListId="8c84fa94-04c1-424b-9868-57a2d4851a1d" />
    <TestEntry testId="c6d15831-7dbe-24e6-d39b-4f317a873a34" executionId="0ea47385-aa4f-4339-9df5-b706331cc04f" testListId="8c84fa94-04c1-424b-9868-57a2d4851a1d" />
    <TestEntry testId="eb8cb345-7707-0e07-1566-f6a04ceb2670" executionId="a4a4774a-9e1e-4853-829b-efb6afcb1cc9" testListId="8c84fa94-04c1-424b-9868-57a2d4851a1d" />
    <TestEntry testId="1450a0ab-3596-66d8-8d08-6506bbe1f61b" executionId="385acce5-3de8-4e06-ad57-3f03c6c431a0" testListId="8c84fa94-04c1-424b-9868-57a2d4851a1d" />
    <TestEntry testId="9609bc3b-2435-1be2-e2f3-2c6b217c770c" executionId="79090d05-72e9-4c11-8531-4282a254dc41" testListId="8c84fa94-04c1-424b-9868-57a2d4851a1d" />
    <TestEntry testId="69a7a014-6241-5f0a-e55d-960890e56595" executionId="0bbb839d-6074-4518-ba02-124db5f9e12a" testListId="8c84fa94-04c1-424b-9868-57a2d4851a1d" />
  </TestEntries>
  <TestLists>
    <TestList name="Results Not in a List" id="8c84fa94-04c1-424b-9868-57a2d4851a1d" />
    <TestList name="All Loaded Results" id="19431567-8539-422a-85d7-44ee4e166bda" />
  </TestLists>
  <ResultSummary outcome="Completed">
    <Counters total="24" executed="24" passed="24" failed="0" error="0" timeout="0" aborted="0" inconclusive="0" passedButRunAborted="0" notRunnable="0" notExecuted="0" disconnected="0" warning="0" completed="0" inProgress="0" pending="0" />
    <Output>
      <StdOut>[xUnit.net 00:00:00.14] xUnit.net VSTest Adapter v2.4.3+1b45f5407b (32-bit Desktop .NET 4.0.30319.42000)&#xD;
[xUnit.net 00:00:03.75]   Discovering: IntegrationTests&#xD;
[xUnit.net 00:00:04.98]   Discovered:  IntegrationTests&#xD;
[xUnit.net 00:00:04.98]   Starting:    IntegrationTests&#xD;
[xUnit.net 00:00:18.12]   Finished:    IntegrationTests&#xD;
</StdOut>
    </Output>
  </ResultSummary>
</TestRun>